<?xml version="1.0" encoding="UTF-8"?>
<testsuite name="com.todolist.TodoCtrlTest" time="10.184" tests="2" errors="1" skipped="0" failures="0">
  <properties>
    <property name="java.runtime.name" value="Java(TM) SE Runtime Environment"/>
    <property name="sun.boot.library.path" value="C:\Program Files\Java\jdk1.8.0_92\jre\bin"/>
    <property name="java.vm.version" value="25.92-b14"/>
    <property name="java.vm.vendor" value="Oracle Corporation"/>
    <property name="java.vendor.url" value="http://java.oracle.com/"/>
    <property name="path.separator" value=";"/>
    <property name="guice.disable.misplaced.annotation.check" value="true"/>
    <property name="java.vm.name" value="Java HotSpot(TM) 64-Bit Server VM"/>
    <property name="file.encoding.pkg" value="sun.io"/>
    <property name="user.script" value=""/>
    <property name="user.country" value="FR"/>
    <property name="sun.java.launcher" value="SUN_STANDARD"/>
    <property name="sun.os.patch.level" value=""/>
    <property name="test" value="com.todolist.TodoCtrlTest"/>
    <property name="java.vm.specification.name" value="Java Virtual Machine Specification"/>
    <property name="user.dir" value="C:\Users\yedenguele\yves\todo"/>
    <property name="java.runtime.version" value="1.8.0_92-b14"/>
    <property name="java.awt.graphicsenv" value="sun.awt.Win32GraphicsEnvironment"/>
    <property name="java.endorsed.dirs" value="C:\Program Files\Java\jdk1.8.0_92\jre\lib\endorsed"/>
    <property name="os.arch" value="amd64"/>
    <property name="java.io.tmpdir" value="C:\Users\YEDENG~1\AppData\Local\Temp\"/>
    <property name="line.separator" value="&#10;"/>
    <property name="java.vm.specification.vendor" value="Oracle Corporation"/>
    <property name="user.variant" value=""/>
    <property name="os.name" value="Windows 10"/>
    <property name="maven.ext.class.path" value="C:\Program Files\NetBeans 8.1\java\maven-nblib\netbeans-eventspy.jar"/>
    <property name="classworlds.conf" value="C:\Program Files\NetBeans 8.1\java\maven\bin\m2.conf"/>
    <property name="sun.jnu.encoding" value="Cp1252"/>
    <property name="java.library.path" value="C:\Program Files\Java\jdk1.8.0_92\bin;C:\Windows\Sun\Java\bin;C:\Windows\system32;C:\Windows;C:\Program Files (x86)\Intel\iCLS Client\;C:\Program Files\Intel\iCLS Client\;C:\Windows\system32;C:\Windows;C:\Windows\System32\Wbem;C:\Windows\System32\WindowsPowerShell\v1.0\;C:\Program Files (x86)\Intel\Intel(R) Management Engine Components\DAL;C:\Program Files\Intel\Intel(R) Management Engine Components\DAL;C:\Program Files (x86)\Intel\Intel(R) Management Engine Components\IPT;C:\Program Files\Intel\Intel(R) Management Engine Components\IPT;C:\Program Files\Intel\WiFi\bin\;C:\Program Files\Common Files\Intel\WirelessCommon\;C:\gradle-2.12\bin;%JAVA_HOME%\bin;C:\Program Files\nodejs\;C:\apache-maven-3.3.9\bin;C:\Program Files\Git\bin;C:\Users\yedenguele\mongodb\bin;C:\Program Files (x86)\Skype\Phone\;C:\Users\yedenguele\spring-1.3.3.RELEASE\bin;C:\Users\yedenguele\AppData\Roaming\npm;."/>
    <property name="java.specification.name" value="Java Platform API Specification"/>
    <property name="java.class.version" value="52.0"/>
    <property name="sun.management.compiler" value="HotSpot 64-Bit Tiered Compilers"/>
    <property name="os.version" value="10.0"/>
    <property name="user.home" value="C:\Users\yedenguele"/>
    <property name="user.timezone" value="Europe/Paris"/>
    <property name="java.awt.printerjob" value="sun.awt.windows.WPrinterJob"/>
    <property name="java.specification.version" value="1.8"/>
    <property name="file.encoding" value="UTF-8"/>
    <property name="user.name" value="yedenguele"/>
    <property name="java.class.path" value="C:\Program Files\NetBeans 8.1\java\maven\boot\plexus-classworlds-2.4.jar"/>
    <property name="java.vm.specification.version" value="1.8"/>
    <property name="sun.arch.data.model" value="64"/>
    <property name="java.home" value="C:\Program Files\Java\jdk1.8.0_92\jre"/>
    <property name="sun.java.command" value="org.codehaus.plexus.classworlds.launcher.Launcher -Dtest=com.todolist.TodoCtrlTest -Dmaven.ext.class.path=C:\Program Files\NetBeans 8.1\java\maven-nblib\netbeans-eventspy.jar -Dfile.encoding=UTF-8 surefire:test"/>
    <property name="java.specification.vendor" value="Oracle Corporation"/>
    <property name="user.language" value="fr"/>
    <property name="awt.toolkit" value="sun.awt.windows.WToolkit"/>
    <property name="java.vm.info" value="mixed mode"/>
    <property name="java.version" value="1.8.0_92"/>
    <property name="java.ext.dirs" value="C:\Program Files\Java\jdk1.8.0_92\jre\lib\ext;C:\Windows\Sun\Java\lib\ext"/>
    <property name="sun.boot.class.path" value="C:\Program Files\Java\jdk1.8.0_92\jre\lib\resources.jar;C:\Program Files\Java\jdk1.8.0_92\jre\lib\rt.jar;C:\Program Files\Java\jdk1.8.0_92\jre\lib\sunrsasign.jar;C:\Program Files\Java\jdk1.8.0_92\jre\lib\jsse.jar;C:\Program Files\Java\jdk1.8.0_92\jre\lib\jce.jar;C:\Program Files\Java\jdk1.8.0_92\jre\lib\charsets.jar;C:\Program Files\Java\jdk1.8.0_92\jre\lib\jfr.jar;C:\Program Files\Java\jdk1.8.0_92\jre\classes"/>
    <property name="java.vendor" value="Oracle Corporation"/>
    <property name="maven.home" value="C:\Program Files\NetBeans 8.1\java\maven"/>
    <property name="file.separator" value="\"/>
    <property name="java.vendor.url.bug" value="http://bugreport.sun.com/bugreport/"/>
    <property name="sun.cpu.endian" value="little"/>
    <property name="sun.io.unicode.encoding" value="UnicodeLittle"/>
    <property name="sun.desktop" value="windows"/>
    <property name="sun.cpu.isalist" value="amd64"/>
  </properties>
  <testcase name="test" classname="com.todolist.TodoCtrlTest" time="10.151">
    <error message="Request processing failed; nested exception is org.springframework.dao.DataAccessResourceFailureException: Timed out after 10000 ms while waiting to connect. Client view of cluster state is {type=Unknown, servers=[{address=localhost:27017, type=Unknown, state=Connecting, exception={com.mongodb.MongoException$Network: Exception opening the socket}, caused by {java.net.ConnectException: Connection refused: connect}}]; nested exception is com.mongodb.MongoTimeoutException: Timed out after 10000 ms while waiting to connect. Client view of cluster state is {type=Unknown, servers=[{address=localhost:27017, type=Unknown, state=Connecting, exception={com.mongodb.MongoException$Network: Exception opening the socket}, caused by {java.net.ConnectException: Connection refused: connect}}]" type="org.springframework.web.util.NestedServletException">org.springframework.web.util.NestedServletException: Request processing failed; nested exception is org.springframework.dao.DataAccessResourceFailureException: Timed out after 10000 ms while waiting to connect. Client view of cluster state is {type=Unknown, servers=[{address=localhost:27017, type=Unknown, state=Connecting, exception={com.mongodb.MongoException$Network: Exception opening the socket}, caused by {java.net.ConnectException: Connection refused: connect}}]; nested exception is com.mongodb.MongoTimeoutException: Timed out after 10000 ms while waiting to connect. Client view of cluster state is {type=Unknown, servers=[{address=localhost:27017, type=Unknown, state=Connecting, exception={com.mongodb.MongoException$Network: Exception opening the socket}, caused by {java.net.ConnectException: Connection refused: connect}}]
	at com.mongodb.BaseCluster.getDescription(BaseCluster.java:128)
	at com.mongodb.DBTCPConnector.getClusterDescription(DBTCPConnector.java:402)
	at com.mongodb.DBTCPConnector.getType(DBTCPConnector.java:579)
	at com.mongodb.DBTCPConnector.isMongosConnection(DBTCPConnector.java:376)
	at com.mongodb.Mongo.isMongosConnection(Mongo.java:622)
	at com.mongodb.DBCursor._check(DBCursor.java:494)
	at com.mongodb.DBCursor._hasNext(DBCursor.java:621)
	at com.mongodb.DBCursor.hasNext(DBCursor.java:657)
	at org.springframework.data.mongodb.core.MongoTemplate.executeFindMultiInternal(MongoTemplate.java:1898)
	at org.springframework.data.mongodb.core.MongoTemplate.doFind(MongoTemplate.java:1723)
	at org.springframework.data.mongodb.core.MongoTemplate.doFind(MongoTemplate.java:1706)
	at org.springframework.data.mongodb.core.MongoTemplate.find(MongoTemplate.java:602)
	at org.springframework.data.mongodb.repository.support.SimpleMongoRepository.findAll(SimpleMongoRepository.java:268)
	at org.springframework.data.mongodb.repository.support.SimpleMongoRepository.findAll(SimpleMongoRepository.java:193)
	at sun.reflect.NativeMethodAccessorImpl.invoke0(Native Method)
	at sun.reflect.NativeMethodAccessorImpl.invoke(NativeMethodAccessorImpl.java:62)
	at sun.reflect.DelegatingMethodAccessorImpl.invoke(DelegatingMethodAccessorImpl.java:43)
	at java.lang.reflect.Method.invoke(Method.java:498)
	at org.springframework.data.repository.core.support.RepositoryFactorySupport$QueryExecutorMethodInterceptor.executeMethodOn(RepositoryFactorySupport.java:483)
	at org.springframework.data.repository.core.support.RepositoryFactorySupport$QueryExecutorMethodInterceptor.doInvoke(RepositoryFactorySupport.java:468)
	at org.springframework.data.repository.core.support.RepositoryFactorySupport$QueryExecutorMethodInterceptor.invoke(RepositoryFactorySupport.java:440)
	at org.springframework.aop.framework.ReflectiveMethodInvocation.proceed(ReflectiveMethodInvocation.java:179)
	at org.springframework.data.projection.DefaultMethodInvokingMethodInterceptor.invoke(DefaultMethodInvokingMethodInterceptor.java:61)
	at org.springframework.aop.framework.ReflectiveMethodInvocation.proceed(ReflectiveMethodInvocation.java:179)
	at org.springframework.aop.interceptor.ExposeInvocationInterceptor.invoke(ExposeInvocationInterceptor.java:92)
	at org.springframework.aop.framework.ReflectiveMethodInvocation.proceed(ReflectiveMethodInvocation.java:179)
	at org.springframework.aop.framework.JdkDynamicAopProxy.invoke(JdkDynamicAopProxy.java:208)
	at com.sun.proxy.$Proxy57.findAll(Unknown Source)
	at com.todolist.services.TodoCtrl.toda(TodoCtrl.java:94)
	at sun.reflect.NativeMethodAccessorImpl.invoke0(Native Method)
	at sun.reflect.NativeMethodAccessorImpl.invoke(NativeMethodAccessorImpl.java:62)
	at sun.reflect.DelegatingMethodAccessorImpl.invoke(DelegatingMethodAccessorImpl.java:43)
	at java.lang.reflect.Method.invoke(Method.java:498)
	at org.springframework.web.method.support.InvocableHandlerMethod.doInvoke(InvocableHandlerMethod.java:222)
	at org.springframework.web.method.support.InvocableHandlerMethod.invokeForRequest(InvocableHandlerMethod.java:137)
	at org.springframework.web.servlet.mvc.method.annotation.ServletInvocableHandlerMethod.invokeAndHandle(ServletInvocableHandlerMethod.java:110)
	at org.springframework.web.servlet.mvc.method.annotation.RequestMappingHandlerAdapter.invokeHandlerMethod(RequestMappingHandlerAdapter.java:814)
	at org.springframework.web.servlet.mvc.method.annotation.RequestMappingHandlerAdapter.handleInternal(RequestMappingHandlerAdapter.java:737)
	at org.springframework.web.servlet.mvc.method.AbstractHandlerMethodAdapter.handle(AbstractHandlerMethodAdapter.java:85)
	at org.springframework.web.servlet.DispatcherServlet.doDispatch(DispatcherServlet.java:959)
	at org.springframework.web.servlet.DispatcherServlet.doService(DispatcherServlet.java:893)
	at org.springframework.web.servlet.FrameworkServlet.processRequest(FrameworkServlet.java:969)
	at org.springframework.web.servlet.FrameworkServlet.doGet(FrameworkServlet.java:860)
	at javax.servlet.http.HttpServlet.service(HttpServlet.java:622)
	at org.springframework.web.servlet.FrameworkServlet.service(FrameworkServlet.java:845)
	at org.springframework.test.web.servlet.TestDispatcherServlet.service(TestDispatcherServlet.java:65)
	at javax.servlet.http.HttpServlet.service(HttpServlet.java:729)
	at org.springframework.mock.web.MockFilterChain$ServletFilterProxy.doFilter(MockFilterChain.java:167)
	at org.springframework.mock.web.MockFilterChain.doFilter(MockFilterChain.java:134)
	at org.springframework.test.web.servlet.MockMvc.perform(MockMvc.java:155)
	at com.todolist.TodoCtrlTest.test(TodoCtrlTest.java:47)
</error>
    <system-out><![CDATA[18:01:32.326 [main] DEBUG o.s.t.c.j.SpringJUnit4ClassRunner - SpringJUnit4ClassRunner constructor called with [class com.todolist.TodoCtrlTest]
18:01:32.333 [main] DEBUG o.s.test.context.BootstrapUtils - Instantiating CacheAwareContextLoaderDelegate from class [org.springframework.test.context.cache.DefaultCacheAwareContextLoaderDelegate]
18:01:32.339 [main] DEBUG o.s.test.context.BootstrapUtils - Instantiating BootstrapContext using constructor [public org.springframework.test.context.support.DefaultBootstrapContext(java.lang.Class,org.springframework.test.context.CacheAwareContextLoaderDelegate)]
18:01:32.351 [main] DEBUG o.s.test.context.BootstrapUtils - Instantiating TestContextBootstrapper for test class [com.todolist.TodoCtrlTest] from class [org.springframework.test.context.web.WebTestContextBootstrapper]
18:01:32.373 [main] DEBUG o.s.t.c.s.AbstractDelegatingSmartContextLoader - Delegating to AnnotationConfigWebContextLoader to process context configuration [ContextConfigurationAttributes@3701eaf6 declaringClass = 'com.todolist.TodoCtrlTest', classes = '{class com.todolist.Application}', locations = '{}', inheritLocations = true, initializers = '{}', inheritInitializers = true, name = [null], contextLoaderClass = 'org.springframework.test.context.ContextLoader'].
18:01:32.375 [main] DEBUG o.s.t.c.support.ActiveProfilesUtils - Could not find an 'annotation declaring class' for annotation type [org.springframework.test.context.ActiveProfiles] and class [com.todolist.TodoCtrlTest]
18:01:32.382 [main] DEBUG o.s.t.c.w.WebTestContextBootstrapper - @TestExecutionListeners is not present for class [com.todolist.TodoCtrlTest]: using defaults.
18:01:32.392 [main] INFO  o.s.t.c.w.WebTestContextBootstrapper - Loaded default TestExecutionListener class names from location [META-INF/spring.factories]: [org.springframework.test.context.web.ServletTestExecutionListener, org.springframework.test.context.support.DirtiesContextBeforeModesTestExecutionListener, org.springframework.test.context.support.DependencyInjectionTestExecutionListener, org.springframework.test.context.support.DirtiesContextTestExecutionListener, org.springframework.test.context.transaction.TransactionalTestExecutionListener, org.springframework.test.context.jdbc.SqlScriptsTestExecutionListener]
18:01:32.410 [main] INFO  o.s.t.c.w.WebTestContextBootstrapper - Using TestExecutionListeners: [org.springframework.test.context.web.ServletTestExecutionListener@307f6b8c, org.springframework.test.context.support.DirtiesContextBeforeModesTestExecutionListener@7a187f14, org.springframework.test.context.support.DependencyInjectionTestExecutionListener@6f195bc3, org.springframework.test.context.support.DirtiesContextTestExecutionListener@51e2adc7, org.springframework.test.context.transaction.TransactionalTestExecutionListener@1a8a8f7c, org.springframework.test.context.jdbc.SqlScriptsTestExecutionListener@2353b3e6]
18:01:32.414 [main] DEBUG o.s.t.annotation.ProfileValueUtils - Retrieved @ProfileValueSourceConfiguration [null] for test class [com.todolist.TodoCtrlTest]
18:01:32.414 [main] DEBUG o.s.t.annotation.ProfileValueUtils - Retrieved ProfileValueSource type [class org.springframework.test.annotation.SystemProfileValueSource] for class [com.todolist.TodoCtrlTest]
18:01:32.417 [main] DEBUG o.s.t.c.j.SpringJUnit4ClassRunner - SpringJUnit4ClassRunner constructor called with [class com.todolist.TodoCtrlTest]
18:01:32.417 [main] DEBUG o.s.test.context.BootstrapUtils - Instantiating CacheAwareContextLoaderDelegate from class [org.springframework.test.context.cache.DefaultCacheAwareContextLoaderDelegate]
18:01:32.418 [main] DEBUG o.s.test.context.BootstrapUtils - Instantiating BootstrapContext using constructor [public org.springframework.test.context.support.DefaultBootstrapContext(java.lang.Class,org.springframework.test.context.CacheAwareContextLoaderDelegate)]
18:01:32.419 [main] DEBUG o.s.test.context.BootstrapUtils - Instantiating TestContextBootstrapper for test class [com.todolist.TodoCtrlTest] from class [org.springframework.test.context.web.WebTestContextBootstrapper]
18:01:32.420 [main] DEBUG o.s.t.c.s.AbstractDelegatingSmartContextLoader - Delegating to AnnotationConfigWebContextLoader to process context configuration [ContextConfigurationAttributes@38bc8ab5 declaringClass = 'com.todolist.TodoCtrlTest', classes = '{class com.todolist.Application}', locations = '{}', inheritLocations = true, initializers = '{}', inheritInitializers = true, name = [null], contextLoaderClass = 'org.springframework.test.context.ContextLoader'].
18:01:32.420 [main] DEBUG o.s.t.c.support.ActiveProfilesUtils - Could not find an 'annotation declaring class' for annotation type [org.springframework.test.context.ActiveProfiles] and class [com.todolist.TodoCtrlTest]
18:01:32.421 [main] DEBUG o.s.t.c.w.WebTestContextBootstrapper - @TestExecutionListeners is not present for class [com.todolist.TodoCtrlTest]: using defaults.
18:01:32.425 [main] INFO  o.s.t.c.w.WebTestContextBootstrapper - Loaded default TestExecutionListener class names from location [META-INF/spring.factories]: [org.springframework.test.context.web.ServletTestExecutionListener, org.springframework.test.context.support.DirtiesContextBeforeModesTestExecutionListener, org.springframework.test.context.support.DependencyInjectionTestExecutionListener, org.springframework.test.context.support.DirtiesContextTestExecutionListener, org.springframework.test.context.transaction.TransactionalTestExecutionListener, org.springframework.test.context.jdbc.SqlScriptsTestExecutionListener]
18:01:32.425 [main] INFO  o.s.t.c.w.WebTestContextBootstrapper - Using TestExecutionListeners: [org.springframework.test.context.web.ServletTestExecutionListener@42d8062c, org.springframework.test.context.support.DirtiesContextBeforeModesTestExecutionListener@6043cd28, org.springframework.test.context.support.DependencyInjectionTestExecutionListener@cb51256, org.springframework.test.context.support.DirtiesContextTestExecutionListener@59906517, org.springframework.test.context.transaction.TransactionalTestExecutionListener@5bfbf16f, org.springframework.test.context.jdbc.SqlScriptsTestExecutionListener@25af5db5]
18:01:32.426 [main] DEBUG o.s.t.annotation.ProfileValueUtils - Retrieved @ProfileValueSourceConfiguration [null] for test class [com.todolist.TodoCtrlTest]
18:01:32.426 [main] DEBUG o.s.t.annotation.ProfileValueUtils - Retrieved ProfileValueSource type [class org.springframework.test.annotation.SystemProfileValueSource] for class [com.todolist.TodoCtrlTest]
18:01:32.428 [main] DEBUG o.s.t.annotation.ProfileValueUtils - Retrieved @ProfileValueSourceConfiguration [null] for test class [com.todolist.TodoCtrlTest]
18:01:32.429 [main] DEBUG o.s.t.annotation.ProfileValueUtils - Retrieved ProfileValueSource type [class org.springframework.test.annotation.SystemProfileValueSource] for class [com.todolist.TodoCtrlTest]
18:01:32.432 [main] DEBUG o.s.t.c.s.AbstractDirtiesContextTestExecutionListener - Before test class: context [DefaultTestContext@46daef40 testClass = TodoCtrlTest, testInstance = [null], testMethod = [null], testException = [null], mergedContextConfiguration = [WebMergedContextConfiguration@12f41634 testClass = TodoCtrlTest, locations = '{}', classes = '{class com.todolist.Application}', contextInitializerClasses = '[]', activeProfiles = '{}', propertySourceLocations = '{}', propertySourceProperties = '{}', resourceBasePath = 'src/main/webapp', contextLoader = 'org.springframework.test.context.web.WebDelegatingSmartContextLoader', parent = [null]]], class annotated with @DirtiesContext [false] with mode [null].
18:01:32.434 [main] DEBUG o.s.t.annotation.ProfileValueUtils - Retrieved @ProfileValueSourceConfiguration [null] for test class [com.todolist.TodoCtrlTest]
18:01:32.434 [main] DEBUG o.s.t.annotation.ProfileValueUtils - Retrieved ProfileValueSource type [class org.springframework.test.annotation.SystemProfileValueSource] for class [com.todolist.TodoCtrlTest]
18:01:32.437 [main] DEBUG o.s.t.c.s.AbstractDelegatingSmartContextLoader - Delegating to AnnotationConfigWebContextLoader to load context from [WebMergedContextConfiguration@12f41634 testClass = TodoCtrlTest, locations = '{}', classes = '{class com.todolist.Application}', contextInitializerClasses = '[]', activeProfiles = '{}', propertySourceLocations = '{}', propertySourceProperties = '{}', resourceBasePath = 'src/main/webapp', contextLoader = 'org.springframework.test.context.web.WebDelegatingSmartContextLoader', parent = [null]].
18:01:32.438 [main] DEBUG o.s.t.c.w.AbstractGenericWebContextLoader - Loading WebApplicationContext for merged context configuration [WebMergedContextConfiguration@12f41634 testClass = TodoCtrlTest, locations = '{}', classes = '{class com.todolist.Application}', contextInitializerClasses = '[]', activeProfiles = '{}', propertySourceLocations = '{}', propertySourceProperties = '{}', resourceBasePath = 'src/main/webapp', contextLoader = 'org.springframework.test.context.web.WebDelegatingSmartContextLoader', parent = [null]].
18:01:32.536 [main] DEBUG o.s.w.c.s.StandardServletEnvironment - Adding [servletConfigInitParams] PropertySource with lowest search precedence
18:01:32.536 [main] DEBUG o.s.w.c.s.StandardServletEnvironment - Adding [servletContextInitParams] PropertySource with lowest search precedence
18:01:32.540 [main] DEBUG o.s.w.c.s.StandardServletEnvironment - Adding [systemProperties] PropertySource with lowest search precedence
18:01:32.541 [main] DEBUG o.s.w.c.s.StandardServletEnvironment - Adding [systemEnvironment] PropertySource with lowest search precedence
18:01:32.541 [main] DEBUG o.s.w.c.s.StandardServletEnvironment - Initialized StandardServletEnvironment with PropertySources [servletConfigInitParams,servletContextInitParams,systemProperties,systemEnvironment]
18:01:32.541 [main] DEBUG o.s.t.c.w.AnnotationConfigWebContextLoader - Registering annotated classes: {class com.todolist.Application}
18:01:32.604 [main] INFO  o.s.w.c.s.GenericWebApplicationContext - Refreshing org.springframework.web.context.support.GenericWebApplicationContext@17d0685f: startup date [Wed May 18 18:01:32 CEST 2016]; root of context hierarchy
18:01:32.608 [main] DEBUG o.s.w.c.s.StandardServletEnvironment - Replacing [servletContextInitParams] PropertySource with [servletContextInitParams]
18:01:32.608 [main] DEBUG o.s.w.c.s.GenericWebApplicationContext - Bean factory for org.springframework.web.context.support.GenericWebApplicationContext@17d0685f: org.springframework.beans.factory.support.DefaultListableBeanFactory@11a9e7c8: defining beans [org.springframework.context.annotation.internalConfigurationAnnotationProcessor,org.springframework.context.annotation.internalAutowiredAnnotationProcessor,org.springframework.context.annotation.internalRequiredAnnotationProcessor,org.springframework.context.annotation.internalCommonAnnotationProcessor,org.springframework.context.event.internalEventListenerProcessor,org.springframework.context.event.internalEventListenerFactory,application]; root of factory hierarchy
18:01:32.621 [main] DEBUG o.s.b.f.s.DefaultListableBeanFactory - Registering scope 'request' with implementation [org.springframework.web.context.request.RequestScope@4313f5bc]
18:01:32.622 [main] DEBUG o.s.b.f.s.DefaultListableBeanFactory - Registering scope 'session' with implementation [org.springframework.web.context.request.SessionScope@2b6faea6]
18:01:32.622 [main] DEBUG o.s.b.f.s.DefaultListableBeanFactory - Registering scope 'globalSession' with implementation [org.springframework.web.context.request.SessionScope@778d1062]
18:01:32.623 [main] DEBUG o.s.b.f.s.DefaultListableBeanFactory - Registering scope 'application' with implementation [org.springframework.web.context.support.ServletContextScope@49c386c8]
18:01:32.627 [main] DEBUG o.s.b.f.s.DefaultListableBeanFactory - Creating shared instance of singleton bean 'org.springframework.context.annotation.internalConfigurationAnnotationProcessor'
18:01:32.627 [main] DEBUG o.s.b.f.s.DefaultListableBeanFactory - Creating instance of bean 'org.springframework.context.annotation.internalConfigurationAnnotationProcessor'
18:01:32.642 [main] DEBUG o.s.b.f.s.DefaultListableBeanFactory - Eagerly caching bean 'org.springframework.context.annotation.internalConfigurationAnnotationProcessor' to allow for resolving potential circular references
18:01:32.644 [main] DEBUG o.s.b.f.s.DefaultListableBeanFactory - Finished creating instance of bean 'org.springframework.context.annotation.internalConfigurationAnnotationProcessor'
18:01:32.671 [main] DEBUG o.s.core.env.StandardEnvironment - Adding [systemProperties] PropertySource with lowest search precedence
18:01:32.673 [main] DEBUG o.s.core.env.StandardEnvironment - Adding [systemEnvironment] PropertySource with lowest search precedence
18:01:32.673 [main] DEBUG o.s.core.env.StandardEnvironment - Initialized StandardEnvironment with PropertySources [systemProperties,systemEnvironment]
18:01:32.679 [main] DEBUG o.s.c.a.ClassPathBeanDefinitionScanner - JSR-250 'javax.annotation.ManagedBean' found and supported for component scanning
18:01:32.685 [main] DEBUG o.s.c.i.s.PathMatchingResourcePatternResolver - Looking for matching resources in directory tree [C:\Users\yedenguele\yves\todo\target\test-classes\com\todolist]
18:01:32.685 [main] DEBUG o.s.c.i.s.PathMatchingResourcePatternResolver - Searching directory [C:\Users\yedenguele\yves\todo\target\test-classes\com\todolist] for files matching pattern [C:/Users/yedenguele/yves/todo/target/test-classes/com/todolist/**/*.class]
18:01:32.690 [main] DEBUG o.s.c.i.s.PathMatchingResourcePatternResolver - Looking for matching resources in directory tree [C:\Users\yedenguele\yves\todo\target\classes\com\todolist]
18:01:32.690 [main] DEBUG o.s.c.i.s.PathMatchingResourcePatternResolver - Searching directory [C:\Users\yedenguele\yves\todo\target\classes\com\todolist] for files matching pattern [C:/Users/yedenguele/yves/todo/target/classes/com/todolist/**/*.class]
18:01:32.691 [main] DEBUG o.s.c.i.s.PathMatchingResourcePatternResolver - Searching directory [C:\Users\yedenguele\yves\todo\target\classes\com\todolist\domain] for files matching pattern [C:/Users/yedenguele/yves/todo/target/classes/com/todolist/**/*.class]
18:01:32.692 [main] DEBUG o.s.c.i.s.PathMatchingResourcePatternResolver - Searching directory [C:\Users\yedenguele\yves\todo\target\classes\com\todolist\repository] for files matching pattern [C:/Users/yedenguele/yves/todo/target/classes/com/todolist/**/*.class]
18:01:32.693 [main] DEBUG o.s.c.i.s.PathMatchingResourcePatternResolver - Searching directory [C:\Users\yedenguele\yves\todo\target\classes\com\todolist\services] for files matching pattern [C:/Users/yedenguele/yves/todo/target/classes/com/todolist/**/*.class]
18:01:32.695 [main] DEBUG o.s.c.i.s.PathMatchingResourcePatternResolver - Resolved location pattern [classpath*:com/todolist/**/*.class] to resources [file [C:\Users\yedenguele\yves\todo\target\test-classes\com\todolist\TestUtilsTest.class], file [C:\Users\yedenguele\yves\todo\target\test-classes\com\todolist\TodoCtrlTest.class], file [C:\Users\yedenguele\yves\todo\target\classes\com\todolist\Application.class], file [C:\Users\yedenguele\yves\todo\target\classes\com\todolist\BiFunctionalExample.class], file [C:\Users\yedenguele\yves\todo\target\classes\com\todolist\domain\Todo.class], file [C:\Users\yedenguele\yves\todo\target\classes\com\todolist\domain\Voiture.class], file [C:\Users\yedenguele\yves\todo\target\classes\com\todolist\repository\TodoRepository.class], file [C:\Users\yedenguele\yves\todo\target\classes\com\todolist\repository\VoitureRepository.class], file [C:\Users\yedenguele\yves\todo\target\classes\com\todolist\services\TodoCtrl.class], file [C:\Users\yedenguele\yves\todo\target\classes\com\todolist\services\VoitCtrl.class], file [C:\Users\yedenguele\yves\todo\target\classes\com\todolist\TodoUtils.class]]
18:01:32.742 [main] DEBUG o.s.c.a.ClassPathBeanDefinitionScanner - Identified candidate component class: file [C:\Users\yedenguele\yves\todo\target\classes\com\todolist\services\TodoCtrl.class]
18:01:32.744 [main] DEBUG o.s.c.a.ClassPathBeanDefinitionScanner - Identified candidate component class: file [C:\Users\yedenguele\yves\todo\target\classes\com\todolist\services\VoitCtrl.class]
18:01:32.780 [main] DEBUG o.s.c.e.PropertySourcesPropertyResolver - Searching for key 'java.runtime.name' in [servletConfigInitParams]
18:01:32.780 [main] DEBUG o.s.c.e.PropertySourcesPropertyResolver - Searching for key 'java.runtime.name' in [servletContextInitParams]
18:01:32.781 [main] DEBUG o.s.c.e.PropertySourcesPropertyResolver - Searching for key 'java.runtime.name' in [systemProperties]
18:01:32.781 [main] DEBUG o.s.c.e.PropertySourcesPropertyResolver - Found key 'java.runtime.name' in [systemProperties] with type [String] and value 'Java(TM) SE Runtime Environment'
18:01:32.783 [main] DEBUG o.s.c.e.PropertySourcesPropertyResolver - Searching for key 'sun.boot.library.path' in [servletConfigInitParams]
18:01:32.784 [main] DEBUG o.s.c.e.PropertySourcesPropertyResolver - Searching for key 'sun.boot.library.path' in [servletContextInitParams]
18:01:32.784 [main] DEBUG o.s.c.e.PropertySourcesPropertyResolver - Searching for key 'sun.boot.library.path' in [systemProperties]
18:01:32.785 [main] DEBUG o.s.c.e.PropertySourcesPropertyResolver - Found key 'sun.boot.library.path' in [systemProperties] with type [String] and value 'C:\Program Files\Java\jdk1.8.0_92\jre\bin'
18:01:32.785 [main] DEBUG o.s.c.e.PropertySourcesPropertyResolver - Searching for key 'java.vm.version' in [servletConfigInitParams]
18:01:32.786 [main] DEBUG o.s.c.e.PropertySourcesPropertyResolver - Searching for key 'java.vm.version' in [servletContextInitParams]
18:01:32.787 [main] DEBUG o.s.c.e.PropertySourcesPropertyResolver - Searching for key 'java.vm.version' in [systemProperties]
18:01:32.787 [main] DEBUG o.s.c.e.PropertySourcesPropertyResolver - Found key 'java.vm.version' in [systemProperties] with type [String] and value '25.92-b14'
18:01:32.789 [main] DEBUG o.s.c.e.PropertySourcesPropertyResolver - Searching for key 'java.vm.vendor' in [servletConfigInitParams]
18:01:32.789 [main] DEBUG o.s.c.e.PropertySourcesPropertyResolver - Searching for key 'java.vm.vendor' in [servletContextInitParams]
18:01:32.789 [main] DEBUG o.s.c.e.PropertySourcesPropertyResolver - Searching for key 'java.vm.vendor' in [systemProperties]
18:01:32.789 [main] DEBUG o.s.c.e.PropertySourcesPropertyResolver - Found key 'java.vm.vendor' in [systemProperties] with type [String] and value 'Oracle Corporation'
18:01:32.790 [main] DEBUG o.s.c.e.PropertySourcesPropertyResolver - Searching for key 'java.vendor.url' in [servletConfigInitParams]
18:01:32.790 [main] DEBUG o.s.c.e.PropertySourcesPropertyResolver - Searching for key 'java.vendor.url' in [servletContextInitParams]
18:01:32.790 [main] DEBUG o.s.c.e.PropertySourcesPropertyResolver - Searching for key 'java.vendor.url' in [systemProperties]
18:01:32.790 [main] DEBUG o.s.c.e.PropertySourcesPropertyResolver - Found key 'java.vendor.url' in [systemProperties] with type [String] and value 'http://java.oracle.com/'
18:01:32.791 [main] DEBUG o.s.c.e.PropertySourcesPropertyResolver - Searching for key 'path.separator' in [servletConfigInitParams]
18:01:32.791 [main] DEBUG o.s.c.e.PropertySourcesPropertyResolver - Searching for key 'path.separator' in [servletContextInitParams]
18:01:32.791 [main] DEBUG o.s.c.e.PropertySourcesPropertyResolver - Searching for key 'path.separator' in [systemProperties]
18:01:32.792 [main] DEBUG o.s.c.e.PropertySourcesPropertyResolver - Found key 'path.separator' in [systemProperties] with type [String] and value ';'
18:01:32.792 [main] DEBUG o.s.c.e.PropertySourcesPropertyResolver - Searching for key 'java.vm.name' in [servletConfigInitParams]
18:01:32.792 [main] DEBUG o.s.c.e.PropertySourcesPropertyResolver - Searching for key 'java.vm.name' in [servletContextInitParams]
18:01:32.792 [main] DEBUG o.s.c.e.PropertySourcesPropertyResolver - Searching for key 'java.vm.name' in [systemProperties]
18:01:32.793 [main] DEBUG o.s.c.e.PropertySourcesPropertyResolver - Found key 'java.vm.name' in [systemProperties] with type [String] and value 'Java HotSpot(TM) 64-Bit Server VM'
18:01:32.793 [main] DEBUG o.s.c.e.PropertySourcesPropertyResolver - Searching for key 'file.encoding.pkg' in [servletConfigInitParams]
18:01:32.793 [main] DEBUG o.s.c.e.PropertySourcesPropertyResolver - Searching for key 'file.encoding.pkg' in [servletContextInitParams]
18:01:32.793 [main] DEBUG o.s.c.e.PropertySourcesPropertyResolver - Searching for key 'file.encoding.pkg' in [systemProperties]
18:01:32.794 [main] DEBUG o.s.c.e.PropertySourcesPropertyResolver - Found key 'file.encoding.pkg' in [systemProperties] with type [String] and value 'sun.io'
18:01:32.794 [main] DEBUG o.s.c.e.PropertySourcesPropertyResolver - Searching for key 'user.country' in [servletConfigInitParams]
18:01:32.795 [main] DEBUG o.s.c.e.PropertySourcesPropertyResolver - Searching for key 'user.country' in [servletContextInitParams]
18:01:32.796 [main] DEBUG o.s.c.e.PropertySourcesPropertyResolver - Searching for key 'user.country' in [systemProperties]
18:01:32.796 [main] DEBUG o.s.c.e.PropertySourcesPropertyResolver - Found key 'user.country' in [systemProperties] with type [String] and value 'FR'
18:01:32.796 [main] DEBUG o.s.c.e.PropertySourcesPropertyResolver - Searching for key 'user.script' in [servletConfigInitParams]
18:01:32.797 [main] DEBUG o.s.c.e.PropertySourcesPropertyResolver - Searching for key 'user.script' in [servletContextInitParams]
18:01:32.797 [main] DEBUG o.s.c.e.PropertySourcesPropertyResolver - Searching for key 'user.script' in [systemProperties]
18:01:32.797 [main] DEBUG o.s.c.e.PropertySourcesPropertyResolver - Found key 'user.script' in [systemProperties] with type [String] and value ''
18:01:32.798 [main] DEBUG o.s.c.e.PropertySourcesPropertyResolver - Searching for key 'sun.java.launcher' in [servletConfigInitParams]
18:01:32.798 [main] DEBUG o.s.c.e.PropertySourcesPropertyResolver - Searching for key 'sun.java.launcher' in [servletContextInitParams]
18:01:32.798 [main] DEBUG o.s.c.e.PropertySourcesPropertyResolver - Searching for key 'sun.java.launcher' in [systemProperties]
18:01:32.798 [main] DEBUG o.s.c.e.PropertySourcesPropertyResolver - Found key 'sun.java.launcher' in [systemProperties] with type [String] and value 'SUN_STANDARD'
18:01:32.799 [main] DEBUG o.s.c.e.PropertySourcesPropertyResolver - Searching for key 'sun.os.patch.level' in [servletConfigInitParams]
18:01:32.799 [main] DEBUG o.s.c.e.PropertySourcesPropertyResolver - Searching for key 'sun.os.patch.level' in [servletContextInitParams]
18:01:32.799 [main] DEBUG o.s.c.e.PropertySourcesPropertyResolver - Searching for key 'sun.os.patch.level' in [systemProperties]
18:01:32.799 [main] DEBUG o.s.c.e.PropertySourcesPropertyResolver - Found key 'sun.os.patch.level' in [systemProperties] with type [String] and value ''
18:01:32.800 [main] DEBUG o.s.c.e.PropertySourcesPropertyResolver - Searching for key 'test' in [servletConfigInitParams]
18:01:32.807 [main] DEBUG o.s.c.e.PropertySourcesPropertyResolver - Searching for key 'test' in [servletContextInitParams]
18:01:32.807 [main] DEBUG o.s.c.e.PropertySourcesPropertyResolver - Searching for key 'test' in [systemProperties]
18:01:32.808 [main] DEBUG o.s.c.e.PropertySourcesPropertyResolver - Found key 'test' in [systemProperties] with type [String] and value 'com.todolist.TodoCtrlTest'
18:01:32.808 [main] DEBUG o.s.c.e.PropertySourcesPropertyResolver - Searching for key 'java.vm.specification.name' in [servletConfigInitParams]
18:01:32.808 [main] DEBUG o.s.c.e.PropertySourcesPropertyResolver - Searching for key 'java.vm.specification.name' in [servletContextInitParams]
18:01:32.808 [main] DEBUG o.s.c.e.PropertySourcesPropertyResolver - Searching for key 'java.vm.specification.name' in [systemProperties]
18:01:32.810 [main] DEBUG o.s.c.e.PropertySourcesPropertyResolver - Found key 'java.vm.specification.name' in [systemProperties] with type [String] and value 'Java Virtual Machine Specification'
18:01:32.811 [main] DEBUG o.s.c.e.PropertySourcesPropertyResolver - Searching for key 'user.dir' in [servletConfigInitParams]
18:01:32.811 [main] DEBUG o.s.c.e.PropertySourcesPropertyResolver - Searching for key 'user.dir' in [servletContextInitParams]
18:01:32.811 [main] DEBUG o.s.c.e.PropertySourcesPropertyResolver - Searching for key 'user.dir' in [systemProperties]
18:01:32.811 [main] DEBUG o.s.c.e.PropertySourcesPropertyResolver - Found key 'user.dir' in [systemProperties] with type [String] and value 'C:\Users\yedenguele\yves\todo'
18:01:32.812 [main] DEBUG o.s.c.e.PropertySourcesPropertyResolver - Searching for key 'java.runtime.version' in [servletConfigInitParams]
18:01:32.813 [main] DEBUG o.s.c.e.PropertySourcesPropertyResolver - Searching for key 'java.runtime.version' in [servletContextInitParams]
18:01:32.813 [main] DEBUG o.s.c.e.PropertySourcesPropertyResolver - Searching for key 'java.runtime.version' in [systemProperties]
18:01:32.813 [main] DEBUG o.s.c.e.PropertySourcesPropertyResolver - Found key 'java.runtime.version' in [systemProperties] with type [String] and value '1.8.0_92-b14'
18:01:32.814 [main] DEBUG o.s.c.e.PropertySourcesPropertyResolver - Searching for key 'basedir' in [servletConfigInitParams]
18:01:32.814 [main] DEBUG o.s.c.e.PropertySourcesPropertyResolver - Searching for key 'basedir' in [servletContextInitParams]
18:01:32.815 [main] DEBUG o.s.c.e.PropertySourcesPropertyResolver - Searching for key 'basedir' in [systemProperties]
18:01:32.816 [main] DEBUG o.s.c.e.PropertySourcesPropertyResolver - Found key 'basedir' in [systemProperties] with type [String] and value 'C:\Users\yedenguele\yves\todo'
18:01:32.818 [main] DEBUG o.s.c.e.PropertySourcesPropertyResolver - Searching for key 'java.awt.graphicsenv' in [servletConfigInitParams]
18:01:32.819 [main] DEBUG o.s.c.e.PropertySourcesPropertyResolver - Searching for key 'java.awt.graphicsenv' in [servletContextInitParams]
18:01:32.819 [main] DEBUG o.s.c.e.PropertySourcesPropertyResolver - Searching for key 'java.awt.graphicsenv' in [systemProperties]
18:01:32.819 [main] DEBUG o.s.c.e.PropertySourcesPropertyResolver - Found key 'java.awt.graphicsenv' in [systemProperties] with type [String] and value 'sun.awt.Win32GraphicsEnvironment'
18:01:32.820 [main] DEBUG o.s.c.e.PropertySourcesPropertyResolver - Searching for key 'java.endorsed.dirs' in [servletConfigInitParams]
18:01:32.820 [main] DEBUG o.s.c.e.PropertySourcesPropertyResolver - Searching for key 'java.endorsed.dirs' in [servletContextInitParams]
18:01:32.820 [main] DEBUG o.s.c.e.PropertySourcesPropertyResolver - Searching for key 'java.endorsed.dirs' in [systemProperties]
18:01:32.821 [main] DEBUG o.s.c.e.PropertySourcesPropertyResolver - Found key 'java.endorsed.dirs' in [systemProperties] with type [String] and value 'C:\Program Files\Java\jdk1.8.0_92\jre\lib\endorsed'
18:01:32.821 [main] DEBUG o.s.c.e.PropertySourcesPropertyResolver - Searching for key 'os.arch' in [servletConfigInitParams]
18:01:32.821 [main] DEBUG o.s.c.e.PropertySourcesPropertyResolver - Searching for key 'os.arch' in [servletContextInitParams]
18:01:32.821 [main] DEBUG o.s.c.e.PropertySourcesPropertyResolver - Searching for key 'os.arch' in [systemProperties]
18:01:32.822 [main] DEBUG o.s.c.e.PropertySourcesPropertyResolver - Found key 'os.arch' in [systemProperties] with type [String] and value 'amd64'
18:01:32.822 [main] DEBUG o.s.c.e.PropertySourcesPropertyResolver - Searching for key 'surefire.real.class.path' in [servletConfigInitParams]
18:01:32.822 [main] DEBUG o.s.c.e.PropertySourcesPropertyResolver - Searching for key 'surefire.real.class.path' in [servletContextInitParams]
18:01:32.822 [main] DEBUG o.s.c.e.PropertySourcesPropertyResolver - Searching for key 'surefire.real.class.path' in [systemProperties]
18:01:32.822 [main] DEBUG o.s.c.e.PropertySourcesPropertyResolver - Found key 'surefire.real.class.path' in [systemProperties] with type [String] and value 'C:\Users\yedenguele\yves\todo\target\surefire\surefirebooter9184103422152208635.jar'
18:01:32.823 [main] DEBUG o.s.c.e.PropertySourcesPropertyResolver - Searching for key 'java.io.tmpdir' in [servletConfigInitParams]
18:01:32.823 [main] DEBUG o.s.c.e.PropertySourcesPropertyResolver - Searching for key 'java.io.tmpdir' in [servletContextInitParams]
18:01:32.823 [main] DEBUG o.s.c.e.PropertySourcesPropertyResolver - Searching for key 'java.io.tmpdir' in [systemProperties]
18:01:32.823 [main] DEBUG o.s.c.e.PropertySourcesPropertyResolver - Found key 'java.io.tmpdir' in [systemProperties] with type [String] and value 'C:\Users\YEDENG~1\AppData\Local\Temp\'
18:01:32.823 [main] DEBUG o.s.c.e.PropertySourcesPropertyResolver - Searching for key 'line.separator' in [servletConfigInitParams]
18:01:32.823 [main] DEBUG o.s.c.e.PropertySourcesPropertyResolver - Searching for key 'line.separator' in [servletContextInitParams]
18:01:32.824 [main] DEBUG o.s.c.e.PropertySourcesPropertyResolver - Searching for key 'line.separator' in [systemProperties]
18:01:32.824 [main] DEBUG o.s.c.e.PropertySourcesPropertyResolver - Found key 'line.separator' in [systemProperties] with type [String] and value '
'
18:01:32.824 [main] DEBUG o.s.c.e.PropertySourcesPropertyResolver - Searching for key 'java.vm.specification.vendor' in [servletConfigInitParams]
18:01:32.824 [main] DEBUG o.s.c.e.PropertySourcesPropertyResolver - Searching for key 'java.vm.specification.vendor' in [servletContextInitParams]
18:01:32.824 [main] DEBUG o.s.c.e.PropertySourcesPropertyResolver - Searching for key 'java.vm.specification.vendor' in [systemProperties]
18:01:32.825 [main] DEBUG o.s.c.e.PropertySourcesPropertyResolver - Found key 'java.vm.specification.vendor' in [systemProperties] with type [String] and value 'Oracle Corporation'
18:01:32.825 [main] DEBUG o.s.c.e.PropertySourcesPropertyResolver - Searching for key 'user.variant' in [servletConfigInitParams]
18:01:32.825 [main] DEBUG o.s.c.e.PropertySourcesPropertyResolver - Searching for key 'user.variant' in [servletContextInitParams]
18:01:32.825 [main] DEBUG o.s.c.e.PropertySourcesPropertyResolver - Searching for key 'user.variant' in [systemProperties]
18:01:32.825 [main] DEBUG o.s.c.e.PropertySourcesPropertyResolver - Found key 'user.variant' in [systemProperties] with type [String] and value ''
18:01:32.825 [main] DEBUG o.s.c.e.PropertySourcesPropertyResolver - Searching for key 'os.name' in [servletConfigInitParams]
18:01:32.825 [main] DEBUG o.s.c.e.PropertySourcesPropertyResolver - Searching for key 'os.name' in [servletContextInitParams]
18:01:32.826 [main] DEBUG o.s.c.e.PropertySourcesPropertyResolver - Searching for key 'os.name' in [systemProperties]
18:01:32.826 [main] DEBUG o.s.c.e.PropertySourcesPropertyResolver - Found key 'os.name' in [systemProperties] with type [String] and value 'Windows 10'
18:01:32.826 [main] DEBUG o.s.c.e.PropertySourcesPropertyResolver - Searching for key 'maven.ext.class.path' in [servletConfigInitParams]
18:01:32.826 [main] DEBUG o.s.c.e.PropertySourcesPropertyResolver - Searching for key 'maven.ext.class.path' in [servletContextInitParams]
18:01:32.826 [main] DEBUG o.s.c.e.PropertySourcesPropertyResolver - Searching for key 'maven.ext.class.path' in [systemProperties]
18:01:32.826 [main] DEBUG o.s.c.e.PropertySourcesPropertyResolver - Found key 'maven.ext.class.path' in [systemProperties] with type [String] and value 'C:\Program Files\NetBeans 8.1\java\maven-nblib\netbeans-eventspy.jar'
18:01:32.827 [main] DEBUG o.s.c.e.PropertySourcesPropertyResolver - Searching for key 'sun.jnu.encoding' in [servletConfigInitParams]
18:01:32.827 [main] DEBUG o.s.c.e.PropertySourcesPropertyResolver - Searching for key 'sun.jnu.encoding' in [servletContextInitParams]
18:01:32.828 [main] DEBUG o.s.c.e.PropertySourcesPropertyResolver - Searching for key 'sun.jnu.encoding' in [systemProperties]
18:01:32.828 [main] DEBUG o.s.c.e.PropertySourcesPropertyResolver - Found key 'sun.jnu.encoding' in [systemProperties] with type [String] and value 'Cp1252'
18:01:32.828 [main] DEBUG o.s.c.e.PropertySourcesPropertyResolver - Searching for key 'java.library.path' in [servletConfigInitParams]
18:01:32.829 [main] DEBUG o.s.c.e.PropertySourcesPropertyResolver - Searching for key 'java.library.path' in [servletContextInitParams]
18:01:32.829 [main] DEBUG o.s.c.e.PropertySourcesPropertyResolver - Searching for key 'java.library.path' in [systemProperties]
18:01:32.829 [main] DEBUG o.s.c.e.PropertySourcesPropertyResolver - Found key 'java.library.path' in [systemProperties] with type [String] and value 'C:\Program Files\Java\jdk1.8.0_92\jre\bin;C:\Windows\Sun\Java\bin;C:\Windows\system32;C:\Windows;C:\Program Files (x86)\Intel\iCLS Client\;C:\Program Files\Intel\iCLS Client\;C:\Windows\system32;C:\Windows;C:\Windows\System32\Wbem;C:\Windows\System32\WindowsPowerShell\v1.0\;C:\Program Files (x86)\Intel\Intel(R) Management Engine Components\DAL;C:\Program Files\Intel\Intel(R) Management Engine Components\DAL;C:\Program Files (x86)\Intel\Intel(R) Management Engine Components\IPT;C:\Program Files\Intel\Intel(R) Management Engine Components\IPT;C:\Program Files\Intel\WiFi\bin\;C:\Program Files\Common Files\Intel\WirelessCommon\;C:\gradle-2.12\bin;%JAVA_HOME%\bin;C:\Program Files\nodejs\;C:\apache-maven-3.3.9\bin;C:\Program Files\Git\bin;C:\Users\yedenguele\mongodb\bin;C:\Program Files (x86)\Skype\Phone\;C:\Users\yedenguele\spring-1.3.3.RELEASE\bin;C:\Users\yedenguele\AppData\Roaming\npm;.'
18:01:32.829 [main] DEBUG o.s.c.e.PropertySourcesPropertyResolver - Searching for key 'surefire.test.class.path' in [servletConfigInitParams]
18:01:32.829 [main] DEBUG o.s.c.e.PropertySourcesPropertyResolver - Searching for key 'surefire.test.class.path' in [servletContextInitParams]
18:01:32.829 [main] DEBUG o.s.c.e.PropertySourcesPropertyResolver - Searching for key 'surefire.test.class.path' in [systemProperties]
18:01:32.829 [main] DEBUG o.s.c.e.PropertySourcesPropertyResolver - Found key 'surefire.test.class.path' in [systemProperties] with type [String] and value 'C:\Users\yedenguele\yves\todo\target\test-classes;C:\Users\yedenguele\yves\todo\target\classes;C:\Users\yedenguele\.m2\repository\org\springframework\boot\spring-boot-starter-data-mongodb\1.3.2.RELEASE\spring-boot-starter-data-mongodb-1.3.2.RELEASE.jar;C:\Users\yedenguele\.m2\repository\org\springframework\boot\spring-boot-starter\1.3.2.RELEASE\spring-boot-starter-1.3.2.RELEASE.jar;C:\Users\yedenguele\.m2\repository\org\springframework\boot\spring-boot\1.3.2.RELEASE\spring-boot-1.3.2.RELEASE.jar;C:\Users\yedenguele\.m2\repository\org\springframework\boot\spring-boot-autoconfigure\1.3.2.RELEASE\spring-boot-autoconfigure-1.3.2.RELEASE.jar;C:\Users\yedenguele\.m2\repository\org\springframework\boot\spring-boot-starter-logging\1.3.2.RELEASE\spring-boot-starter-logging-1.3.2.RELEASE.jar;C:\Users\yedenguele\.m2\repository\ch\qos\logback\logback-classic\1.1.3\logback-classic-1.1.3.jar;C:\Users\yedenguele\.m2\repository\ch\qos\logback\logback-core\1.1.3\logback-core-1.1.3.jar;C:\Users\yedenguele\.m2\repository\org\slf4j\jul-to-slf4j\1.7.13\jul-to-slf4j-1.7.13.jar;C:\Users\yedenguele\.m2\repository\org\slf4j\log4j-over-slf4j\1.7.13\log4j-over-slf4j-1.7.13.jar;C:\Users\yedenguele\.m2\repository\org\yaml\snakeyaml\1.16\snakeyaml-1.16.jar;C:\Users\yedenguele\.m2\repository\org\springframework\data\spring-data-mongodb\1.8.2.RELEASE\spring-data-mongodb-1.8.2.RELEASE.jar;C:\Users\yedenguele\.m2\repository\org\springframework\spring-tx\4.2.4.RELEASE\spring-tx-4.2.4.RELEASE.jar;C:\Users\yedenguele\.m2\repository\org\springframework\spring-beans\4.2.4.RELEASE\spring-beans-4.2.4.RELEASE.jar;C:\Users\yedenguele\.m2\repository\org\springframework\spring-expression\4.2.4.RELEASE\spring-expression-4.2.4.RELEASE.jar;C:\Users\yedenguele\.m2\repository\org\springframework\data\spring-data-commons\1.11.2.RELEASE\spring-data-commons-1.11.2.RELEASE.jar;C:\Users\yedenguele\.m2\repository\org\slf4j\slf4j-api\1.7.13\slf4j-api-1.7.13.jar;C:\Users\yedenguele\.m2\repository\org\slf4j\jcl-over-slf4j\1.7.13\jcl-over-slf4j-1.7.13.jar;C:\Users\yedenguele\.m2\repository\org\hamcrest\hamcrest-all\1.3\hamcrest-all-1.3.jar;C:\Users\yedenguele\.m2\repository\junit\junit\4.12\junit-4.12.jar;C:\Users\yedenguele\.m2\repository\org\springframework\boot\spring-boot-starter-test\1.3.2.RELEASE\spring-boot-starter-test-1.3.2.RELEASE.jar;C:\Users\yedenguele\.m2\repository\org\mockito\mockito-core\1.10.19\mockito-core-1.10.19.jar;C:\Users\yedenguele\.m2\repository\org\objenesis\objenesis\2.1\objenesis-2.1.jar;C:\Users\yedenguele\.m2\repository\org\hamcrest\hamcrest-core\1.3\hamcrest-core-1.3.jar;C:\Users\yedenguele\.m2\repository\org\hamcrest\hamcrest-library\1.3\hamcrest-library-1.3.jar;C:\Users\yedenguele\.m2\repository\org\springframework\spring-core\4.2.4.RELEASE\spring-core-4.2.4.RELEASE.jar;C:\Users\yedenguele\.m2\repository\org\springframework\spring-test\4.2.4.RELEASE\spring-test-4.2.4.RELEASE.jar;C:\Users\yedenguele\.m2\repository\org\mongodb\mongo-java-driver\2.13.3\mongo-java-driver-2.13.3.jar;C:\Users\yedenguele\.m2\repository\org\eclipse\persistence\eclipselink\2.5.2\eclipselink-2.5.2.jar;C:\Users\yedenguele\.m2\repository\org\eclipse\persistence\javax.persistence\2.1.0\javax.persistence-2.1.0.jar;C:\Users\yedenguele\.m2\repository\org\eclipse\persistence\commonj.sdo\2.1.1\commonj.sdo-2.1.1.jar;C:\Users\yedenguele\.m2\repository\org\eclipse\persistence\org.eclipse.persistence.jpa.modelgen.processor\2.5.2\org.eclipse.persistence.jpa.modelgen.processor-2.5.2.jar;C:\Users\yedenguele\.m2\repository\org\eclipse\persistence\org.eclipse.persistence.core\2.5.2\org.eclipse.persistence.core-2.5.2.jar;C:\Users\yedenguele\.m2\repository\org\eclipse\persistence\org.eclipse.persistence.asm\2.5.2\org.eclipse.persistence.asm-2.5.2.jar;C:\Users\yedenguele\.m2\repository\org\eclipse\persistence\org.eclipse.persistence.jpa\2.5.2\org.eclipse.persistence.jpa-2.5.2.jar;C:\Users\yedenguele\.m2\repository\org\eclipse\persistence\org.eclipse.persistence.antlr\2.5.2\org.eclipse.persistence.antlr-2.5.2.jar;C:\Users\yedenguele\.m2\repository\org\eclipse\persistence\org.eclipse.persistence.jpa.jpql\2.5.2\org.eclipse.persistence.jpa.jpql-2.5.2.jar;C:\Users\yedenguele\.m2\repository\org\springframework\boot\spring-boot-starter-web\1.3.2.RELEASE\spring-boot-starter-web-1.3.2.RELEASE.jar;C:\Users\yedenguele\.m2\repository\org\springframework\boot\spring-boot-starter-tomcat\1.3.2.RELEASE\spring-boot-starter-tomcat-1.3.2.RELEASE.jar;C:\Users\yedenguele\.m2\repository\org\apache\tomcat\embed\tomcat-embed-core\8.0.30\tomcat-embed-core-8.0.30.jar;C:\Users\yedenguele\.m2\repository\org\apache\tomcat\embed\tomcat-embed-el\8.0.30\tomcat-embed-el-8.0.30.jar;C:\Users\yedenguele\.m2\repository\org\apache\tomcat\embed\tomcat-embed-logging-juli\8.0.30\tomcat-embed-logging-juli-8.0.30.jar;C:\Users\yedenguele\.m2\repository\org\apache\tomcat\embed\tomcat-embed-websocket\8.0.30\tomcat-embed-websocket-8.0.30.jar;C:\Users\yedenguele\.m2\repository\org\springframework\boot\spring-boot-starter-validation\1.3.2.RELEASE\spring-boot-starter-validation-1.3.2.RELEASE.jar;C:\Users\yedenguele\.m2\repository\org\hibernate\hibernate-validator\5.2.2.Final\hibernate-validator-5.2.2.Final.jar;C:\Users\yedenguele\.m2\repository\javax\validation\validation-api\1.1.0.Final\validation-api-1.1.0.Final.jar;C:\Users\yedenguele\.m2\repository\org\jboss\logging\jboss-logging\3.3.0.Final\jboss-logging-3.3.0.Final.jar;C:\Users\yedenguele\.m2\repository\com\fasterxml\classmate\1.1.0\classmate-1.1.0.jar;C:\Users\yedenguele\.m2\repository\com\fasterxml\jackson\core\jackson-databind\2.6.5\jackson-databind-2.6.5.jar;C:\Users\yedenguele\.m2\repository\com\fasterxml\jackson\core\jackson-annotations\2.6.5\jackson-annotations-2.6.5.jar;C:\Users\yedenguele\.m2\repository\com\fasterxml\jackson\core\jackson-core\2.6.5\jackson-core-2.6.5.jar;C:\Users\yedenguele\.m2\repository\org\springframework\spring-web\4.2.4.RELEASE\spring-web-4.2.4.RELEASE.jar;C:\Users\yedenguele\.m2\repository\org\springframework\spring-aop\4.2.4.RELEASE\spring-aop-4.2.4.RELEASE.jar;C:\Users\yedenguele\.m2\repository\aopalliance\aopalliance\1.0\aopalliance-1.0.jar;C:\Users\yedenguele\.m2\repository\org\springframework\spring-webmvc\4.2.4.RELEASE\spring-webmvc-4.2.4.RELEASE.jar;C:\Users\yedenguele\.m2\repository\org\springframework\spring-test-mvc\1.0.0.M2\spring-test-mvc-1.0.0.M2.jar;C:\Users\yedenguele\.m2\repository\org\springframework\spring-context\4.2.4.RELEASE\spring-context-4.2.4.RELEASE.jar;C:\Users\yedenguele\.m2\repository\co\paralleluniverse\comsat-jetty-loader\0.3.0\comsat-jetty-loader-0.3.0.jar;C:\Users\yedenguele\.m2\repository\com\google\guava\guava\18.0\guava-18.0.jar;C:\Users\yedenguele\.m2\repository\org\eclipse\jetty\jetty-webapp\9.2.14.v20151106\jetty-webapp-9.2.14.v20151106.jar;C:\Users\yedenguele\.m2\repository\org\eclipse\jetty\jetty-xml\9.2.14.v20151106\jetty-xml-9.2.14.v20151106.jar;C:\Users\yedenguele\.m2\repository\org\eclipse\jetty\jetty-util\9.2.14.v20151106\jetty-util-9.2.14.v20151106.jar;C:\Users\yedenguele\.m2\repository\org\eclipse\jetty\jetty-servlet\9.2.14.v20151106\jetty-servlet-9.2.14.v20151106.jar;C:\Users\yedenguele\.m2\repository\org\eclipse\jetty\jetty-security\9.2.14.v20151106\jetty-security-9.2.14.v20151106.jar;C:\Users\yedenguele\.m2\repository\org\eclipse\jetty\jetty-server\9.2.14.v20151106\jetty-server-9.2.14.v20151106.jar;C:\Users\yedenguele\.m2\repository\javax\servlet\javax.servlet-api\3.1.0\javax.servlet-api-3.1.0.jar;C:\Users\yedenguele\.m2\repository\org\eclipse\jetty\jetty-http\9.2.14.v20151106\jetty-http-9.2.14.v20151106.jar;C:\Users\yedenguele\.m2\repository\org\eclipse\jetty\jetty-io\9.2.14.v20151106\jetty-io-9.2.14.v20151106.jar;'
18:01:32.830 [main] DEBUG o.s.c.e.PropertySourcesPropertyResolver - Searching for key 'java.specification.name' in [servletConfigInitParams]
18:01:32.830 [main] DEBUG o.s.c.e.PropertySourcesPropertyResolver - Searching for key 'java.specification.name' in [servletContextInitParams]
18:01:32.830 [main] DEBUG o.s.c.e.PropertySourcesPropertyResolver - Searching for key 'java.specification.name' in [systemProperties]
18:01:32.830 [main] DEBUG o.s.c.e.PropertySourcesPropertyResolver - Found key 'java.specification.name' in [systemProperties] with type [String] and value 'Java Platform API Specification'
18:01:32.830 [main] DEBUG o.s.c.e.PropertySourcesPropertyResolver - Searching for key 'java.class.version' in [servletConfigInitParams]
18:01:32.830 [main] DEBUG o.s.c.e.PropertySourcesPropertyResolver - Searching for key 'java.class.version' in [servletContextInitParams]
18:01:32.830 [main] DEBUG o.s.c.e.PropertySourcesPropertyResolver - Searching for key 'java.class.version' in [systemProperties]
18:01:32.830 [main] DEBUG o.s.c.e.PropertySourcesPropertyResolver - Found key 'java.class.version' in [systemProperties] with type [String] and value '52.0'
18:01:32.831 [main] DEBUG o.s.c.e.PropertySourcesPropertyResolver - Searching for key 'sun.management.compiler' in [servletConfigInitParams]
18:01:32.831 [main] DEBUG o.s.c.e.PropertySourcesPropertyResolver - Searching for key 'sun.management.compiler' in [servletContextInitParams]
18:01:32.831 [main] DEBUG o.s.c.e.PropertySourcesPropertyResolver - Searching for key 'sun.management.compiler' in [systemProperties]
18:01:32.831 [main] DEBUG o.s.c.e.PropertySourcesPropertyResolver - Found key 'sun.management.compiler' in [systemProperties] with type [String] and value 'HotSpot 64-Bit Tiered Compilers'
18:01:32.831 [main] DEBUG o.s.c.e.PropertySourcesPropertyResolver - Searching for key 'os.version' in [servletConfigInitParams]
18:01:32.831 [main] DEBUG o.s.c.e.PropertySourcesPropertyResolver - Searching for key 'os.version' in [servletContextInitParams]
18:01:32.831 [main] DEBUG o.s.c.e.PropertySourcesPropertyResolver - Searching for key 'os.version' in [systemProperties]
18:01:32.831 [main] DEBUG o.s.c.e.PropertySourcesPropertyResolver - Found key 'os.version' in [systemProperties] with type [String] and value '10.0'
18:01:32.831 [main] DEBUG o.s.c.e.PropertySourcesPropertyResolver - Searching for key 'user.home' in [servletConfigInitParams]
18:01:32.831 [main] DEBUG o.s.c.e.PropertySourcesPropertyResolver - Searching for key 'user.home' in [servletContextInitParams]
18:01:32.832 [main] DEBUG o.s.c.e.PropertySourcesPropertyResolver - Searching for key 'user.home' in [systemProperties]
18:01:32.832 [main] DEBUG o.s.c.e.PropertySourcesPropertyResolver - Found key 'user.home' in [systemProperties] with type [String] and value 'C:\Users\yedenguele'
18:01:32.832 [main] DEBUG o.s.c.e.PropertySourcesPropertyResolver - Searching for key 'user.timezone' in [servletConfigInitParams]
18:01:32.832 [main] DEBUG o.s.c.e.PropertySourcesPropertyResolver - Searching for key 'user.timezone' in [servletContextInitParams]
18:01:32.832 [main] DEBUG o.s.c.e.PropertySourcesPropertyResolver - Searching for key 'user.timezone' in [systemProperties]
18:01:32.832 [main] DEBUG o.s.c.e.PropertySourcesPropertyResolver - Found key 'user.timezone' in [systemProperties] with type [String] and value 'Europe/Paris'
18:01:32.832 [main] DEBUG o.s.c.e.PropertySourcesPropertyResolver - Searching for key 'java.awt.printerjob' in [servletConfigInitParams]
18:01:32.832 [main] DEBUG o.s.c.e.PropertySourcesPropertyResolver - Searching for key 'java.awt.printerjob' in [servletContextInitParams]
18:01:32.832 [main] DEBUG o.s.c.e.PropertySourcesPropertyResolver - Searching for key 'java.awt.printerjob' in [systemProperties]
18:01:32.832 [main] DEBUG o.s.c.e.PropertySourcesPropertyResolver - Found key 'java.awt.printerjob' in [systemProperties] with type [String] and value 'sun.awt.windows.WPrinterJob'
18:01:32.832 [main] DEBUG o.s.c.e.PropertySourcesPropertyResolver - Searching for key 'file.encoding' in [servletConfigInitParams]
18:01:32.832 [main] DEBUG o.s.c.e.PropertySourcesPropertyResolver - Searching for key 'file.encoding' in [servletContextInitParams]
18:01:32.833 [main] DEBUG o.s.c.e.PropertySourcesPropertyResolver - Searching for key 'file.encoding' in [systemProperties]
18:01:32.833 [main] DEBUG o.s.c.e.PropertySourcesPropertyResolver - Found key 'file.encoding' in [systemProperties] with type [String] and value 'UTF-8'
18:01:32.833 [main] DEBUG o.s.c.e.PropertySourcesPropertyResolver - Searching for key 'java.specification.version' in [servletConfigInitParams]
18:01:32.833 [main] DEBUG o.s.c.e.PropertySourcesPropertyResolver - Searching for key 'java.specification.version' in [servletContextInitParams]
18:01:32.833 [main] DEBUG o.s.c.e.PropertySourcesPropertyResolver - Searching for key 'java.specification.version' in [systemProperties]
18:01:32.833 [main] DEBUG o.s.c.e.PropertySourcesPropertyResolver - Found key 'java.specification.version' in [systemProperties] with type [String] and value '1.8'
18:01:32.833 [main] DEBUG o.s.c.e.PropertySourcesPropertyResolver - Searching for key 'java.class.path' in [servletConfigInitParams]
18:01:32.833 [main] DEBUG o.s.c.e.PropertySourcesPropertyResolver - Searching for key 'java.class.path' in [servletContextInitParams]
18:01:32.833 [main] DEBUG o.s.c.e.PropertySourcesPropertyResolver - Searching for key 'java.class.path' in [systemProperties]
18:01:32.833 [main] DEBUG o.s.c.e.PropertySourcesPropertyResolver - Found key 'java.class.path' in [systemProperties] with type [String] and value 'C:\Users\yedenguele\yves\todo\target\test-classes;C:\Users\yedenguele\yves\todo\target\classes;C:\Users\yedenguele\.m2\repository\org\springframework\boot\spring-boot-starter-data-mongodb\1.3.2.RELEASE\spring-boot-starter-data-mongodb-1.3.2.RELEASE.jar;C:\Users\yedenguele\.m2\repository\org\springframework\boot\spring-boot-starter\1.3.2.RELEASE\spring-boot-starter-1.3.2.RELEASE.jar;C:\Users\yedenguele\.m2\repository\org\springframework\boot\spring-boot\1.3.2.RELEASE\spring-boot-1.3.2.RELEASE.jar;C:\Users\yedenguele\.m2\repository\org\springframework\boot\spring-boot-autoconfigure\1.3.2.RELEASE\spring-boot-autoconfigure-1.3.2.RELEASE.jar;C:\Users\yedenguele\.m2\repository\org\springframework\boot\spring-boot-starter-logging\1.3.2.RELEASE\spring-boot-starter-logging-1.3.2.RELEASE.jar;C:\Users\yedenguele\.m2\repository\ch\qos\logback\logback-classic\1.1.3\logback-classic-1.1.3.jar;C:\Users\yedenguele\.m2\repository\ch\qos\logback\logback-core\1.1.3\logback-core-1.1.3.jar;C:\Users\yedenguele\.m2\repository\org\slf4j\jul-to-slf4j\1.7.13\jul-to-slf4j-1.7.13.jar;C:\Users\yedenguele\.m2\repository\org\slf4j\log4j-over-slf4j\1.7.13\log4j-over-slf4j-1.7.13.jar;C:\Users\yedenguele\.m2\repository\org\yaml\snakeyaml\1.16\snakeyaml-1.16.jar;C:\Users\yedenguele\.m2\repository\org\springframework\data\spring-data-mongodb\1.8.2.RELEASE\spring-data-mongodb-1.8.2.RELEASE.jar;C:\Users\yedenguele\.m2\repository\org\springframework\spring-tx\4.2.4.RELEASE\spring-tx-4.2.4.RELEASE.jar;C:\Users\yedenguele\.m2\repository\org\springframework\spring-beans\4.2.4.RELEASE\spring-beans-4.2.4.RELEASE.jar;C:\Users\yedenguele\.m2\repository\org\springframework\spring-expression\4.2.4.RELEASE\spring-expression-4.2.4.RELEASE.jar;C:\Users\yedenguele\.m2\repository\org\springframework\data\spring-data-commons\1.11.2.RELEASE\spring-data-commons-1.11.2.RELEASE.jar;C:\Users\yedenguele\.m2\repository\org\slf4j\slf4j-api\1.7.13\slf4j-api-1.7.13.jar;C:\Users\yedenguele\.m2\repository\org\slf4j\jcl-over-slf4j\1.7.13\jcl-over-slf4j-1.7.13.jar;C:\Users\yedenguele\.m2\repository\org\hamcrest\hamcrest-all\1.3\hamcrest-all-1.3.jar;C:\Users\yedenguele\.m2\repository\junit\junit\4.12\junit-4.12.jar;C:\Users\yedenguele\.m2\repository\org\springframework\boot\spring-boot-starter-test\1.3.2.RELEASE\spring-boot-starter-test-1.3.2.RELEASE.jar;C:\Users\yedenguele\.m2\repository\org\mockito\mockito-core\1.10.19\mockito-core-1.10.19.jar;C:\Users\yedenguele\.m2\repository\org\objenesis\objenesis\2.1\objenesis-2.1.jar;C:\Users\yedenguele\.m2\repository\org\hamcrest\hamcrest-core\1.3\hamcrest-core-1.3.jar;C:\Users\yedenguele\.m2\repository\org\hamcrest\hamcrest-library\1.3\hamcrest-library-1.3.jar;C:\Users\yedenguele\.m2\repository\org\springframework\spring-core\4.2.4.RELEASE\spring-core-4.2.4.RELEASE.jar;C:\Users\yedenguele\.m2\repository\org\springframework\spring-test\4.2.4.RELEASE\spring-test-4.2.4.RELEASE.jar;C:\Users\yedenguele\.m2\repository\org\mongodb\mongo-java-driver\2.13.3\mongo-java-driver-2.13.3.jar;C:\Users\yedenguele\.m2\repository\org\eclipse\persistence\eclipselink\2.5.2\eclipselink-2.5.2.jar;C:\Users\yedenguele\.m2\repository\org\eclipse\persistence\javax.persistence\2.1.0\javax.persistence-2.1.0.jar;C:\Users\yedenguele\.m2\repository\org\eclipse\persistence\commonj.sdo\2.1.1\commonj.sdo-2.1.1.jar;C:\Users\yedenguele\.m2\repository\org\eclipse\persistence\org.eclipse.persistence.jpa.modelgen.processor\2.5.2\org.eclipse.persistence.jpa.modelgen.processor-2.5.2.jar;C:\Users\yedenguele\.m2\repository\org\eclipse\persistence\org.eclipse.persistence.core\2.5.2\org.eclipse.persistence.core-2.5.2.jar;C:\Users\yedenguele\.m2\repository\org\eclipse\persistence\org.eclipse.persistence.asm\2.5.2\org.eclipse.persistence.asm-2.5.2.jar;C:\Users\yedenguele\.m2\repository\org\eclipse\persistence\org.eclipse.persistence.jpa\2.5.2\org.eclipse.persistence.jpa-2.5.2.jar;C:\Users\yedenguele\.m2\repository\org\eclipse\persistence\org.eclipse.persistence.antlr\2.5.2\org.eclipse.persistence.antlr-2.5.2.jar;C:\Users\yedenguele\.m2\repository\org\eclipse\persistence\org.eclipse.persistence.jpa.jpql\2.5.2\org.eclipse.persistence.jpa.jpql-2.5.2.jar;C:\Users\yedenguele\.m2\repository\org\springframework\boot\spring-boot-starter-web\1.3.2.RELEASE\spring-boot-starter-web-1.3.2.RELEASE.jar;C:\Users\yedenguele\.m2\repository\org\springframework\boot\spring-boot-starter-tomcat\1.3.2.RELEASE\spring-boot-starter-tomcat-1.3.2.RELEASE.jar;C:\Users\yedenguele\.m2\repository\org\apache\tomcat\embed\tomcat-embed-core\8.0.30\tomcat-embed-core-8.0.30.jar;C:\Users\yedenguele\.m2\repository\org\apache\tomcat\embed\tomcat-embed-el\8.0.30\tomcat-embed-el-8.0.30.jar;C:\Users\yedenguele\.m2\repository\org\apache\tomcat\embed\tomcat-embed-logging-juli\8.0.30\tomcat-embed-logging-juli-8.0.30.jar;C:\Users\yedenguele\.m2\repository\org\apache\tomcat\embed\tomcat-embed-websocket\8.0.30\tomcat-embed-websocket-8.0.30.jar;C:\Users\yedenguele\.m2\repository\org\springframework\boot\spring-boot-starter-validation\1.3.2.RELEASE\spring-boot-starter-validation-1.3.2.RELEASE.jar;C:\Users\yedenguele\.m2\repository\org\hibernate\hibernate-validator\5.2.2.Final\hibernate-validator-5.2.2.Final.jar;C:\Users\yedenguele\.m2\repository\javax\validation\validation-api\1.1.0.Final\validation-api-1.1.0.Final.jar;C:\Users\yedenguele\.m2\repository\org\jboss\logging\jboss-logging\3.3.0.Final\jboss-logging-3.3.0.Final.jar;C:\Users\yedenguele\.m2\repository\com\fasterxml\classmate\1.1.0\classmate-1.1.0.jar;C:\Users\yedenguele\.m2\repository\com\fasterxml\jackson\core\jackson-databind\2.6.5\jackson-databind-2.6.5.jar;C:\Users\yedenguele\.m2\repository\com\fasterxml\jackson\core\jackson-annotations\2.6.5\jackson-annotations-2.6.5.jar;C:\Users\yedenguele\.m2\repository\com\fasterxml\jackson\core\jackson-core\2.6.5\jackson-core-2.6.5.jar;C:\Users\yedenguele\.m2\repository\org\springframework\spring-web\4.2.4.RELEASE\spring-web-4.2.4.RELEASE.jar;C:\Users\yedenguele\.m2\repository\org\springframework\spring-aop\4.2.4.RELEASE\spring-aop-4.2.4.RELEASE.jar;C:\Users\yedenguele\.m2\repository\aopalliance\aopalliance\1.0\aopalliance-1.0.jar;C:\Users\yedenguele\.m2\repository\org\springframework\spring-webmvc\4.2.4.RELEASE\spring-webmvc-4.2.4.RELEASE.jar;C:\Users\yedenguele\.m2\repository\org\springframework\spring-test-mvc\1.0.0.M2\spring-test-mvc-1.0.0.M2.jar;C:\Users\yedenguele\.m2\repository\org\springframework\spring-context\4.2.4.RELEASE\spring-context-4.2.4.RELEASE.jar;C:\Users\yedenguele\.m2\repository\co\paralleluniverse\comsat-jetty-loader\0.3.0\comsat-jetty-loader-0.3.0.jar;C:\Users\yedenguele\.m2\repository\com\google\guava\guava\18.0\guava-18.0.jar;C:\Users\yedenguele\.m2\repository\org\eclipse\jetty\jetty-webapp\9.2.14.v20151106\jetty-webapp-9.2.14.v20151106.jar;C:\Users\yedenguele\.m2\repository\org\eclipse\jetty\jetty-xml\9.2.14.v20151106\jetty-xml-9.2.14.v20151106.jar;C:\Users\yedenguele\.m2\repository\org\eclipse\jetty\jetty-util\9.2.14.v20151106\jetty-util-9.2.14.v20151106.jar;C:\Users\yedenguele\.m2\repository\org\eclipse\jetty\jetty-servlet\9.2.14.v20151106\jetty-servlet-9.2.14.v20151106.jar;C:\Users\yedenguele\.m2\repository\org\eclipse\jetty\jetty-security\9.2.14.v20151106\jetty-security-9.2.14.v20151106.jar;C:\Users\yedenguele\.m2\repository\org\eclipse\jetty\jetty-server\9.2.14.v20151106\jetty-server-9.2.14.v20151106.jar;C:\Users\yedenguele\.m2\repository\javax\servlet\javax.servlet-api\3.1.0\javax.servlet-api-3.1.0.jar;C:\Users\yedenguele\.m2\repository\org\eclipse\jetty\jetty-http\9.2.14.v20151106\jetty-http-9.2.14.v20151106.jar;C:\Users\yedenguele\.m2\repository\org\eclipse\jetty\jetty-io\9.2.14.v20151106\jetty-io-9.2.14.v20151106.jar;'
18:01:32.834 [main] DEBUG o.s.c.e.PropertySourcesPropertyResolver - Searching for key 'user.name' in [servletConfigInitParams]
18:01:32.834 [main] DEBUG o.s.c.e.PropertySourcesPropertyResolver - Searching for key 'user.name' in [servletContextInitParams]
18:01:32.834 [main] DEBUG o.s.c.e.PropertySourcesPropertyResolver - Searching for key 'user.name' in [systemProperties]
18:01:32.834 [main] DEBUG o.s.c.e.PropertySourcesPropertyResolver - Found key 'user.name' in [systemProperties] with type [String] and value 'yedenguele'
18:01:32.835 [main] DEBUG o.s.c.e.PropertySourcesPropertyResolver - Searching for key 'java.vm.specification.version' in [servletConfigInitParams]
18:01:32.835 [main] DEBUG o.s.c.e.PropertySourcesPropertyResolver - Searching for key 'java.vm.specification.version' in [servletContextInitParams]
18:01:32.835 [main] DEBUG o.s.c.e.PropertySourcesPropertyResolver - Searching for key 'java.vm.specification.version' in [systemProperties]
18:01:32.835 [main] DEBUG o.s.c.e.PropertySourcesPropertyResolver - Found key 'java.vm.specification.version' in [systemProperties] with type [String] and value '1.8'
18:01:32.835 [main] DEBUG o.s.c.e.PropertySourcesPropertyResolver - Searching for key 'sun.java.command' in [servletConfigInitParams]
18:01:32.835 [main] DEBUG o.s.c.e.PropertySourcesPropertyResolver - Searching for key 'sun.java.command' in [servletContextInitParams]
18:01:32.835 [main] DEBUG o.s.c.e.PropertySourcesPropertyResolver - Searching for key 'sun.java.command' in [systemProperties]
18:01:32.835 [main] DEBUG o.s.c.e.PropertySourcesPropertyResolver - Found key 'sun.java.command' in [systemProperties] with type [String] and value 'C:\Users\yedenguele\yves\todo\target\surefire\surefirebooter9184103422152208635.jar C:\Users\yedenguele\yves\todo\target\surefire\surefire4012073052926401016tmp C:\Users\yedenguele\yves\todo\target\surefire\surefire_07018134679963535633tmp'
18:01:32.835 [main] DEBUG o.s.c.e.PropertySourcesPropertyResolver - Searching for key 'java.home' in [servletConfigInitParams]
18:01:32.835 [main] DEBUG o.s.c.e.PropertySourcesPropertyResolver - Searching for key 'java.home' in [servletContextInitParams]
18:01:32.835 [main] DEBUG o.s.c.e.PropertySourcesPropertyResolver - Searching for key 'java.home' in [systemProperties]
18:01:32.836 [main] DEBUG o.s.c.e.PropertySourcesPropertyResolver - Found key 'java.home' in [systemProperties] with type [String] and value 'C:\Program Files\Java\jdk1.8.0_92\jre'
18:01:32.836 [main] DEBUG o.s.c.e.PropertySourcesPropertyResolver - Searching for key 'sun.arch.data.model' in [servletConfigInitParams]
18:01:32.836 [main] DEBUG o.s.c.e.PropertySourcesPropertyResolver - Searching for key 'sun.arch.data.model' in [servletContextInitParams]
18:01:32.836 [main] DEBUG o.s.c.e.PropertySourcesPropertyResolver - Searching for key 'sun.arch.data.model' in [systemProperties]
18:01:32.836 [main] DEBUG o.s.c.e.PropertySourcesPropertyResolver - Found key 'sun.arch.data.model' in [systemProperties] with type [String] and value '64'
18:01:32.836 [main] DEBUG o.s.c.e.PropertySourcesPropertyResolver - Searching for key 'user.language' in [servletConfigInitParams]
18:01:32.836 [main] DEBUG o.s.c.e.PropertySourcesPropertyResolver - Searching for key 'user.language' in [servletContextInitParams]
18:01:32.836 [main] DEBUG o.s.c.e.PropertySourcesPropertyResolver - Searching for key 'user.language' in [systemProperties]
18:01:32.836 [main] DEBUG o.s.c.e.PropertySourcesPropertyResolver - Found key 'user.language' in [systemProperties] with type [String] and value 'fr'
18:01:32.836 [main] DEBUG o.s.c.e.PropertySourcesPropertyResolver - Searching for key 'java.specification.vendor' in [servletConfigInitParams]
18:01:32.837 [main] DEBUG o.s.c.e.PropertySourcesPropertyResolver - Searching for key 'java.specification.vendor' in [servletContextInitParams]
18:01:32.837 [main] DEBUG o.s.c.e.PropertySourcesPropertyResolver - Searching for key 'java.specification.vendor' in [systemProperties]
18:01:32.837 [main] DEBUG o.s.c.e.PropertySourcesPropertyResolver - Found key 'java.specification.vendor' in [systemProperties] with type [String] and value 'Oracle Corporation'
18:01:32.837 [main] DEBUG o.s.c.e.PropertySourcesPropertyResolver - Searching for key 'awt.toolkit' in [servletConfigInitParams]
18:01:32.837 [main] DEBUG o.s.c.e.PropertySourcesPropertyResolver - Searching for key 'awt.toolkit' in [servletContextInitParams]
18:01:32.837 [main] DEBUG o.s.c.e.PropertySourcesPropertyResolver - Searching for key 'awt.toolkit' in [systemProperties]
18:01:32.837 [main] DEBUG o.s.c.e.PropertySourcesPropertyResolver - Found key 'awt.toolkit' in [systemProperties] with type [String] and value 'sun.awt.windows.WToolkit'
18:01:32.837 [main] DEBUG o.s.c.e.PropertySourcesPropertyResolver - Searching for key 'java.vm.info' in [servletConfigInitParams]
18:01:32.838 [main] DEBUG o.s.c.e.PropertySourcesPropertyResolver - Searching for key 'java.vm.info' in [servletContextInitParams]
18:01:32.838 [main] DEBUG o.s.c.e.PropertySourcesPropertyResolver - Searching for key 'java.vm.info' in [systemProperties]
18:01:32.838 [main] DEBUG o.s.c.e.PropertySourcesPropertyResolver - Found key 'java.vm.info' in [systemProperties] with type [String] and value 'mixed mode'
18:01:32.838 [main] DEBUG o.s.c.e.PropertySourcesPropertyResolver - Searching for key 'java.version' in [servletConfigInitParams]
18:01:32.838 [main] DEBUG o.s.c.e.PropertySourcesPropertyResolver - Searching for key 'java.version' in [servletContextInitParams]
18:01:32.838 [main] DEBUG o.s.c.e.PropertySourcesPropertyResolver - Searching for key 'java.version' in [systemProperties]
18:01:32.838 [main] DEBUG o.s.c.e.PropertySourcesPropertyResolver - Found key 'java.version' in [systemProperties] with type [String] and value '1.8.0_92'
18:01:32.838 [main] DEBUG o.s.c.e.PropertySourcesPropertyResolver - Searching for key 'java.ext.dirs' in [servletConfigInitParams]
18:01:32.838 [main] DEBUG o.s.c.e.PropertySourcesPropertyResolver - Searching for key 'java.ext.dirs' in [servletContextInitParams]
18:01:32.838 [main] DEBUG o.s.c.e.PropertySourcesPropertyResolver - Searching for key 'java.ext.dirs' in [systemProperties]
18:01:32.839 [main] DEBUG o.s.c.e.PropertySourcesPropertyResolver - Found key 'java.ext.dirs' in [systemProperties] with type [String] and value 'C:\Program Files\Java\jdk1.8.0_92\jre\lib\ext;C:\Windows\Sun\Java\lib\ext'
18:01:32.839 [main] DEBUG o.s.c.e.PropertySourcesPropertyResolver - Searching for key 'sun.boot.class.path' in [servletConfigInitParams]
18:01:32.839 [main] DEBUG o.s.c.e.PropertySourcesPropertyResolver - Searching for key 'sun.boot.class.path' in [servletContextInitParams]
18:01:32.839 [main] DEBUG o.s.c.e.PropertySourcesPropertyResolver - Searching for key 'sun.boot.class.path' in [systemProperties]
18:01:32.839 [main] DEBUG o.s.c.e.PropertySourcesPropertyResolver - Found key 'sun.boot.class.path' in [systemProperties] with type [String] and value 'C:\Program Files\Java\jdk1.8.0_92\jre\lib\resources.jar;C:\Program Files\Java\jdk1.8.0_92\jre\lib\rt.jar;C:\Program Files\Java\jdk1.8.0_92\jre\lib\sunrsasign.jar;C:\Program Files\Java\jdk1.8.0_92\jre\lib\jsse.jar;C:\Program Files\Java\jdk1.8.0_92\jre\lib\jce.jar;C:\Program Files\Java\jdk1.8.0_92\jre\lib\charsets.jar;C:\Program Files\Java\jdk1.8.0_92\jre\lib\jfr.jar;C:\Program Files\Java\jdk1.8.0_92\jre\classes'
18:01:32.839 [main] DEBUG o.s.c.e.PropertySourcesPropertyResolver - Searching for key 'java.vendor' in [servletConfigInitParams]
18:01:32.839 [main] DEBUG o.s.c.e.PropertySourcesPropertyResolver - Searching for key 'java.vendor' in [servletContextInitParams]
18:01:32.839 [main] DEBUG o.s.c.e.PropertySourcesPropertyResolver - Searching for key 'java.vendor' in [systemProperties]
18:01:32.839 [main] DEBUG o.s.c.e.PropertySourcesPropertyResolver - Found key 'java.vendor' in [systemProperties] with type [String] and value 'Oracle Corporation'
18:01:32.839 [main] DEBUG o.s.c.e.PropertySourcesPropertyResolver - Searching for key 'localRepository' in [servletConfigInitParams]
18:01:32.840 [main] DEBUG o.s.c.e.PropertySourcesPropertyResolver - Searching for key 'localRepository' in [servletContextInitParams]
18:01:32.840 [main] DEBUG o.s.c.e.PropertySourcesPropertyResolver - Searching for key 'localRepository' in [systemProperties]
18:01:32.840 [main] DEBUG o.s.c.e.PropertySourcesPropertyResolver - Found key 'localRepository' in [systemProperties] with type [String] and value 'C:\Users\yedenguele\.m2\repository'
18:01:32.840 [main] DEBUG o.s.c.e.PropertySourcesPropertyResolver - Searching for key 'file.separator' in [servletConfigInitParams]
18:01:32.840 [main] DEBUG o.s.c.e.PropertySourcesPropertyResolver - Searching for key 'file.separator' in [servletContextInitParams]
18:01:32.840 [main] DEBUG o.s.c.e.PropertySourcesPropertyResolver - Searching for key 'file.separator' in [systemProperties]
18:01:32.840 [main] DEBUG o.s.c.e.PropertySourcesPropertyResolver - Found key 'file.separator' in [systemProperties] with type [String] and value '\'
18:01:32.840 [main] DEBUG o.s.c.e.PropertySourcesPropertyResolver - Searching for key 'java.vendor.url.bug' in [servletConfigInitParams]
18:01:32.840 [main] DEBUG o.s.c.e.PropertySourcesPropertyResolver - Searching for key 'java.vendor.url.bug' in [servletContextInitParams]
18:01:32.841 [main] DEBUG o.s.c.e.PropertySourcesPropertyResolver - Searching for key 'java.vendor.url.bug' in [systemProperties]
18:01:32.841 [main] DEBUG o.s.c.e.PropertySourcesPropertyResolver - Found key 'java.vendor.url.bug' in [systemProperties] with type [String] and value 'http://bugreport.sun.com/bugreport/'
18:01:32.841 [main] DEBUG o.s.c.e.PropertySourcesPropertyResolver - Searching for key 'sun.io.unicode.encoding' in [servletConfigInitParams]
18:01:32.841 [main] DEBUG o.s.c.e.PropertySourcesPropertyResolver - Searching for key 'sun.io.unicode.encoding' in [servletContextInitParams]
18:01:32.841 [main] DEBUG o.s.c.e.PropertySourcesPropertyResolver - Searching for key 'sun.io.unicode.encoding' in [systemProperties]
18:01:32.841 [main] DEBUG o.s.c.e.PropertySourcesPropertyResolver - Found key 'sun.io.unicode.encoding' in [systemProperties] with type [String] and value 'UnicodeLittle'
18:01:32.841 [main] DEBUG o.s.c.e.PropertySourcesPropertyResolver - Searching for key 'sun.cpu.endian' in [servletConfigInitParams]
18:01:32.841 [main] DEBUG o.s.c.e.PropertySourcesPropertyResolver - Searching for key 'sun.cpu.endian' in [servletContextInitParams]
18:01:32.841 [main] DEBUG o.s.c.e.PropertySourcesPropertyResolver - Searching for key 'sun.cpu.endian' in [systemProperties]
18:01:32.841 [main] DEBUG o.s.c.e.PropertySourcesPropertyResolver - Found key 'sun.cpu.endian' in [systemProperties] with type [String] and value 'little'
18:01:32.841 [main] DEBUG o.s.c.e.PropertySourcesPropertyResolver - Searching for key 'sun.desktop' in [servletConfigInitParams]
18:01:32.842 [main] DEBUG o.s.c.e.PropertySourcesPropertyResolver - Searching for key 'sun.desktop' in [servletContextInitParams]
18:01:32.842 [main] DEBUG o.s.c.e.PropertySourcesPropertyResolver - Searching for key 'sun.desktop' in [systemProperties]
18:01:32.842 [main] DEBUG o.s.c.e.PropertySourcesPropertyResolver - Found key 'sun.desktop' in [systemProperties] with type [String] and value 'windows'
18:01:32.842 [main] DEBUG o.s.c.e.PropertySourcesPropertyResolver - Searching for key 'sun.cpu.isalist' in [servletConfigInitParams]
18:01:32.842 [main] DEBUG o.s.c.e.PropertySourcesPropertyResolver - Searching for key 'sun.cpu.isalist' in [servletContextInitParams]
18:01:32.842 [main] DEBUG o.s.c.e.PropertySourcesPropertyResolver - Searching for key 'sun.cpu.isalist' in [systemProperties]
18:01:32.842 [main] DEBUG o.s.c.e.PropertySourcesPropertyResolver - Found key 'sun.cpu.isalist' in [systemProperties] with type [String] and value 'amd64'
18:01:32.843 [main] DEBUG o.s.c.e.PropertySourcesPropertyResolver - Searching for key 'PATH' in [servletConfigInitParams]
18:01:32.843 [main] DEBUG o.s.c.e.PropertySourcesPropertyResolver - Searching for key 'PATH' in [servletContextInitParams]
18:01:32.843 [main] DEBUG o.s.c.e.PropertySourcesPropertyResolver - Searching for key 'PATH' in [systemProperties]
18:01:32.843 [main] DEBUG o.s.c.e.PropertySourcesPropertyResolver - Searching for key 'PATH' in [systemEnvironment]
18:01:32.843 [main] DEBUG o.s.c.e.PropertySourcesPropertyResolver - Found key 'PATH' in [systemEnvironment] with type [String] and value 'C:\Program Files (x86)\Intel\iCLS Client\;C:\Program Files\Intel\iCLS Client\;C:\Windows\system32;C:\Windows;C:\Windows\System32\Wbem;C:\Windows\System32\WindowsPowerShell\v1.0\;C:\Program Files (x86)\Intel\Intel(R) Management Engine Components\DAL;C:\Program Files\Intel\Intel(R) Management Engine Components\DAL;C:\Program Files (x86)\Intel\Intel(R) Management Engine Components\IPT;C:\Program Files\Intel\Intel(R) Management Engine Components\IPT;C:\Program Files\Intel\WiFi\bin\;C:\Program Files\Common Files\Intel\WirelessCommon\;C:\gradle-2.12\bin;%JAVA_HOME%\bin;C:\Program Files\nodejs\;C:\apache-maven-3.3.9\bin;C:\Program Files\Git\bin;C:\Users\yedenguele\mongodb\bin;C:\Program Files (x86)\Skype\Phone\;C:\Users\yedenguele\spring-1.3.3.RELEASE\bin;C:\Users\yedenguele\AppData\Roaming\npm'
18:01:32.843 [main] DEBUG o.s.c.e.PropertySourcesPropertyResolver - Searching for key 'USERDOMAIN_ROAMINGPROFILE' in [servletConfigInitParams]
18:01:32.843 [main] DEBUG o.s.c.e.PropertySourcesPropertyResolver - Searching for key 'USERDOMAIN_ROAMINGPROFILE' in [servletContextInitParams]
18:01:32.843 [main] DEBUG o.s.c.e.PropertySourcesPropertyResolver - Searching for key 'USERDOMAIN_ROAMINGPROFILE' in [systemProperties]
18:01:32.843 [main] DEBUG o.s.c.e.PropertySourcesPropertyResolver - Searching for key 'USERDOMAIN_ROAMINGPROFILE' in [systemEnvironment]
18:01:32.844 [main] DEBUG o.s.c.e.PropertySourcesPropertyResolver - Found key 'USERDOMAIN_ROAMINGPROFILE' in [systemEnvironment] with type [String] and value 'PALOITLPT025'
18:01:32.844 [main] DEBUG o.s.c.e.PropertySourcesPropertyResolver - Searching for key 'PROCESSOR_LEVEL' in [servletConfigInitParams]
18:01:32.844 [main] DEBUG o.s.c.e.PropertySourcesPropertyResolver - Searching for key 'PROCESSOR_LEVEL' in [servletContextInitParams]
18:01:32.844 [main] DEBUG o.s.c.e.PropertySourcesPropertyResolver - Searching for key 'PROCESSOR_LEVEL' in [systemProperties]
18:01:32.844 [main] DEBUG o.s.c.e.PropertySourcesPropertyResolver - Searching for key 'PROCESSOR_LEVEL' in [systemEnvironment]
18:01:32.844 [main] DEBUG o.s.c.e.PropertySourcesPropertyResolver - Found key 'PROCESSOR_LEVEL' in [systemEnvironment] with type [String] and value '6'
18:01:32.844 [main] DEBUG o.s.c.e.PropertySourcesPropertyResolver - Searching for key 'SYSTEMDRIVE' in [servletConfigInitParams]
18:01:32.844 [main] DEBUG o.s.c.e.PropertySourcesPropertyResolver - Searching for key 'SYSTEMDRIVE' in [servletContextInitParams]
18:01:32.844 [main] DEBUG o.s.c.e.PropertySourcesPropertyResolver - Searching for key 'SYSTEMDRIVE' in [systemProperties]
18:01:32.844 [main] DEBUG o.s.c.e.PropertySourcesPropertyResolver - Searching for key 'SYSTEMDRIVE' in [systemEnvironment]
18:01:32.844 [main] DEBUG o.s.c.e.PropertySourcesPropertyResolver - Found key 'SYSTEMDRIVE' in [systemEnvironment] with type [String] and value 'C:'
18:01:32.845 [main] DEBUG o.s.c.e.PropertySourcesPropertyResolver - Searching for key 'M2' in [servletConfigInitParams]
18:01:32.845 [main] DEBUG o.s.c.e.PropertySourcesPropertyResolver - Searching for key 'M2' in [servletContextInitParams]
18:01:32.845 [main] DEBUG o.s.c.e.PropertySourcesPropertyResolver - Searching for key 'M2' in [systemProperties]
18:01:32.845 [main] DEBUG o.s.c.e.PropertySourcesPropertyResolver - Searching for key 'M2' in [systemEnvironment]
18:01:32.845 [main] DEBUG o.s.c.e.PropertySourcesPropertyResolver - Found key 'M2' in [systemEnvironment] with type [String] and value 'C:\apache-maven-3.3.9\bin'
18:01:32.845 [main] DEBUG o.s.c.e.PropertySourcesPropertyResolver - Searching for key 'M3' in [servletConfigInitParams]
18:01:32.845 [main] DEBUG o.s.c.e.PropertySourcesPropertyResolver - Searching for key 'M3' in [servletContextInitParams]
18:01:32.845 [main] DEBUG o.s.c.e.PropertySourcesPropertyResolver - Searching for key 'M3' in [systemProperties]
18:01:32.845 [main] DEBUG o.s.c.e.PropertySourcesPropertyResolver - Searching for key 'M3' in [systemEnvironment]
18:01:32.845 [main] DEBUG o.s.c.e.PropertySourcesPropertyResolver - Found key 'M3' in [systemEnvironment] with type [String] and value 'C:\gradle-2.2.1\bin'
18:01:32.846 [main] DEBUG o.s.c.e.PropertySourcesPropertyResolver - Searching for key 'SESSIONNAME' in [servletConfigInitParams]
18:01:32.846 [main] DEBUG o.s.c.e.PropertySourcesPropertyResolver - Searching for key 'SESSIONNAME' in [servletContextInitParams]
18:01:32.846 [main] DEBUG o.s.c.e.PropertySourcesPropertyResolver - Searching for key 'SESSIONNAME' in [systemProperties]
18:01:32.846 [main] DEBUG o.s.c.e.PropertySourcesPropertyResolver - Searching for key 'SESSIONNAME' in [systemEnvironment]
18:01:32.846 [main] DEBUG o.s.c.e.PropertySourcesPropertyResolver - Found key 'SESSIONNAME' in [systemEnvironment] with type [String] and value 'Console'
18:01:32.846 [main] DEBUG o.s.c.e.PropertySourcesPropertyResolver - Searching for key 'ALLUSERSPROFILE' in [servletConfigInitParams]
18:01:32.846 [main] DEBUG o.s.c.e.PropertySourcesPropertyResolver - Searching for key 'ALLUSERSPROFILE' in [servletContextInitParams]
18:01:32.846 [main] DEBUG o.s.c.e.PropertySourcesPropertyResolver - Searching for key 'ALLUSERSPROFILE' in [systemProperties]
18:01:32.846 [main] DEBUG o.s.c.e.PropertySourcesPropertyResolver - Searching for key 'ALLUSERSPROFILE' in [systemEnvironment]
18:01:32.846 [main] DEBUG o.s.c.e.PropertySourcesPropertyResolver - Found key 'ALLUSERSPROFILE' in [systemEnvironment] with type [String] and value 'C:\ProgramData'
18:01:32.846 [main] DEBUG o.s.c.e.PropertySourcesPropertyResolver - Searching for key 'PROCESSOR_ARCHITECTURE' in [servletConfigInitParams]
18:01:32.846 [main] DEBUG o.s.c.e.PropertySourcesPropertyResolver - Searching for key 'PROCESSOR_ARCHITECTURE' in [servletContextInitParams]
18:01:32.847 [main] DEBUG o.s.c.e.PropertySourcesPropertyResolver - Searching for key 'PROCESSOR_ARCHITECTURE' in [systemProperties]
18:01:32.847 [main] DEBUG o.s.c.e.PropertySourcesPropertyResolver - Searching for key 'PROCESSOR_ARCHITECTURE' in [systemEnvironment]
18:01:32.847 [main] DEBUG o.s.c.e.PropertySourcesPropertyResolver - Found key 'PROCESSOR_ARCHITECTURE' in [systemEnvironment] with type [String] and value 'AMD64'
18:01:32.847 [main] DEBUG o.s.c.e.PropertySourcesPropertyResolver - Searching for key 'NB_EXEC_MAVEN_PROCESS_UUID' in [servletConfigInitParams]
18:01:32.847 [main] DEBUG o.s.c.e.PropertySourcesPropertyResolver - Searching for key 'NB_EXEC_MAVEN_PROCESS_UUID' in [servletContextInitParams]
18:01:32.847 [main] DEBUG o.s.c.e.PropertySourcesPropertyResolver - Searching for key 'NB_EXEC_MAVEN_PROCESS_UUID' in [systemProperties]
18:01:32.847 [main] DEBUG o.s.c.e.PropertySourcesPropertyResolver - Searching for key 'NB_EXEC_MAVEN_PROCESS_UUID' in [systemEnvironment]
18:01:32.847 [main] DEBUG o.s.c.e.PropertySourcesPropertyResolver - Found key 'NB_EXEC_MAVEN_PROCESS_UUID' in [systemEnvironment] with type [String] and value 'bd16a5f7-5b6b-4777-8c21-af970d26bc4b'
18:01:32.847 [main] DEBUG o.s.c.e.PropertySourcesPropertyResolver - Searching for key 'PROGRAMFILES' in [servletConfigInitParams]
18:01:32.847 [main] DEBUG o.s.c.e.PropertySourcesPropertyResolver - Searching for key 'PROGRAMFILES' in [servletContextInitParams]
18:01:32.847 [main] DEBUG o.s.c.e.PropertySourcesPropertyResolver - Searching for key 'PROGRAMFILES' in [systemProperties]
18:01:32.848 [main] DEBUG o.s.c.e.PropertySourcesPropertyResolver - Searching for key 'PROGRAMFILES' in [systemEnvironment]
18:01:32.848 [main] DEBUG o.s.c.e.PropertySourcesPropertyResolver - Found key 'PROGRAMFILES' in [systemEnvironment] with type [String] and value 'C:\Program Files'
18:01:32.848 [main] DEBUG o.s.c.e.PropertySourcesPropertyResolver - Searching for key 'PSMODULEPATH' in [servletConfigInitParams]
18:01:32.848 [main] DEBUG o.s.c.e.PropertySourcesPropertyResolver - Searching for key 'PSMODULEPATH' in [servletContextInitParams]
18:01:32.848 [main] DEBUG o.s.c.e.PropertySourcesPropertyResolver - Searching for key 'PSMODULEPATH' in [systemProperties]
18:01:32.848 [main] DEBUG o.s.c.e.PropertySourcesPropertyResolver - Searching for key 'PSMODULEPATH' in [systemEnvironment]
18:01:32.848 [main] DEBUG o.s.c.e.PropertySourcesPropertyResolver - Found key 'PSMODULEPATH' in [systemEnvironment] with type [String] and value 'C:\Program Files\WindowsPowerShell\Modules;C:\Windows\system32\WindowsPowerShell\v1.0\Modules'
18:01:32.848 [main] DEBUG o.s.c.e.PropertySourcesPropertyResolver - Searching for key 'PROGRAMDATA' in [servletConfigInitParams]
18:01:32.848 [main] DEBUG o.s.c.e.PropertySourcesPropertyResolver - Searching for key 'PROGRAMDATA' in [servletContextInitParams]
18:01:32.848 [main] DEBUG o.s.c.e.PropertySourcesPropertyResolver - Searching for key 'PROGRAMDATA' in [systemProperties]
18:01:32.848 [main] DEBUG o.s.c.e.PropertySourcesPropertyResolver - Searching for key 'PROGRAMDATA' in [systemEnvironment]
18:01:32.848 [main] DEBUG o.s.c.e.PropertySourcesPropertyResolver - Found key 'PROGRAMDATA' in [systemEnvironment] with type [String] and value 'C:\ProgramData'
18:01:32.849 [main] DEBUG o.s.c.e.PropertySourcesPropertyResolver - Searching for key 'USERNAME' in [servletConfigInitParams]
18:01:32.849 [main] DEBUG o.s.c.e.PropertySourcesPropertyResolver - Searching for key 'USERNAME' in [servletContextInitParams]
18:01:32.849 [main] DEBUG o.s.c.e.PropertySourcesPropertyResolver - Searching for key 'USERNAME' in [systemProperties]
18:01:32.849 [main] DEBUG o.s.c.e.PropertySourcesPropertyResolver - Searching for key 'USERNAME' in [systemEnvironment]
18:01:32.849 [main] DEBUG o.s.c.e.PropertySourcesPropertyResolver - Found key 'USERNAME' in [systemEnvironment] with type [String] and value 'yedenguele'
18:01:32.849 [main] DEBUG o.s.c.e.PropertySourcesPropertyResolver - Searching for key 'SIRIUS_ROOT' in [servletConfigInitParams]
18:01:32.849 [main] DEBUG o.s.c.e.PropertySourcesPropertyResolver - Searching for key 'SIRIUS_ROOT' in [servletContextInitParams]
18:01:32.849 [main] DEBUG o.s.c.e.PropertySourcesPropertyResolver - Searching for key 'SIRIUS_ROOT' in [systemProperties]
18:01:32.849 [main] DEBUG o.s.c.e.PropertySourcesPropertyResolver - Searching for key 'SIRIUS_ROOT' in [systemEnvironment]
18:01:32.849 [main] DEBUG o.s.c.e.PropertySourcesPropertyResolver - Found key 'SIRIUS_ROOT' in [systemEnvironment] with type [String] and value 'C:\Users\yedenguele\git\Sirius'
18:01:32.849 [main] DEBUG o.s.c.e.PropertySourcesPropertyResolver - Searching for key 'PATHEXT' in [servletConfigInitParams]
18:01:32.849 [main] DEBUG o.s.c.e.PropertySourcesPropertyResolver - Searching for key 'PATHEXT' in [servletContextInitParams]
18:01:32.850 [main] DEBUG o.s.c.e.PropertySourcesPropertyResolver - Searching for key 'PATHEXT' in [systemProperties]
18:01:32.850 [main] DEBUG o.s.c.e.PropertySourcesPropertyResolver - Searching for key 'PATHEXT' in [systemEnvironment]
18:01:32.850 [main] DEBUG o.s.c.e.PropertySourcesPropertyResolver - Found key 'PATHEXT' in [systemEnvironment] with type [String] and value '.COM;.EXE;.BAT;.CMD;.VBS;.VBE;.JS;.JSE;.WSF;.WSH;.MSC'
18:01:32.850 [main] DEBUG o.s.c.e.PropertySourcesPropertyResolver - Searching for key 'CLASSWORLDS_JAR' in [servletConfigInitParams]
18:01:32.850 [main] DEBUG o.s.c.e.PropertySourcesPropertyResolver - Searching for key 'CLASSWORLDS_JAR' in [servletContextInitParams]
18:01:32.850 [main] DEBUG o.s.c.e.PropertySourcesPropertyResolver - Searching for key 'CLASSWORLDS_JAR' in [systemProperties]
18:01:32.850 [main] DEBUG o.s.c.e.PropertySourcesPropertyResolver - Searching for key 'CLASSWORLDS_JAR' in [systemEnvironment]
18:01:32.850 [main] DEBUG o.s.c.e.PropertySourcesPropertyResolver - Found key 'CLASSWORLDS_JAR' in [systemEnvironment] with type [String] and value '"C:\Program Files\NetBeans 8.1\java\maven\boot\plexus-classworlds-2.4.jar"'
18:01:32.850 [main] DEBUG o.s.c.e.PropertySourcesPropertyResolver - Searching for key 'WINDIR' in [servletConfigInitParams]
18:01:32.850 [main] DEBUG o.s.c.e.PropertySourcesPropertyResolver - Searching for key 'WINDIR' in [servletContextInitParams]
18:01:32.850 [main] DEBUG o.s.c.e.PropertySourcesPropertyResolver - Searching for key 'WINDIR' in [systemProperties]
18:01:32.850 [main] DEBUG o.s.c.e.PropertySourcesPropertyResolver - Searching for key 'WINDIR' in [systemEnvironment]
18:01:32.850 [main] DEBUG o.s.c.e.PropertySourcesPropertyResolver - Found key 'WINDIR' in [systemEnvironment] with type [String] and value 'C:\Windows'
18:01:32.851 [main] DEBUG o.s.c.e.PropertySourcesPropertyResolver - Searching for key 'HOMEPATH' in [servletConfigInitParams]
18:01:32.851 [main] DEBUG o.s.c.e.PropertySourcesPropertyResolver - Searching for key 'HOMEPATH' in [servletContextInitParams]
18:01:32.851 [main] DEBUG o.s.c.e.PropertySourcesPropertyResolver - Searching for key 'HOMEPATH' in [systemProperties]
18:01:32.851 [main] DEBUG o.s.c.e.PropertySourcesPropertyResolver - Searching for key 'HOMEPATH' in [systemEnvironment]
18:01:32.851 [main] DEBUG o.s.c.e.PropertySourcesPropertyResolver - Found key 'HOMEPATH' in [systemEnvironment] with type [String] and value '\Users\yedenguele'
18:01:32.905 [main] DEBUG o.s.c.e.PropertySourcesPropertyResolver - Searching for key 'PROCESSOR_IDENTIFIER' in [servletConfigInitParams]
18:01:32.905 [main] DEBUG o.s.c.e.PropertySourcesPropertyResolver - Searching for key 'PROCESSOR_IDENTIFIER' in [servletContextInitParams]
18:01:32.906 [main] DEBUG o.s.c.e.PropertySourcesPropertyResolver - Searching for key 'PROCESSOR_IDENTIFIER' in [systemProperties]
18:01:32.906 [main] DEBUG o.s.c.e.PropertySourcesPropertyResolver - Searching for key 'PROCESSOR_IDENTIFIER' in [systemEnvironment]
18:01:32.906 [main] DEBUG o.s.c.e.PropertySourcesPropertyResolver - Found key 'PROCESSOR_IDENTIFIER' in [systemEnvironment] with type [String] and value 'Intel64 Family 6 Model 78 Stepping 3, GenuineIntel'
18:01:32.906 [main] DEBUG o.s.c.e.PropertySourcesPropertyResolver - Searching for key 'M2_HOME' in [servletConfigInitParams]
18:01:32.906 [main] DEBUG o.s.c.e.PropertySourcesPropertyResolver - Searching for key 'M2_HOME' in [servletContextInitParams]
18:01:32.906 [main] DEBUG o.s.c.e.PropertySourcesPropertyResolver - Searching for key 'M2_HOME' in [systemProperties]
18:01:32.906 [main] DEBUG o.s.c.e.PropertySourcesPropertyResolver - Searching for key 'M2_HOME' in [systemEnvironment]
18:01:32.906 [main] DEBUG o.s.c.e.PropertySourcesPropertyResolver - Found key 'M2_HOME' in [systemEnvironment] with type [String] and value 'C:\Program Files\NetBeans 8.1\java\maven'
18:01:32.907 [main] DEBUG o.s.c.e.PropertySourcesPropertyResolver - Searching for key 'MAVEN_JAVA_EXE' in [servletConfigInitParams]
18:01:32.907 [main] DEBUG o.s.c.e.PropertySourcesPropertyResolver - Searching for key 'MAVEN_JAVA_EXE' in [servletContextInitParams]
18:01:32.907 [main] DEBUG o.s.c.e.PropertySourcesPropertyResolver - Searching for key 'MAVEN_JAVA_EXE' in [systemProperties]
18:01:32.907 [main] DEBUG o.s.c.e.PropertySourcesPropertyResolver - Searching for key 'MAVEN_JAVA_EXE' in [systemEnvironment]
18:01:32.908 [main] DEBUG o.s.c.e.PropertySourcesPropertyResolver - Found key 'MAVEN_JAVA_EXE' in [systemEnvironment] with type [String] and value '"C:\Program Files\Java\jdk1.8.0_92\bin\java.exe"'
18:01:32.908 [main] DEBUG o.s.c.e.PropertySourcesPropertyResolver - Searching for key 'PUBLIC' in [servletConfigInitParams]
18:01:32.908 [main] DEBUG o.s.c.e.PropertySourcesPropertyResolver - Searching for key 'PUBLIC' in [servletContextInitParams]
18:01:32.908 [main] DEBUG o.s.c.e.PropertySourcesPropertyResolver - Searching for key 'PUBLIC' in [systemProperties]
18:01:32.908 [main] DEBUG o.s.c.e.PropertySourcesPropertyResolver - Searching for key 'PUBLIC' in [systemEnvironment]
18:01:32.908 [main] DEBUG o.s.c.e.PropertySourcesPropertyResolver - Found key 'PUBLIC' in [systemEnvironment] with type [String] and value 'C:\Users\Public'
18:01:32.909 [main] DEBUG o.s.c.e.PropertySourcesPropertyResolver - Searching for key '=::' in [servletConfigInitParams]
18:01:32.909 [main] DEBUG o.s.c.e.PropertySourcesPropertyResolver - Searching for key '=::' in [servletContextInitParams]
18:01:32.909 [main] DEBUG o.s.c.e.PropertySourcesPropertyResolver - Searching for key '=::' in [systemProperties]
18:01:32.909 [main] DEBUG o.s.c.e.PropertySourcesPropertyResolver - Searching for key '=::' in [systemEnvironment]
18:01:32.909 [main] DEBUG o.s.c.e.PropertySourcesPropertyResolver - Found key '=::' in [systemEnvironment] with type [String] and value '::\'
18:01:32.909 [main] DEBUG o.s.c.e.PropertySourcesPropertyResolver - Searching for key 'LOCALAPPDATA' in [servletConfigInitParams]
18:01:32.909 [main] DEBUG o.s.c.e.PropertySourcesPropertyResolver - Searching for key 'LOCALAPPDATA' in [servletContextInitParams]
18:01:32.910 [main] DEBUG o.s.c.e.PropertySourcesPropertyResolver - Searching for key 'LOCALAPPDATA' in [systemProperties]
18:01:32.911 [main] DEBUG o.s.c.e.PropertySourcesPropertyResolver - Searching for key 'LOCALAPPDATA' in [systemEnvironment]
18:01:32.911 [main] DEBUG o.s.c.e.PropertySourcesPropertyResolver - Found key 'LOCALAPPDATA' in [systemEnvironment] with type [String] and value 'C:\Users\yedenguele\AppData\Local'
18:01:32.912 [main] DEBUG o.s.c.e.PropertySourcesPropertyResolver - Searching for key 'COMMONPROGRAMFILES(X86)' in [servletConfigInitParams]
18:01:32.912 [main] DEBUG o.s.c.e.PropertySourcesPropertyResolver - Searching for key 'COMMONPROGRAMFILES(X86)' in [servletContextInitParams]
18:01:32.912 [main] DEBUG o.s.c.e.PropertySourcesPropertyResolver - Searching for key 'COMMONPROGRAMFILES(X86)' in [systemProperties]
18:01:32.912 [main] DEBUG o.s.c.e.PropertySourcesPropertyResolver - Searching for key 'COMMONPROGRAMFILES(X86)' in [systemEnvironment]
18:01:32.912 [main] DEBUG o.s.c.e.PropertySourcesPropertyResolver - Found key 'COMMONPROGRAMFILES(X86)' in [systemEnvironment] with type [String] and value 'C:\Program Files (x86)\Common Files'
18:01:32.912 [main] DEBUG o.s.c.e.PropertySourcesPropertyResolver - Searching for key 'USERDOMAIN' in [servletConfigInitParams]
18:01:32.912 [main] DEBUG o.s.c.e.PropertySourcesPropertyResolver - Searching for key 'USERDOMAIN' in [servletContextInitParams]
18:01:32.912 [main] DEBUG o.s.c.e.PropertySourcesPropertyResolver - Searching for key 'USERDOMAIN' in [systemProperties]
18:01:32.912 [main] DEBUG o.s.c.e.PropertySourcesPropertyResolver - Searching for key 'USERDOMAIN' in [systemEnvironment]
18:01:32.912 [main] DEBUG o.s.c.e.PropertySourcesPropertyResolver - Found key 'USERDOMAIN' in [systemEnvironment] with type [String] and value 'PALOITLPT025'
18:01:32.913 [main] DEBUG o.s.c.e.PropertySourcesPropertyResolver - Searching for key 'LOGONSERVER' in [servletConfigInitParams]
18:01:32.913 [main] DEBUG o.s.c.e.PropertySourcesPropertyResolver - Searching for key 'LOGONSERVER' in [servletContextInitParams]
18:01:32.913 [main] DEBUG o.s.c.e.PropertySourcesPropertyResolver - Searching for key 'LOGONSERVER' in [systemProperties]
18:01:32.914 [main] DEBUG o.s.c.e.PropertySourcesPropertyResolver - Searching for key 'LOGONSERVER' in [systemEnvironment]
18:01:32.914 [main] DEBUG o.s.c.e.PropertySourcesPropertyResolver - Found key 'LOGONSERVER' in [systemEnvironment] with type [String] and value '\\PALOITLPT025'
18:01:32.914 [main] DEBUG o.s.c.e.PropertySourcesPropertyResolver - Searching for key 'JAVA_HOME' in [servletConfigInitParams]
18:01:32.914 [main] DEBUG o.s.c.e.PropertySourcesPropertyResolver - Searching for key 'JAVA_HOME' in [servletContextInitParams]
18:01:32.914 [main] DEBUG o.s.c.e.PropertySourcesPropertyResolver - Searching for key 'JAVA_HOME' in [systemProperties]
18:01:32.914 [main] DEBUG o.s.c.e.PropertySourcesPropertyResolver - Searching for key 'JAVA_HOME' in [systemEnvironment]
18:01:32.915 [main] DEBUG o.s.c.e.PropertySourcesPropertyResolver - Found key 'JAVA_HOME' in [systemEnvironment] with type [String] and value 'C:\Program Files\Java\jdk1.8.0_92'
18:01:32.915 [main] DEBUG o.s.c.e.PropertySourcesPropertyResolver - Searching for key 'PROMPT' in [servletConfigInitParams]
18:01:32.915 [main] DEBUG o.s.c.e.PropertySourcesPropertyResolver - Searching for key 'PROMPT' in [servletContextInitParams]
18:01:32.915 [main] DEBUG o.s.c.e.PropertySourcesPropertyResolver - Searching for key 'PROMPT' in [systemProperties]
18:01:32.915 [main] DEBUG o.s.c.e.PropertySourcesPropertyResolver - Searching for key 'PROMPT' in [systemEnvironment]
18:01:32.915 [main] DEBUG o.s.c.e.PropertySourcesPropertyResolver - Found key 'PROMPT' in [systemEnvironment] with type [String] and value '$P$G'
18:01:32.916 [main] DEBUG o.s.c.e.PropertySourcesPropertyResolver - Searching for key 'PROGRAMFILES(X86)' in [servletConfigInitParams]
18:01:32.916 [main] DEBUG o.s.c.e.PropertySourcesPropertyResolver - Searching for key 'PROGRAMFILES(X86)' in [servletContextInitParams]
18:01:32.916 [main] DEBUG o.s.c.e.PropertySourcesPropertyResolver - Searching for key 'PROGRAMFILES(X86)' in [systemProperties]
18:01:32.916 [main] DEBUG o.s.c.e.PropertySourcesPropertyResolver - Searching for key 'PROGRAMFILES(X86)' in [systemEnvironment]
18:01:32.916 [main] DEBUG o.s.c.e.PropertySourcesPropertyResolver - Found key 'PROGRAMFILES(X86)' in [systemEnvironment] with type [String] and value 'C:\Program Files (x86)'
18:01:32.916 [main] DEBUG o.s.c.e.PropertySourcesPropertyResolver - Searching for key 'ERROR_CODE' in [servletConfigInitParams]
18:01:32.916 [main] DEBUG o.s.c.e.PropertySourcesPropertyResolver - Searching for key 'ERROR_CODE' in [servletContextInitParams]
18:01:32.917 [main] DEBUG o.s.c.e.PropertySourcesPropertyResolver - Searching for key 'ERROR_CODE' in [systemProperties]
18:01:32.917 [main] DEBUG o.s.c.e.PropertySourcesPropertyResolver - Searching for key 'ERROR_CODE' in [systemEnvironment]
18:01:32.917 [main] DEBUG o.s.c.e.PropertySourcesPropertyResolver - Found key 'ERROR_CODE' in [systemEnvironment] with type [String] and value '0'
18:01:32.917 [main] DEBUG o.s.c.e.PropertySourcesPropertyResolver - Searching for key 'GRADLE_HOME' in [servletConfigInitParams]
18:01:32.918 [main] DEBUG o.s.c.e.PropertySourcesPropertyResolver - Searching for key 'GRADLE_HOME' in [servletContextInitParams]
18:01:32.918 [main] DEBUG o.s.c.e.PropertySourcesPropertyResolver - Searching for key 'GRADLE_HOME' in [systemProperties]
18:01:32.918 [main] DEBUG o.s.c.e.PropertySourcesPropertyResolver - Searching for key 'GRADLE_HOME' in [systemEnvironment]
18:01:32.918 [main] DEBUG o.s.c.e.PropertySourcesPropertyResolver - Found key 'GRADLE_HOME' in [systemEnvironment] with type [String] and value 'C:\gradle-2.2.1'
18:01:32.918 [main] DEBUG o.s.c.e.PropertySourcesPropertyResolver - Searching for key '=C:' in [servletConfigInitParams]
18:01:32.918 [main] DEBUG o.s.c.e.PropertySourcesPropertyResolver - Searching for key '=C:' in [servletContextInitParams]
18:01:32.918 [main] DEBUG o.s.c.e.PropertySourcesPropertyResolver - Searching for key '=C:' in [systemProperties]
18:01:32.919 [main] DEBUG o.s.c.e.PropertySourcesPropertyResolver - Searching for key '=C:' in [systemEnvironment]
18:01:32.919 [main] DEBUG o.s.c.e.PropertySourcesPropertyResolver - Found key '=C:' in [systemEnvironment] with type [String] and value 'C:\Users\yedenguele\yves\todo'
18:01:32.919 [main] DEBUG o.s.c.e.PropertySourcesPropertyResolver - Searching for key 'APPDATA' in [servletConfigInitParams]
18:01:32.919 [main] DEBUG o.s.c.e.PropertySourcesPropertyResolver - Searching for key 'APPDATA' in [servletContextInitParams]
18:01:32.919 [main] DEBUG o.s.c.e.PropertySourcesPropertyResolver - Searching for key 'APPDATA' in [systemProperties]
18:01:32.919 [main] DEBUG o.s.c.e.PropertySourcesPropertyResolver - Searching for key 'APPDATA' in [systemEnvironment]
18:01:32.919 [main] DEBUG o.s.c.e.PropertySourcesPropertyResolver - Found key 'APPDATA' in [systemEnvironment] with type [String] and value 'C:\Users\yedenguele\AppData\Roaming'
18:01:32.919 [main] DEBUG o.s.c.e.PropertySourcesPropertyResolver - Searching for key 'PROGRAMW6432' in [servletConfigInitParams]
18:01:32.920 [main] DEBUG o.s.c.e.PropertySourcesPropertyResolver - Searching for key 'PROGRAMW6432' in [servletContextInitParams]
18:01:32.920 [main] DEBUG o.s.c.e.PropertySourcesPropertyResolver - Searching for key 'PROGRAMW6432' in [systemProperties]
18:01:32.920 [main] DEBUG o.s.c.e.PropertySourcesPropertyResolver - Searching for key 'PROGRAMW6432' in [systemEnvironment]
18:01:32.920 [main] DEBUG o.s.c.e.PropertySourcesPropertyResolver - Found key 'PROGRAMW6432' in [systemEnvironment] with type [String] and value 'C:\Program Files'
18:01:32.920 [main] DEBUG o.s.c.e.PropertySourcesPropertyResolver - Searching for key 'SYSTEMROOT' in [servletConfigInitParams]
18:01:32.920 [main] DEBUG o.s.c.e.PropertySourcesPropertyResolver - Searching for key 'SYSTEMROOT' in [servletContextInitParams]
18:01:32.920 [main] DEBUG o.s.c.e.PropertySourcesPropertyResolver - Searching for key 'SYSTEMROOT' in [systemProperties]
18:01:32.921 [main] DEBUG o.s.c.e.PropertySourcesPropertyResolver - Searching for key 'SYSTEMROOT' in [systemEnvironment]
18:01:32.921 [main] DEBUG o.s.c.e.PropertySourcesPropertyResolver - Found key 'SYSTEMROOT' in [systemEnvironment] with type [String] and value 'C:\Windows'
18:01:32.921 [main] DEBUG o.s.c.e.PropertySourcesPropertyResolver - Searching for key 'MAVEN_CMD_LINE_ARGS' in [servletConfigInitParams]
18:01:32.921 [main] DEBUG o.s.c.e.PropertySourcesPropertyResolver - Searching for key 'MAVEN_CMD_LINE_ARGS' in [servletContextInitParams]
18:01:32.921 [main] DEBUG o.s.c.e.PropertySourcesPropertyResolver - Searching for key 'MAVEN_CMD_LINE_ARGS' in [systemProperties]
18:01:32.921 [main] DEBUG o.s.c.e.PropertySourcesPropertyResolver - Searching for key 'MAVEN_CMD_LINE_ARGS' in [systemEnvironment]
18:01:32.922 [main] DEBUG o.s.c.e.PropertySourcesPropertyResolver - Found key 'MAVEN_CMD_LINE_ARGS' in [systemEnvironment] with type [String] and value '-Dtest=com.todolist.TodoCtrlTest -Dmaven.ext.class.path="C:\Program Files\NetBeans 8.1\java\maven-nblib\netbeans-eventspy.jar" -Dfile.encoding=UTF-8 surefire:test'
18:01:32.922 [main] DEBUG o.s.c.e.PropertySourcesPropertyResolver - Searching for key 'NETBEANSPROJECTMAPPINGS' in [servletConfigInitParams]
18:01:32.922 [main] DEBUG o.s.c.e.PropertySourcesPropertyResolver - Searching for key 'NETBEANSPROJECTMAPPINGS' in [servletContextInitParams]
18:01:32.922 [main] DEBUG o.s.c.e.PropertySourcesPropertyResolver - Searching for key 'NETBEANSPROJECTMAPPINGS' in [systemProperties]
18:01:32.922 [main] DEBUG o.s.c.e.PropertySourcesPropertyResolver - Searching for key 'NETBEANSPROJECTMAPPINGS' in [systemEnvironment]
18:01:32.922 [main] DEBUG o.s.c.e.PropertySourcesPropertyResolver - Found key 'NETBEANSPROJECTMAPPINGS' in [systemEnvironment] with type [String] and value ''
18:01:32.922 [main] DEBUG o.s.c.e.PropertySourcesPropertyResolver - Searching for key 'OS' in [servletConfigInitParams]
18:01:32.923 [main] DEBUG o.s.c.e.PropertySourcesPropertyResolver - Searching for key 'OS' in [servletContextInitParams]
18:01:32.923 [main] DEBUG o.s.c.e.PropertySourcesPropertyResolver - Searching for key 'OS' in [systemProperties]
18:01:32.923 [main] DEBUG o.s.c.e.PropertySourcesPropertyResolver - Searching for key 'OS' in [systemEnvironment]
18:01:32.923 [main] DEBUG o.s.c.e.PropertySourcesPropertyResolver - Found key 'OS' in [systemEnvironment] with type [String] and value 'Windows_NT'
18:01:32.923 [main] DEBUG o.s.c.e.PropertySourcesPropertyResolver - Searching for key 'COMMONPROGRAMW6432' in [servletConfigInitParams]
18:01:32.923 [main] DEBUG o.s.c.e.PropertySourcesPropertyResolver - Searching for key 'COMMONPROGRAMW6432' in [servletContextInitParams]
18:01:32.923 [main] DEBUG o.s.c.e.PropertySourcesPropertyResolver - Searching for key 'COMMONPROGRAMW6432' in [systemProperties]
18:01:32.924 [main] DEBUG o.s.c.e.PropertySourcesPropertyResolver - Searching for key 'COMMONPROGRAMW6432' in [systemEnvironment]
18:01:32.924 [main] DEBUG o.s.c.e.PropertySourcesPropertyResolver - Found key 'COMMONPROGRAMW6432' in [systemEnvironment] with type [String] and value 'C:\Program Files\Common Files'
18:01:32.924 [main] DEBUG o.s.c.e.PropertySourcesPropertyResolver - Searching for key 'COMPUTERNAME' in [servletConfigInitParams]
18:01:32.924 [main] DEBUG o.s.c.e.PropertySourcesPropertyResolver - Searching for key 'COMPUTERNAME' in [servletContextInitParams]
18:01:32.924 [main] DEBUG o.s.c.e.PropertySourcesPropertyResolver - Searching for key 'COMPUTERNAME' in [systemProperties]
18:01:32.924 [main] DEBUG o.s.c.e.PropertySourcesPropertyResolver - Searching for key 'COMPUTERNAME' in [systemEnvironment]
18:01:32.925 [main] DEBUG o.s.c.e.PropertySourcesPropertyResolver - Found key 'COMPUTERNAME' in [systemEnvironment] with type [String] and value 'PALOITLPT025'
18:01:32.926 [main] DEBUG o.s.c.e.PropertySourcesPropertyResolver - Searching for key 'COMMONPROGRAMFILES' in [servletConfigInitParams]
18:01:32.926 [main] DEBUG o.s.c.e.PropertySourcesPropertyResolver - Searching for key 'COMMONPROGRAMFILES' in [servletContextInitParams]
18:01:32.927 [main] DEBUG o.s.c.e.PropertySourcesPropertyResolver - Searching for key 'COMMONPROGRAMFILES' in [systemProperties]
18:01:32.927 [main] DEBUG o.s.c.e.PropertySourcesPropertyResolver - Searching for key 'COMMONPROGRAMFILES' in [systemEnvironment]
18:01:32.928 [main] DEBUG o.s.c.e.PropertySourcesPropertyResolver - Found key 'COMMONPROGRAMFILES' in [systemEnvironment] with type [String] and value 'C:\Program Files\Common Files'
18:01:32.928 [main] DEBUG o.s.c.e.PropertySourcesPropertyResolver - Searching for key 'COMSPEC' in [servletConfigInitParams]
18:01:32.928 [main] DEBUG o.s.c.e.PropertySourcesPropertyResolver - Searching for key 'COMSPEC' in [servletContextInitParams]
18:01:32.928 [main] DEBUG o.s.c.e.PropertySourcesPropertyResolver - Searching for key 'COMSPEC' in [systemProperties]
18:01:32.928 [main] DEBUG o.s.c.e.PropertySourcesPropertyResolver - Searching for key 'COMSPEC' in [systemEnvironment]
18:01:32.929 [main] DEBUG o.s.c.e.PropertySourcesPropertyResolver - Found key 'COMSPEC' in [systemEnvironment] with type [String] and value 'C:\Windows\system32\cmd.exe'
18:01:32.929 [main] DEBUG o.s.c.e.PropertySourcesPropertyResolver - Searching for key 'PROCESSOR_REVISION' in [servletConfigInitParams]
18:01:32.929 [main] DEBUG o.s.c.e.PropertySourcesPropertyResolver - Searching for key 'PROCESSOR_REVISION' in [servletContextInitParams]
18:01:32.929 [main] DEBUG o.s.c.e.PropertySourcesPropertyResolver - Searching for key 'PROCESSOR_REVISION' in [systemProperties]
18:01:32.929 [main] DEBUG o.s.c.e.PropertySourcesPropertyResolver - Searching for key 'PROCESSOR_REVISION' in [systemEnvironment]
18:01:32.929 [main] DEBUG o.s.c.e.PropertySourcesPropertyResolver - Found key 'PROCESSOR_REVISION' in [systemEnvironment] with type [String] and value '4e03'
18:01:32.929 [main] DEBUG o.s.c.e.PropertySourcesPropertyResolver - Searching for key 'CLASSWORLDS_LAUNCHER' in [servletConfigInitParams]
18:01:32.929 [main] DEBUG o.s.c.e.PropertySourcesPropertyResolver - Searching for key 'CLASSWORLDS_LAUNCHER' in [servletContextInitParams]
18:01:32.930 [main] DEBUG o.s.c.e.PropertySourcesPropertyResolver - Searching for key 'CLASSWORLDS_LAUNCHER' in [systemProperties]
18:01:32.930 [main] DEBUG o.s.c.e.PropertySourcesPropertyResolver - Searching for key 'CLASSWORLDS_LAUNCHER' in [systemEnvironment]
18:01:32.930 [main] DEBUG o.s.c.e.PropertySourcesPropertyResolver - Found key 'CLASSWORLDS_LAUNCHER' in [systemEnvironment] with type [String] and value 'org.codehaus.plexus.classworlds.launcher.Launcher'
18:01:32.930 [main] DEBUG o.s.c.e.PropertySourcesPropertyResolver - Searching for key 'TEMP' in [servletConfigInitParams]
18:01:32.930 [main] DEBUG o.s.c.e.PropertySourcesPropertyResolver - Searching for key 'TEMP' in [servletContextInitParams]
18:01:32.930 [main] DEBUG o.s.c.e.PropertySourcesPropertyResolver - Searching for key 'TEMP' in [systemProperties]
18:01:32.930 [main] DEBUG o.s.c.e.PropertySourcesPropertyResolver - Searching for key 'TEMP' in [systemEnvironment]
18:01:32.931 [main] DEBUG o.s.c.e.PropertySourcesPropertyResolver - Found key 'TEMP' in [systemEnvironment] with type [String] and value 'C:\Users\YEDENG~1\AppData\Local\Temp'
18:01:32.931 [main] DEBUG o.s.c.e.PropertySourcesPropertyResolver - Searching for key 'HOMEDRIVE' in [servletConfigInitParams]
18:01:32.931 [main] DEBUG o.s.c.e.PropertySourcesPropertyResolver - Searching for key 'HOMEDRIVE' in [servletContextInitParams]
18:01:32.931 [main] DEBUG o.s.c.e.PropertySourcesPropertyResolver - Searching for key 'HOMEDRIVE' in [systemProperties]
18:01:32.931 [main] DEBUG o.s.c.e.PropertySourcesPropertyResolver - Searching for key 'HOMEDRIVE' in [systemEnvironment]
18:01:32.931 [main] DEBUG o.s.c.e.PropertySourcesPropertyResolver - Found key 'HOMEDRIVE' in [systemEnvironment] with type [String] and value 'C:'
18:01:32.931 [main] DEBUG o.s.c.e.PropertySourcesPropertyResolver - Searching for key 'USERPROFILE' in [servletConfigInitParams]
18:01:32.931 [main] DEBUG o.s.c.e.PropertySourcesPropertyResolver - Searching for key 'USERPROFILE' in [servletContextInitParams]
18:01:32.931 [main] DEBUG o.s.c.e.PropertySourcesPropertyResolver - Searching for key 'USERPROFILE' in [systemProperties]
18:01:32.932 [main] DEBUG o.s.c.e.PropertySourcesPropertyResolver - Searching for key 'USERPROFILE' in [systemEnvironment]
18:01:32.932 [main] DEBUG o.s.c.e.PropertySourcesPropertyResolver - Found key 'USERPROFILE' in [systemEnvironment] with type [String] and value 'C:\Users\yedenguele'
18:01:32.932 [main] DEBUG o.s.c.e.PropertySourcesPropertyResolver - Searching for key 'TMP' in [servletConfigInitParams]
18:01:32.932 [main] DEBUG o.s.c.e.PropertySourcesPropertyResolver - Searching for key 'TMP' in [servletContextInitParams]
18:01:32.932 [main] DEBUG o.s.c.e.PropertySourcesPropertyResolver - Searching for key 'TMP' in [systemProperties]
18:01:32.932 [main] DEBUG o.s.c.e.PropertySourcesPropertyResolver - Searching for key 'TMP' in [systemEnvironment]
18:01:32.932 [main] DEBUG o.s.c.e.PropertySourcesPropertyResolver - Found key 'TMP' in [systemEnvironment] with type [String] and value 'C:\Users\YEDENG~1\AppData\Local\Temp'
18:01:32.932 [main] DEBUG o.s.c.e.PropertySourcesPropertyResolver - Searching for key 'NUMBER_OF_PROCESSORS' in [servletConfigInitParams]
18:01:32.932 [main] DEBUG o.s.c.e.PropertySourcesPropertyResolver - Searching for key 'NUMBER_OF_PROCESSORS' in [servletContextInitParams]
18:01:32.932 [main] DEBUG o.s.c.e.PropertySourcesPropertyResolver - Searching for key 'NUMBER_OF_PROCESSORS' in [systemProperties]
18:01:32.932 [main] DEBUG o.s.c.e.PropertySourcesPropertyResolver - Searching for key 'NUMBER_OF_PROCESSORS' in [systemEnvironment]
18:01:32.933 [main] DEBUG o.s.c.e.PropertySourcesPropertyResolver - Found key 'NUMBER_OF_PROCESSORS' in [systemEnvironment] with type [String] and value '4'
18:01:32.933 [main] DEBUG o.s.c.e.PropertySourcesPropertyResolver - Searching for key 'HOME' in [servletConfigInitParams]
18:01:32.933 [main] DEBUG o.s.c.e.PropertySourcesPropertyResolver - Searching for key 'HOME' in [servletContextInitParams]
18:01:32.933 [main] DEBUG o.s.c.e.PropertySourcesPropertyResolver - Searching for key 'HOME' in [systemProperties]
18:01:32.933 [main] DEBUG o.s.c.e.PropertySourcesPropertyResolver - Searching for key 'HOME' in [systemEnvironment]
18:01:32.933 [main] DEBUG o.s.c.e.PropertySourcesPropertyResolver - Found key 'HOME' in [systemEnvironment] with type [String] and value 'C:\Users\yedenguele'
18:01:33.091 [main] DEBUG o.s.c.t.c.AnnotationAttributesReadingVisitor - Failed to class-load type while reading annotation metadata. This is a non-fatal error, but certain annotation metadata may be unavailable.
java.lang.ClassNotFoundException: org.springframework.security.config.annotation.web.configuration.EnableWebSecurity
	at java.net.URLClassLoader.findClass(URLClassLoader.java:381) ~[na:1.8.0_92]
	at java.lang.ClassLoader.loadClass(ClassLoader.java:424) ~[na:1.8.0_92]
	at sun.misc.Launcher$AppClassLoader.loadClass(Launcher.java:331) ~[na:1.8.0_92]
	at java.lang.ClassLoader.loadClass(ClassLoader.java:357) ~[na:1.8.0_92]
	at org.springframework.core.type.classreading.RecursiveAnnotationAttributesVisitor.visitEnd(RecursiveAnnotationAttributesVisitor.java:47) ~[spring-core-4.2.4.RELEASE.jar:4.2.4.RELEASE]
	at org.springframework.asm.ClassReader.readAnnotationValues(ClassReader.java:1802) [spring-core-4.2.4.RELEASE.jar:4.2.4.RELEASE]
	at org.springframework.asm.ClassReader.accept(ClassReader.java:642) [spring-core-4.2.4.RELEASE.jar:4.2.4.RELEASE]
	at org.springframework.asm.ClassReader.accept(ClassReader.java:508) [spring-core-4.2.4.RELEASE.jar:4.2.4.RELEASE]
	at org.springframework.core.type.classreading.SimpleMetadataReader.<init>(SimpleMetadataReader.java:64) [spring-core-4.2.4.RELEASE.jar:4.2.4.RELEASE]
	at org.springframework.core.type.classreading.SimpleMetadataReaderFactory.getMetadataReader(SimpleMetadataReaderFactory.java:98) [spring-core-4.2.4.RELEASE.jar:4.2.4.RELEASE]
	at org.springframework.core.type.classreading.CachingMetadataReaderFactory.getMetadataReader(CachingMetadataReaderFactory.java:102) [spring-core-4.2.4.RELEASE.jar:4.2.4.RELEASE]
	at org.springframework.core.type.classreading.SimpleMetadataReaderFactory.getMetadataReader(SimpleMetadataReaderFactory.java:93) [spring-core-4.2.4.RELEASE.jar:4.2.4.RELEASE]
	at org.springframework.boot.autoconfigure.AutoConfigurationSorter$AutoConfigurationClasses.<init>(AutoConfigurationSorter.java:112) [spring-boot-autoconfigure-1.3.2.RELEASE.jar:1.3.2.RELEASE]
	at org.springframework.boot.autoconfigure.AutoConfigurationSorter.getInPriorityOrder(AutoConfigurationSorter.java:56) [spring-boot-autoconfigure-1.3.2.RELEASE.jar:1.3.2.RELEASE]
	at org.springframework.boot.autoconfigure.EnableAutoConfigurationImportSelector.sort(EnableAutoConfigurationImportSelector.java:173) [spring-boot-autoconfigure-1.3.2.RELEASE.jar:1.3.2.RELEASE]
	at org.springframework.boot.autoconfigure.EnableAutoConfigurationImportSelector.selectImports(EnableAutoConfigurationImportSelector.java:82) [spring-boot-autoconfigure-1.3.2.RELEASE.jar:1.3.2.RELEASE]
	at org.springframework.context.annotation.ConfigurationClassParser.processDeferredImportSelectors(ConfigurationClassParser.java:453) [spring-context-4.2.4.RELEASE.jar:4.2.4.RELEASE]
	at org.springframework.context.annotation.ConfigurationClassParser.parse(ConfigurationClassParser.java:185) [spring-context-4.2.4.RELEASE.jar:4.2.4.RELEASE]
	at org.springframework.context.annotation.ConfigurationClassPostProcessor.processConfigBeanDefinitions(ConfigurationClassPostProcessor.java:321) [spring-context-4.2.4.RELEASE.jar:4.2.4.RELEASE]
	at org.springframework.context.annotation.ConfigurationClassPostProcessor.postProcessBeanDefinitionRegistry(ConfigurationClassPostProcessor.java:243) [spring-context-4.2.4.RELEASE.jar:4.2.4.RELEASE]
	at org.springframework.context.support.PostProcessorRegistrationDelegate.invokeBeanDefinitionRegistryPostProcessors(PostProcessorRegistrationDelegate.java:273) [spring-context-4.2.4.RELEASE.jar:4.2.4.RELEASE]
	at org.springframework.context.support.PostProcessorRegistrationDelegate.invokeBeanFactoryPostProcessors(PostProcessorRegistrationDelegate.java:98) [spring-context-4.2.4.RELEASE.jar:4.2.4.RELEASE]
	at org.springframework.context.support.AbstractApplicationContext.invokeBeanFactoryPostProcessors(AbstractApplicationContext.java:678) [spring-context-4.2.4.RELEASE.jar:4.2.4.RELEASE]
	at org.springframework.context.support.AbstractApplicationContext.refresh(AbstractApplicationContext.java:520) [spring-context-4.2.4.RELEASE.jar:4.2.4.RELEASE]
	at org.springframework.test.context.web.AbstractGenericWebContextLoader.loadContext(AbstractGenericWebContextLoader.java:133) [spring-test-4.2.4.RELEASE.jar:4.2.4.RELEASE]
	at org.springframework.test.context.web.AbstractGenericWebContextLoader.loadContext(AbstractGenericWebContextLoader.java:60) [spring-test-4.2.4.RELEASE.jar:4.2.4.RELEASE]
	at org.springframework.test.context.support.AbstractDelegatingSmartContextLoader.delegateLoading(AbstractDelegatingSmartContextLoader.java:109) [spring-test-4.2.4.RELEASE.jar:4.2.4.RELEASE]
	at org.springframework.test.context.support.AbstractDelegatingSmartContextLoader.loadContext(AbstractDelegatingSmartContextLoader.java:261) [spring-test-4.2.4.RELEASE.jar:4.2.4.RELEASE]
	at org.springframework.test.context.cache.DefaultCacheAwareContextLoaderDelegate.loadContextInternal(DefaultCacheAwareContextLoaderDelegate.java:98) [spring-test-4.2.4.RELEASE.jar:4.2.4.RELEASE]
	at org.springframework.test.context.cache.DefaultCacheAwareContextLoaderDelegate.loadContext(DefaultCacheAwareContextLoaderDelegate.java:116) [spring-test-4.2.4.RELEASE.jar:4.2.4.RELEASE]
	at org.springframework.test.context.support.DefaultTestContext.getApplicationContext(DefaultTestContext.java:83) [spring-test-4.2.4.RELEASE.jar:4.2.4.RELEASE]
	at org.springframework.test.context.web.ServletTestExecutionListener.setUpRequestContextIfNecessary(ServletTestExecutionListener.java:183) [spring-test-4.2.4.RELEASE.jar:4.2.4.RELEASE]
	at org.springframework.test.context.web.ServletTestExecutionListener.prepareTestInstance(ServletTestExecutionListener.java:123) [spring-test-4.2.4.RELEASE.jar:4.2.4.RELEASE]
	at org.springframework.test.context.TestContextManager.prepareTestInstance(TestContextManager.java:228) [spring-test-4.2.4.RELEASE.jar:4.2.4.RELEASE]
	at org.springframework.test.context.junit4.SpringJUnit4ClassRunner.createTest(SpringJUnit4ClassRunner.java:230) [spring-test-4.2.4.RELEASE.jar:4.2.4.RELEASE]
	at org.springframework.test.context.junit4.SpringJUnit4ClassRunner$1.runReflectiveCall(SpringJUnit4ClassRunner.java:289) [spring-test-4.2.4.RELEASE.jar:4.2.4.RELEASE]
	at org.junit.internal.runners.model.ReflectiveCallable.run(ReflectiveCallable.java:12) [junit-4.12.jar:4.12]
	at org.springframework.test.context.junit4.SpringJUnit4ClassRunner.methodBlock(SpringJUnit4ClassRunner.java:291) [spring-test-4.2.4.RELEASE.jar:4.2.4.RELEASE]
	at org.springframework.test.context.junit4.SpringJUnit4ClassRunner.runChild(SpringJUnit4ClassRunner.java:249) [spring-test-4.2.4.RELEASE.jar:4.2.4.RELEASE]
	at org.springframework.test.context.junit4.SpringJUnit4ClassRunner.runChild(SpringJUnit4ClassRunner.java:89) [spring-test-4.2.4.RELEASE.jar:4.2.4.RELEASE]
	at org.junit.runners.ParentRunner$3.run(ParentRunner.java:290) [junit-4.12.jar:4.12]
	at org.junit.runners.ParentRunner$1.schedule(ParentRunner.java:71) [junit-4.12.jar:4.12]
	at org.junit.runners.ParentRunner.runChildren(ParentRunner.java:288) [junit-4.12.jar:4.12]
	at org.junit.runners.ParentRunner.access$000(ParentRunner.java:58) [junit-4.12.jar:4.12]
	at org.junit.runners.ParentRunner$2.evaluate(ParentRunner.java:268) [junit-4.12.jar:4.12]
	at org.springframework.test.context.junit4.statements.RunBeforeTestClassCallbacks.evaluate(RunBeforeTestClassCallbacks.java:61) [spring-test-4.2.4.RELEASE.jar:4.2.4.RELEASE]
	at org.springframework.test.context.junit4.statements.RunAfterTestClassCallbacks.evaluate(RunAfterTestClassCallbacks.java:70) [spring-test-4.2.4.RELEASE.jar:4.2.4.RELEASE]
	at org.junit.runners.ParentRunner.run(ParentRunner.java:363) [junit-4.12.jar:4.12]
	at org.springframework.test.context.junit4.SpringJUnit4ClassRunner.run(SpringJUnit4ClassRunner.java:193) [spring-test-4.2.4.RELEASE.jar:4.2.4.RELEASE]
	at org.apache.maven.surefire.junit4.JUnit4Provider.execute(JUnit4Provider.java:283) [surefire-junit4-2.18.1.jar:2.18.1]
	at org.apache.maven.surefire.junit4.JUnit4Provider.executeWithRerun(JUnit4Provider.java:173) [surefire-junit4-2.18.1.jar:2.18.1]
	at org.apache.maven.surefire.junit4.JUnit4Provider.executeTestSet(JUnit4Provider.java:153) [surefire-junit4-2.18.1.jar:2.18.1]
	at org.apache.maven.surefire.junit4.JUnit4Provider.invoke(JUnit4Provider.java:128) [surefire-junit4-2.18.1.jar:2.18.1]
	at org.apache.maven.surefire.booter.ForkedBooter.invokeProviderInSameClassLoader(ForkedBooter.java:203) [surefire-booter-2.18.1.jar:2.18.1]
	at org.apache.maven.surefire.booter.ForkedBooter.runSuitesInProcess(ForkedBooter.java:155) [surefire-booter-2.18.1.jar:2.18.1]
	at org.apache.maven.surefire.booter.ForkedBooter.main(ForkedBooter.java:103) [surefire-booter-2.18.1.jar:2.18.1]
18:01:33.231 [main] DEBUG o.s.c.t.c.AnnotationAttributesReadingVisitor - Failed to class-load type while reading annotation metadata. This is a non-fatal error, but certain annotation metadata may be unavailable.
java.lang.ClassNotFoundException: org.springframework.security.config.annotation.web.configuration.EnableWebSecurity
	at java.net.URLClassLoader.findClass(URLClassLoader.java:381) ~[na:1.8.0_92]
	at java.lang.ClassLoader.loadClass(ClassLoader.java:424) ~[na:1.8.0_92]
	at sun.misc.Launcher$AppClassLoader.loadClass(Launcher.java:331) ~[na:1.8.0_92]
	at java.lang.ClassLoader.loadClass(ClassLoader.java:357) ~[na:1.8.0_92]
	at org.springframework.core.type.classreading.RecursiveAnnotationAttributesVisitor.visitEnd(RecursiveAnnotationAttributesVisitor.java:47) ~[spring-core-4.2.4.RELEASE.jar:4.2.4.RELEASE]
	at org.springframework.asm.ClassReader.readAnnotationValues(ClassReader.java:1802) [spring-core-4.2.4.RELEASE.jar:4.2.4.RELEASE]
	at org.springframework.asm.ClassReader.accept(ClassReader.java:642) [spring-core-4.2.4.RELEASE.jar:4.2.4.RELEASE]
	at org.springframework.asm.ClassReader.accept(ClassReader.java:508) [spring-core-4.2.4.RELEASE.jar:4.2.4.RELEASE]
	at org.springframework.core.type.classreading.SimpleMetadataReader.<init>(SimpleMetadataReader.java:64) [spring-core-4.2.4.RELEASE.jar:4.2.4.RELEASE]
	at org.springframework.core.type.classreading.SimpleMetadataReaderFactory.getMetadataReader(SimpleMetadataReaderFactory.java:98) [spring-core-4.2.4.RELEASE.jar:4.2.4.RELEASE]
	at org.springframework.core.type.classreading.CachingMetadataReaderFactory.getMetadataReader(CachingMetadataReaderFactory.java:102) [spring-core-4.2.4.RELEASE.jar:4.2.4.RELEASE]
	at org.springframework.core.type.classreading.SimpleMetadataReaderFactory.getMetadataReader(SimpleMetadataReaderFactory.java:93) [spring-core-4.2.4.RELEASE.jar:4.2.4.RELEASE]
	at org.springframework.context.annotation.ConfigurationClassParser.asSourceClass(ConfigurationClassParser.java:620) [spring-context-4.2.4.RELEASE.jar:4.2.4.RELEASE]
	at org.springframework.context.annotation.ConfigurationClassParser.asSourceClasses(ConfigurationClassParser.java:602) [spring-context-4.2.4.RELEASE.jar:4.2.4.RELEASE]
	at org.springframework.context.annotation.ConfigurationClassParser.processDeferredImportSelectors(ConfigurationClassParser.java:454) [spring-context-4.2.4.RELEASE.jar:4.2.4.RELEASE]
	at org.springframework.context.annotation.ConfigurationClassParser.parse(ConfigurationClassParser.java:185) [spring-context-4.2.4.RELEASE.jar:4.2.4.RELEASE]
	at org.springframework.context.annotation.ConfigurationClassPostProcessor.processConfigBeanDefinitions(ConfigurationClassPostProcessor.java:321) [spring-context-4.2.4.RELEASE.jar:4.2.4.RELEASE]
	at org.springframework.context.annotation.ConfigurationClassPostProcessor.postProcessBeanDefinitionRegistry(ConfigurationClassPostProcessor.java:243) [spring-context-4.2.4.RELEASE.jar:4.2.4.RELEASE]
	at org.springframework.context.support.PostProcessorRegistrationDelegate.invokeBeanDefinitionRegistryPostProcessors(PostProcessorRegistrationDelegate.java:273) [spring-context-4.2.4.RELEASE.jar:4.2.4.RELEASE]
	at org.springframework.context.support.PostProcessorRegistrationDelegate.invokeBeanFactoryPostProcessors(PostProcessorRegistrationDelegate.java:98) [spring-context-4.2.4.RELEASE.jar:4.2.4.RELEASE]
	at org.springframework.context.support.AbstractApplicationContext.invokeBeanFactoryPostProcessors(AbstractApplicationContext.java:678) [spring-context-4.2.4.RELEASE.jar:4.2.4.RELEASE]
	at org.springframework.context.support.AbstractApplicationContext.refresh(AbstractApplicationContext.java:520) [spring-context-4.2.4.RELEASE.jar:4.2.4.RELEASE]
	at org.springframework.test.context.web.AbstractGenericWebContextLoader.loadContext(AbstractGenericWebContextLoader.java:133) [spring-test-4.2.4.RELEASE.jar:4.2.4.RELEASE]
	at org.springframework.test.context.web.AbstractGenericWebContextLoader.loadContext(AbstractGenericWebContextLoader.java:60) [spring-test-4.2.4.RELEASE.jar:4.2.4.RELEASE]
	at org.springframework.test.context.support.AbstractDelegatingSmartContextLoader.delegateLoading(AbstractDelegatingSmartContextLoader.java:109) [spring-test-4.2.4.RELEASE.jar:4.2.4.RELEASE]
	at org.springframework.test.context.support.AbstractDelegatingSmartContextLoader.loadContext(AbstractDelegatingSmartContextLoader.java:261) [spring-test-4.2.4.RELEASE.jar:4.2.4.RELEASE]
	at org.springframework.test.context.cache.DefaultCacheAwareContextLoaderDelegate.loadContextInternal(DefaultCacheAwareContextLoaderDelegate.java:98) [spring-test-4.2.4.RELEASE.jar:4.2.4.RELEASE]
	at org.springframework.test.context.cache.DefaultCacheAwareContextLoaderDelegate.loadContext(DefaultCacheAwareContextLoaderDelegate.java:116) [spring-test-4.2.4.RELEASE.jar:4.2.4.RELEASE]
	at org.springframework.test.context.support.DefaultTestContext.getApplicationContext(DefaultTestContext.java:83) [spring-test-4.2.4.RELEASE.jar:4.2.4.RELEASE]
	at org.springframework.test.context.web.ServletTestExecutionListener.setUpRequestContextIfNecessary(ServletTestExecutionListener.java:183) [spring-test-4.2.4.RELEASE.jar:4.2.4.RELEASE]
	at org.springframework.test.context.web.ServletTestExecutionListener.prepareTestInstance(ServletTestExecutionListener.java:123) [spring-test-4.2.4.RELEASE.jar:4.2.4.RELEASE]
	at org.springframework.test.context.TestContextManager.prepareTestInstance(TestContextManager.java:228) [spring-test-4.2.4.RELEASE.jar:4.2.4.RELEASE]
	at org.springframework.test.context.junit4.SpringJUnit4ClassRunner.createTest(SpringJUnit4ClassRunner.java:230) [spring-test-4.2.4.RELEASE.jar:4.2.4.RELEASE]
	at org.springframework.test.context.junit4.SpringJUnit4ClassRunner$1.runReflectiveCall(SpringJUnit4ClassRunner.java:289) [spring-test-4.2.4.RELEASE.jar:4.2.4.RELEASE]
	at org.junit.internal.runners.model.ReflectiveCallable.run(ReflectiveCallable.java:12) [junit-4.12.jar:4.12]
	at org.springframework.test.context.junit4.SpringJUnit4ClassRunner.methodBlock(SpringJUnit4ClassRunner.java:291) [spring-test-4.2.4.RELEASE.jar:4.2.4.RELEASE]
	at org.springframework.test.context.junit4.SpringJUnit4ClassRunner.runChild(SpringJUnit4ClassRunner.java:249) [spring-test-4.2.4.RELEASE.jar:4.2.4.RELEASE]
	at org.springframework.test.context.junit4.SpringJUnit4ClassRunner.runChild(SpringJUnit4ClassRunner.java:89) [spring-test-4.2.4.RELEASE.jar:4.2.4.RELEASE]
	at org.junit.runners.ParentRunner$3.run(ParentRunner.java:290) [junit-4.12.jar:4.12]
	at org.junit.runners.ParentRunner$1.schedule(ParentRunner.java:71) [junit-4.12.jar:4.12]
	at org.junit.runners.ParentRunner.runChildren(ParentRunner.java:288) [junit-4.12.jar:4.12]
	at org.junit.runners.ParentRunner.access$000(ParentRunner.java:58) [junit-4.12.jar:4.12]
	at org.junit.runners.ParentRunner$2.evaluate(ParentRunner.java:268) [junit-4.12.jar:4.12]
	at org.springframework.test.context.junit4.statements.RunBeforeTestClassCallbacks.evaluate(RunBeforeTestClassCallbacks.java:61) [spring-test-4.2.4.RELEASE.jar:4.2.4.RELEASE]
	at org.springframework.test.context.junit4.statements.RunAfterTestClassCallbacks.evaluate(RunAfterTestClassCallbacks.java:70) [spring-test-4.2.4.RELEASE.jar:4.2.4.RELEASE]
	at org.junit.runners.ParentRunner.run(ParentRunner.java:363) [junit-4.12.jar:4.12]
	at org.springframework.test.context.junit4.SpringJUnit4ClassRunner.run(SpringJUnit4ClassRunner.java:193) [spring-test-4.2.4.RELEASE.jar:4.2.4.RELEASE]
	at org.apache.maven.surefire.junit4.JUnit4Provider.execute(JUnit4Provider.java:283) [surefire-junit4-2.18.1.jar:2.18.1]
	at org.apache.maven.surefire.junit4.JUnit4Provider.executeWithRerun(JUnit4Provider.java:173) [surefire-junit4-2.18.1.jar:2.18.1]
	at org.apache.maven.surefire.junit4.JUnit4Provider.executeTestSet(JUnit4Provider.java:153) [surefire-junit4-2.18.1.jar:2.18.1]
	at org.apache.maven.surefire.junit4.JUnit4Provider.invoke(JUnit4Provider.java:128) [surefire-junit4-2.18.1.jar:2.18.1]
	at org.apache.maven.surefire.booter.ForkedBooter.invokeProviderInSameClassLoader(ForkedBooter.java:203) [surefire-booter-2.18.1.jar:2.18.1]
	at org.apache.maven.surefire.booter.ForkedBooter.runSuitesInProcess(ForkedBooter.java:155) [surefire-booter-2.18.1.jar:2.18.1]
	at org.apache.maven.surefire.booter.ForkedBooter.main(ForkedBooter.java:103) [surefire-booter-2.18.1.jar:2.18.1]
18:01:33.249 [main] DEBUG o.s.c.e.PropertySourcesPropertyResolver - Searching for key 'spring.messages.basename' in [servletConfigInitParams]
18:01:33.249 [main] DEBUG o.s.c.e.PropertySourcesPropertyResolver - Searching for key 'spring.messages.basename' in [servletContextInitParams]
18:01:33.250 [main] DEBUG o.s.c.e.PropertySourcesPropertyResolver - Searching for key 'spring.messages.basename' in [systemProperties]
18:01:33.250 [main] DEBUG o.s.c.e.PropertySourcesPropertyResolver - Searching for key 'spring.messages.basename' in [systemEnvironment]
18:01:33.250 [main] DEBUG o.s.c.e.PropertySourcesPropertyResolver - Could not find key 'spring.messages.basename' in any property source. Returning [null]
18:01:33.251 [main] DEBUG o.s.b.f.s.DefaultListableBeanFactory - Returning cached instance of singleton bean 'autoConfigurationReport'
18:01:33.262 [main] DEBUG o.s.b.f.s.DefaultListableBeanFactory - Returning cached instance of singleton bean 'autoConfigurationReport'
18:01:33.266 [main] DEBUG o.s.b.f.s.DefaultListableBeanFactory - Returning cached instance of singleton bean 'autoConfigurationReport'
18:01:33.266 [main] DEBUG o.s.b.f.s.DefaultListableBeanFactory - Returning cached instance of singleton bean 'autoConfigurationReport'
18:01:33.274 [main] DEBUG o.s.b.f.s.DefaultListableBeanFactory - Returning cached instance of singleton bean 'autoConfigurationReport'
18:01:33.275 [main] DEBUG o.s.b.f.s.DefaultListableBeanFactory - Returning cached instance of singleton bean 'autoConfigurationReport'
18:01:33.278 [main] DEBUG o.s.b.f.s.DefaultListableBeanFactory - Returning cached instance of singleton bean 'autoConfigurationReport'
18:01:33.284 [main] DEBUG o.s.b.f.s.DefaultListableBeanFactory - Returning cached instance of singleton bean 'autoConfigurationReport'
18:01:33.289 [main] DEBUG o.s.b.f.s.DefaultListableBeanFactory - Returning cached instance of singleton bean 'autoConfigurationReport'
18:01:33.300 [main] DEBUG o.s.b.f.s.DefaultListableBeanFactory - Returning cached instance of singleton bean 'autoConfigurationReport'
18:01:33.303 [main] DEBUG o.s.b.f.s.DefaultListableBeanFactory - Returning cached instance of singleton bean 'autoConfigurationReport'
18:01:33.315 [main] DEBUG o.s.b.f.s.DefaultListableBeanFactory - Returning cached instance of singleton bean 'autoConfigurationReport'
18:01:33.315 [main] DEBUG o.s.b.f.s.DefaultListableBeanFactory - Returning cached instance of singleton bean 'autoConfigurationReport'
18:01:33.320 [main] DEBUG o.s.b.f.s.DefaultListableBeanFactory - Returning cached instance of singleton bean 'autoConfigurationReport'
18:01:33.333 [main] DEBUG o.s.b.f.s.DefaultListableBeanFactory - Returning cached instance of singleton bean 'autoConfigurationReport'
18:01:33.345 [main] DEBUG o.s.b.f.s.DefaultListableBeanFactory - Returning cached instance of singleton bean 'autoConfigurationReport'
18:01:33.345 [main] DEBUG o.s.b.f.s.DefaultListableBeanFactory - Returning cached instance of singleton bean 'autoConfigurationReport'
18:01:33.346 [main] DEBUG o.s.b.f.s.DefaultListableBeanFactory - Returning cached instance of singleton bean 'autoConfigurationReport'
18:01:33.359 [main] DEBUG o.s.b.f.s.DefaultListableBeanFactory - Returning cached instance of singleton bean 'autoConfigurationReport'
18:01:33.361 [main] DEBUG o.s.b.f.s.DefaultListableBeanFactory - Returning cached instance of singleton bean 'autoConfigurationReport'
18:01:33.364 [main] DEBUG o.s.b.f.s.DefaultListableBeanFactory - Returning cached instance of singleton bean 'autoConfigurationReport'
18:01:33.365 [main] DEBUG o.s.b.f.s.DefaultListableBeanFactory - Returning cached instance of singleton bean 'autoConfigurationReport'
18:01:33.373 [main] DEBUG o.s.c.e.PropertySourcesPropertyResolver - Searching for key 'java.runtime.name' in [servletConfigInitParams]
18:01:33.374 [main] DEBUG o.s.c.e.PropertySourcesPropertyResolver - Searching for key 'java.runtime.name' in [servletContextInitParams]
18:01:33.374 [main] DEBUG o.s.c.e.PropertySourcesPropertyResolver - Searching for key 'java.runtime.name' in [systemProperties]
18:01:33.375 [main] DEBUG o.s.c.e.PropertySourcesPropertyResolver - Found key 'java.runtime.name' in [systemProperties] with type [String] and value 'Java(TM) SE Runtime Environment'
18:01:33.376 [main] DEBUG o.s.c.e.PropertySourcesPropertyResolver - Searching for key 'sun.boot.library.path' in [servletConfigInitParams]
18:01:33.376 [main] DEBUG o.s.c.e.PropertySourcesPropertyResolver - Searching for key 'sun.boot.library.path' in [servletContextInitParams]
18:01:33.376 [main] DEBUG o.s.c.e.PropertySourcesPropertyResolver - Searching for key 'sun.boot.library.path' in [systemProperties]
18:01:33.377 [main] DEBUG o.s.c.e.PropertySourcesPropertyResolver - Found key 'sun.boot.library.path' in [systemProperties] with type [String] and value 'C:\Program Files\Java\jdk1.8.0_92\jre\bin'
18:01:33.378 [main] DEBUG o.s.c.e.PropertySourcesPropertyResolver - Searching for key 'java.vm.version' in [servletConfigInitParams]
18:01:33.378 [main] DEBUG o.s.c.e.PropertySourcesPropertyResolver - Searching for key 'java.vm.version' in [servletContextInitParams]
18:01:33.379 [main] DEBUG o.s.c.e.PropertySourcesPropertyResolver - Searching for key 'java.vm.version' in [systemProperties]
18:01:33.379 [main] DEBUG o.s.c.e.PropertySourcesPropertyResolver - Found key 'java.vm.version' in [systemProperties] with type [String] and value '25.92-b14'
18:01:33.379 [main] DEBUG o.s.c.e.PropertySourcesPropertyResolver - Searching for key 'java.vm.vendor' in [servletConfigInitParams]
18:01:33.379 [main] DEBUG o.s.c.e.PropertySourcesPropertyResolver - Searching for key 'java.vm.vendor' in [servletContextInitParams]
18:01:33.379 [main] DEBUG o.s.c.e.PropertySourcesPropertyResolver - Searching for key 'java.vm.vendor' in [systemProperties]
18:01:33.380 [main] DEBUG o.s.c.e.PropertySourcesPropertyResolver - Found key 'java.vm.vendor' in [systemProperties] with type [String] and value 'Oracle Corporation'
18:01:33.380 [main] DEBUG o.s.c.e.PropertySourcesPropertyResolver - Searching for key 'java.vendor.url' in [servletConfigInitParams]
18:01:33.380 [main] DEBUG o.s.c.e.PropertySourcesPropertyResolver - Searching for key 'java.vendor.url' in [servletContextInitParams]
18:01:33.380 [main] DEBUG o.s.c.e.PropertySourcesPropertyResolver - Searching for key 'java.vendor.url' in [systemProperties]
18:01:33.380 [main] DEBUG o.s.c.e.PropertySourcesPropertyResolver - Found key 'java.vendor.url' in [systemProperties] with type [String] and value 'http://java.oracle.com/'
18:01:33.381 [main] DEBUG o.s.c.e.PropertySourcesPropertyResolver - Searching for key 'path.separator' in [servletConfigInitParams]
18:01:33.381 [main] DEBUG o.s.c.e.PropertySourcesPropertyResolver - Searching for key 'path.separator' in [servletContextInitParams]
18:01:33.381 [main] DEBUG o.s.c.e.PropertySourcesPropertyResolver - Searching for key 'path.separator' in [systemProperties]
18:01:33.381 [main] DEBUG o.s.c.e.PropertySourcesPropertyResolver - Found key 'path.separator' in [systemProperties] with type [String] and value ';'
18:01:33.382 [main] DEBUG o.s.c.e.PropertySourcesPropertyResolver - Searching for key 'java.vm.name' in [servletConfigInitParams]
18:01:33.382 [main] DEBUG o.s.c.e.PropertySourcesPropertyResolver - Searching for key 'java.vm.name' in [servletContextInitParams]
18:01:33.382 [main] DEBUG o.s.c.e.PropertySourcesPropertyResolver - Searching for key 'java.vm.name' in [systemProperties]
18:01:33.382 [main] DEBUG o.s.c.e.PropertySourcesPropertyResolver - Found key 'java.vm.name' in [systemProperties] with type [String] and value 'Java HotSpot(TM) 64-Bit Server VM'
18:01:33.382 [main] DEBUG o.s.c.e.PropertySourcesPropertyResolver - Searching for key 'file.encoding.pkg' in [servletConfigInitParams]
18:01:33.383 [main] DEBUG o.s.c.e.PropertySourcesPropertyResolver - Searching for key 'file.encoding.pkg' in [servletContextInitParams]
18:01:33.383 [main] DEBUG o.s.c.e.PropertySourcesPropertyResolver - Searching for key 'file.encoding.pkg' in [systemProperties]
18:01:33.383 [main] DEBUG o.s.c.e.PropertySourcesPropertyResolver - Found key 'file.encoding.pkg' in [systemProperties] with type [String] and value 'sun.io'
18:01:33.383 [main] DEBUG o.s.c.e.PropertySourcesPropertyResolver - Searching for key 'user.country' in [servletConfigInitParams]
18:01:33.383 [main] DEBUG o.s.c.e.PropertySourcesPropertyResolver - Searching for key 'user.country' in [servletContextInitParams]
18:01:33.383 [main] DEBUG o.s.c.e.PropertySourcesPropertyResolver - Searching for key 'user.country' in [systemProperties]
18:01:33.383 [main] DEBUG o.s.c.e.PropertySourcesPropertyResolver - Found key 'user.country' in [systemProperties] with type [String] and value 'FR'
18:01:33.384 [main] DEBUG o.s.c.e.PropertySourcesPropertyResolver - Searching for key 'user.script' in [servletConfigInitParams]
18:01:33.384 [main] DEBUG o.s.c.e.PropertySourcesPropertyResolver - Searching for key 'user.script' in [servletContextInitParams]
18:01:33.384 [main] DEBUG o.s.c.e.PropertySourcesPropertyResolver - Searching for key 'user.script' in [systemProperties]
18:01:33.384 [main] DEBUG o.s.c.e.PropertySourcesPropertyResolver - Found key 'user.script' in [systemProperties] with type [String] and value ''
18:01:33.384 [main] DEBUG o.s.c.e.PropertySourcesPropertyResolver - Searching for key 'sun.java.launcher' in [servletConfigInitParams]
18:01:33.385 [main] DEBUG o.s.c.e.PropertySourcesPropertyResolver - Searching for key 'sun.java.launcher' in [servletContextInitParams]
18:01:33.385 [main] DEBUG o.s.c.e.PropertySourcesPropertyResolver - Searching for key 'sun.java.launcher' in [systemProperties]
18:01:33.385 [main] DEBUG o.s.c.e.PropertySourcesPropertyResolver - Found key 'sun.java.launcher' in [systemProperties] with type [String] and value 'SUN_STANDARD'
18:01:33.385 [main] DEBUG o.s.c.e.PropertySourcesPropertyResolver - Searching for key 'sun.os.patch.level' in [servletConfigInitParams]
18:01:33.385 [main] DEBUG o.s.c.e.PropertySourcesPropertyResolver - Searching for key 'sun.os.patch.level' in [servletContextInitParams]
18:01:33.385 [main] DEBUG o.s.c.e.PropertySourcesPropertyResolver - Searching for key 'sun.os.patch.level' in [systemProperties]
18:01:33.385 [main] DEBUG o.s.c.e.PropertySourcesPropertyResolver - Found key 'sun.os.patch.level' in [systemProperties] with type [String] and value ''
18:01:33.386 [main] DEBUG o.s.c.e.PropertySourcesPropertyResolver - Searching for key 'test' in [servletConfigInitParams]
18:01:33.386 [main] DEBUG o.s.c.e.PropertySourcesPropertyResolver - Searching for key 'test' in [servletContextInitParams]
18:01:33.386 [main] DEBUG o.s.c.e.PropertySourcesPropertyResolver - Searching for key 'test' in [systemProperties]
18:01:33.386 [main] DEBUG o.s.c.e.PropertySourcesPropertyResolver - Found key 'test' in [systemProperties] with type [String] and value 'com.todolist.TodoCtrlTest'
18:01:33.387 [main] DEBUG o.s.c.e.PropertySourcesPropertyResolver - Searching for key 'java.vm.specification.name' in [servletConfigInitParams]
18:01:33.387 [main] DEBUG o.s.c.e.PropertySourcesPropertyResolver - Searching for key 'java.vm.specification.name' in [servletContextInitParams]
18:01:33.387 [main] DEBUG o.s.c.e.PropertySourcesPropertyResolver - Searching for key 'java.vm.specification.name' in [systemProperties]
18:01:33.388 [main] DEBUG o.s.c.e.PropertySourcesPropertyResolver - Found key 'java.vm.specification.name' in [systemProperties] with type [String] and value 'Java Virtual Machine Specification'
18:01:33.388 [main] DEBUG o.s.c.e.PropertySourcesPropertyResolver - Searching for key 'user.dir' in [servletConfigInitParams]
18:01:33.389 [main] DEBUG o.s.c.e.PropertySourcesPropertyResolver - Searching for key 'user.dir' in [servletContextInitParams]
18:01:33.389 [main] DEBUG o.s.c.e.PropertySourcesPropertyResolver - Searching for key 'user.dir' in [systemProperties]
18:01:33.391 [main] DEBUG o.s.c.e.PropertySourcesPropertyResolver - Found key 'user.dir' in [systemProperties] with type [String] and value 'C:\Users\yedenguele\yves\todo'
18:01:33.391 [main] DEBUG o.s.c.e.PropertySourcesPropertyResolver - Searching for key 'java.runtime.version' in [servletConfigInitParams]
18:01:33.392 [main] DEBUG o.s.c.e.PropertySourcesPropertyResolver - Searching for key 'java.runtime.version' in [servletContextInitParams]
18:01:33.392 [main] DEBUG o.s.c.e.PropertySourcesPropertyResolver - Searching for key 'java.runtime.version' in [systemProperties]
18:01:33.393 [main] DEBUG o.s.c.e.PropertySourcesPropertyResolver - Found key 'java.runtime.version' in [systemProperties] with type [String] and value '1.8.0_92-b14'
18:01:33.393 [main] DEBUG o.s.c.e.PropertySourcesPropertyResolver - Searching for key 'basedir' in [servletConfigInitParams]
18:01:33.393 [main] DEBUG o.s.c.e.PropertySourcesPropertyResolver - Searching for key 'basedir' in [servletContextInitParams]
18:01:33.394 [main] DEBUG o.s.c.e.PropertySourcesPropertyResolver - Searching for key 'basedir' in [systemProperties]
18:01:33.394 [main] DEBUG o.s.c.e.PropertySourcesPropertyResolver - Found key 'basedir' in [systemProperties] with type [String] and value 'C:\Users\yedenguele\yves\todo'
18:01:33.395 [main] DEBUG o.s.c.e.PropertySourcesPropertyResolver - Searching for key 'java.awt.graphicsenv' in [servletConfigInitParams]
18:01:33.395 [main] DEBUG o.s.c.e.PropertySourcesPropertyResolver - Searching for key 'java.awt.graphicsenv' in [servletContextInitParams]
18:01:33.395 [main] DEBUG o.s.c.e.PropertySourcesPropertyResolver - Searching for key 'java.awt.graphicsenv' in [systemProperties]
18:01:33.395 [main] DEBUG o.s.c.e.PropertySourcesPropertyResolver - Found key 'java.awt.graphicsenv' in [systemProperties] with type [String] and value 'sun.awt.Win32GraphicsEnvironment'
18:01:33.396 [main] DEBUG o.s.c.e.PropertySourcesPropertyResolver - Searching for key 'java.endorsed.dirs' in [servletConfigInitParams]
18:01:33.396 [main] DEBUG o.s.c.e.PropertySourcesPropertyResolver - Searching for key 'java.endorsed.dirs' in [servletContextInitParams]
18:01:33.396 [main] DEBUG o.s.c.e.PropertySourcesPropertyResolver - Searching for key 'java.endorsed.dirs' in [systemProperties]
18:01:33.397 [main] DEBUG o.s.c.e.PropertySourcesPropertyResolver - Found key 'java.endorsed.dirs' in [systemProperties] with type [String] and value 'C:\Program Files\Java\jdk1.8.0_92\jre\lib\endorsed'
18:01:33.397 [main] DEBUG o.s.c.e.PropertySourcesPropertyResolver - Searching for key 'os.arch' in [servletConfigInitParams]
18:01:33.398 [main] DEBUG o.s.c.e.PropertySourcesPropertyResolver - Searching for key 'os.arch' in [servletContextInitParams]
18:01:33.398 [main] DEBUG o.s.c.e.PropertySourcesPropertyResolver - Searching for key 'os.arch' in [systemProperties]
18:01:33.398 [main] DEBUG o.s.c.e.PropertySourcesPropertyResolver - Found key 'os.arch' in [systemProperties] with type [String] and value 'amd64'
18:01:33.398 [main] DEBUG o.s.c.e.PropertySourcesPropertyResolver - Searching for key 'surefire.real.class.path' in [servletConfigInitParams]
18:01:33.398 [main] DEBUG o.s.c.e.PropertySourcesPropertyResolver - Searching for key 'surefire.real.class.path' in [servletContextInitParams]
18:01:33.399 [main] DEBUG o.s.c.e.PropertySourcesPropertyResolver - Searching for key 'surefire.real.class.path' in [systemProperties]
18:01:33.399 [main] DEBUG o.s.c.e.PropertySourcesPropertyResolver - Found key 'surefire.real.class.path' in [systemProperties] with type [String] and value 'C:\Users\yedenguele\yves\todo\target\surefire\surefirebooter9184103422152208635.jar'
18:01:33.399 [main] DEBUG o.s.c.e.PropertySourcesPropertyResolver - Searching for key 'java.io.tmpdir' in [servletConfigInitParams]
18:01:33.399 [main] DEBUG o.s.c.e.PropertySourcesPropertyResolver - Searching for key 'java.io.tmpdir' in [servletContextInitParams]
18:01:33.400 [main] DEBUG o.s.c.e.PropertySourcesPropertyResolver - Searching for key 'java.io.tmpdir' in [systemProperties]
18:01:33.400 [main] DEBUG o.s.c.e.PropertySourcesPropertyResolver - Found key 'java.io.tmpdir' in [systemProperties] with type [String] and value 'C:\Users\YEDENG~1\AppData\Local\Temp\'
18:01:33.400 [main] DEBUG o.s.c.e.PropertySourcesPropertyResolver - Searching for key 'line.separator' in [servletConfigInitParams]
18:01:33.401 [main] DEBUG o.s.c.e.PropertySourcesPropertyResolver - Searching for key 'line.separator' in [servletContextInitParams]
18:01:33.401 [main] DEBUG o.s.c.e.PropertySourcesPropertyResolver - Searching for key 'line.separator' in [systemProperties]
18:01:33.401 [main] DEBUG o.s.c.e.PropertySourcesPropertyResolver - Found key 'line.separator' in [systemProperties] with type [String] and value '
'
18:01:33.402 [main] DEBUG o.s.c.e.PropertySourcesPropertyResolver - Searching for key 'java.vm.specification.vendor' in [servletConfigInitParams]
18:01:33.402 [main] DEBUG o.s.c.e.PropertySourcesPropertyResolver - Searching for key 'java.vm.specification.vendor' in [servletContextInitParams]
18:01:33.402 [main] DEBUG o.s.c.e.PropertySourcesPropertyResolver - Searching for key 'java.vm.specification.vendor' in [systemProperties]
18:01:33.402 [main] DEBUG o.s.c.e.PropertySourcesPropertyResolver - Found key 'java.vm.specification.vendor' in [systemProperties] with type [String] and value 'Oracle Corporation'
18:01:33.403 [main] DEBUG o.s.c.e.PropertySourcesPropertyResolver - Searching for key 'user.variant' in [servletConfigInitParams]
18:01:33.403 [main] DEBUG o.s.c.e.PropertySourcesPropertyResolver - Searching for key 'user.variant' in [servletContextInitParams]
18:01:33.403 [main] DEBUG o.s.c.e.PropertySourcesPropertyResolver - Searching for key 'user.variant' in [systemProperties]
18:01:33.404 [main] DEBUG o.s.c.e.PropertySourcesPropertyResolver - Found key 'user.variant' in [systemProperties] with type [String] and value ''
18:01:33.404 [main] DEBUG o.s.c.e.PropertySourcesPropertyResolver - Searching for key 'os.name' in [servletConfigInitParams]
18:01:33.404 [main] DEBUG o.s.c.e.PropertySourcesPropertyResolver - Searching for key 'os.name' in [servletContextInitParams]
18:01:33.405 [main] DEBUG o.s.c.e.PropertySourcesPropertyResolver - Searching for key 'os.name' in [systemProperties]
18:01:33.405 [main] DEBUG o.s.c.e.PropertySourcesPropertyResolver - Found key 'os.name' in [systemProperties] with type [String] and value 'Windows 10'
18:01:33.405 [main] DEBUG o.s.c.e.PropertySourcesPropertyResolver - Searching for key 'maven.ext.class.path' in [servletConfigInitParams]
18:01:33.405 [main] DEBUG o.s.c.e.PropertySourcesPropertyResolver - Searching for key 'maven.ext.class.path' in [servletContextInitParams]
18:01:33.406 [main] DEBUG o.s.c.e.PropertySourcesPropertyResolver - Searching for key 'maven.ext.class.path' in [systemProperties]
18:01:33.406 [main] DEBUG o.s.c.e.PropertySourcesPropertyResolver - Found key 'maven.ext.class.path' in [systemProperties] with type [String] and value 'C:\Program Files\NetBeans 8.1\java\maven-nblib\netbeans-eventspy.jar'
18:01:33.406 [main] DEBUG o.s.c.e.PropertySourcesPropertyResolver - Searching for key 'sun.jnu.encoding' in [servletConfigInitParams]
18:01:33.407 [main] DEBUG o.s.c.e.PropertySourcesPropertyResolver - Searching for key 'sun.jnu.encoding' in [servletContextInitParams]
18:01:33.407 [main] DEBUG o.s.c.e.PropertySourcesPropertyResolver - Searching for key 'sun.jnu.encoding' in [systemProperties]
18:01:33.407 [main] DEBUG o.s.c.e.PropertySourcesPropertyResolver - Found key 'sun.jnu.encoding' in [systemProperties] with type [String] and value 'Cp1252'
18:01:33.408 [main] DEBUG o.s.c.e.PropertySourcesPropertyResolver - Searching for key 'java.library.path' in [servletConfigInitParams]
18:01:33.408 [main] DEBUG o.s.c.e.PropertySourcesPropertyResolver - Searching for key 'java.library.path' in [servletContextInitParams]
18:01:33.408 [main] DEBUG o.s.c.e.PropertySourcesPropertyResolver - Searching for key 'java.library.path' in [systemProperties]
18:01:33.409 [main] DEBUG o.s.c.e.PropertySourcesPropertyResolver - Found key 'java.library.path' in [systemProperties] with type [String] and value 'C:\Program Files\Java\jdk1.8.0_92\jre\bin;C:\Windows\Sun\Java\bin;C:\Windows\system32;C:\Windows;C:\Program Files (x86)\Intel\iCLS Client\;C:\Program Files\Intel\iCLS Client\;C:\Windows\system32;C:\Windows;C:\Windows\System32\Wbem;C:\Windows\System32\WindowsPowerShell\v1.0\;C:\Program Files (x86)\Intel\Intel(R) Management Engine Components\DAL;C:\Program Files\Intel\Intel(R) Management Engine Components\DAL;C:\Program Files (x86)\Intel\Intel(R) Management Engine Components\IPT;C:\Program Files\Intel\Intel(R) Management Engine Components\IPT;C:\Program Files\Intel\WiFi\bin\;C:\Program Files\Common Files\Intel\WirelessCommon\;C:\gradle-2.12\bin;%JAVA_HOME%\bin;C:\Program Files\nodejs\;C:\apache-maven-3.3.9\bin;C:\Program Files\Git\bin;C:\Users\yedenguele\mongodb\bin;C:\Program Files (x86)\Skype\Phone\;C:\Users\yedenguele\spring-1.3.3.RELEASE\bin;C:\Users\yedenguele\AppData\Roaming\npm;.'
18:01:33.409 [main] DEBUG o.s.c.e.PropertySourcesPropertyResolver - Searching for key 'surefire.test.class.path' in [servletConfigInitParams]
18:01:33.410 [main] DEBUG o.s.c.e.PropertySourcesPropertyResolver - Searching for key 'surefire.test.class.path' in [servletContextInitParams]
18:01:33.410 [main] DEBUG o.s.c.e.PropertySourcesPropertyResolver - Searching for key 'surefire.test.class.path' in [systemProperties]
18:01:33.410 [main] DEBUG o.s.c.e.PropertySourcesPropertyResolver - Found key 'surefire.test.class.path' in [systemProperties] with type [String] and value 'C:\Users\yedenguele\yves\todo\target\test-classes;C:\Users\yedenguele\yves\todo\target\classes;C:\Users\yedenguele\.m2\repository\org\springframework\boot\spring-boot-starter-data-mongodb\1.3.2.RELEASE\spring-boot-starter-data-mongodb-1.3.2.RELEASE.jar;C:\Users\yedenguele\.m2\repository\org\springframework\boot\spring-boot-starter\1.3.2.RELEASE\spring-boot-starter-1.3.2.RELEASE.jar;C:\Users\yedenguele\.m2\repository\org\springframework\boot\spring-boot\1.3.2.RELEASE\spring-boot-1.3.2.RELEASE.jar;C:\Users\yedenguele\.m2\repository\org\springframework\boot\spring-boot-autoconfigure\1.3.2.RELEASE\spring-boot-autoconfigure-1.3.2.RELEASE.jar;C:\Users\yedenguele\.m2\repository\org\springframework\boot\spring-boot-starter-logging\1.3.2.RELEASE\spring-boot-starter-logging-1.3.2.RELEASE.jar;C:\Users\yedenguele\.m2\repository\ch\qos\logback\logback-classic\1.1.3\logback-classic-1.1.3.jar;C:\Users\yedenguele\.m2\repository\ch\qos\logback\logback-core\1.1.3\logback-core-1.1.3.jar;C:\Users\yedenguele\.m2\repository\org\slf4j\jul-to-slf4j\1.7.13\jul-to-slf4j-1.7.13.jar;C:\Users\yedenguele\.m2\repository\org\slf4j\log4j-over-slf4j\1.7.13\log4j-over-slf4j-1.7.13.jar;C:\Users\yedenguele\.m2\repository\org\yaml\snakeyaml\1.16\snakeyaml-1.16.jar;C:\Users\yedenguele\.m2\repository\org\springframework\data\spring-data-mongodb\1.8.2.RELEASE\spring-data-mongodb-1.8.2.RELEASE.jar;C:\Users\yedenguele\.m2\repository\org\springframework\spring-tx\4.2.4.RELEASE\spring-tx-4.2.4.RELEASE.jar;C:\Users\yedenguele\.m2\repository\org\springframework\spring-beans\4.2.4.RELEASE\spring-beans-4.2.4.RELEASE.jar;C:\Users\yedenguele\.m2\repository\org\springframework\spring-expression\4.2.4.RELEASE\spring-expression-4.2.4.RELEASE.jar;C:\Users\yedenguele\.m2\repository\org\springframework\data\spring-data-commons\1.11.2.RELEASE\spring-data-commons-1.11.2.RELEASE.jar;C:\Users\yedenguele\.m2\repository\org\slf4j\slf4j-api\1.7.13\slf4j-api-1.7.13.jar;C:\Users\yedenguele\.m2\repository\org\slf4j\jcl-over-slf4j\1.7.13\jcl-over-slf4j-1.7.13.jar;C:\Users\yedenguele\.m2\repository\org\hamcrest\hamcrest-all\1.3\hamcrest-all-1.3.jar;C:\Users\yedenguele\.m2\repository\junit\junit\4.12\junit-4.12.jar;C:\Users\yedenguele\.m2\repository\org\springframework\boot\spring-boot-starter-test\1.3.2.RELEASE\spring-boot-starter-test-1.3.2.RELEASE.jar;C:\Users\yedenguele\.m2\repository\org\mockito\mockito-core\1.10.19\mockito-core-1.10.19.jar;C:\Users\yedenguele\.m2\repository\org\objenesis\objenesis\2.1\objenesis-2.1.jar;C:\Users\yedenguele\.m2\repository\org\hamcrest\hamcrest-core\1.3\hamcrest-core-1.3.jar;C:\Users\yedenguele\.m2\repository\org\hamcrest\hamcrest-library\1.3\hamcrest-library-1.3.jar;C:\Users\yedenguele\.m2\repository\org\springframework\spring-core\4.2.4.RELEASE\spring-core-4.2.4.RELEASE.jar;C:\Users\yedenguele\.m2\repository\org\springframework\spring-test\4.2.4.RELEASE\spring-test-4.2.4.RELEASE.jar;C:\Users\yedenguele\.m2\repository\org\mongodb\mongo-java-driver\2.13.3\mongo-java-driver-2.13.3.jar;C:\Users\yedenguele\.m2\repository\org\eclipse\persistence\eclipselink\2.5.2\eclipselink-2.5.2.jar;C:\Users\yedenguele\.m2\repository\org\eclipse\persistence\javax.persistence\2.1.0\javax.persistence-2.1.0.jar;C:\Users\yedenguele\.m2\repository\org\eclipse\persistence\commonj.sdo\2.1.1\commonj.sdo-2.1.1.jar;C:\Users\yedenguele\.m2\repository\org\eclipse\persistence\org.eclipse.persistence.jpa.modelgen.processor\2.5.2\org.eclipse.persistence.jpa.modelgen.processor-2.5.2.jar;C:\Users\yedenguele\.m2\repository\org\eclipse\persistence\org.eclipse.persistence.core\2.5.2\org.eclipse.persistence.core-2.5.2.jar;C:\Users\yedenguele\.m2\repository\org\eclipse\persistence\org.eclipse.persistence.asm\2.5.2\org.eclipse.persistence.asm-2.5.2.jar;C:\Users\yedenguele\.m2\repository\org\eclipse\persistence\org.eclipse.persistence.jpa\2.5.2\org.eclipse.persistence.jpa-2.5.2.jar;C:\Users\yedenguele\.m2\repository\org\eclipse\persistence\org.eclipse.persistence.antlr\2.5.2\org.eclipse.persistence.antlr-2.5.2.jar;C:\Users\yedenguele\.m2\repository\org\eclipse\persistence\org.eclipse.persistence.jpa.jpql\2.5.2\org.eclipse.persistence.jpa.jpql-2.5.2.jar;C:\Users\yedenguele\.m2\repository\org\springframework\boot\spring-boot-starter-web\1.3.2.RELEASE\spring-boot-starter-web-1.3.2.RELEASE.jar;C:\Users\yedenguele\.m2\repository\org\springframework\boot\spring-boot-starter-tomcat\1.3.2.RELEASE\spring-boot-starter-tomcat-1.3.2.RELEASE.jar;C:\Users\yedenguele\.m2\repository\org\apache\tomcat\embed\tomcat-embed-core\8.0.30\tomcat-embed-core-8.0.30.jar;C:\Users\yedenguele\.m2\repository\org\apache\tomcat\embed\tomcat-embed-el\8.0.30\tomcat-embed-el-8.0.30.jar;C:\Users\yedenguele\.m2\repository\org\apache\tomcat\embed\tomcat-embed-logging-juli\8.0.30\tomcat-embed-logging-juli-8.0.30.jar;C:\Users\yedenguele\.m2\repository\org\apache\tomcat\embed\tomcat-embed-websocket\8.0.30\tomcat-embed-websocket-8.0.30.jar;C:\Users\yedenguele\.m2\repository\org\springframework\boot\spring-boot-starter-validation\1.3.2.RELEASE\spring-boot-starter-validation-1.3.2.RELEASE.jar;C:\Users\yedenguele\.m2\repository\org\hibernate\hibernate-validator\5.2.2.Final\hibernate-validator-5.2.2.Final.jar;C:\Users\yedenguele\.m2\repository\javax\validation\validation-api\1.1.0.Final\validation-api-1.1.0.Final.jar;C:\Users\yedenguele\.m2\repository\org\jboss\logging\jboss-logging\3.3.0.Final\jboss-logging-3.3.0.Final.jar;C:\Users\yedenguele\.m2\repository\com\fasterxml\classmate\1.1.0\classmate-1.1.0.jar;C:\Users\yedenguele\.m2\repository\com\fasterxml\jackson\core\jackson-databind\2.6.5\jackson-databind-2.6.5.jar;C:\Users\yedenguele\.m2\repository\com\fasterxml\jackson\core\jackson-annotations\2.6.5\jackson-annotations-2.6.5.jar;C:\Users\yedenguele\.m2\repository\com\fasterxml\jackson\core\jackson-core\2.6.5\jackson-core-2.6.5.jar;C:\Users\yedenguele\.m2\repository\org\springframework\spring-web\4.2.4.RELEASE\spring-web-4.2.4.RELEASE.jar;C:\Users\yedenguele\.m2\repository\org\springframework\spring-aop\4.2.4.RELEASE\spring-aop-4.2.4.RELEASE.jar;C:\Users\yedenguele\.m2\repository\aopalliance\aopalliance\1.0\aopalliance-1.0.jar;C:\Users\yedenguele\.m2\repository\org\springframework\spring-webmvc\4.2.4.RELEASE\spring-webmvc-4.2.4.RELEASE.jar;C:\Users\yedenguele\.m2\repository\org\springframework\spring-test-mvc\1.0.0.M2\spring-test-mvc-1.0.0.M2.jar;C:\Users\yedenguele\.m2\repository\org\springframework\spring-context\4.2.4.RELEASE\spring-context-4.2.4.RELEASE.jar;C:\Users\yedenguele\.m2\repository\co\paralleluniverse\comsat-jetty-loader\0.3.0\comsat-jetty-loader-0.3.0.jar;C:\Users\yedenguele\.m2\repository\com\google\guava\guava\18.0\guava-18.0.jar;C:\Users\yedenguele\.m2\repository\org\eclipse\jetty\jetty-webapp\9.2.14.v20151106\jetty-webapp-9.2.14.v20151106.jar;C:\Users\yedenguele\.m2\repository\org\eclipse\jetty\jetty-xml\9.2.14.v20151106\jetty-xml-9.2.14.v20151106.jar;C:\Users\yedenguele\.m2\repository\org\eclipse\jetty\jetty-util\9.2.14.v20151106\jetty-util-9.2.14.v20151106.jar;C:\Users\yedenguele\.m2\repository\org\eclipse\jetty\jetty-servlet\9.2.14.v20151106\jetty-servlet-9.2.14.v20151106.jar;C:\Users\yedenguele\.m2\repository\org\eclipse\jetty\jetty-security\9.2.14.v20151106\jetty-security-9.2.14.v20151106.jar;C:\Users\yedenguele\.m2\repository\org\eclipse\jetty\jetty-server\9.2.14.v20151106\jetty-server-9.2.14.v20151106.jar;C:\Users\yedenguele\.m2\repository\javax\servlet\javax.servlet-api\3.1.0\javax.servlet-api-3.1.0.jar;C:\Users\yedenguele\.m2\repository\org\eclipse\jetty\jetty-http\9.2.14.v20151106\jetty-http-9.2.14.v20151106.jar;C:\Users\yedenguele\.m2\repository\org\eclipse\jetty\jetty-io\9.2.14.v20151106\jetty-io-9.2.14.v20151106.jar;'
18:01:33.414 [main] DEBUG o.s.c.e.PropertySourcesPropertyResolver - Searching for key 'java.specification.name' in [servletConfigInitParams]
18:01:33.414 [main] DEBUG o.s.c.e.PropertySourcesPropertyResolver - Searching for key 'java.specification.name' in [servletContextInitParams]
18:01:33.414 [main] DEBUG o.s.c.e.PropertySourcesPropertyResolver - Searching for key 'java.specification.name' in [systemProperties]
18:01:33.414 [main] DEBUG o.s.c.e.PropertySourcesPropertyResolver - Found key 'java.specification.name' in [systemProperties] with type [String] and value 'Java Platform API Specification'
18:01:33.415 [main] DEBUG o.s.c.e.PropertySourcesPropertyResolver - Searching for key 'java.class.version' in [servletConfigInitParams]
18:01:33.415 [main] DEBUG o.s.c.e.PropertySourcesPropertyResolver - Searching for key 'java.class.version' in [servletContextInitParams]
18:01:33.415 [main] DEBUG o.s.c.e.PropertySourcesPropertyResolver - Searching for key 'java.class.version' in [systemProperties]
18:01:33.415 [main] DEBUG o.s.c.e.PropertySourcesPropertyResolver - Found key 'java.class.version' in [systemProperties] with type [String] and value '52.0'
18:01:33.415 [main] DEBUG o.s.c.e.PropertySourcesPropertyResolver - Searching for key 'sun.management.compiler' in [servletConfigInitParams]
18:01:33.415 [main] DEBUG o.s.c.e.PropertySourcesPropertyResolver - Searching for key 'sun.management.compiler' in [servletContextInitParams]
18:01:33.415 [main] DEBUG o.s.c.e.PropertySourcesPropertyResolver - Searching for key 'sun.management.compiler' in [systemProperties]
18:01:33.415 [main] DEBUG o.s.c.e.PropertySourcesPropertyResolver - Found key 'sun.management.compiler' in [systemProperties] with type [String] and value 'HotSpot 64-Bit Tiered Compilers'
18:01:33.415 [main] DEBUG o.s.c.e.PropertySourcesPropertyResolver - Searching for key 'os.version' in [servletConfigInitParams]
18:01:33.416 [main] DEBUG o.s.c.e.PropertySourcesPropertyResolver - Searching for key 'os.version' in [servletContextInitParams]
18:01:33.416 [main] DEBUG o.s.c.e.PropertySourcesPropertyResolver - Searching for key 'os.version' in [systemProperties]
18:01:33.416 [main] DEBUG o.s.c.e.PropertySourcesPropertyResolver - Found key 'os.version' in [systemProperties] with type [String] and value '10.0'
18:01:33.416 [main] DEBUG o.s.c.e.PropertySourcesPropertyResolver - Searching for key 'user.home' in [servletConfigInitParams]
18:01:33.416 [main] DEBUG o.s.c.e.PropertySourcesPropertyResolver - Searching for key 'user.home' in [servletContextInitParams]
18:01:33.416 [main] DEBUG o.s.c.e.PropertySourcesPropertyResolver - Searching for key 'user.home' in [systemProperties]
18:01:33.416 [main] DEBUG o.s.c.e.PropertySourcesPropertyResolver - Found key 'user.home' in [systemProperties] with type [String] and value 'C:\Users\yedenguele'
18:01:33.416 [main] DEBUG o.s.c.e.PropertySourcesPropertyResolver - Searching for key 'user.timezone' in [servletConfigInitParams]
18:01:33.416 [main] DEBUG o.s.c.e.PropertySourcesPropertyResolver - Searching for key 'user.timezone' in [servletContextInitParams]
18:01:33.416 [main] DEBUG o.s.c.e.PropertySourcesPropertyResolver - Searching for key 'user.timezone' in [systemProperties]
18:01:33.417 [main] DEBUG o.s.c.e.PropertySourcesPropertyResolver - Found key 'user.timezone' in [systemProperties] with type [String] and value 'Europe/Paris'
18:01:33.417 [main] DEBUG o.s.c.e.PropertySourcesPropertyResolver - Searching for key 'java.awt.printerjob' in [servletConfigInitParams]
18:01:33.417 [main] DEBUG o.s.c.e.PropertySourcesPropertyResolver - Searching for key 'java.awt.printerjob' in [servletContextInitParams]
18:01:33.417 [main] DEBUG o.s.c.e.PropertySourcesPropertyResolver - Searching for key 'java.awt.printerjob' in [systemProperties]
18:01:33.417 [main] DEBUG o.s.c.e.PropertySourcesPropertyResolver - Found key 'java.awt.printerjob' in [systemProperties] with type [String] and value 'sun.awt.windows.WPrinterJob'
18:01:33.418 [main] DEBUG o.s.c.e.PropertySourcesPropertyResolver - Searching for key 'file.encoding' in [servletConfigInitParams]
18:01:33.418 [main] DEBUG o.s.c.e.PropertySourcesPropertyResolver - Searching for key 'file.encoding' in [servletContextInitParams]
18:01:33.418 [main] DEBUG o.s.c.e.PropertySourcesPropertyResolver - Searching for key 'file.encoding' in [systemProperties]
18:01:33.418 [main] DEBUG o.s.c.e.PropertySourcesPropertyResolver - Found key 'file.encoding' in [systemProperties] with type [String] and value 'UTF-8'
18:01:33.418 [main] DEBUG o.s.c.e.PropertySourcesPropertyResolver - Searching for key 'java.specification.version' in [servletConfigInitParams]
18:01:33.418 [main] DEBUG o.s.c.e.PropertySourcesPropertyResolver - Searching for key 'java.specification.version' in [servletContextInitParams]
18:01:33.418 [main] DEBUG o.s.c.e.PropertySourcesPropertyResolver - Searching for key 'java.specification.version' in [systemProperties]
18:01:33.418 [main] DEBUG o.s.c.e.PropertySourcesPropertyResolver - Found key 'java.specification.version' in [systemProperties] with type [String] and value '1.8'
18:01:33.419 [main] DEBUG o.s.c.e.PropertySourcesPropertyResolver - Searching for key 'java.class.path' in [servletConfigInitParams]
18:01:33.419 [main] DEBUG o.s.c.e.PropertySourcesPropertyResolver - Searching for key 'java.class.path' in [servletContextInitParams]
18:01:33.419 [main] DEBUG o.s.c.e.PropertySourcesPropertyResolver - Searching for key 'java.class.path' in [systemProperties]
18:01:33.419 [main] DEBUG o.s.c.e.PropertySourcesPropertyResolver - Found key 'java.class.path' in [systemProperties] with type [String] and value 'C:\Users\yedenguele\yves\todo\target\test-classes;C:\Users\yedenguele\yves\todo\target\classes;C:\Users\yedenguele\.m2\repository\org\springframework\boot\spring-boot-starter-data-mongodb\1.3.2.RELEASE\spring-boot-starter-data-mongodb-1.3.2.RELEASE.jar;C:\Users\yedenguele\.m2\repository\org\springframework\boot\spring-boot-starter\1.3.2.RELEASE\spring-boot-starter-1.3.2.RELEASE.jar;C:\Users\yedenguele\.m2\repository\org\springframework\boot\spring-boot\1.3.2.RELEASE\spring-boot-1.3.2.RELEASE.jar;C:\Users\yedenguele\.m2\repository\org\springframework\boot\spring-boot-autoconfigure\1.3.2.RELEASE\spring-boot-autoconfigure-1.3.2.RELEASE.jar;C:\Users\yedenguele\.m2\repository\org\springframework\boot\spring-boot-starter-logging\1.3.2.RELEASE\spring-boot-starter-logging-1.3.2.RELEASE.jar;C:\Users\yedenguele\.m2\repository\ch\qos\logback\logback-classic\1.1.3\logback-classic-1.1.3.jar;C:\Users\yedenguele\.m2\repository\ch\qos\logback\logback-core\1.1.3\logback-core-1.1.3.jar;C:\Users\yedenguele\.m2\repository\org\slf4j\jul-to-slf4j\1.7.13\jul-to-slf4j-1.7.13.jar;C:\Users\yedenguele\.m2\repository\org\slf4j\log4j-over-slf4j\1.7.13\log4j-over-slf4j-1.7.13.jar;C:\Users\yedenguele\.m2\repository\org\yaml\snakeyaml\1.16\snakeyaml-1.16.jar;C:\Users\yedenguele\.m2\repository\org\springframework\data\spring-data-mongodb\1.8.2.RELEASE\spring-data-mongodb-1.8.2.RELEASE.jar;C:\Users\yedenguele\.m2\repository\org\springframework\spring-tx\4.2.4.RELEASE\spring-tx-4.2.4.RELEASE.jar;C:\Users\yedenguele\.m2\repository\org\springframework\spring-beans\4.2.4.RELEASE\spring-beans-4.2.4.RELEASE.jar;C:\Users\yedenguele\.m2\repository\org\springframework\spring-expression\4.2.4.RELEASE\spring-expression-4.2.4.RELEASE.jar;C:\Users\yedenguele\.m2\repository\org\springframework\data\spring-data-commons\1.11.2.RELEASE\spring-data-commons-1.11.2.RELEASE.jar;C:\Users\yedenguele\.m2\repository\org\slf4j\slf4j-api\1.7.13\slf4j-api-1.7.13.jar;C:\Users\yedenguele\.m2\repository\org\slf4j\jcl-over-slf4j\1.7.13\jcl-over-slf4j-1.7.13.jar;C:\Users\yedenguele\.m2\repository\org\hamcrest\hamcrest-all\1.3\hamcrest-all-1.3.jar;C:\Users\yedenguele\.m2\repository\junit\junit\4.12\junit-4.12.jar;C:\Users\yedenguele\.m2\repository\org\springframework\boot\spring-boot-starter-test\1.3.2.RELEASE\spring-boot-starter-test-1.3.2.RELEASE.jar;C:\Users\yedenguele\.m2\repository\org\mockito\mockito-core\1.10.19\mockito-core-1.10.19.jar;C:\Users\yedenguele\.m2\repository\org\objenesis\objenesis\2.1\objenesis-2.1.jar;C:\Users\yedenguele\.m2\repository\org\hamcrest\hamcrest-core\1.3\hamcrest-core-1.3.jar;C:\Users\yedenguele\.m2\repository\org\hamcrest\hamcrest-library\1.3\hamcrest-library-1.3.jar;C:\Users\yedenguele\.m2\repository\org\springframework\spring-core\4.2.4.RELEASE\spring-core-4.2.4.RELEASE.jar;C:\Users\yedenguele\.m2\repository\org\springframework\spring-test\4.2.4.RELEASE\spring-test-4.2.4.RELEASE.jar;C:\Users\yedenguele\.m2\repository\org\mongodb\mongo-java-driver\2.13.3\mongo-java-driver-2.13.3.jar;C:\Users\yedenguele\.m2\repository\org\eclipse\persistence\eclipselink\2.5.2\eclipselink-2.5.2.jar;C:\Users\yedenguele\.m2\repository\org\eclipse\persistence\javax.persistence\2.1.0\javax.persistence-2.1.0.jar;C:\Users\yedenguele\.m2\repository\org\eclipse\persistence\commonj.sdo\2.1.1\commonj.sdo-2.1.1.jar;C:\Users\yedenguele\.m2\repository\org\eclipse\persistence\org.eclipse.persistence.jpa.modelgen.processor\2.5.2\org.eclipse.persistence.jpa.modelgen.processor-2.5.2.jar;C:\Users\yedenguele\.m2\repository\org\eclipse\persistence\org.eclipse.persistence.core\2.5.2\org.eclipse.persistence.core-2.5.2.jar;C:\Users\yedenguele\.m2\repository\org\eclipse\persistence\org.eclipse.persistence.asm\2.5.2\org.eclipse.persistence.asm-2.5.2.jar;C:\Users\yedenguele\.m2\repository\org\eclipse\persistence\org.eclipse.persistence.jpa\2.5.2\org.eclipse.persistence.jpa-2.5.2.jar;C:\Users\yedenguele\.m2\repository\org\eclipse\persistence\org.eclipse.persistence.antlr\2.5.2\org.eclipse.persistence.antlr-2.5.2.jar;C:\Users\yedenguele\.m2\repository\org\eclipse\persistence\org.eclipse.persistence.jpa.jpql\2.5.2\org.eclipse.persistence.jpa.jpql-2.5.2.jar;C:\Users\yedenguele\.m2\repository\org\springframework\boot\spring-boot-starter-web\1.3.2.RELEASE\spring-boot-starter-web-1.3.2.RELEASE.jar;C:\Users\yedenguele\.m2\repository\org\springframework\boot\spring-boot-starter-tomcat\1.3.2.RELEASE\spring-boot-starter-tomcat-1.3.2.RELEASE.jar;C:\Users\yedenguele\.m2\repository\org\apache\tomcat\embed\tomcat-embed-core\8.0.30\tomcat-embed-core-8.0.30.jar;C:\Users\yedenguele\.m2\repository\org\apache\tomcat\embed\tomcat-embed-el\8.0.30\tomcat-embed-el-8.0.30.jar;C:\Users\yedenguele\.m2\repository\org\apache\tomcat\embed\tomcat-embed-logging-juli\8.0.30\tomcat-embed-logging-juli-8.0.30.jar;C:\Users\yedenguele\.m2\repository\org\apache\tomcat\embed\tomcat-embed-websocket\8.0.30\tomcat-embed-websocket-8.0.30.jar;C:\Users\yedenguele\.m2\repository\org\springframework\boot\spring-boot-starter-validation\1.3.2.RELEASE\spring-boot-starter-validation-1.3.2.RELEASE.jar;C:\Users\yedenguele\.m2\repository\org\hibernate\hibernate-validator\5.2.2.Final\hibernate-validator-5.2.2.Final.jar;C:\Users\yedenguele\.m2\repository\javax\validation\validation-api\1.1.0.Final\validation-api-1.1.0.Final.jar;C:\Users\yedenguele\.m2\repository\org\jboss\logging\jboss-logging\3.3.0.Final\jboss-logging-3.3.0.Final.jar;C:\Users\yedenguele\.m2\repository\com\fasterxml\classmate\1.1.0\classmate-1.1.0.jar;C:\Users\yedenguele\.m2\repository\com\fasterxml\jackson\core\jackson-databind\2.6.5\jackson-databind-2.6.5.jar;C:\Users\yedenguele\.m2\repository\com\fasterxml\jackson\core\jackson-annotations\2.6.5\jackson-annotations-2.6.5.jar;C:\Users\yedenguele\.m2\repository\com\fasterxml\jackson\core\jackson-core\2.6.5\jackson-core-2.6.5.jar;C:\Users\yedenguele\.m2\repository\org\springframework\spring-web\4.2.4.RELEASE\spring-web-4.2.4.RELEASE.jar;C:\Users\yedenguele\.m2\repository\org\springframework\spring-aop\4.2.4.RELEASE\spring-aop-4.2.4.RELEASE.jar;C:\Users\yedenguele\.m2\repository\aopalliance\aopalliance\1.0\aopalliance-1.0.jar;C:\Users\yedenguele\.m2\repository\org\springframework\spring-webmvc\4.2.4.RELEASE\spring-webmvc-4.2.4.RELEASE.jar;C:\Users\yedenguele\.m2\repository\org\springframework\spring-test-mvc\1.0.0.M2\spring-test-mvc-1.0.0.M2.jar;C:\Users\yedenguele\.m2\repository\org\springframework\spring-context\4.2.4.RELEASE\spring-context-4.2.4.RELEASE.jar;C:\Users\yedenguele\.m2\repository\co\paralleluniverse\comsat-jetty-loader\0.3.0\comsat-jetty-loader-0.3.0.jar;C:\Users\yedenguele\.m2\repository\com\google\guava\guava\18.0\guava-18.0.jar;C:\Users\yedenguele\.m2\repository\org\eclipse\jetty\jetty-webapp\9.2.14.v20151106\jetty-webapp-9.2.14.v20151106.jar;C:\Users\yedenguele\.m2\repository\org\eclipse\jetty\jetty-xml\9.2.14.v20151106\jetty-xml-9.2.14.v20151106.jar;C:\Users\yedenguele\.m2\repository\org\eclipse\jetty\jetty-util\9.2.14.v20151106\jetty-util-9.2.14.v20151106.jar;C:\Users\yedenguele\.m2\repository\org\eclipse\jetty\jetty-servlet\9.2.14.v20151106\jetty-servlet-9.2.14.v20151106.jar;C:\Users\yedenguele\.m2\repository\org\eclipse\jetty\jetty-security\9.2.14.v20151106\jetty-security-9.2.14.v20151106.jar;C:\Users\yedenguele\.m2\repository\org\eclipse\jetty\jetty-server\9.2.14.v20151106\jetty-server-9.2.14.v20151106.jar;C:\Users\yedenguele\.m2\repository\javax\servlet\javax.servlet-api\3.1.0\javax.servlet-api-3.1.0.jar;C:\Users\yedenguele\.m2\repository\org\eclipse\jetty\jetty-http\9.2.14.v20151106\jetty-http-9.2.14.v20151106.jar;C:\Users\yedenguele\.m2\repository\org\eclipse\jetty\jetty-io\9.2.14.v20151106\jetty-io-9.2.14.v20151106.jar;'
18:01:33.421 [main] DEBUG o.s.c.e.PropertySourcesPropertyResolver - Searching for key 'user.name' in [servletConfigInitParams]
18:01:33.421 [main] DEBUG o.s.c.e.PropertySourcesPropertyResolver - Searching for key 'user.name' in [servletContextInitParams]
18:01:33.421 [main] DEBUG o.s.c.e.PropertySourcesPropertyResolver - Searching for key 'user.name' in [systemProperties]
18:01:33.421 [main] DEBUG o.s.c.e.PropertySourcesPropertyResolver - Found key 'user.name' in [systemProperties] with type [String] and value 'yedenguele'
18:01:33.421 [main] DEBUG o.s.c.e.PropertySourcesPropertyResolver - Searching for key 'java.vm.specification.version' in [servletConfigInitParams]
18:01:33.421 [main] DEBUG o.s.c.e.PropertySourcesPropertyResolver - Searching for key 'java.vm.specification.version' in [servletContextInitParams]
18:01:33.421 [main] DEBUG o.s.c.e.PropertySourcesPropertyResolver - Searching for key 'java.vm.specification.version' in [systemProperties]
18:01:33.421 [main] DEBUG o.s.c.e.PropertySourcesPropertyResolver - Found key 'java.vm.specification.version' in [systemProperties] with type [String] and value '1.8'
18:01:33.421 [main] DEBUG o.s.c.e.PropertySourcesPropertyResolver - Searching for key 'sun.java.command' in [servletConfigInitParams]
18:01:33.422 [main] DEBUG o.s.c.e.PropertySourcesPropertyResolver - Searching for key 'sun.java.command' in [servletContextInitParams]
18:01:33.422 [main] DEBUG o.s.c.e.PropertySourcesPropertyResolver - Searching for key 'sun.java.command' in [systemProperties]
18:01:33.422 [main] DEBUG o.s.c.e.PropertySourcesPropertyResolver - Found key 'sun.java.command' in [systemProperties] with type [String] and value 'C:\Users\yedenguele\yves\todo\target\surefire\surefirebooter9184103422152208635.jar C:\Users\yedenguele\yves\todo\target\surefire\surefire4012073052926401016tmp C:\Users\yedenguele\yves\todo\target\surefire\surefire_07018134679963535633tmp'
18:01:33.422 [main] DEBUG o.s.c.e.PropertySourcesPropertyResolver - Searching for key 'java.home' in [servletConfigInitParams]
18:01:33.422 [main] DEBUG o.s.c.e.PropertySourcesPropertyResolver - Searching for key 'java.home' in [servletContextInitParams]
18:01:33.422 [main] DEBUG o.s.c.e.PropertySourcesPropertyResolver - Searching for key 'java.home' in [systemProperties]
18:01:33.422 [main] DEBUG o.s.c.e.PropertySourcesPropertyResolver - Found key 'java.home' in [systemProperties] with type [String] and value 'C:\Program Files\Java\jdk1.8.0_92\jre'
18:01:33.422 [main] DEBUG o.s.c.e.PropertySourcesPropertyResolver - Searching for key 'sun.arch.data.model' in [servletConfigInitParams]
18:01:33.422 [main] DEBUG o.s.c.e.PropertySourcesPropertyResolver - Searching for key 'sun.arch.data.model' in [servletContextInitParams]
18:01:33.422 [main] DEBUG o.s.c.e.PropertySourcesPropertyResolver - Searching for key 'sun.arch.data.model' in [systemProperties]
18:01:33.425 [main] DEBUG o.s.c.e.PropertySourcesPropertyResolver - Found key 'sun.arch.data.model' in [systemProperties] with type [String] and value '64'
18:01:33.425 [main] DEBUG o.s.c.e.PropertySourcesPropertyResolver - Searching for key 'user.language' in [servletConfigInitParams]
18:01:33.425 [main] DEBUG o.s.c.e.PropertySourcesPropertyResolver - Searching for key 'user.language' in [servletContextInitParams]
18:01:33.425 [main] DEBUG o.s.c.e.PropertySourcesPropertyResolver - Searching for key 'user.language' in [systemProperties]
18:01:33.425 [main] DEBUG o.s.c.e.PropertySourcesPropertyResolver - Found key 'user.language' in [systemProperties] with type [String] and value 'fr'
18:01:33.425 [main] DEBUG o.s.c.e.PropertySourcesPropertyResolver - Searching for key 'java.specification.vendor' in [servletConfigInitParams]
18:01:33.425 [main] DEBUG o.s.c.e.PropertySourcesPropertyResolver - Searching for key 'java.specification.vendor' in [servletContextInitParams]
18:01:33.425 [main] DEBUG o.s.c.e.PropertySourcesPropertyResolver - Searching for key 'java.specification.vendor' in [systemProperties]
18:01:33.425 [main] DEBUG o.s.c.e.PropertySourcesPropertyResolver - Found key 'java.specification.vendor' in [systemProperties] with type [String] and value 'Oracle Corporation'
18:01:33.425 [main] DEBUG o.s.c.e.PropertySourcesPropertyResolver - Searching for key 'awt.toolkit' in [servletConfigInitParams]
18:01:33.426 [main] DEBUG o.s.c.e.PropertySourcesPropertyResolver - Searching for key 'awt.toolkit' in [servletContextInitParams]
18:01:33.426 [main] DEBUG o.s.c.e.PropertySourcesPropertyResolver - Searching for key 'awt.toolkit' in [systemProperties]
18:01:33.426 [main] DEBUG o.s.c.e.PropertySourcesPropertyResolver - Found key 'awt.toolkit' in [systemProperties] with type [String] and value 'sun.awt.windows.WToolkit'
18:01:33.426 [main] DEBUG o.s.c.e.PropertySourcesPropertyResolver - Searching for key 'java.vm.info' in [servletConfigInitParams]
18:01:33.426 [main] DEBUG o.s.c.e.PropertySourcesPropertyResolver - Searching for key 'java.vm.info' in [servletContextInitParams]
18:01:33.426 [main] DEBUG o.s.c.e.PropertySourcesPropertyResolver - Searching for key 'java.vm.info' in [systemProperties]
18:01:33.426 [main] DEBUG o.s.c.e.PropertySourcesPropertyResolver - Found key 'java.vm.info' in [systemProperties] with type [String] and value 'mixed mode'
18:01:33.426 [main] DEBUG o.s.c.e.PropertySourcesPropertyResolver - Searching for key 'java.version' in [servletConfigInitParams]
18:01:33.426 [main] DEBUG o.s.c.e.PropertySourcesPropertyResolver - Searching for key 'java.version' in [servletContextInitParams]
18:01:33.426 [main] DEBUG o.s.c.e.PropertySourcesPropertyResolver - Searching for key 'java.version' in [systemProperties]
18:01:33.427 [main] DEBUG o.s.c.e.PropertySourcesPropertyResolver - Found key 'java.version' in [systemProperties] with type [String] and value '1.8.0_92'
18:01:33.427 [main] DEBUG o.s.c.e.PropertySourcesPropertyResolver - Searching for key 'java.ext.dirs' in [servletConfigInitParams]
18:01:33.427 [main] DEBUG o.s.c.e.PropertySourcesPropertyResolver - Searching for key 'java.ext.dirs' in [servletContextInitParams]
18:01:33.427 [main] DEBUG o.s.c.e.PropertySourcesPropertyResolver - Searching for key 'java.ext.dirs' in [systemProperties]
18:01:33.427 [main] DEBUG o.s.c.e.PropertySourcesPropertyResolver - Found key 'java.ext.dirs' in [systemProperties] with type [String] and value 'C:\Program Files\Java\jdk1.8.0_92\jre\lib\ext;C:\Windows\Sun\Java\lib\ext'
18:01:33.427 [main] DEBUG o.s.c.e.PropertySourcesPropertyResolver - Searching for key 'sun.boot.class.path' in [servletConfigInitParams]
18:01:33.427 [main] DEBUG o.s.c.e.PropertySourcesPropertyResolver - Searching for key 'sun.boot.class.path' in [servletContextInitParams]
18:01:33.427 [main] DEBUG o.s.c.e.PropertySourcesPropertyResolver - Searching for key 'sun.boot.class.path' in [systemProperties]
18:01:33.428 [main] DEBUG o.s.c.e.PropertySourcesPropertyResolver - Found key 'sun.boot.class.path' in [systemProperties] with type [String] and value 'C:\Program Files\Java\jdk1.8.0_92\jre\lib\resources.jar;C:\Program Files\Java\jdk1.8.0_92\jre\lib\rt.jar;C:\Program Files\Java\jdk1.8.0_92\jre\lib\sunrsasign.jar;C:\Program Files\Java\jdk1.8.0_92\jre\lib\jsse.jar;C:\Program Files\Java\jdk1.8.0_92\jre\lib\jce.jar;C:\Program Files\Java\jdk1.8.0_92\jre\lib\charsets.jar;C:\Program Files\Java\jdk1.8.0_92\jre\lib\jfr.jar;C:\Program Files\Java\jdk1.8.0_92\jre\classes'
18:01:33.428 [main] DEBUG o.s.c.e.PropertySourcesPropertyResolver - Searching for key 'java.vendor' in [servletConfigInitParams]
18:01:33.428 [main] DEBUG o.s.c.e.PropertySourcesPropertyResolver - Searching for key 'java.vendor' in [servletContextInitParams]
18:01:33.428 [main] DEBUG o.s.c.e.PropertySourcesPropertyResolver - Searching for key 'java.vendor' in [systemProperties]
18:01:33.428 [main] DEBUG o.s.c.e.PropertySourcesPropertyResolver - Found key 'java.vendor' in [systemProperties] with type [String] and value 'Oracle Corporation'
18:01:33.428 [main] DEBUG o.s.c.e.PropertySourcesPropertyResolver - Searching for key 'localRepository' in [servletConfigInitParams]
18:01:33.428 [main] DEBUG o.s.c.e.PropertySourcesPropertyResolver - Searching for key 'localRepository' in [servletContextInitParams]
18:01:33.428 [main] DEBUG o.s.c.e.PropertySourcesPropertyResolver - Searching for key 'localRepository' in [systemProperties]
18:01:33.428 [main] DEBUG o.s.c.e.PropertySourcesPropertyResolver - Found key 'localRepository' in [systemProperties] with type [String] and value 'C:\Users\yedenguele\.m2\repository'
18:01:33.428 [main] DEBUG o.s.c.e.PropertySourcesPropertyResolver - Searching for key 'file.separator' in [servletConfigInitParams]
18:01:33.428 [main] DEBUG o.s.c.e.PropertySourcesPropertyResolver - Searching for key 'file.separator' in [servletContextInitParams]
18:01:33.429 [main] DEBUG o.s.c.e.PropertySourcesPropertyResolver - Searching for key 'file.separator' in [systemProperties]
18:01:33.429 [main] DEBUG o.s.c.e.PropertySourcesPropertyResolver - Found key 'file.separator' in [systemProperties] with type [String] and value '\'
18:01:33.429 [main] DEBUG o.s.c.e.PropertySourcesPropertyResolver - Searching for key 'java.vendor.url.bug' in [servletConfigInitParams]
18:01:33.429 [main] DEBUG o.s.c.e.PropertySourcesPropertyResolver - Searching for key 'java.vendor.url.bug' in [servletContextInitParams]
18:01:33.429 [main] DEBUG o.s.c.e.PropertySourcesPropertyResolver - Searching for key 'java.vendor.url.bug' in [systemProperties]
18:01:33.429 [main] DEBUG o.s.c.e.PropertySourcesPropertyResolver - Found key 'java.vendor.url.bug' in [systemProperties] with type [String] and value 'http://bugreport.sun.com/bugreport/'
18:01:33.429 [main] DEBUG o.s.c.e.PropertySourcesPropertyResolver - Searching for key 'sun.io.unicode.encoding' in [servletConfigInitParams]
18:01:33.429 [main] DEBUG o.s.c.e.PropertySourcesPropertyResolver - Searching for key 'sun.io.unicode.encoding' in [servletContextInitParams]
18:01:33.429 [main] DEBUG o.s.c.e.PropertySourcesPropertyResolver - Searching for key 'sun.io.unicode.encoding' in [systemProperties]
18:01:33.429 [main] DEBUG o.s.c.e.PropertySourcesPropertyResolver - Found key 'sun.io.unicode.encoding' in [systemProperties] with type [String] and value 'UnicodeLittle'
18:01:33.429 [main] DEBUG o.s.c.e.PropertySourcesPropertyResolver - Searching for key 'sun.cpu.endian' in [servletConfigInitParams]
18:01:33.429 [main] DEBUG o.s.c.e.PropertySourcesPropertyResolver - Searching for key 'sun.cpu.endian' in [servletContextInitParams]
18:01:33.429 [main] DEBUG o.s.c.e.PropertySourcesPropertyResolver - Searching for key 'sun.cpu.endian' in [systemProperties]
18:01:33.430 [main] DEBUG o.s.c.e.PropertySourcesPropertyResolver - Found key 'sun.cpu.endian' in [systemProperties] with type [String] and value 'little'
18:01:33.430 [main] DEBUG o.s.c.e.PropertySourcesPropertyResolver - Searching for key 'sun.desktop' in [servletConfigInitParams]
18:01:33.430 [main] DEBUG o.s.c.e.PropertySourcesPropertyResolver - Searching for key 'sun.desktop' in [servletContextInitParams]
18:01:33.430 [main] DEBUG o.s.c.e.PropertySourcesPropertyResolver - Searching for key 'sun.desktop' in [systemProperties]
18:01:33.430 [main] DEBUG o.s.c.e.PropertySourcesPropertyResolver - Found key 'sun.desktop' in [systemProperties] with type [String] and value 'windows'
18:01:33.430 [main] DEBUG o.s.c.e.PropertySourcesPropertyResolver - Searching for key 'sun.cpu.isalist' in [servletConfigInitParams]
18:01:33.430 [main] DEBUG o.s.c.e.PropertySourcesPropertyResolver - Searching for key 'sun.cpu.isalist' in [servletContextInitParams]
18:01:33.430 [main] DEBUG o.s.c.e.PropertySourcesPropertyResolver - Searching for key 'sun.cpu.isalist' in [systemProperties]
18:01:33.430 [main] DEBUG o.s.c.e.PropertySourcesPropertyResolver - Found key 'sun.cpu.isalist' in [systemProperties] with type [String] and value 'amd64'
18:01:33.431 [main] DEBUG o.s.c.e.PropertySourcesPropertyResolver - Searching for key 'PATH' in [servletConfigInitParams]
18:01:33.431 [main] DEBUG o.s.c.e.PropertySourcesPropertyResolver - Searching for key 'PATH' in [servletContextInitParams]
18:01:33.431 [main] DEBUG o.s.c.e.PropertySourcesPropertyResolver - Searching for key 'PATH' in [systemProperties]
18:01:33.431 [main] DEBUG o.s.c.e.PropertySourcesPropertyResolver - Searching for key 'PATH' in [systemEnvironment]
18:01:33.431 [main] DEBUG o.s.c.e.PropertySourcesPropertyResolver - Found key 'PATH' in [systemEnvironment] with type [String] and value 'C:\Program Files (x86)\Intel\iCLS Client\;C:\Program Files\Intel\iCLS Client\;C:\Windows\system32;C:\Windows;C:\Windows\System32\Wbem;C:\Windows\System32\WindowsPowerShell\v1.0\;C:\Program Files (x86)\Intel\Intel(R) Management Engine Components\DAL;C:\Program Files\Intel\Intel(R) Management Engine Components\DAL;C:\Program Files (x86)\Intel\Intel(R) Management Engine Components\IPT;C:\Program Files\Intel\Intel(R) Management Engine Components\IPT;C:\Program Files\Intel\WiFi\bin\;C:\Program Files\Common Files\Intel\WirelessCommon\;C:\gradle-2.12\bin;%JAVA_HOME%\bin;C:\Program Files\nodejs\;C:\apache-maven-3.3.9\bin;C:\Program Files\Git\bin;C:\Users\yedenguele\mongodb\bin;C:\Program Files (x86)\Skype\Phone\;C:\Users\yedenguele\spring-1.3.3.RELEASE\bin;C:\Users\yedenguele\AppData\Roaming\npm'
18:01:33.432 [main] DEBUG o.s.c.e.PropertySourcesPropertyResolver - Searching for key 'USERDOMAIN_ROAMINGPROFILE' in [servletConfigInitParams]
18:01:33.432 [main] DEBUG o.s.c.e.PropertySourcesPropertyResolver - Searching for key 'USERDOMAIN_ROAMINGPROFILE' in [servletContextInitParams]
18:01:33.432 [main] DEBUG o.s.c.e.PropertySourcesPropertyResolver - Searching for key 'USERDOMAIN_ROAMINGPROFILE' in [systemProperties]
18:01:33.432 [main] DEBUG o.s.c.e.PropertySourcesPropertyResolver - Searching for key 'USERDOMAIN_ROAMINGPROFILE' in [systemEnvironment]
18:01:33.432 [main] DEBUG o.s.c.e.PropertySourcesPropertyResolver - Found key 'USERDOMAIN_ROAMINGPROFILE' in [systemEnvironment] with type [String] and value 'PALOITLPT025'
18:01:33.432 [main] DEBUG o.s.c.e.PropertySourcesPropertyResolver - Searching for key 'PROCESSOR_LEVEL' in [servletConfigInitParams]
18:01:33.432 [main] DEBUG o.s.c.e.PropertySourcesPropertyResolver - Searching for key 'PROCESSOR_LEVEL' in [servletContextInitParams]
18:01:33.432 [main] DEBUG o.s.c.e.PropertySourcesPropertyResolver - Searching for key 'PROCESSOR_LEVEL' in [systemProperties]
18:01:33.432 [main] DEBUG o.s.c.e.PropertySourcesPropertyResolver - Searching for key 'PROCESSOR_LEVEL' in [systemEnvironment]
18:01:33.432 [main] DEBUG o.s.c.e.PropertySourcesPropertyResolver - Found key 'PROCESSOR_LEVEL' in [systemEnvironment] with type [String] and value '6'
18:01:33.432 [main] DEBUG o.s.c.e.PropertySourcesPropertyResolver - Searching for key 'SYSTEMDRIVE' in [servletConfigInitParams]
18:01:33.432 [main] DEBUG o.s.c.e.PropertySourcesPropertyResolver - Searching for key 'SYSTEMDRIVE' in [servletContextInitParams]
18:01:33.433 [main] DEBUG o.s.c.e.PropertySourcesPropertyResolver - Searching for key 'SYSTEMDRIVE' in [systemProperties]
18:01:33.433 [main] DEBUG o.s.c.e.PropertySourcesPropertyResolver - Searching for key 'SYSTEMDRIVE' in [systemEnvironment]
18:01:33.433 [main] DEBUG o.s.c.e.PropertySourcesPropertyResolver - Found key 'SYSTEMDRIVE' in [systemEnvironment] with type [String] and value 'C:'
18:01:33.433 [main] DEBUG o.s.c.e.PropertySourcesPropertyResolver - Searching for key 'M2' in [servletConfigInitParams]
18:01:33.433 [main] DEBUG o.s.c.e.PropertySourcesPropertyResolver - Searching for key 'M2' in [servletContextInitParams]
18:01:33.433 [main] DEBUG o.s.c.e.PropertySourcesPropertyResolver - Searching for key 'M2' in [systemProperties]
18:01:33.433 [main] DEBUG o.s.c.e.PropertySourcesPropertyResolver - Searching for key 'M2' in [systemEnvironment]
18:01:33.433 [main] DEBUG o.s.c.e.PropertySourcesPropertyResolver - Found key 'M2' in [systemEnvironment] with type [String] and value 'C:\apache-maven-3.3.9\bin'
18:01:33.433 [main] DEBUG o.s.c.e.PropertySourcesPropertyResolver - Searching for key 'M3' in [servletConfigInitParams]
18:01:33.433 [main] DEBUG o.s.c.e.PropertySourcesPropertyResolver - Searching for key 'M3' in [servletContextInitParams]
18:01:33.434 [main] DEBUG o.s.c.e.PropertySourcesPropertyResolver - Searching for key 'M3' in [systemProperties]
18:01:33.434 [main] DEBUG o.s.c.e.PropertySourcesPropertyResolver - Searching for key 'M3' in [systemEnvironment]
18:01:33.434 [main] DEBUG o.s.c.e.PropertySourcesPropertyResolver - Found key 'M3' in [systemEnvironment] with type [String] and value 'C:\gradle-2.2.1\bin'
18:01:33.434 [main] DEBUG o.s.c.e.PropertySourcesPropertyResolver - Searching for key 'SESSIONNAME' in [servletConfigInitParams]
18:01:33.434 [main] DEBUG o.s.c.e.PropertySourcesPropertyResolver - Searching for key 'SESSIONNAME' in [servletContextInitParams]
18:01:33.434 [main] DEBUG o.s.c.e.PropertySourcesPropertyResolver - Searching for key 'SESSIONNAME' in [systemProperties]
18:01:33.434 [main] DEBUG o.s.c.e.PropertySourcesPropertyResolver - Searching for key 'SESSIONNAME' in [systemEnvironment]
18:01:33.434 [main] DEBUG o.s.c.e.PropertySourcesPropertyResolver - Found key 'SESSIONNAME' in [systemEnvironment] with type [String] and value 'Console'
18:01:33.434 [main] DEBUG o.s.c.e.PropertySourcesPropertyResolver - Searching for key 'ALLUSERSPROFILE' in [servletConfigInitParams]
18:01:33.434 [main] DEBUG o.s.c.e.PropertySourcesPropertyResolver - Searching for key 'ALLUSERSPROFILE' in [servletContextInitParams]
18:01:33.434 [main] DEBUG o.s.c.e.PropertySourcesPropertyResolver - Searching for key 'ALLUSERSPROFILE' in [systemProperties]
18:01:33.435 [main] DEBUG o.s.c.e.PropertySourcesPropertyResolver - Searching for key 'ALLUSERSPROFILE' in [systemEnvironment]
18:01:33.435 [main] DEBUG o.s.c.e.PropertySourcesPropertyResolver - Found key 'ALLUSERSPROFILE' in [systemEnvironment] with type [String] and value 'C:\ProgramData'
18:01:33.435 [main] DEBUG o.s.c.e.PropertySourcesPropertyResolver - Searching for key 'PROCESSOR_ARCHITECTURE' in [servletConfigInitParams]
18:01:33.435 [main] DEBUG o.s.c.e.PropertySourcesPropertyResolver - Searching for key 'PROCESSOR_ARCHITECTURE' in [servletContextInitParams]
18:01:33.435 [main] DEBUG o.s.c.e.PropertySourcesPropertyResolver - Searching for key 'PROCESSOR_ARCHITECTURE' in [systemProperties]
18:01:33.435 [main] DEBUG o.s.c.e.PropertySourcesPropertyResolver - Searching for key 'PROCESSOR_ARCHITECTURE' in [systemEnvironment]
18:01:33.435 [main] DEBUG o.s.c.e.PropertySourcesPropertyResolver - Found key 'PROCESSOR_ARCHITECTURE' in [systemEnvironment] with type [String] and value 'AMD64'
18:01:33.436 [main] DEBUG o.s.c.e.PropertySourcesPropertyResolver - Searching for key 'NB_EXEC_MAVEN_PROCESS_UUID' in [servletConfigInitParams]
18:01:33.436 [main] DEBUG o.s.c.e.PropertySourcesPropertyResolver - Searching for key 'NB_EXEC_MAVEN_PROCESS_UUID' in [servletContextInitParams]
18:01:33.436 [main] DEBUG o.s.c.e.PropertySourcesPropertyResolver - Searching for key 'NB_EXEC_MAVEN_PROCESS_UUID' in [systemProperties]
18:01:33.436 [main] DEBUG o.s.c.e.PropertySourcesPropertyResolver - Searching for key 'NB_EXEC_MAVEN_PROCESS_UUID' in [systemEnvironment]
18:01:33.436 [main] DEBUG o.s.c.e.PropertySourcesPropertyResolver - Found key 'NB_EXEC_MAVEN_PROCESS_UUID' in [systemEnvironment] with type [String] and value 'bd16a5f7-5b6b-4777-8c21-af970d26bc4b'
18:01:33.436 [main] DEBUG o.s.c.e.PropertySourcesPropertyResolver - Searching for key 'PROGRAMFILES' in [servletConfigInitParams]
18:01:33.436 [main] DEBUG o.s.c.e.PropertySourcesPropertyResolver - Searching for key 'PROGRAMFILES' in [servletContextInitParams]
18:01:33.436 [main] DEBUG o.s.c.e.PropertySourcesPropertyResolver - Searching for key 'PROGRAMFILES' in [systemProperties]
18:01:33.436 [main] DEBUG o.s.c.e.PropertySourcesPropertyResolver - Searching for key 'PROGRAMFILES' in [systemEnvironment]
18:01:33.437 [main] DEBUG o.s.c.e.PropertySourcesPropertyResolver - Found key 'PROGRAMFILES' in [systemEnvironment] with type [String] and value 'C:\Program Files'
18:01:33.437 [main] DEBUG o.s.c.e.PropertySourcesPropertyResolver - Searching for key 'PSMODULEPATH' in [servletConfigInitParams]
18:01:33.437 [main] DEBUG o.s.c.e.PropertySourcesPropertyResolver - Searching for key 'PSMODULEPATH' in [servletContextInitParams]
18:01:33.437 [main] DEBUG o.s.c.e.PropertySourcesPropertyResolver - Searching for key 'PSMODULEPATH' in [systemProperties]
18:01:33.437 [main] DEBUG o.s.c.e.PropertySourcesPropertyResolver - Searching for key 'PSMODULEPATH' in [systemEnvironment]
18:01:33.437 [main] DEBUG o.s.c.e.PropertySourcesPropertyResolver - Found key 'PSMODULEPATH' in [systemEnvironment] with type [String] and value 'C:\Program Files\WindowsPowerShell\Modules;C:\Windows\system32\WindowsPowerShell\v1.0\Modules'
18:01:33.437 [main] DEBUG o.s.c.e.PropertySourcesPropertyResolver - Searching for key 'PROGRAMDATA' in [servletConfigInitParams]
18:01:33.437 [main] DEBUG o.s.c.e.PropertySourcesPropertyResolver - Searching for key 'PROGRAMDATA' in [servletContextInitParams]
18:01:33.438 [main] DEBUG o.s.c.e.PropertySourcesPropertyResolver - Searching for key 'PROGRAMDATA' in [systemProperties]
18:01:33.438 [main] DEBUG o.s.c.e.PropertySourcesPropertyResolver - Searching for key 'PROGRAMDATA' in [systemEnvironment]
18:01:33.438 [main] DEBUG o.s.c.e.PropertySourcesPropertyResolver - Found key 'PROGRAMDATA' in [systemEnvironment] with type [String] and value 'C:\ProgramData'
18:01:33.438 [main] DEBUG o.s.c.e.PropertySourcesPropertyResolver - Searching for key 'USERNAME' in [servletConfigInitParams]
18:01:33.438 [main] DEBUG o.s.c.e.PropertySourcesPropertyResolver - Searching for key 'USERNAME' in [servletContextInitParams]
18:01:33.441 [main] DEBUG o.s.c.e.PropertySourcesPropertyResolver - Searching for key 'USERNAME' in [systemProperties]
18:01:33.442 [main] DEBUG o.s.c.e.PropertySourcesPropertyResolver - Searching for key 'USERNAME' in [systemEnvironment]
18:01:33.442 [main] DEBUG o.s.c.e.PropertySourcesPropertyResolver - Found key 'USERNAME' in [systemEnvironment] with type [String] and value 'yedenguele'
18:01:33.442 [main] DEBUG o.s.c.e.PropertySourcesPropertyResolver - Searching for key 'SIRIUS_ROOT' in [servletConfigInitParams]
18:01:33.443 [main] DEBUG o.s.c.e.PropertySourcesPropertyResolver - Searching for key 'SIRIUS_ROOT' in [servletContextInitParams]
18:01:33.443 [main] DEBUG o.s.c.e.PropertySourcesPropertyResolver - Searching for key 'SIRIUS_ROOT' in [systemProperties]
18:01:33.443 [main] DEBUG o.s.c.e.PropertySourcesPropertyResolver - Searching for key 'SIRIUS_ROOT' in [systemEnvironment]
18:01:33.443 [main] DEBUG o.s.c.e.PropertySourcesPropertyResolver - Found key 'SIRIUS_ROOT' in [systemEnvironment] with type [String] and value 'C:\Users\yedenguele\git\Sirius'
18:01:33.443 [main] DEBUG o.s.c.e.PropertySourcesPropertyResolver - Searching for key 'PATHEXT' in [servletConfigInitParams]
18:01:33.443 [main] DEBUG o.s.c.e.PropertySourcesPropertyResolver - Searching for key 'PATHEXT' in [servletContextInitParams]
18:01:33.443 [main] DEBUG o.s.c.e.PropertySourcesPropertyResolver - Searching for key 'PATHEXT' in [systemProperties]
18:01:33.443 [main] DEBUG o.s.c.e.PropertySourcesPropertyResolver - Searching for key 'PATHEXT' in [systemEnvironment]
18:01:33.444 [main] DEBUG o.s.c.e.PropertySourcesPropertyResolver - Found key 'PATHEXT' in [systemEnvironment] with type [String] and value '.COM;.EXE;.BAT;.CMD;.VBS;.VBE;.JS;.JSE;.WSF;.WSH;.MSC'
18:01:33.444 [main] DEBUG o.s.c.e.PropertySourcesPropertyResolver - Searching for key 'CLASSWORLDS_JAR' in [servletConfigInitParams]
18:01:33.444 [main] DEBUG o.s.c.e.PropertySourcesPropertyResolver - Searching for key 'CLASSWORLDS_JAR' in [servletContextInitParams]
18:01:33.445 [main] DEBUG o.s.c.e.PropertySourcesPropertyResolver - Searching for key 'CLASSWORLDS_JAR' in [systemProperties]
18:01:33.446 [main] DEBUG o.s.c.e.PropertySourcesPropertyResolver - Searching for key 'CLASSWORLDS_JAR' in [systemEnvironment]
18:01:33.447 [main] DEBUG o.s.c.e.PropertySourcesPropertyResolver - Found key 'CLASSWORLDS_JAR' in [systemEnvironment] with type [String] and value '"C:\Program Files\NetBeans 8.1\java\maven\boot\plexus-classworlds-2.4.jar"'
18:01:33.447 [main] DEBUG o.s.c.e.PropertySourcesPropertyResolver - Searching for key 'WINDIR' in [servletConfigInitParams]
18:01:33.447 [main] DEBUG o.s.c.e.PropertySourcesPropertyResolver - Searching for key 'WINDIR' in [servletContextInitParams]
18:01:33.448 [main] DEBUG o.s.c.e.PropertySourcesPropertyResolver - Searching for key 'WINDIR' in [systemProperties]
18:01:33.448 [main] DEBUG o.s.c.e.PropertySourcesPropertyResolver - Searching for key 'WINDIR' in [systemEnvironment]
18:01:33.449 [main] DEBUG o.s.c.e.PropertySourcesPropertyResolver - Found key 'WINDIR' in [systemEnvironment] with type [String] and value 'C:\Windows'
18:01:33.449 [main] DEBUG o.s.c.e.PropertySourcesPropertyResolver - Searching for key 'HOMEPATH' in [servletConfigInitParams]
18:01:33.449 [main] DEBUG o.s.c.e.PropertySourcesPropertyResolver - Searching for key 'HOMEPATH' in [servletContextInitParams]
18:01:33.449 [main] DEBUG o.s.c.e.PropertySourcesPropertyResolver - Searching for key 'HOMEPATH' in [systemProperties]
18:01:33.449 [main] DEBUG o.s.c.e.PropertySourcesPropertyResolver - Searching for key 'HOMEPATH' in [systemEnvironment]
18:01:33.449 [main] DEBUG o.s.c.e.PropertySourcesPropertyResolver - Found key 'HOMEPATH' in [systemEnvironment] with type [String] and value '\Users\yedenguele'
18:01:33.449 [main] DEBUG o.s.c.e.PropertySourcesPropertyResolver - Searching for key 'PROCESSOR_IDENTIFIER' in [servletConfigInitParams]
18:01:33.450 [main] DEBUG o.s.c.e.PropertySourcesPropertyResolver - Searching for key 'PROCESSOR_IDENTIFIER' in [servletContextInitParams]
18:01:33.450 [main] DEBUG o.s.c.e.PropertySourcesPropertyResolver - Searching for key 'PROCESSOR_IDENTIFIER' in [systemProperties]
18:01:33.450 [main] DEBUG o.s.c.e.PropertySourcesPropertyResolver - Searching for key 'PROCESSOR_IDENTIFIER' in [systemEnvironment]
18:01:33.450 [main] DEBUG o.s.c.e.PropertySourcesPropertyResolver - Found key 'PROCESSOR_IDENTIFIER' in [systemEnvironment] with type [String] and value 'Intel64 Family 6 Model 78 Stepping 3, GenuineIntel'
18:01:33.450 [main] DEBUG o.s.c.e.PropertySourcesPropertyResolver - Searching for key 'M2_HOME' in [servletConfigInitParams]
18:01:33.450 [main] DEBUG o.s.c.e.PropertySourcesPropertyResolver - Searching for key 'M2_HOME' in [servletContextInitParams]
18:01:33.451 [main] DEBUG o.s.c.e.PropertySourcesPropertyResolver - Searching for key 'M2_HOME' in [systemProperties]
18:01:33.451 [main] DEBUG o.s.c.e.PropertySourcesPropertyResolver - Searching for key 'M2_HOME' in [systemEnvironment]
18:01:33.451 [main] DEBUG o.s.c.e.PropertySourcesPropertyResolver - Found key 'M2_HOME' in [systemEnvironment] with type [String] and value 'C:\Program Files\NetBeans 8.1\java\maven'
18:01:33.451 [main] DEBUG o.s.c.e.PropertySourcesPropertyResolver - Searching for key 'MAVEN_JAVA_EXE' in [servletConfigInitParams]
18:01:33.451 [main] DEBUG o.s.c.e.PropertySourcesPropertyResolver - Searching for key 'MAVEN_JAVA_EXE' in [servletContextInitParams]
18:01:33.451 [main] DEBUG o.s.c.e.PropertySourcesPropertyResolver - Searching for key 'MAVEN_JAVA_EXE' in [systemProperties]
18:01:33.451 [main] DEBUG o.s.c.e.PropertySourcesPropertyResolver - Searching for key 'MAVEN_JAVA_EXE' in [systemEnvironment]
18:01:33.451 [main] DEBUG o.s.c.e.PropertySourcesPropertyResolver - Found key 'MAVEN_JAVA_EXE' in [systemEnvironment] with type [String] and value '"C:\Program Files\Java\jdk1.8.0_92\bin\java.exe"'
18:01:33.451 [main] DEBUG o.s.c.e.PropertySourcesPropertyResolver - Searching for key 'PUBLIC' in [servletConfigInitParams]
18:01:33.452 [main] DEBUG o.s.c.e.PropertySourcesPropertyResolver - Searching for key 'PUBLIC' in [servletContextInitParams]
18:01:33.452 [main] DEBUG o.s.c.e.PropertySourcesPropertyResolver - Searching for key 'PUBLIC' in [systemProperties]
18:01:33.452 [main] DEBUG o.s.c.e.PropertySourcesPropertyResolver - Searching for key 'PUBLIC' in [systemEnvironment]
18:01:33.452 [main] DEBUG o.s.c.e.PropertySourcesPropertyResolver - Found key 'PUBLIC' in [systemEnvironment] with type [String] and value 'C:\Users\Public'
18:01:33.452 [main] DEBUG o.s.c.e.PropertySourcesPropertyResolver - Searching for key '=::' in [servletConfigInitParams]
18:01:33.452 [main] DEBUG o.s.c.e.PropertySourcesPropertyResolver - Searching for key '=::' in [servletContextInitParams]
18:01:33.452 [main] DEBUG o.s.c.e.PropertySourcesPropertyResolver - Searching for key '=::' in [systemProperties]
18:01:33.452 [main] DEBUG o.s.c.e.PropertySourcesPropertyResolver - Searching for key '=::' in [systemEnvironment]
18:01:33.452 [main] DEBUG o.s.c.e.PropertySourcesPropertyResolver - Found key '=::' in [systemEnvironment] with type [String] and value '::\'
18:01:33.453 [main] DEBUG o.s.c.e.PropertySourcesPropertyResolver - Searching for key 'LOCALAPPDATA' in [servletConfigInitParams]
18:01:33.453 [main] DEBUG o.s.c.e.PropertySourcesPropertyResolver - Searching for key 'LOCALAPPDATA' in [servletContextInitParams]
18:01:33.453 [main] DEBUG o.s.c.e.PropertySourcesPropertyResolver - Searching for key 'LOCALAPPDATA' in [systemProperties]
18:01:33.453 [main] DEBUG o.s.c.e.PropertySourcesPropertyResolver - Searching for key 'LOCALAPPDATA' in [systemEnvironment]
18:01:33.454 [main] DEBUG o.s.c.e.PropertySourcesPropertyResolver - Found key 'LOCALAPPDATA' in [systemEnvironment] with type [String] and value 'C:\Users\yedenguele\AppData\Local'
18:01:33.454 [main] DEBUG o.s.c.e.PropertySourcesPropertyResolver - Searching for key 'COMMONPROGRAMFILES(X86)' in [servletConfigInitParams]
18:01:33.454 [main] DEBUG o.s.c.e.PropertySourcesPropertyResolver - Searching for key 'COMMONPROGRAMFILES(X86)' in [servletContextInitParams]
18:01:33.454 [main] DEBUG o.s.c.e.PropertySourcesPropertyResolver - Searching for key 'COMMONPROGRAMFILES(X86)' in [systemProperties]
18:01:33.454 [main] DEBUG o.s.c.e.PropertySourcesPropertyResolver - Searching for key 'COMMONPROGRAMFILES(X86)' in [systemEnvironment]
18:01:33.454 [main] DEBUG o.s.c.e.PropertySourcesPropertyResolver - Found key 'COMMONPROGRAMFILES(X86)' in [systemEnvironment] with type [String] and value 'C:\Program Files (x86)\Common Files'
18:01:33.455 [main] DEBUG o.s.c.e.PropertySourcesPropertyResolver - Searching for key 'USERDOMAIN' in [servletConfigInitParams]
18:01:33.455 [main] DEBUG o.s.c.e.PropertySourcesPropertyResolver - Searching for key 'USERDOMAIN' in [servletContextInitParams]
18:01:33.455 [main] DEBUG o.s.c.e.PropertySourcesPropertyResolver - Searching for key 'USERDOMAIN' in [systemProperties]
18:01:33.455 [main] DEBUG o.s.c.e.PropertySourcesPropertyResolver - Searching for key 'USERDOMAIN' in [systemEnvironment]
18:01:33.455 [main] DEBUG o.s.c.e.PropertySourcesPropertyResolver - Found key 'USERDOMAIN' in [systemEnvironment] with type [String] and value 'PALOITLPT025'
18:01:33.455 [main] DEBUG o.s.c.e.PropertySourcesPropertyResolver - Searching for key 'LOGONSERVER' in [servletConfigInitParams]
18:01:33.455 [main] DEBUG o.s.c.e.PropertySourcesPropertyResolver - Searching for key 'LOGONSERVER' in [servletContextInitParams]
18:01:33.455 [main] DEBUG o.s.c.e.PropertySourcesPropertyResolver - Searching for key 'LOGONSERVER' in [systemProperties]
18:01:33.455 [main] DEBUG o.s.c.e.PropertySourcesPropertyResolver - Searching for key 'LOGONSERVER' in [systemEnvironment]
18:01:33.455 [main] DEBUG o.s.c.e.PropertySourcesPropertyResolver - Found key 'LOGONSERVER' in [systemEnvironment] with type [String] and value '\\PALOITLPT025'
18:01:33.456 [main] DEBUG o.s.c.e.PropertySourcesPropertyResolver - Searching for key 'JAVA_HOME' in [servletConfigInitParams]
18:01:33.456 [main] DEBUG o.s.c.e.PropertySourcesPropertyResolver - Searching for key 'JAVA_HOME' in [servletContextInitParams]
18:01:33.456 [main] DEBUG o.s.c.e.PropertySourcesPropertyResolver - Searching for key 'JAVA_HOME' in [systemProperties]
18:01:33.456 [main] DEBUG o.s.c.e.PropertySourcesPropertyResolver - Searching for key 'JAVA_HOME' in [systemEnvironment]
18:01:33.456 [main] DEBUG o.s.c.e.PropertySourcesPropertyResolver - Found key 'JAVA_HOME' in [systemEnvironment] with type [String] and value 'C:\Program Files\Java\jdk1.8.0_92'
18:01:33.456 [main] DEBUG o.s.c.e.PropertySourcesPropertyResolver - Searching for key 'PROMPT' in [servletConfigInitParams]
18:01:33.456 [main] DEBUG o.s.c.e.PropertySourcesPropertyResolver - Searching for key 'PROMPT' in [servletContextInitParams]
18:01:33.456 [main] DEBUG o.s.c.e.PropertySourcesPropertyResolver - Searching for key 'PROMPT' in [systemProperties]
18:01:33.456 [main] DEBUG o.s.c.e.PropertySourcesPropertyResolver - Searching for key 'PROMPT' in [systemEnvironment]
18:01:33.456 [main] DEBUG o.s.c.e.PropertySourcesPropertyResolver - Found key 'PROMPT' in [systemEnvironment] with type [String] and value '$P$G'
18:01:33.456 [main] DEBUG o.s.c.e.PropertySourcesPropertyResolver - Searching for key 'PROGRAMFILES(X86)' in [servletConfigInitParams]
18:01:33.457 [main] DEBUG o.s.c.e.PropertySourcesPropertyResolver - Searching for key 'PROGRAMFILES(X86)' in [servletContextInitParams]
18:01:33.457 [main] DEBUG o.s.c.e.PropertySourcesPropertyResolver - Searching for key 'PROGRAMFILES(X86)' in [systemProperties]
18:01:33.457 [main] DEBUG o.s.c.e.PropertySourcesPropertyResolver - Searching for key 'PROGRAMFILES(X86)' in [systemEnvironment]
18:01:33.457 [main] DEBUG o.s.c.e.PropertySourcesPropertyResolver - Found key 'PROGRAMFILES(X86)' in [systemEnvironment] with type [String] and value 'C:\Program Files (x86)'
18:01:33.458 [main] DEBUG o.s.c.e.PropertySourcesPropertyResolver - Searching for key 'ERROR_CODE' in [servletConfigInitParams]
18:01:33.458 [main] DEBUG o.s.c.e.PropertySourcesPropertyResolver - Searching for key 'ERROR_CODE' in [servletContextInitParams]
18:01:33.458 [main] DEBUG o.s.c.e.PropertySourcesPropertyResolver - Searching for key 'ERROR_CODE' in [systemProperties]
18:01:33.458 [main] DEBUG o.s.c.e.PropertySourcesPropertyResolver - Searching for key 'ERROR_CODE' in [systemEnvironment]
18:01:33.458 [main] DEBUG o.s.c.e.PropertySourcesPropertyResolver - Found key 'ERROR_CODE' in [systemEnvironment] with type [String] and value '0'
18:01:33.458 [main] DEBUG o.s.c.e.PropertySourcesPropertyResolver - Searching for key 'GRADLE_HOME' in [servletConfigInitParams]
18:01:33.459 [main] DEBUG o.s.c.e.PropertySourcesPropertyResolver - Searching for key 'GRADLE_HOME' in [servletContextInitParams]
18:01:33.459 [main] DEBUG o.s.c.e.PropertySourcesPropertyResolver - Searching for key 'GRADLE_HOME' in [systemProperties]
18:01:33.459 [main] DEBUG o.s.c.e.PropertySourcesPropertyResolver - Searching for key 'GRADLE_HOME' in [systemEnvironment]
18:01:33.459 [main] DEBUG o.s.c.e.PropertySourcesPropertyResolver - Found key 'GRADLE_HOME' in [systemEnvironment] with type [String] and value 'C:\gradle-2.2.1'
18:01:33.460 [main] DEBUG o.s.c.e.PropertySourcesPropertyResolver - Searching for key '=C:' in [servletConfigInitParams]
18:01:33.460 [main] DEBUG o.s.c.e.PropertySourcesPropertyResolver - Searching for key '=C:' in [servletContextInitParams]
18:01:33.460 [main] DEBUG o.s.c.e.PropertySourcesPropertyResolver - Searching for key '=C:' in [systemProperties]
18:01:33.460 [main] DEBUG o.s.c.e.PropertySourcesPropertyResolver - Searching for key '=C:' in [systemEnvironment]
18:01:33.461 [main] DEBUG o.s.c.e.PropertySourcesPropertyResolver - Found key '=C:' in [systemEnvironment] with type [String] and value 'C:\Users\yedenguele\yves\todo'
18:01:33.461 [main] DEBUG o.s.c.e.PropertySourcesPropertyResolver - Searching for key 'APPDATA' in [servletConfigInitParams]
18:01:33.461 [main] DEBUG o.s.c.e.PropertySourcesPropertyResolver - Searching for key 'APPDATA' in [servletContextInitParams]
18:01:33.461 [main] DEBUG o.s.c.e.PropertySourcesPropertyResolver - Searching for key 'APPDATA' in [systemProperties]
18:01:33.462 [main] DEBUG o.s.c.e.PropertySourcesPropertyResolver - Searching for key 'APPDATA' in [systemEnvironment]
18:01:33.462 [main] DEBUG o.s.c.e.PropertySourcesPropertyResolver - Found key 'APPDATA' in [systemEnvironment] with type [String] and value 'C:\Users\yedenguele\AppData\Roaming'
18:01:33.462 [main] DEBUG o.s.c.e.PropertySourcesPropertyResolver - Searching for key 'PROGRAMW6432' in [servletConfigInitParams]
18:01:33.462 [main] DEBUG o.s.c.e.PropertySourcesPropertyResolver - Searching for key 'PROGRAMW6432' in [servletContextInitParams]
18:01:33.463 [main] DEBUG o.s.c.e.PropertySourcesPropertyResolver - Searching for key 'PROGRAMW6432' in [systemProperties]
18:01:33.463 [main] DEBUG o.s.c.e.PropertySourcesPropertyResolver - Searching for key 'PROGRAMW6432' in [systemEnvironment]
18:01:33.463 [main] DEBUG o.s.c.e.PropertySourcesPropertyResolver - Found key 'PROGRAMW6432' in [systemEnvironment] with type [String] and value 'C:\Program Files'
18:01:33.464 [main] DEBUG o.s.c.e.PropertySourcesPropertyResolver - Searching for key 'SYSTEMROOT' in [servletConfigInitParams]
18:01:33.464 [main] DEBUG o.s.c.e.PropertySourcesPropertyResolver - Searching for key 'SYSTEMROOT' in [servletContextInitParams]
18:01:33.464 [main] DEBUG o.s.c.e.PropertySourcesPropertyResolver - Searching for key 'SYSTEMROOT' in [systemProperties]
18:01:33.464 [main] DEBUG o.s.c.e.PropertySourcesPropertyResolver - Searching for key 'SYSTEMROOT' in [systemEnvironment]
18:01:33.464 [main] DEBUG o.s.c.e.PropertySourcesPropertyResolver - Found key 'SYSTEMROOT' in [systemEnvironment] with type [String] and value 'C:\Windows'
18:01:33.465 [main] DEBUG o.s.c.e.PropertySourcesPropertyResolver - Searching for key 'MAVEN_CMD_LINE_ARGS' in [servletConfigInitParams]
18:01:33.465 [main] DEBUG o.s.c.e.PropertySourcesPropertyResolver - Searching for key 'MAVEN_CMD_LINE_ARGS' in [servletContextInitParams]
18:01:33.465 [main] DEBUG o.s.c.e.PropertySourcesPropertyResolver - Searching for key 'MAVEN_CMD_LINE_ARGS' in [systemProperties]
18:01:33.465 [main] DEBUG o.s.c.e.PropertySourcesPropertyResolver - Searching for key 'MAVEN_CMD_LINE_ARGS' in [systemEnvironment]
18:01:33.465 [main] DEBUG o.s.c.e.PropertySourcesPropertyResolver - Found key 'MAVEN_CMD_LINE_ARGS' in [systemEnvironment] with type [String] and value '-Dtest=com.todolist.TodoCtrlTest -Dmaven.ext.class.path="C:\Program Files\NetBeans 8.1\java\maven-nblib\netbeans-eventspy.jar" -Dfile.encoding=UTF-8 surefire:test'
18:01:33.466 [main] DEBUG o.s.c.e.PropertySourcesPropertyResolver - Searching for key 'NETBEANSPROJECTMAPPINGS' in [servletConfigInitParams]
18:01:33.466 [main] DEBUG o.s.c.e.PropertySourcesPropertyResolver - Searching for key 'NETBEANSPROJECTMAPPINGS' in [servletContextInitParams]
18:01:33.466 [main] DEBUG o.s.c.e.PropertySourcesPropertyResolver - Searching for key 'NETBEANSPROJECTMAPPINGS' in [systemProperties]
18:01:33.466 [main] DEBUG o.s.c.e.PropertySourcesPropertyResolver - Searching for key 'NETBEANSPROJECTMAPPINGS' in [systemEnvironment]
18:01:33.466 [main] DEBUG o.s.c.e.PropertySourcesPropertyResolver - Found key 'NETBEANSPROJECTMAPPINGS' in [systemEnvironment] with type [String] and value ''
18:01:33.467 [main] DEBUG o.s.c.e.PropertySourcesPropertyResolver - Searching for key 'OS' in [servletConfigInitParams]
18:01:33.467 [main] DEBUG o.s.c.e.PropertySourcesPropertyResolver - Searching for key 'OS' in [servletContextInitParams]
18:01:33.467 [main] DEBUG o.s.c.e.PropertySourcesPropertyResolver - Searching for key 'OS' in [systemProperties]
18:01:33.467 [main] DEBUG o.s.c.e.PropertySourcesPropertyResolver - Searching for key 'OS' in [systemEnvironment]
18:01:33.467 [main] DEBUG o.s.c.e.PropertySourcesPropertyResolver - Found key 'OS' in [systemEnvironment] with type [String] and value 'Windows_NT'
18:01:33.468 [main] DEBUG o.s.c.e.PropertySourcesPropertyResolver - Searching for key 'COMMONPROGRAMW6432' in [servletConfigInitParams]
18:01:33.468 [main] DEBUG o.s.c.e.PropertySourcesPropertyResolver - Searching for key 'COMMONPROGRAMW6432' in [servletContextInitParams]
18:01:33.468 [main] DEBUG o.s.c.e.PropertySourcesPropertyResolver - Searching for key 'COMMONPROGRAMW6432' in [systemProperties]
18:01:33.468 [main] DEBUG o.s.c.e.PropertySourcesPropertyResolver - Searching for key 'COMMONPROGRAMW6432' in [systemEnvironment]
18:01:33.468 [main] DEBUG o.s.c.e.PropertySourcesPropertyResolver - Found key 'COMMONPROGRAMW6432' in [systemEnvironment] with type [String] and value 'C:\Program Files\Common Files'
18:01:33.468 [main] DEBUG o.s.c.e.PropertySourcesPropertyResolver - Searching for key 'COMPUTERNAME' in [servletConfigInitParams]
18:01:33.468 [main] DEBUG o.s.c.e.PropertySourcesPropertyResolver - Searching for key 'COMPUTERNAME' in [servletContextInitParams]
18:01:33.468 [main] DEBUG o.s.c.e.PropertySourcesPropertyResolver - Searching for key 'COMPUTERNAME' in [systemProperties]
18:01:33.468 [main] DEBUG o.s.c.e.PropertySourcesPropertyResolver - Searching for key 'COMPUTERNAME' in [systemEnvironment]
18:01:33.468 [main] DEBUG o.s.c.e.PropertySourcesPropertyResolver - Found key 'COMPUTERNAME' in [systemEnvironment] with type [String] and value 'PALOITLPT025'
18:01:33.469 [main] DEBUG o.s.c.e.PropertySourcesPropertyResolver - Searching for key 'COMMONPROGRAMFILES' in [servletConfigInitParams]
18:01:33.469 [main] DEBUG o.s.c.e.PropertySourcesPropertyResolver - Searching for key 'COMMONPROGRAMFILES' in [servletContextInitParams]
18:01:33.469 [main] DEBUG o.s.c.e.PropertySourcesPropertyResolver - Searching for key 'COMMONPROGRAMFILES' in [systemProperties]
18:01:33.469 [main] DEBUG o.s.c.e.PropertySourcesPropertyResolver - Searching for key 'COMMONPROGRAMFILES' in [systemEnvironment]
18:01:33.469 [main] DEBUG o.s.c.e.PropertySourcesPropertyResolver - Found key 'COMMONPROGRAMFILES' in [systemEnvironment] with type [String] and value 'C:\Program Files\Common Files'
18:01:33.469 [main] DEBUG o.s.c.e.PropertySourcesPropertyResolver - Searching for key 'COMSPEC' in [servletConfigInitParams]
18:01:33.469 [main] DEBUG o.s.c.e.PropertySourcesPropertyResolver - Searching for key 'COMSPEC' in [servletContextInitParams]
18:01:33.469 [main] DEBUG o.s.c.e.PropertySourcesPropertyResolver - Searching for key 'COMSPEC' in [systemProperties]
18:01:33.469 [main] DEBUG o.s.c.e.PropertySourcesPropertyResolver - Searching for key 'COMSPEC' in [systemEnvironment]
18:01:33.470 [main] DEBUG o.s.c.e.PropertySourcesPropertyResolver - Found key 'COMSPEC' in [systemEnvironment] with type [String] and value 'C:\Windows\system32\cmd.exe'
18:01:33.470 [main] DEBUG o.s.c.e.PropertySourcesPropertyResolver - Searching for key 'PROCESSOR_REVISION' in [servletConfigInitParams]
18:01:33.470 [main] DEBUG o.s.c.e.PropertySourcesPropertyResolver - Searching for key 'PROCESSOR_REVISION' in [servletContextInitParams]
18:01:33.470 [main] DEBUG o.s.c.e.PropertySourcesPropertyResolver - Searching for key 'PROCESSOR_REVISION' in [systemProperties]
18:01:33.470 [main] DEBUG o.s.c.e.PropertySourcesPropertyResolver - Searching for key 'PROCESSOR_REVISION' in [systemEnvironment]
18:01:33.470 [main] DEBUG o.s.c.e.PropertySourcesPropertyResolver - Found key 'PROCESSOR_REVISION' in [systemEnvironment] with type [String] and value '4e03'
18:01:33.471 [main] DEBUG o.s.c.e.PropertySourcesPropertyResolver - Searching for key 'CLASSWORLDS_LAUNCHER' in [servletConfigInitParams]
18:01:33.471 [main] DEBUG o.s.c.e.PropertySourcesPropertyResolver - Searching for key 'CLASSWORLDS_LAUNCHER' in [servletContextInitParams]
18:01:33.471 [main] DEBUG o.s.c.e.PropertySourcesPropertyResolver - Searching for key 'CLASSWORLDS_LAUNCHER' in [systemProperties]
18:01:33.471 [main] DEBUG o.s.c.e.PropertySourcesPropertyResolver - Searching for key 'CLASSWORLDS_LAUNCHER' in [systemEnvironment]
18:01:33.472 [main] DEBUG o.s.c.e.PropertySourcesPropertyResolver - Found key 'CLASSWORLDS_LAUNCHER' in [systemEnvironment] with type [String] and value 'org.codehaus.plexus.classworlds.launcher.Launcher'
18:01:33.472 [main] DEBUG o.s.c.e.PropertySourcesPropertyResolver - Searching for key 'TEMP' in [servletConfigInitParams]
18:01:33.472 [main] DEBUG o.s.c.e.PropertySourcesPropertyResolver - Searching for key 'TEMP' in [servletContextInitParams]
18:01:33.472 [main] DEBUG o.s.c.e.PropertySourcesPropertyResolver - Searching for key 'TEMP' in [systemProperties]
18:01:33.473 [main] DEBUG o.s.c.e.PropertySourcesPropertyResolver - Searching for key 'TEMP' in [systemEnvironment]
18:01:33.473 [main] DEBUG o.s.c.e.PropertySourcesPropertyResolver - Found key 'TEMP' in [systemEnvironment] with type [String] and value 'C:\Users\YEDENG~1\AppData\Local\Temp'
18:01:33.473 [main] DEBUG o.s.c.e.PropertySourcesPropertyResolver - Searching for key 'HOMEDRIVE' in [servletConfigInitParams]
18:01:33.473 [main] DEBUG o.s.c.e.PropertySourcesPropertyResolver - Searching for key 'HOMEDRIVE' in [servletContextInitParams]
18:01:33.474 [main] DEBUG o.s.c.e.PropertySourcesPropertyResolver - Searching for key 'HOMEDRIVE' in [systemProperties]
18:01:33.474 [main] DEBUG o.s.c.e.PropertySourcesPropertyResolver - Searching for key 'HOMEDRIVE' in [systemEnvironment]
18:01:33.474 [main] DEBUG o.s.c.e.PropertySourcesPropertyResolver - Found key 'HOMEDRIVE' in [systemEnvironment] with type [String] and value 'C:'
18:01:33.474 [main] DEBUG o.s.c.e.PropertySourcesPropertyResolver - Searching for key 'USERPROFILE' in [servletConfigInitParams]
18:01:33.475 [main] DEBUG o.s.c.e.PropertySourcesPropertyResolver - Searching for key 'USERPROFILE' in [servletContextInitParams]
18:01:33.475 [main] DEBUG o.s.c.e.PropertySourcesPropertyResolver - Searching for key 'USERPROFILE' in [systemProperties]
18:01:33.475 [main] DEBUG o.s.c.e.PropertySourcesPropertyResolver - Searching for key 'USERPROFILE' in [systemEnvironment]
18:01:33.475 [main] DEBUG o.s.c.e.PropertySourcesPropertyResolver - Found key 'USERPROFILE' in [systemEnvironment] with type [String] and value 'C:\Users\yedenguele'
18:01:33.476 [main] DEBUG o.s.c.e.PropertySourcesPropertyResolver - Searching for key 'TMP' in [servletConfigInitParams]
18:01:33.476 [main] DEBUG o.s.c.e.PropertySourcesPropertyResolver - Searching for key 'TMP' in [servletContextInitParams]
18:01:33.476 [main] DEBUG o.s.c.e.PropertySourcesPropertyResolver - Searching for key 'TMP' in [systemProperties]
18:01:33.476 [main] DEBUG o.s.c.e.PropertySourcesPropertyResolver - Searching for key 'TMP' in [systemEnvironment]
18:01:33.477 [main] DEBUG o.s.c.e.PropertySourcesPropertyResolver - Found key 'TMP' in [systemEnvironment] with type [String] and value 'C:\Users\YEDENG~1\AppData\Local\Temp'
18:01:33.477 [main] DEBUG o.s.c.e.PropertySourcesPropertyResolver - Searching for key 'NUMBER_OF_PROCESSORS' in [servletConfigInitParams]
18:01:33.478 [main] DEBUG o.s.c.e.PropertySourcesPropertyResolver - Searching for key 'NUMBER_OF_PROCESSORS' in [servletContextInitParams]
18:01:33.478 [main] DEBUG o.s.c.e.PropertySourcesPropertyResolver - Searching for key 'NUMBER_OF_PROCESSORS' in [systemProperties]
18:01:33.478 [main] DEBUG o.s.c.e.PropertySourcesPropertyResolver - Searching for key 'NUMBER_OF_PROCESSORS' in [systemEnvironment]
18:01:33.479 [main] DEBUG o.s.c.e.PropertySourcesPropertyResolver - Found key 'NUMBER_OF_PROCESSORS' in [systemEnvironment] with type [String] and value '4'
18:01:33.479 [main] DEBUG o.s.c.e.PropertySourcesPropertyResolver - Searching for key 'HOME' in [servletConfigInitParams]
18:01:33.479 [main] DEBUG o.s.c.e.PropertySourcesPropertyResolver - Searching for key 'HOME' in [servletContextInitParams]
18:01:33.479 [main] DEBUG o.s.c.e.PropertySourcesPropertyResolver - Searching for key 'HOME' in [systemProperties]
18:01:33.480 [main] DEBUG o.s.c.e.PropertySourcesPropertyResolver - Searching for key 'HOME' in [systemEnvironment]
18:01:33.480 [main] DEBUG o.s.c.e.PropertySourcesPropertyResolver - Found key 'HOME' in [systemEnvironment] with type [String] and value 'C:\Users\yedenguele'
18:01:33.490 [main] DEBUG o.s.b.f.s.DefaultListableBeanFactory - Returning cached instance of singleton bean 'autoConfigurationReport'
18:01:33.503 [main] DEBUG o.s.b.f.s.DefaultListableBeanFactory - Returning cached instance of singleton bean 'autoConfigurationReport'
18:01:33.514 [main] DEBUG o.s.b.f.s.DefaultListableBeanFactory - Returning cached instance of singleton bean 'autoConfigurationReport'
18:01:33.518 [main] DEBUG o.s.b.f.s.DefaultListableBeanFactory - Returning cached instance of singleton bean 'autoConfigurationReport'
18:01:33.518 [main] DEBUG o.s.b.f.s.DefaultListableBeanFactory - Returning cached instance of singleton bean 'autoConfigurationReport'
18:01:33.521 [main] DEBUG o.s.b.f.s.DefaultListableBeanFactory - Returning cached instance of singleton bean 'autoConfigurationReport'
18:01:33.523 [main] DEBUG o.s.b.f.s.DefaultListableBeanFactory - Returning cached instance of singleton bean 'autoConfigurationReport'
18:01:33.525 [main] DEBUG o.s.b.f.s.DefaultListableBeanFactory - Returning cached instance of singleton bean 'autoConfigurationReport'
18:01:33.526 [main] DEBUG o.s.b.f.s.DefaultListableBeanFactory - Returning cached instance of singleton bean 'autoConfigurationReport'
18:01:33.527 [main] DEBUG o.s.b.f.s.DefaultListableBeanFactory - Returning cached instance of singleton bean 'autoConfigurationReport'
18:01:33.530 [main] DEBUG o.s.b.f.s.DefaultListableBeanFactory - Returning cached instance of singleton bean 'autoConfigurationReport'
18:01:33.531 [main] DEBUG o.s.b.f.s.DefaultListableBeanFactory - Returning cached instance of singleton bean 'autoConfigurationReport'
18:01:33.531 [main] DEBUG o.s.b.f.s.DefaultListableBeanFactory - Returning cached instance of singleton bean 'autoConfigurationReport'
18:01:33.533 [main] DEBUG o.s.b.f.s.DefaultListableBeanFactory - Returning cached instance of singleton bean 'autoConfigurationReport'
18:01:33.534 [main] DEBUG o.s.b.f.s.DefaultListableBeanFactory - Returning cached instance of singleton bean 'autoConfigurationReport'
18:01:33.537 [main] DEBUG o.s.b.f.s.DefaultListableBeanFactory - Returning cached instance of singleton bean 'autoConfigurationReport'
18:01:33.556 [main] DEBUG o.s.b.f.s.DefaultListableBeanFactory - Returning cached instance of singleton bean 'autoConfigurationReport'
18:01:33.561 [main] DEBUG o.s.b.f.s.DefaultListableBeanFactory - Returning cached instance of singleton bean 'autoConfigurationReport'
18:01:33.563 [main] DEBUG o.s.b.f.s.DefaultListableBeanFactory - Returning cached instance of singleton bean 'autoConfigurationReport'
18:01:33.565 [main] DEBUG o.s.b.f.s.DefaultListableBeanFactory - Returning cached instance of singleton bean 'autoConfigurationReport'
18:01:33.566 [main] DEBUG o.s.b.f.s.DefaultListableBeanFactory - Returning cached instance of singleton bean 'autoConfigurationReport'
18:01:33.566 [main] DEBUG o.s.b.f.s.DefaultListableBeanFactory - Returning cached instance of singleton bean 'autoConfigurationReport'
18:01:33.571 [main] DEBUG o.s.b.f.s.DefaultListableBeanFactory - Returning cached instance of singleton bean 'autoConfigurationReport'
18:01:33.571 [main] DEBUG o.s.b.f.s.DefaultListableBeanFactory - Returning cached instance of singleton bean 'autoConfigurationReport'
18:01:33.573 [main] DEBUG o.s.b.f.s.DefaultListableBeanFactory - Returning cached instance of singleton bean 'autoConfigurationReport'
18:01:33.579 [main] DEBUG o.s.b.f.s.DefaultListableBeanFactory - Returning cached instance of singleton bean 'autoConfigurationReport'
18:01:33.580 [main] DEBUG o.s.b.f.s.DefaultListableBeanFactory - Returning cached instance of singleton bean 'autoConfigurationReport'
18:01:33.581 [main] DEBUG o.s.b.f.s.DefaultListableBeanFactory - Returning cached instance of singleton bean 'autoConfigurationReport'
18:01:33.586 [main] DEBUG o.s.b.f.s.DefaultListableBeanFactory - Returning cached instance of singleton bean 'autoConfigurationReport'
18:01:33.588 [main] DEBUG o.s.b.f.s.DefaultListableBeanFactory - Returning cached instance of singleton bean 'autoConfigurationReport'
18:01:33.589 [main] DEBUG o.s.b.f.s.DefaultListableBeanFactory - Returning cached instance of singleton bean 'autoConfigurationReport'
18:01:33.593 [main] DEBUG o.s.b.f.s.DefaultListableBeanFactory - Returning cached instance of singleton bean 'autoConfigurationReport'
18:01:33.595 [main] DEBUG o.s.b.f.s.DefaultListableBeanFactory - Returning cached instance of singleton bean 'autoConfigurationReport'
18:01:33.597 [main] DEBUG o.s.b.f.s.DefaultListableBeanFactory - Returning cached instance of singleton bean 'autoConfigurationReport'
18:01:33.599 [main] DEBUG o.s.b.f.s.DefaultListableBeanFactory - Returning cached instance of singleton bean 'autoConfigurationReport'
18:01:33.602 [main] DEBUG o.s.b.f.s.DefaultListableBeanFactory - Returning cached instance of singleton bean 'autoConfigurationReport'
18:01:33.603 [main] DEBUG o.s.b.f.s.DefaultListableBeanFactory - Returning cached instance of singleton bean 'autoConfigurationReport'
18:01:33.611 [main] DEBUG o.s.b.f.s.DefaultListableBeanFactory - Returning cached instance of singleton bean 'autoConfigurationReport'
18:01:33.626 [main] DEBUG o.s.b.f.s.DefaultListableBeanFactory - Returning cached instance of singleton bean 'autoConfigurationReport'
18:01:33.627 [main] DEBUG o.s.b.f.s.DefaultListableBeanFactory - Returning cached instance of singleton bean 'autoConfigurationReport'
18:01:33.638 [main] DEBUG o.s.b.f.s.DefaultListableBeanFactory - Returning cached instance of singleton bean 'autoConfigurationReport'
18:01:33.646 [main] DEBUG o.s.b.f.s.DefaultListableBeanFactory - Returning cached instance of singleton bean 'autoConfigurationReport'
18:01:33.652 [main] DEBUG o.s.b.f.s.DefaultListableBeanFactory - Returning cached instance of singleton bean 'autoConfigurationReport'
18:01:33.658 [main] DEBUG o.s.b.f.s.DefaultListableBeanFactory - Returning cached instance of singleton bean 'autoConfigurationReport'
18:01:33.659 [main] DEBUG o.s.b.f.s.DefaultListableBeanFactory - Returning cached instance of singleton bean 'autoConfigurationReport'
18:01:33.660 [main] DEBUG o.s.b.f.s.DefaultListableBeanFactory - Returning cached instance of singleton bean 'autoConfigurationReport'
18:01:33.662 [main] DEBUG o.s.b.f.s.DefaultListableBeanFactory - Returning cached instance of singleton bean 'autoConfigurationReport'
18:01:33.665 [main] DEBUG o.s.b.f.s.DefaultListableBeanFactory - Returning cached instance of singleton bean 'autoConfigurationReport'
18:01:33.673 [main] DEBUG o.s.b.f.s.DefaultListableBeanFactory - Returning cached instance of singleton bean 'autoConfigurationReport'
18:01:33.674 [main] DEBUG o.s.b.f.s.DefaultListableBeanFactory - Returning cached instance of singleton bean 'autoConfigurationReport'
18:01:33.674 [main] DEBUG o.s.b.f.s.DefaultListableBeanFactory - Returning cached instance of singleton bean 'autoConfigurationReport'
18:01:33.678 [main] DEBUG o.s.b.f.s.DefaultListableBeanFactory - Returning cached instance of singleton bean 'autoConfigurationReport'
18:01:33.679 [main] DEBUG o.s.b.f.s.DefaultListableBeanFactory - Returning cached instance of singleton bean 'autoConfigurationReport'
18:01:33.681 [main] DEBUG o.s.b.f.s.DefaultListableBeanFactory - Returning cached instance of singleton bean 'autoConfigurationReport'
18:01:33.683 [main] DEBUG o.s.b.f.s.DefaultListableBeanFactory - Returning cached instance of singleton bean 'autoConfigurationReport'
18:01:33.683 [main] DEBUG o.s.b.f.s.DefaultListableBeanFactory - Returning cached instance of singleton bean 'autoConfigurationReport'
18:01:33.691 [main] DEBUG o.s.core.env.StandardEnvironment - Adding [systemProperties] PropertySource with lowest search precedence
18:01:33.693 [main] DEBUG o.s.core.env.StandardEnvironment - Adding [systemEnvironment] PropertySource with lowest search precedence
18:01:33.693 [main] DEBUG o.s.core.env.StandardEnvironment - Initialized StandardEnvironment with PropertySources [systemProperties,systemEnvironment]
18:01:33.696 [main] DEBUG o.s.c.i.s.PathMatchingResourcePatternResolver - Looking for matching resources in jar file [file:/C:/Users/yedenguele/.m2/repository/org/springframework/data/spring-data-mongodb/1.8.2.RELEASE/spring-data-mongodb-1.8.2.RELEASE.jar]
18:01:33.721 [main] DEBUG o.s.c.i.s.PathMatchingResourcePatternResolver - Looking for matching resources in jar file [file:/C:/Users/yedenguele/.m2/repository/org/springframework/data/spring-data-commons/1.11.2.RELEASE/spring-data-commons-1.11.2.RELEASE.jar]
18:01:33.742 [main] DEBUG o.s.c.i.s.PathMatchingResourcePatternResolver - Resolved location pattern [classpath*:org/springframework/data/**/*.class] to resources [URL [jar:file:/C:/Users/yedenguele/.m2/repository/org/springframework/data/spring-data-mongodb/1.8.2.RELEASE/spring-data-mongodb-1.8.2.RELEASE.jar!/org/springframework/data/mongodb/CannotGetMongoDbConnectionException.class], URL [jar:file:/C:/Users/yedenguele/.m2/repository/org/springframework/data/spring-data-mongodb/1.8.2.RELEASE/spring-data-mongodb-1.8.2.RELEASE.jar!/org/springframework/data/mongodb/MongoDbFactory.class], URL [jar:file:/C:/Users/yedenguele/.m2/repository/org/springframework/data/spring-data-mongodb/1.8.2.RELEASE/spring-data-mongodb-1.8.2.RELEASE.jar!/org/springframework/data/mongodb/repository/cdi/MongoRepositoryBean.class], URL [jar:file:/C:/Users/yedenguele/.m2/repository/org/springframework/data/spring-data-mongodb/1.8.2.RELEASE/spring-data-mongodb-1.8.2.RELEASE.jar!/org/springframework/data/mongodb/repository/cdi/MongoRepositoryExtension.class], URL [jar:file:/C:/Users/yedenguele/.m2/repository/org/springframework/data/spring-data-mongodb/1.8.2.RELEASE/spring-data-mongodb-1.8.2.RELEASE.jar!/org/springframework/data/mongodb/repository/Meta.class], URL [jar:file:/C:/Users/yedenguele/.m2/repository/org/springframework/data/spring-data-mongodb/1.8.2.RELEASE/spring-data-mongodb-1.8.2.RELEASE.jar!/org/springframework/data/mongodb/repository/Query.class], URL [jar:file:/C:/Users/yedenguele/.m2/repository/org/springframework/data/spring-data-mongodb/1.8.2.RELEASE/spring-data-mongodb-1.8.2.RELEASE.jar!/org/springframework/data/mongodb/repository/MongoRepository.class], URL [jar:file:/C:/Users/yedenguele/.m2/repository/org/springframework/data/spring-data-mongodb/1.8.2.RELEASE/spring-data-mongodb-1.8.2.RELEASE.jar!/org/springframework/data/mongodb/repository/support/SpringDataMongodbSerializer.class], URL [jar:file:/C:/Users/yedenguele/.m2/repository/org/springframework/data/spring-data-mongodb/1.8.2.RELEASE/spring-data-mongodb-1.8.2.RELEASE.jar!/org/springframework/data/mongodb/repository/support/SpringDataMongodbQuery$1.class], URL [jar:file:/C:/Users/yedenguele/.m2/repository/org/springframework/data/spring-data-mongodb/1.8.2.RELEASE/spring-data-mongodb-1.8.2.RELEASE.jar!/org/springframework/data/mongodb/repository/support/SimpleMongoRepository.class], URL [jar:file:/C:/Users/yedenguele/.m2/repository/org/springframework/data/spring-data-mongodb/1.8.2.RELEASE/spring-data-mongodb-1.8.2.RELEASE.jar!/org/springframework/data/mongodb/repository/support/MappingMongoEntityInformation.class], URL [jar:file:/C:/Users/yedenguele/.m2/repository/org/springframework/data/spring-data-mongodb/1.8.2.RELEASE/spring-data-mongodb-1.8.2.RELEASE.jar!/org/springframework/data/mongodb/repository/support/QueryDslMongoRepository.class], URL [jar:file:/C:/Users/yedenguele/.m2/repository/org/springframework/data/spring-data-mongodb/1.8.2.RELEASE/spring-data-mongodb-1.8.2.RELEASE.jar!/org/springframework/data/mongodb/repository/support/SpringDataMongodbQuery.class], URL [jar:file:/C:/Users/yedenguele/.m2/repository/org/springframework/data/spring-data-mongodb/1.8.2.RELEASE/spring-data-mongodb-1.8.2.RELEASE.jar!/org/springframework/data/mongodb/repository/support/MongoRepositoryFactory$MongoQueryLookupStrategy.class], URL [jar:file:/C:/Users/yedenguele/.m2/repository/org/springframework/data/spring-data-mongodb/1.8.2.RELEASE/spring-data-mongodb-1.8.2.RELEASE.jar!/org/springframework/data/mongodb/repository/support/MongoRepositoryFactory.class], URL [jar:file:/C:/Users/yedenguele/.m2/repository/org/springframework/data/spring-data-mongodb/1.8.2.RELEASE/spring-data-mongodb-1.8.2.RELEASE.jar!/org/springframework/data/mongodb/repository/support/MongoRepositoryFactoryBean.class], URL [jar:file:/C:/Users/yedenguele/.m2/repository/org/springframework/data/spring-data-mongodb/1.8.2.RELEASE/spring-data-mongodb-1.8.2.RELEASE.jar!/org/springframework/data/mongodb/repository/support/MongoAnnotationProcessor.class], URL [jar:file:/C:/Users/yedenguele/.m2/repository/org/springframework/data/spring-data-mongodb/1.8.2.RELEASE/spring-data-mongodb-1.8.2.RELEASE.jar!/org/springframework/data/mongodb/repository/support/IndexEnsuringQueryCreationListener.class], URL [jar:file:/C:/Users/yedenguele/.m2/repository/org/springframework/data/spring-data-mongodb/1.8.2.RELEASE/spring-data-mongodb-1.8.2.RELEASE.jar!/org/springframework/data/mongodb/repository/support/QuerydslRepositorySupport.class], URL [jar:file:/C:/Users/yedenguele/.m2/repository/org/springframework/data/spring-data-mongodb/1.8.2.RELEASE/spring-data-mongodb-1.8.2.RELEASE.jar!/org/springframework/data/mongodb/repository/query/PartTreeMongoQuery.class], URL [jar:file:/C:/Users/yedenguele/.m2/repository/org/springframework/data/spring-data-mongodb/1.8.2.RELEASE/spring-data-mongodb-1.8.2.RELEASE.jar!/org/springframework/data/mongodb/repository/query/MongoQueryCreator$1.class], URL [jar:file:/C:/Users/yedenguele/.m2/repository/org/springframework/data/spring-data-mongodb/1.8.2.RELEASE/spring-data-mongodb-1.8.2.RELEASE.jar!/org/springframework/data/mongodb/repository/query/MongoQueryCreator.class], URL [jar:file:/C:/Users/yedenguele/.m2/repository/org/springframework/data/spring-data-mongodb/1.8.2.RELEASE/spring-data-mongodb-1.8.2.RELEASE.jar!/org/springframework/data/mongodb/repository/query/MongoParameters$MongoParameter.class], URL [jar:file:/C:/Users/yedenguele/.m2/repository/org/springframework/data/spring-data-mongodb/1.8.2.RELEASE/spring-data-mongodb-1.8.2.RELEASE.jar!/org/springframework/data/mongodb/repository/query/MongoQueryMethod.class], URL [jar:file:/C:/Users/yedenguele/.m2/repository/org/springframework/data/spring-data-mongodb/1.8.2.RELEASE/spring-data-mongodb-1.8.2.RELEASE.jar!/org/springframework/data/mongodb/repository/query/ConvertingParameterAccessor$ConvertingIterator.class], URL [jar:file:/C:/Users/yedenguele/.m2/repository/org/springframework/data/spring-data-mongodb/1.8.2.RELEASE/spring-data-mongodb-1.8.2.RELEASE.jar!/org/springframework/data/mongodb/repository/query/AbstractMongoQuery$DeleteExecution.class], URL [jar:file:/C:/Users/yedenguele/.m2/repository/org/springframework/data/spring-data-mongodb/1.8.2.RELEASE/spring-data-mongodb-1.8.2.RELEASE.jar!/org/springframework/data/mongodb/repository/query/AbstractMongoQuery$SlicedExecution.class], URL [jar:file:/C:/Users/yedenguele/.m2/repository/org/springframework/data/spring-data-mongodb/1.8.2.RELEASE/spring-data-mongodb-1.8.2.RELEASE.jar!/org/springframework/data/mongodb/repository/query/MongoEntityMetadata.class], URL [jar:file:/C:/Users/yedenguele/.m2/repository/org/springframework/data/spring-data-mongodb/1.8.2.RELEASE/spring-data-mongodb-1.8.2.RELEASE.jar!/org/springframework/data/mongodb/repository/query/AbstractMongoQuery.class], URL [jar:file:/C:/Users/yedenguele/.m2/repository/org/springframework/data/spring-data-mongodb/1.8.2.RELEASE/spring-data-mongodb-1.8.2.RELEASE.jar!/org/springframework/data/mongodb/repository/query/SimpleMongoEntityMetadata.class], URL [jar:file:/C:/Users/yedenguele/.m2/repository/org/springframework/data/spring-data-mongodb/1.8.2.RELEASE/spring-data-mongodb-1.8.2.RELEASE.jar!/org/springframework/data/mongodb/repository/query/AbstractMongoQuery$Execution.class], URL [jar:file:/C:/Users/yedenguele/.m2/repository/org/springframework/data/spring-data-mongodb/1.8.2.RELEASE/spring-data-mongodb-1.8.2.RELEASE.jar!/org/springframework/data/mongodb/repository/query/AbstractMongoQuery$1.class], URL [jar:file:/C:/Users/yedenguele/.m2/repository/org/springframework/data/spring-data-mongodb/1.8.2.RELEASE/spring-data-mongodb-1.8.2.RELEASE.jar!/org/springframework/data/mongodb/repository/query/MongoParametersParameterAccessor.class], URL [jar:file:/C:/Users/yedenguele/.m2/repository/org/springframework/data/spring-data-mongodb/1.8.2.RELEASE/spring-data-mongodb-1.8.2.RELEASE.jar!/org/springframework/data/mongodb/repository/query/QueryUtils.class], URL [jar:file:/C:/Users/yedenguele/.m2/repository/org/springframework/data/spring-data-mongodb/1.8.2.RELEASE/spring-data-mongodb-1.8.2.RELEASE.jar!/org/springframework/data/mongodb/repository/query/StringBasedMongoQuery$ParameterBinding.class], URL [jar:file:/C:/Users/yedenguele/.m2/repository/org/springframework/data/spring-data-mongodb/1.8.2.RELEASE/spring-data-mongodb-1.8.2.RELEASE.jar!/org/springframework/data/mongodb/repository/query/MongoParameters.class], URL [jar:file:/C:/Users/yedenguele/.m2/repository/org/springframework/data/spring-data-mongodb/1.8.2.RELEASE/spring-data-mongodb-1.8.2.RELEASE.jar!/org/springframework/data/mongodb/repository/query/StringBasedMongoQuery$ParameterBindingParser.class], URL [jar:file:/C:/Users/yedenguele/.m2/repository/org/springframework/data/spring-data-mongodb/1.8.2.RELEASE/spring-data-mongodb-1.8.2.RELEASE.jar!/org/springframework/data/mongodb/repository/query/StringBasedMongoQuery.class], URL [jar:file:/C:/Users/yedenguele/.m2/repository/org/springframework/data/spring-data-mongodb/1.8.2.RELEASE/spring-data-mongodb-1.8.2.RELEASE.jar!/org/springframework/data/mongodb/repository/query/MongoParameterAccessor.class], URL [jar:file:/C:/Users/yedenguele/.m2/repository/org/springframework/data/spring-data-mongodb/1.8.2.RELEASE/spring-data-mongodb-1.8.2.RELEASE.jar!/org/springframework/data/mongodb/repository/query/AbstractMongoQuery$PagedExecution.class], URL [jar:file:/C:/Users/yedenguele/.m2/repository/org/springframework/data/spring-data-mongodb/1.8.2.RELEASE/spring-data-mongodb-1.8.2.RELEASE.jar!/org/springframework/data/mongodb/repository/query/AbstractMongoQuery$GeoNearExecution.class], URL [jar:file:/C:/Users/yedenguele/.m2/repository/org/springframework/data/spring-data-mongodb/1.8.2.RELEASE/spring-data-mongodb-1.8.2.RELEASE.jar!/org/springframework/data/mongodb/repository/query/ConvertingParameterAccessor$PotentiallyConvertingIterator.class], URL [jar:file:/C:/Users/yedenguele/.m2/repository/org/springframework/data/spring-data-mongodb/1.8.2.RELEASE/spring-data-mongodb-1.8.2.RELEASE.jar!/org/springframework/data/mongodb/repository/query/AbstractMongoQuery$CollectionExecution.class], URL [jar:file:/C:/Users/yedenguele/.m2/repository/org/springframework/data/spring-data-mongodb/1.8.2.RELEASE/spring-data-mongodb-1.8.2.RELEASE.jar!/org/springframework/data/mongodb/repository/query/MongoEntityInformation.class], URL [jar:file:/C:/Users/yedenguele/.m2/repository/org/springframework/data/spring-data-mongodb/1.8.2.RELEASE/spring-data-mongodb-1.8.2.RELEASE.jar!/org/springframework/data/mongodb/repository/query/ConvertingParameterAccessor.class], URL [jar:file:/C:/Users/yedenguele/.m2/repository/org/springframework/data/spring-data-mongodb/1.8.2.RELEASE/spring-data-mongodb-1.8.2.RELEASE.jar!/org/springframework/data/mongodb/repository/query/AbstractMongoQuery$StreamExecution.class], URL [jar:file:/C:/Users/yedenguele/.m2/repository/org/springframework/data/spring-data-mongodb/1.8.2.RELEASE/spring-data-mongodb-1.8.2.RELEASE.jar!/org/springframework/data/mongodb/repository/query/AbstractMongoQuery$SingleEntityExecution.class], URL [jar:file:/C:/Users/yedenguele/.m2/repository/org/springframework/data/spring-data-mongodb/1.8.2.RELEASE/spring-data-mongodb-1.8.2.RELEASE.jar!/org/springframework/data/mongodb/repository/config/EnableMongoRepositories.class], URL [jar:file:/C:/Users/yedenguele/.m2/repository/org/springframework/data/spring-data-mongodb/1.8.2.RELEASE/spring-data-mongodb-1.8.2.RELEASE.jar!/org/springframework/data/mongodb/repository/config/MongoRepositoryConfigNamespaceHandler.class], URL [jar:file:/C:/Users/yedenguele/.m2/repository/org/springframework/data/spring-data-mongodb/1.8.2.RELEASE/spring-data-mongodb-1.8.2.RELEASE.jar!/org/springframework/data/mongodb/repository/config/MongoRepositoryConfigurationExtension.class], URL [jar:file:/C:/Users/yedenguele/.m2/repository/org/springframework/data/spring-data-mongodb/1.8.2.RELEASE/spring-data-mongodb-1.8.2.RELEASE.jar!/org/springframework/data/mongodb/repository/config/MongoRepositoriesRegistrar.class], URL [jar:file:/C:/Users/yedenguele/.m2/repository/org/springframework/data/spring-data-mongodb/1.8.2.RELEASE/spring-data-mongodb-1.8.2.RELEASE.jar!/org/springframework/data/mongodb/repository/Near.class], URL [jar:file:/C:/Users/yedenguele/.m2/repository/org/springframework/data/spring-data-mongodb/1.8.2.RELEASE/spring-data-mongodb-1.8.2.RELEASE.jar!/org/springframework/data/mongodb/util/DBObjectUtils.class], URL [jar:file:/C:/Users/yedenguele/.m2/repository/org/springframework/data/spring-data-mongodb/1.8.2.RELEASE/spring-data-mongodb-1.8.2.RELEASE.jar!/org/springframework/data/mongodb/util/MongoClientVersion.class], URL [jar:file:/C:/Users/yedenguele/.m2/repository/org/springframework/data/spring-data-mongodb/1.8.2.RELEASE/spring-data-mongodb-1.8.2.RELEASE.jar!/org/springframework/data/mongodb/gridfs/GridFsResource.class], URL [jar:file:/C:/Users/yedenguele/.m2/repository/org/springframework/data/spring-data-mongodb/1.8.2.RELEASE/spring-data-mongodb-1.8.2.RELEASE.jar!/org/springframework/data/mongodb/gridfs/GridFsCriteria.class], URL [jar:file:/C:/Users/yedenguele/.m2/repository/org/springframework/data/spring-data-mongodb/1.8.2.RELEASE/spring-data-mongodb-1.8.2.RELEASE.jar!/org/springframework/data/mongodb/gridfs/AntPath.class], URL [jar:file:/C:/Users/yedenguele/.m2/repository/org/springframework/data/spring-data-mongodb/1.8.2.RELEASE/spring-data-mongodb-1.8.2.RELEASE.jar!/org/springframework/data/mongodb/gridfs/GridFsTemplate.class], URL [jar:file:/C:/Users/yedenguele/.m2/repository/org/springframework/data/spring-data-mongodb/1.8.2.RELEASE/spring-data-mongodb-1.8.2.RELEASE.jar!/org/springframework/data/mongodb/gridfs/GridFsOperations.class], URL [jar:file:/C:/Users/yedenguele/.m2/repository/org/springframework/data/spring-data-mongodb/1.8.2.RELEASE/spring-data-mongodb-1.8.2.RELEASE.jar!/org/springframework/data/mongodb/InvalidMongoDbApiUsageException.class], URL [jar:file:/C:/Users/yedenguele/.m2/repository/org/springframework/data/spring-data-mongodb/1.8.2.RELEASE/spring-data-mongodb-1.8.2.RELEASE.jar!/org/springframework/data/mongodb/UncategorizedMongoDbException.class], URL [jar:file:/C:/Users/yedenguele/.m2/repository/org/springframework/data/spring-data-mongodb/1.8.2.RELEASE/spring-data-mongodb-1.8.2.RELEASE.jar!/org/springframework/data/mongodb/config/MongoAuditingBeanDefinitionParser.class], URL [jar:file:/C:/Users/yedenguele/.m2/repository/org/springframework/data/spring-data-mongodb/1.8.2.RELEASE/spring-data-mongodb-1.8.2.RELEASE.jar!/org/springframework/data/mongodb/config/MongoJmxParser.class], URL [jar:file:/C:/Users/yedenguele/.m2/repository/org/springframework/data/spring-data-mongodb/1.8.2.RELEASE/spring-data-mongodb-1.8.2.RELEASE.jar!/org/springframework/data/mongodb/config/GridFsTemplateParser.class], URL [jar:file:/C:/Users/yedenguele/.m2/repository/org/springframework/data/spring-data-mongodb/1.8.2.RELEASE/spring-data-mongodb-1.8.2.RELEASE.jar!/org/springframework/data/mongodb/config/EnableMongoAuditing.class], URL [jar:file:/C:/Users/yedenguele/.m2/repository/org/springframework/data/spring-data-mongodb/1.8.2.RELEASE/spring-data-mongodb-1.8.2.RELEASE.jar!/org/springframework/data/mongodb/config/MongoParsingUtils.class], URL [jar:file:/C:/Users/yedenguele/.m2/repository/org/springframework/data/spring-data-mongodb/1.8.2.RELEASE/spring-data-mongodb-1.8.2.RELEASE.jar!/org/springframework/data/mongodb/config/MongoClientParser.class], URL [jar:file:/C:/Users/yedenguele/.m2/repository/org/springframework/data/spring-data-mongodb/1.8.2.RELEASE/spring-data-mongodb-1.8.2.RELEASE.jar!/org/springframework/data/mongodb/config/MongoTemplateParser.class], URL [jar:file:/C:/Users/yedenguele/.m2/repository/org/springframework/data/spring-data-mongodb/1.8.2.RELEASE/spring-data-mongodb-1.8.2.RELEASE.jar!/org/springframework/data/mongodb/config/BeanNames.class], URL [jar:file:/C:/Users/yedenguele/.m2/repository/org/springframework/data/spring-data-mongodb/1.8.2.RELEASE/spring-data-mongodb-1.8.2.RELEASE.jar!/org/springframework/data/mongodb/config/AbstractMongoConfiguration.class], URL [jar:file:/C:/Users/yedenguele/.m2/repository/org/springframework/data/spring-data-mongodb/1.8.2.RELEASE/spring-data-mongodb-1.8.2.RELEASE.jar!/org/springframework/data/mongodb/config/ReadPreferencePropertyEditor.class], URL [jar:file:/C:/Users/yedenguele/.m2/repository/org/springframework/data/spring-data-mongodb/1.8.2.RELEASE/spring-data-mongodb-1.8.2.RELEASE.jar!/org/springframework/data/mongodb/config/WriteConcernPropertyEditor.class], URL [jar:file:/C:/Users/yedenguele/.m2/repository/org/springframework/data/spring-data-mongodb/1.8.2.RELEASE/spring-data-mongodb-1.8.2.RELEASE.jar!/org/springframework/data/mongodb/config/MongoNamespaceHandler.class], URL [jar:file:/C:/Users/yedenguele/.m2/repository/org/springframework/data/spring-data-mongodb/1.8.2.RELEASE/spring-data-mongodb-1.8.2.RELEASE.jar!/org/springframework/data/mongodb/config/MongoAuditingRegistrar.class], URL [jar:file:/C:/Users/yedenguele/.m2/repository/org/springframework/data/spring-data-mongodb/1.8.2.RELEASE/spring-data-mongodb-1.8.2.RELEASE.jar!/org/springframework/data/mongodb/config/MongoCredentialPropertyEditor.class], URL [jar:file:/C:/Users/yedenguele/.m2/repository/org/springframework/data/spring-data-mongodb/1.8.2.RELEASE/spring-data-mongodb-1.8.2.RELEASE.jar!/org/springframework/data/mongodb/config/MappingMongoConverterParser$NegatingFilter.class], URL [jar:file:/C:/Users/yedenguele/.m2/repository/org/springframework/data/spring-data-mongodb/1.8.2.RELEASE/spring-data-mongodb-1.8.2.RELEASE.jar!/org/springframework/data/mongodb/config/MongoDbFactoryParser.class], URL [jar:file:/C:/Users/yedenguele/.m2/repository/org/springframework/data/spring-data-mongodb/1.8.2.RELEASE/spring-data-mongodb-1.8.2.RELEASE.jar!/org/springframework/data/mongodb/config/MappingMongoConverterParser.class], URL [jar:file:/C:/Users/yedenguele/.m2/repository/org/springframework/data/spring-data-mongodb/1.8.2.RELEASE/spring-data-mongodb-1.8.2.RELEASE.jar!/org/springframework/data/mongodb/config/MongoParser.class], URL [jar:file:/C:/Users/yedenguele/.m2/repository/org/springframework/data/spring-data-mongodb/1.8.2.RELEASE/spring-data-mongodb-1.8.2.RELEASE.jar!/org/springframework/data/mongodb/config/StringToWriteConcernConverter.class], URL [jar:file:/C:/Users/yedenguele/.m2/repository/org/springframework/data/spring-data-mongodb/1.8.2.RELEASE/spring-data-mongodb-1.8.2.RELEASE.jar!/org/springframework/data/mongodb/config/ServerAddressPropertyEditor.class], URL [jar:file:/C:/Users/yedenguele/.m2/repository/org/springframework/data/spring-data-mongodb/1.8.2.RELEASE/spring-data-mongodb-1.8.2.RELEASE.jar!/org/springframework/data/mongodb/monitor/OperationCounters.class], URL [jar:file:/C:/Users/yedenguele/.m2/repository/org/springframework/data/spring-data-mongodb/1.8.2.RELEASE/spring-data-mongodb-1.8.2.RELEASE.jar!/org/springframework/data/mongodb/monitor/ServerInfo.class], URL [jar:file:/C:/Users/yedenguele/.m2/repository/org/springframework/data/spring-data-mongodb/1.8.2.RELEASE/spring-data-mongodb-1.8.2.RELEASE.jar!/org/springframework/data/mongodb/monitor/AbstractMonitor.class], URL [jar:file:/C:/Users/yedenguele/.m2/repository/org/springframework/data/spring-data-mongodb/1.8.2.RELEASE/spring-data-mongodb-1.8.2.RELEASE.jar!/org/springframework/data/mongodb/monitor/ConnectionMetrics.class], URL [jar:file:/C:/Users/yedenguele/.m2/repository/org/springframework/data/spring-data-mongodb/1.8.2.RELEASE/spring-data-mongodb-1.8.2.RELEASE.jar!/org/springframework/data/mongodb/monitor/BtreeIndexCounters.class], URL [jar:file:/C:/Users/yedenguele/.m2/repository/org/springframework/data/spring-data-mongodb/1.8.2.RELEASE/spring-data-mongodb-1.8.2.RELEASE.jar!/org/springframework/data/mongodb/monitor/BackgroundFlushingMetrics.class], URL [jar:file:/C:/Users/yedenguele/.m2/repository/org/springframework/data/spring-data-mongodb/1.8.2.RELEASE/spring-data-mongodb-1.8.2.RELEASE.jar!/org/springframework/data/mongodb/monitor/MemoryMetrics.class], URL [jar:file:/C:/Users/yedenguele/.m2/repository/org/springframework/data/spring-data-mongodb/1.8.2.RELEASE/spring-data-mongodb-1.8.2.RELEASE.jar!/org/springframework/data/mongodb/monitor/AssertMetrics.class], URL [jar:file:/C:/Users/yedenguele/.m2/repository/org/springframework/data/spring-data-mongodb/1.8.2.RELEASE/spring-data-mongodb-1.8.2.RELEASE.jar!/org/springframework/data/mongodb/monitor/GlobalLockMetrics.class], URL [jar:file:/C:/Users/yedenguele/.m2/repository/org/springframework/data/spring-data-mongodb/1.8.2.RELEASE/spring-data-mongodb-1.8.2.RELEASE.jar!/org/springframework/data/mongodb/core/MongoAdminOperations.class], URL [jar:file:/C:/Users/yedenguele/.m2/repository/org/springframework/data/spring-data-mongodb/1.8.2.RELEASE/spring-data-mongodb-1.8.2.RELEASE.jar!/org/springframework/data/mongodb/core/MongoTemplate$13.class], URL [jar:file:/C:/Users/yedenguele/.m2/repository/org/springframework/data/spring-data-mongodb/1.8.2.RELEASE/spring-data-mongodb-1.8.2.RELEASE.jar!/org/springframework/data/mongodb/core/MongoTemplate$6.class], URL [jar:file:/C:/Users/yedenguele/.m2/repository/org/springframework/data/spring-data-mongodb/1.8.2.RELEASE/spring-data-mongodb-1.8.2.RELEASE.jar!/org/springframework/data/mongodb/core/MongoTemplate$UnwrapAndReadDbObjectCallback.class], URL [jar:file:/C:/Users/yedenguele/.m2/repository/org/springframework/data/spring-data-mongodb/1.8.2.RELEASE/spring-data-mongodb-1.8.2.RELEASE.jar!/org/springframework/data/mongodb/core/MongoTemplate$9.class], URL [jar:file:/C:/Users/yedenguele/.m2/repository/org/springframework/data/spring-data-mongodb/1.8.2.RELEASE/spring-data-mongodb-1.8.2.RELEASE.jar!/org/springframework/data/mongodb/core/ReflectiveWriteConcernInvoker.class], URL [jar:file:/C:/Users/yedenguele/.m2/repository/org/springframework/data/spring-data-mongodb/1.8.2.RELEASE/spring-data-mongodb-1.8.2.RELEASE.jar!/org/springframework/data/mongodb/core/MongoTemplate$DbObjectCallback.class], URL [jar:file:/C:/Users/yedenguele/.m2/repository/org/springframework/data/spring-data-mongodb/1.8.2.RELEASE/spring-data-mongodb-1.8.2.RELEASE.jar!/org/springframework/data/mongodb/core/MongoTemplate$ReadDbObjectCallback.class], URL [jar:file:/C:/Users/yedenguele/.m2/repository/org/springframework/data/spring-data-mongodb/1.8.2.RELEASE/spring-data-mongodb-1.8.2.RELEASE.jar!/org/springframework/data/mongodb/core/GeoJsonConfiguration.class], URL [jar:file:/C:/Users/yedenguele/.m2/repository/org/springframework/data/spring-data-mongodb/1.8.2.RELEASE/spring-data-mongodb-1.8.2.RELEASE.jar!/org/springframework/data/mongodb/core/geo/GeoJsonModule$GeoJsonMultiPolygonDeserializer.class], URL [jar:file:/C:/Users/yedenguele/.m2/repository/org/springframework/data/spring-data-mongodb/1.8.2.RELEASE/spring-data-mongodb-1.8.2.RELEASE.jar!/org/springframework/data/mongodb/core/geo/GeoJsonModule.class], URL [jar:file:/C:/Users/yedenguele/.m2/repository/org/springframework/data/spring-data-mongodb/1.8.2.RELEASE/spring-data-mongodb-1.8.2.RELEASE.jar!/org/springframework/data/mongodb/core/geo/Sphere.class], URL [jar:file:/C:/Users/yedenguele/.m2/repository/org/springframework/data/spring-data-mongodb/1.8.2.RELEASE/spring-data-mongodb-1.8.2.RELEASE.jar!/org/springframework/data/mongodb/core/geo/GeoJsonModule$GeoJsonLineStringDeserializer.class], URL [jar:file:/C:/Users/yedenguele/.m2/repository/org/springframework/data/spring-data-mongodb/1.8.2.RELEASE/spring-data-mongodb-1.8.2.RELEASE.jar!/org/springframework/data/mongodb/core/geo/GeoJsonPolygon.class], URL [jar:file:/C:/Users/yedenguele/.m2/repository/org/springframework/data/spring-data-mongodb/1.8.2.RELEASE/spring-data-mongodb-1.8.2.RELEASE.jar!/org/springframework/data/mongodb/core/geo/GeoJsonModule$GeoJsonPolygonDeserializer.class], URL [jar:file:/C:/Users/yedenguele/.m2/repository/org/springframework/data/spring-data-mongodb/1.8.2.RELEASE/spring-data-mongodb-1.8.2.RELEASE.jar!/org/springframework/data/mongodb/core/geo/GeoJsonGeometryCollection.class], URL [jar:file:/C:/Users/yedenguele/.m2/repository/org/springframework/data/spring-data-mongodb/1.8.2.RELEASE/spring-data-mongodb-1.8.2.RELEASE.jar!/org/springframework/data/mongodb/core/geo/GeoJsonModule$1.class], URL [jar:file:/C:/Users/yedenguele/.m2/repository/org/springframework/data/spring-data-mongodb/1.8.2.RELEASE/spring-data-mongodb-1.8.2.RELEASE.jar!/org/springframework/data/mongodb/core/geo/GeoJson.class], URL [jar:file:/C:/Users/yedenguele/.m2/repository/org/springframework/data/spring-data-mongodb/1.8.2.RELEASE/spring-data-mongodb-1.8.2.RELEASE.jar!/org/springframework/data/mongodb/core/geo/GeoJsonPoint.class], URL [jar:file:/C:/Users/yedenguele/.m2/repository/org/springframework/data/spring-data-mongodb/1.8.2.RELEASE/spring-data-mongodb-1.8.2.RELEASE.jar!/org/springframework/data/mongodb/core/geo/GeoJsonModule$GeoJsonMultiPointDeserializer.class], URL [jar:file:/C:/Users/yedenguele/.m2/repository/org/springframework/data/spring-data-mongodb/1.8.2.RELEASE/spring-data-mongodb-1.8.2.RELEASE.jar!/org/springframework/data/mongodb/core/geo/GeoJsonMultiLineString.class], URL [jar:file:/C:/Users/yedenguele/.m2/repository/org/springframework/data/spring-data-mongodb/1.8.2.RELEASE/spring-data-mongodb-1.8.2.RELEASE.jar!/org/springframework/data/mongodb/core/geo/GeoJsonModule$GeoJsonMultiLineStringDeserializer.class], URL [jar:file:/C:/Users/yedenguele/.m2/repository/org/springframework/data/spring-data-mongodb/1.8.2.RELEASE/spring-data-mongodb-1.8.2.RELEASE.jar!/org/springframework/data/mongodb/core/geo/GeoJsonModule$GeoJsonPointDeserializer.class], URL [jar:file:/C:/Users/yedenguele/.m2/repository/org/springframework/data/spring-data-mongodb/1.8.2.RELEASE/spring-data-mongodb-1.8.2.RELEASE.jar!/org/springframework/data/mongodb/core/geo/GeoJsonMultiPolygon.class], URL [jar:file:/C:/Users/yedenguele/.m2/repository/org/springframework/data/spring-data-mongodb/1.8.2.RELEASE/spring-data-mongodb-1.8.2.RELEASE.jar!/org/springframework/data/mongodb/core/geo/GeoJsonMultiPoint.class], URL [jar:file:/C:/Users/yedenguele/.m2/repository/org/springframework/data/spring-data-mongodb/1.8.2.RELEASE/spring-data-mongodb-1.8.2.RELEASE.jar!/org/springframework/data/mongodb/core/geo/GeoJsonLineString.class], URL [jar:file:/C:/Users/yedenguele/.m2/repository/org/springframework/data/spring-data-mongodb/1.8.2.RELEASE/spring-data-mongodb-1.8.2.RELEASE.jar!/org/springframework/data/mongodb/core/geo/GeoJsonModule$GeoJsonDeserializer.class], URL [jar:file:/C:/Users/yedenguele/.m2/repository/org/springframework/data/spring-data-mongodb/1.8.2.RELEASE/spring-data-mongodb-1.8.2.RELEASE.jar!/org/springframework/data/mongodb/core/MongoTemplate$CloseableIterableCursorAdapter.class], URL [jar:file:/C:/Users/yedenguele/.m2/repository/org/springframework/data/spring-data-mongodb/1.8.2.RELEASE/spring-data-mongodb-1.8.2.RELEASE.jar!/org/springframework/data/mongodb/core/DocumentCallbackHandler.class], URL [jar:file:/C:/Users/yedenguele/.m2/repository/org/springframework/data/spring-data-mongodb/1.8.2.RELEASE/spring-data-mongodb-1.8.2.RELEASE.jar!/org/springframework/data/mongodb/core/IndexOperations.class], URL [jar:file:/C:/Users/yedenguele/.m2/repository/org/springframework/data/spring-data-mongodb/1.8.2.RELEASE/spring-data-mongodb-1.8.2.RELEASE.jar!/org/springframework/data/mongodb/core/MongoTemplate$2.class], URL [jar:file:/C:/Users/yedenguele/.m2/repository/org/springframework/data/spring-data-mongodb/1.8.2.RELEASE/spring-data-mongodb-1.8.2.RELEASE.jar!/org/springframework/data/mongodb/core/MongoTemplate$DefaultWriteConcernResolver.class], URL [jar:file:/C:/Users/yedenguele/.m2/repository/org/springframework/data/spring-data-mongodb/1.8.2.RELEASE/spring-data-mongodb-1.8.2.RELEASE.jar!/org/springframework/data/mongodb/core/DefaultIndexOperations$2.class], URL [jar:file:/C:/Users/yedenguele/.m2/repository/org/springframework/data/spring-data-mongodb/1.8.2.RELEASE/spring-data-mongodb-1.8.2.RELEASE.jar!/org/springframework/data/mongodb/core/MongoTemplate$FindAndRemoveCallback.class], URL [jar:file:/C:/Users/yedenguele/.m2/repository/org/springframework/data/spring-data-mongodb/1.8.2.RELEASE/spring-data-mongodb-1.8.2.RELEASE.jar!/org/springframework/data/mongodb/core/MongoAdmin.class], URL [jar:file:/C:/Users/yedenguele/.m2/repository/org/springframework/data/spring-data-mongodb/1.8.2.RELEASE/spring-data-mongodb-1.8.2.RELEASE.jar!/org/springframework/data/mongodb/core/DefaultIndexOperations.class], URL [jar:file:/C:/Users/yedenguele/.m2/repository/org/springframework/data/spring-data-mongodb/1.8.2.RELEASE/spring-data-mongodb-1.8.2.RELEASE.jar!/org/springframework/data/mongodb/core/CursorPreparer.class], URL [jar:file:/C:/Users/yedenguele/.m2/repository/org/springframework/data/spring-data-mongodb/1.8.2.RELEASE/spring-data-mongodb-1.8.2.RELEASE.jar!/org/springframework/data/mongodb/core/MongoOptionsFactoryBean.class], URL [jar:file:/C:/Users/yedenguele/.m2/repository/org/springframework/data/spring-data-mongodb/1.8.2.RELEASE/spring-data-mongodb-1.8.2.RELEASE.jar!/org/springframework/data/mongodb/core/convert/QueryMapper$MetadataBackedField.class], URL [jar:file:/C:/Users/yedenguele/.m2/repository/org/springframework/data/spring-data-mongodb/1.8.2.RELEASE/spring-data-mongodb-1.8.2.RELEASE.jar!/org/springframework/data/mongodb/core/convert/MappingMongoConverter.class], URL [jar:file:/C:/Users/yedenguele/.m2/repository/org/springframework/data/spring-data-mongodb/1.8.2.RELEASE/spring-data-mongodb-1.8.2.RELEASE.jar!/org/springframework/data/mongodb/core/convert/GeoConverters$DbObjectToPolygonConverter.class], URL [jar:file:/C:/Users/yedenguele/.m2/repository/org/springframework/data/spring-data-mongodb/1.8.2.RELEASE/spring-data-mongodb-1.8.2.RELEASE.jar!/org/springframework/data/mongodb/core/convert/MongoTypeMapper.class], URL [jar:file:/C:/Users/yedenguele/.m2/repository/org/springframework/data/spring-data-mongodb/1.8.2.RELEASE/spring-data-mongodb-1.8.2.RELEASE.jar!/org/springframework/data/mongodb/core/convert/UpdateMapper$MetadataBackedUpdateField.class], URL [jar:file:/C:/Users/yedenguele/.m2/repository/org/springframework/data/spring-data-mongodb/1.8.2.RELEASE/spring-data-mongodb-1.8.2.RELEASE.jar!/org/springframework/data/mongodb/core/convert/GeoConverters$GeoJsonPolygonToDbObjectConverter.class], URL [jar:file:/C:/Users/yedenguele/.m2/repository/org/springframework/data/spring-data-mongodb/1.8.2.RELEASE/spring-data-mongodb-1.8.2.RELEASE.jar!/org/springframework/data/mongodb/core/convert/MongoConverters$ObjectIdToBigIntegerConverter.class], URL [jar:file:/C:/Users/yedenguele/.m2/repository/org/springframework/data/spring-data-mongodb/1.8.2.RELEASE/spring-data-mongodb-1.8.2.RELEASE.jar!/org/springframework/data/mongodb/core/convert/MappingMongoConverter$2.class], URL [jar:file:/C:/Users/yedenguele/.m2/repository/org/springframework/data/spring-data-mongodb/1.8.2.RELEASE/spring-data-mongodb-1.8.2.RELEASE.jar!/org/springframework/data/mongodb/core/convert/GeoConverters$DbObjectToPointConverter.class], URL [jar:file:/C:/Users/yedenguele/.m2/repository/org/springframework/data/spring-data-mongodb/1.8.2.RELEASE/spring-data-mongodb-1.8.2.RELEASE.jar!/org/springframework/data/mongodb/core/convert/MongoConverters$StringToURLConverter.class], URL [jar:file:/C:/Users/yedenguele/.m2/repository/org/springframework/data/spring-data-mongodb/1.8.2.RELEASE/spring-data-mongodb-1.8.2.RELEASE.jar!/org/springframework/data/mongodb/core/convert/UpdateMapper$MetadataBackedUpdateField$UpdateAssociationConverter.class], URL [jar:file:/C:/Users/yedenguele/.m2/repository/org/springframework/data/spring-data-mongodb/1.8.2.RELEASE/spring-data-mongodb-1.8.2.RELEASE.jar!/org/springframework/data/mongodb/core/convert/DbRefResolver.class], URL [jar:file:/C:/Users/yedenguele/.m2/repository/org/springframework/data/spring-data-mongodb/1.8.2.RELEASE/spring-data-mongodb-1.8.2.RELEASE.jar!/org/springframework/data/mongodb/core/convert/MongoWriter.class], URL [jar:file:/C:/Users/yedenguele/.m2/repository/org/springframework/data/spring-data-mongodb/1.8.2.RELEASE/spring-data-mongodb-1.8.2.RELEASE.jar!/org/springframework/data/mongodb/core/convert/ObjectPath$ObjectPathItem.class], URL [jar:file:/C:/Users/yedenguele/.m2/repository/org/springframework/data/spring-data-mongodb/1.8.2.RELEASE/spring-data-mongodb-1.8.2.RELEASE.jar!/org/springframework/data/mongodb/core/convert/ReflectiveDBRefResolver.class], URL [jar:file:/C:/Users/yedenguele/.m2/repository/org/springframework/data/spring-data-mongodb/1.8.2.RELEASE/spring-data-mongodb-1.8.2.RELEASE.jar!/org/springframework/data/mongodb/core/convert/GeoConverters$CircleToDbObjectConverter.class], URL [jar:file:/C:/Users/yedenguele/.m2/repository/org/springframework/data/spring-data-mongodb/1.8.2.RELEASE/spring-data-mongodb-1.8.2.RELEASE.jar!/org/springframework/data/mongodb/core/convert/CustomConversions$3.class], URL [jar:file:/C:/Users/yedenguele/.m2/repository/org/springframework/data/spring-data-mongodb/1.8.2.RELEASE/spring-data-mongodb-1.8.2.RELEASE.jar!/org/springframework/data/mongodb/core/convert/QueryMapper$Keyword.class], URL [jar:file:/C:/Users/yedenguele/.m2/repository/org/springframework/data/spring-data-mongodb/1.8.2.RELEASE/spring-data-mongodb-1.8.2.RELEASE.jar!/org/springframework/data/mongodb/core/convert/GeoConverters$BoxToDbObjectConverter.class], URL [jar:file:/C:/Users/yedenguele/.m2/repository/org/springframework/data/spring-data-mongodb/1.8.2.RELEASE/spring-data-mongodb-1.8.2.RELEASE.jar!/org/springframework/data/mongodb/core/convert/MongoConverters$TermToStringConverter.class], URL [jar:file:/C:/Users/yedenguele/.m2/repository/org/springframework/data/spring-data-mongodb/1.8.2.RELEASE/spring-data-mongodb-1.8.2.RELEASE.jar!/org/springframework/data/mongodb/core/convert/ObjectPath.class], URL [jar:file:/C:/Users/yedenguele/.m2/repository/org/springframework/data/spring-data-mongodb/1.8.2.RELEASE/spring-data-mongodb-1.8.2.RELEASE.jar!/org/springframework/data/mongodb/core/convert/DbRefProxyHandler.class], URL [jar:file:/C:/Users/yedenguele/.m2/repository/org/springframework/data/spring-data-mongodb/1.8.2.RELEASE/spring-data-mongodb-1.8.2.RELEASE.jar!/org/springframework/data/mongodb/core/convert/MappingMongoConverter$1.class], URL [jar:file:/C:/Users/yedenguele/.m2/repository/org/springframework/data/spring-data-mongodb/1.8.2.RELEASE/spring-data-mongodb-1.8.2.RELEASE.jar!/org/springframework/data/mongodb/core/convert/QueryMapper$Field.class], URL [jar:file:/C:/Users/yedenguele/.m2/repository/org/springframework/data/spring-data-mongodb/1.8.2.RELEASE/spring-data-mongodb-1.8.2.RELEASE.jar!/org/springframework/data/mongodb/core/convert/GeoConverters$GeoJsonToDbObjectConverter.class], URL [jar:file:/C:/Users/yedenguele/.m2/repository/org/springframework/data/spring-data-mongodb/1.8.2.RELEASE/spring-data-mongodb-1.8.2.RELEASE.jar!/org/springframework/data/mongodb/core/convert/MappingMongoConverter$ConverterAwareSpELExpressionParameterValueProvider.class], URL [jar:file:/C:/Users/yedenguele/.m2/repository/org/springframework/data/spring-data-mongodb/1.8.2.RELEASE/spring-data-mongodb-1.8.2.RELEASE.jar!/org/springframework/data/mongodb/core/convert/MappingMongoConverter$MongoDbPropertyValueProvider.class], URL [jar:file:/C:/Users/yedenguele/.m2/repository/org/springframework/data/spring-data-mongodb/1.8.2.RELEASE/spring-data-mongodb-1.8.2.RELEASE.jar!/org/springframework/data/mongodb/core/convert/GeoConverters$DbObjectToCircleConverter.class], URL [jar:file:/C:/Users/yedenguele/.m2/repository/org/springframework/data/spring-data-mongodb/1.8.2.RELEASE/spring-data-mongodb-1.8.2.RELEASE.jar!/org/springframework/data/mongodb/core/convert/DefaultDbRefProxyHandler.class], URL [jar:file:/C:/Users/yedenguele/.m2/repository/org/springframework/data/spring-data-mongodb/1.8.2.RELEASE/spring-data-mongodb-1.8.2.RELEASE.jar!/org/springframework/data/mongodb/core/convert/GeoConverters$DbObjectToGeoJsonLineStringConverter.class], URL [jar:file:/C:/Users/yedenguele/.m2/repository/org/springframework/data/spring-data-mongodb/1.8.2.RELEASE/spring-data-mongodb-1.8.2.RELEASE.jar!/org/springframework/data/mongodb/core/convert/GeoConverters$DbObjectToSphereConverter.class], URL [jar:file:/C:/Users/yedenguele/.m2/repository/org/springframework/data/spring-data-mongodb/1.8.2.RELEASE/spring-data-mongodb-1.8.2.RELEASE.jar!/org/springframework/data/mongodb/core/convert/MongoConverters$NamedMongoScriptToDBObjectConverter.class], URL [jar:file:/C:/Users/yedenguele/.m2/repository/org/springframework/data/spring-data-mongodb/1.8.2.RELEASE/spring-data-mongodb-1.8.2.RELEASE.jar!/org/springframework/data/mongodb/core/convert/GeoConverters$DbObjectToGeoJsonMultiLineStringConverter.class], URL [jar:file:/C:/Users/yedenguele/.m2/repository/org/springframework/data/spring-data-mongodb/1.8.2.RELEASE/spring-data-mongodb-1.8.2.RELEASE.jar!/org/springframework/data/mongodb/core/convert/DefaultMongoTypeMapper$DBObjectTypeAliasAccessor.class], URL [jar:file:/C:/Users/yedenguele/.m2/repository/org/springframework/data/spring-data-mongodb/1.8.2.RELEASE/spring-data-mongodb-1.8.2.RELEASE.jar!/org/springframework/data/mongodb/core/convert/MongoConverters$ObjectIdToStringConverter.class], URL [jar:file:/C:/Users/yedenguele/.m2/repository/org/springframework/data/spring-data-mongodb/1.8.2.RELEASE/spring-data-mongodb-1.8.2.RELEASE.jar!/org/springframework/data/mongodb/core/convert/MongoConverters$BigIntegerToStringConverter.class], URL [jar:file:/C:/Users/yedenguele/.m2/repository/org/springframework/data/spring-data-mongodb/1.8.2.RELEASE/spring-data-mongodb-1.8.2.RELEASE.jar!/org/springframework/data/mongodb/core/convert/QueryMapper$MetaMapping.class], URL [jar:file:/C:/Users/yedenguele/.m2/repository/org/springframework/data/spring-data-mongodb/1.8.2.RELEASE/spring-data-mongodb-1.8.2.RELEASE.jar!/org/springframework/data/mongodb/core/convert/MappingMongoConverter$3.class], URL [jar:file:/C:/Users/yedenguele/.m2/repository/org/springframework/data/spring-data-mongodb/1.8.2.RELEASE/spring-data-mongodb-1.8.2.RELEASE.jar!/org/springframework/data/mongodb/core/convert/QueryMapper.class], URL [jar:file:/C:/Users/yedenguele/.m2/repository/org/springframework/data/spring-data-mongodb/1.8.2.RELEASE/spring-data-mongodb-1.8.2.RELEASE.jar!/org/springframework/data/mongodb/core/convert/MongoConverters$BigDecimalToStringConverter.class], URL [jar:file:/C:/Users/yedenguele/.m2/repository/org/springframework/data/spring-data-mongodb/1.8.2.RELEASE/spring-data-mongodb-1.8.2.RELEASE.jar!/org/springframework/data/mongodb/core/convert/GeoConverters$GeoCommandToDbObjectConverter.class], URL [jar:file:/C:/Users/yedenguele/.m2/repository/org/springframework/data/spring-data-mongodb/1.8.2.RELEASE/spring-data-mongodb-1.8.2.RELEASE.jar!/org/springframework/data/mongodb/core/convert/LazyLoadingProxy.class], URL [jar:file:/C:/Users/yedenguele/.m2/repository/org/springframework/data/spring-data-mongodb/1.8.2.RELEASE/spring-data-mongodb-1.8.2.RELEASE.jar!/org/springframework/data/mongodb/core/convert/GeoConverters$GeoJsonPointToDbObjectConverter.class], URL [jar:file:/C:/Users/yedenguele/.m2/repository/org/springframework/data/spring-data-mongodb/1.8.2.RELEASE/spring-data-mongodb-1.8.2.RELEASE.jar!/org/springframework/data/mongodb/core/convert/MongoConverters$BigIntegerToObjectIdConverter.class], URL [jar:file:/C:/Users/yedenguele/.m2/repository/org/springframework/data/spring-data-mongodb/1.8.2.RELEASE/spring-data-mongodb-1.8.2.RELEASE.jar!/org/springframework/data/mongodb/core/convert/AbstractMongoConverter.class], URL [jar:file:/C:/Users/yedenguele/.m2/repository/org/springframework/data/spring-data-mongodb/1.8.2.RELEASE/spring-data-mongodb-1.8.2.RELEASE.jar!/org/springframework/data/mongodb/core/convert/CustomConversions$Producer.class], URL [jar:file:/C:/Users/yedenguele/.m2/repository/org/springframework/data/spring-data-mongodb/1.8.2.RELEASE/spring-data-mongodb-1.8.2.RELEASE.jar!/org/springframework/data/mongodb/core/convert/DbRefResolverCallback.class], URL [jar:file:/C:/Users/yedenguele/.m2/repository/org/springframework/data/spring-data-mongodb/1.8.2.RELEASE/spring-data-mongodb-1.8.2.RELEASE.jar!/org/springframework/data/mongodb/core/convert/QueryMapper$MetadataBackedField$KeyMapper.class], URL [jar:file:/C:/Users/yedenguele/.m2/repository/org/springframework/data/spring-data-mongodb/1.8.2.RELEASE/spring-data-mongodb-1.8.2.RELEASE.jar!/org/springframework/data/mongodb/core/convert/DBObjectAccessor.class], URL [jar:file:/C:/Users/yedenguele/.m2/repository/org/springframework/data/spring-data-mongodb/1.8.2.RELEASE/spring-data-mongodb-1.8.2.RELEASE.jar!/org/springframework/data/mongodb/core/convert/GeoConverters$DbObjectToGeoJsonPointConverter.class], URL [jar:file:/C:/Users/yedenguele/.m2/repository/org/springframework/data/spring-data-mongodb/1.8.2.RELEASE/spring-data-mongodb-1.8.2.RELEASE.jar!/org/springframework/data/mongodb/core/convert/CustomConversions$2.class], URL [jar:file:/C:/Users/yedenguele/.m2/repository/org/springframework/data/spring-data-mongodb/1.8.2.RELEASE/spring-data-mongodb-1.8.2.RELEASE.jar!/org/springframework/data/mongodb/core/convert/GeoConverters$DbObjectToGeoJsonGeometryCollectionConverter.class], URL [jar:file:/C:/Users/yedenguele/.m2/repository/org/springframework/data/spring-data-mongodb/1.8.2.RELEASE/spring-data-mongodb-1.8.2.RELEASE.jar!/org/springframework/data/mongodb/core/convert/GeoConverters$DbObjectToGeoJsonPolygonConverter.class], URL [jar:file:/C:/Users/yedenguele/.m2/repository/org/springframework/data/spring-data-mongodb/1.8.2.RELEASE/spring-data-mongodb-1.8.2.RELEASE.jar!/org/springframework/data/mongodb/core/convert/MongoConverters.class], URL [jar:file:/C:/Users/yedenguele/.m2/repository/org/springframework/data/spring-data-mongodb/1.8.2.RELEASE/spring-data-mongodb-1.8.2.RELEASE.jar!/org/springframework/data/mongodb/core/convert/GeoConverters$DbObjectToBoxConverter.class], URL [jar:file:/C:/Users/yedenguele/.m2/repository/org/springframework/data/spring-data-mongodb/1.8.2.RELEASE/spring-data-mongodb-1.8.2.RELEASE.jar!/org/springframework/data/mongodb/core/convert/UpdateMapper.class], URL [jar:file:/C:/Users/yedenguele/.m2/repository/org/springframework/data/spring-data-mongodb/1.8.2.RELEASE/spring-data-mongodb-1.8.2.RELEASE.jar!/org/springframework/data/mongodb/core/convert/MongoConverters$URLToStringConverter.class], URL [jar:file:/C:/Users/yedenguele/.m2/repository/org/springframework/data/spring-data-mongodb/1.8.2.RELEASE/spring-data-mongodb-1.8.2.RELEASE.jar!/org/springframework/data/mongodb/core/convert/ValueResolver.class], URL [jar:file:/C:/Users/yedenguele/.m2/repository/org/springframework/data/spring-data-mongodb/1.8.2.RELEASE/spring-data-mongodb-1.8.2.RELEASE.jar!/org/springframework/data/mongodb/core/convert/GeoConverters$DbObjectToGeoJsonMultiPointConverter.class], URL [jar:file:/C:/Users/yedenguele/.m2/repository/org/springframework/data/spring-data-mongodb/1.8.2.RELEASE/spring-data-mongodb-1.8.2.RELEASE.jar!/org/springframework/data/mongodb/core/convert/DefaultMongoTypeMapper.class], URL [jar:file:/C:/Users/yedenguele/.m2/repository/org/springframework/data/spring-data-mongodb/1.8.2.RELEASE/spring-data-mongodb-1.8.2.RELEASE.jar!/org/springframework/data/mongodb/core/convert/CustomConversions$1.class], URL [jar:file:/C:/Users/yedenguele/.m2/repository/org/springframework/data/spring-data-mongodb/1.8.2.RELEASE/spring-data-mongodb-1.8.2.RELEASE.jar!/org/springframework/data/mongodb/core/convert/MongoConverters$DBObjectToStringConverter.class], URL [jar:file:/C:/Users/yedenguele/.m2/repository/org/springframework/data/spring-data-mongodb/1.8.2.RELEASE/spring-data-mongodb-1.8.2.RELEASE.jar!/org/springframework/data/mongodb/core/convert/GeoConverters$DbObjectToGeoJsonMultiPolygonConverter.class], URL [jar:file:/C:/Users/yedenguele/.m2/repository/org/springframework/data/spring-data-mongodb/1.8.2.RELEASE/spring-data-mongodb-1.8.2.RELEASE.jar!/org/springframework/data/mongodb/core/convert/MongoConverters$StringToObjectIdConverter.class], URL [jar:file:/C:/Users/yedenguele/.m2/repository/org/springframework/data/spring-data-mongodb/1.8.2.RELEASE/spring-data-mongodb-1.8.2.RELEASE.jar!/org/springframework/data/mongodb/core/convert/MongoConverters$DBObjectToNamedMongoScriptCoverter.class], URL [jar:file:/C:/Users/yedenguele/.m2/repository/org/springframework/data/spring-data-mongodb/1.8.2.RELEASE/spring-data-mongodb-1.8.2.RELEASE.jar!/org/springframework/data/mongodb/core/convert/MappingMongoConverter$NestedDocument.class], URL [jar:file:/C:/Users/yedenguele/.m2/repository/org/springframework/data/spring-data-mongodb/1.8.2.RELEASE/spring-data-mongodb-1.8.2.RELEASE.jar!/org/springframework/data/mongodb/core/convert/GeoConverters$PolygonToDbObjectConverter.class], URL [jar:file:/C:/Users/yedenguele/.m2/repository/org/springframework/data/spring-data-mongodb/1.8.2.RELEASE/spring-data-mongodb-1.8.2.RELEASE.jar!/org/springframework/data/mongodb/core/convert/DefaultDbRefResolver.class], URL [jar:file:/C:/Users/yedenguele/.m2/repository/org/springframework/data/spring-data-mongodb/1.8.2.RELEASE/spring-data-mongodb-1.8.2.RELEASE.jar!/org/springframework/data/mongodb/core/convert/QueryMapper$AssociationConverter.class], URL [jar:file:/C:/Users/yedenguele/.m2/repository/org/springframework/data/spring-data-mongodb/1.8.2.RELEASE/spring-data-mongodb-1.8.2.RELEASE.jar!/org/springframework/data/mongodb/core/convert/MongoConverters$StringToBigDecimalConverter.class], URL [jar:file:/C:/Users/yedenguele/.m2/repository/org/springframework/data/spring-data-mongodb/1.8.2.RELEASE/spring-data-mongodb-1.8.2.RELEASE.jar!/org/springframework/data/mongodb/core/convert/MongoConverter.class], URL [jar:file:/C:/Users/yedenguele/.m2/repository/org/springframework/data/spring-data-mongodb/1.8.2.RELEASE/spring-data-mongodb-1.8.2.RELEASE.jar!/org/springframework/data/mongodb/core/convert/GeoConverters$PointToDbObjectConverter.class], URL [jar:file:/C:/Users/yedenguele/.m2/repository/org/springframework/data/spring-data-mongodb/1.8.2.RELEASE/spring-data-mongodb-1.8.2.RELEASE.jar!/org/springframework/data/mongodb/core/convert/MappingMongoConverter$4.class], URL [jar:file:/C:/Users/yedenguele/.m2/repository/org/springframework/data/spring-data-mongodb/1.8.2.RELEASE/spring-data-mongodb-1.8.2.RELEASE.jar!/org/springframework/data/mongodb/core/convert/CustomConversions$CustomToStringConverter.class], URL [jar:file:/C:/Users/yedenguele/.m2/repository/org/springframework/data/spring-data-mongodb/1.8.2.RELEASE/spring-data-mongodb-1.8.2.RELEASE.jar!/org/springframework/data/mongodb/core/convert/MongoConverters$StringToBigIntegerConverter.class], URL [jar:file:/C:/Users/yedenguele/.m2/repository/org/springframework/data/spring-data-mongodb/1.8.2.RELEASE/spring-data-mongodb-1.8.2.RELEASE.jar!/org/springframework/data/mongodb/core/convert/DBObjectPropertyAccessor.class], URL [jar:file:/C:/Users/yedenguele/.m2/repository/org/springframework/data/spring-data-mongodb/1.8.2.RELEASE/spring-data-mongodb-1.8.2.RELEASE.jar!/org/springframework/data/mongodb/core/convert/GeoConverters$SphereToDbObjectConverter.class], URL [jar:file:/C:/Users/yedenguele/.m2/repository/org/springframework/data/spring-data-mongodb/1.8.2.RELEASE/spring-data-mongodb-1.8.2.RELEASE.jar!/org/springframework/data/mongodb/core/convert/QueryMapper$MetadataBackedField$PositionParameterRetainingPropertyKeyConverter.class], URL [jar:file:/C:/Users/yedenguele/.m2/repository/org/springframework/data/spring-data-mongodb/1.8.2.RELEASE/spring-data-mongodb-1.8.2.RELEASE.jar!/org/springframework/data/mongodb/core/convert/DefaultDbRefResolver$LazyLoadingInterceptor.class], URL [jar:file:/C:/Users/yedenguele/.m2/repository/org/springframework/data/spring-data-mongodb/1.8.2.RELEASE/spring-data-mongodb-1.8.2.RELEASE.jar!/org/springframework/data/mongodb/core/convert/GeoConverters.class], URL [jar:file:/C:/Users/yedenguele/.m2/repository/org/springframework/data/spring-data-mongodb/1.8.2.RELEASE/spring-data-mongodb-1.8.2.RELEASE.jar!/org/springframework/data/mongodb/core/convert/ConverterRegistration.class], URL [jar:file:/C:/Users/yedenguele/.m2/repository/org/springframework/data/spring-data-mongodb/1.8.2.RELEASE/spring-data-mongodb-1.8.2.RELEASE.jar!/org/springframework/data/mongodb/core/convert/DefaultDbRefResolverCallback.class], URL [jar:file:/C:/Users/yedenguele/.m2/repository/org/springframework/data/spring-data-mongodb/1.8.2.RELEASE/spring-data-mongodb-1.8.2.RELEASE.jar!/org/springframework/data/mongodb/core/convert/CustomConversions.class], URL [jar:file:/C:/Users/yedenguele/.m2/repository/org/springframework/data/spring-data-mongodb/1.8.2.RELEASE/spring-data-mongodb-1.8.2.RELEASE.jar!/org/springframework/data/mongodb/core/DefaultScriptOperations.class], URL [jar:file:/C:/Users/yedenguele/.m2/repository/org/springframework/data/spring-data-mongodb/1.8.2.RELEASE/spring-data-mongodb-1.8.2.RELEASE.jar!/org/springframework/data/mongodb/core/CollectionOptions.class], URL [jar:file:/C:/Users/yedenguele/.m2/repository/org/springframework/data/spring-data-mongodb/1.8.2.RELEASE/spring-data-mongodb-1.8.2.RELEASE.jar!/org/springframework/data/mongodb/core/DefaultIndexOperations$4.class], URL [jar:file:/C:/Users/yedenguele/.m2/repository/org/springframework/data/spring-data-mongodb/1.8.2.RELEASE/spring-data-mongodb-1.8.2.RELEASE.jar!/org/springframework/data/mongodb/core/MongoTemplate$10.class], URL [jar:file:/C:/Users/yedenguele/.m2/repository/org/springframework/data/spring-data-mongodb/1.8.2.RELEASE/spring-data-mongodb-1.8.2.RELEASE.jar!/org/springframework/data/mongodb/core/DefaultIndexOperations$1.class], URL [jar:file:/C:/Users/yedenguele/.m2/repository/org/springframework/data/spring-data-mongodb/1.8.2.RELEASE/spring-data-mongodb-1.8.2.RELEASE.jar!/org/springframework/data/mongodb/core/SimpleMongoDbFactory.class], URL [jar:file:/C:/Users/yedenguele/.m2/repository/org/springframework/data/spring-data-mongodb/1.8.2.RELEASE/spring-data-mongodb-1.8.2.RELEASE.jar!/org/springframework/data/mongodb/core/MongoSynchronization.class], URL [jar:file:/C:/Users/yedenguele/.m2/repository/org/springframework/data/spring-data-mongodb/1.8.2.RELEASE/spring-data-mongodb-1.8.2.RELEASE.jar!/org/springframework/data/mongodb/core/DefaultScriptOperations$2.class], URL [jar:file:/C:/Users/yedenguele/.m2/repository/org/springframework/data/spring-data-mongodb/1.8.2.RELEASE/spring-data-mongodb-1.8.2.RELEASE.jar!/org/springframework/data/mongodb/core/script/NamedMongoScript.class], URL [jar:file:/C:/Users/yedenguele/.m2/repository/org/springframework/data/spring-data-mongodb/1.8.2.RELEASE/spring-data-mongodb-1.8.2.RELEASE.jar!/org/springframework/data/mongodb/core/script/ExecutableMongoScript.class], URL [jar:file:/C:/Users/yedenguele/.m2/repository/org/springframework/data/spring-data-mongodb/1.8.2.RELEASE/spring-data-mongodb-1.8.2.RELEASE.jar!/org/springframework/data/mongodb/core/MongoTemplate$7.class], URL [jar:file:/C:/Users/yedenguele/.m2/repository/org/springframework/data/spring-data-mongodb/1.8.2.RELEASE/spring-data-mongodb-1.8.2.RELEASE.jar!/org/springframework/data/mongodb/core/aggregation/SpelExpressionTransformer$PropertyOrFieldReferenceNodeConversion.class], URL [jar:file:/C:/Users/yedenguele/.m2/repository/org/springframework/data/spring-data-mongodb/1.8.2.RELEASE/spring-data-mongodb-1.8.2.RELEASE.jar!/org/springframework/data/mongodb/core/aggregation/AggregationOptions$Builder.class], URL [jar:file:/C:/Users/yedenguele/.m2/repository/org/springframework/data/spring-data-mongodb/1.8.2.RELEASE/spring-data-mongodb-1.8.2.RELEASE.jar!/org/springframework/data/mongodb/core/aggregation/ExposedFields$FieldReference.class], URL [jar:file:/C:/Users/yedenguele/.m2/repository/org/springframework/data/spring-data-mongodb/1.8.2.RELEASE/spring-data-mongodb-1.8.2.RELEASE.jar!/org/springframework/data/mongodb/core/aggregation/SpelExpressionTransformer$MethodReferenceNodeConversion.class], URL [jar:file:/C:/Users/yedenguele/.m2/repository/org/springframework/data/spring-data-mongodb/1.8.2.RELEASE/spring-data-mongodb-1.8.2.RELEASE.jar!/org/springframework/data/mongodb/core/aggregation/SpelExpressionTransformer.class], URL [jar:file:/C:/Users/yedenguele/.m2/repository/org/springframework/data/spring-data-mongodb/1.8.2.RELEASE/spring-data-mongodb-1.8.2.RELEASE.jar!/org/springframework/data/mongodb/core/aggregation/AggregationOperationContext.class], URL [jar:file:/C:/Users/yedenguele/.m2/repository/org/springframework/data/spring-data-mongodb/1.8.2.RELEASE/spring-data-mongodb-1.8.2.RELEASE.jar!/org/springframework/data/mongodb/core/aggregation/GroupOperation.class], URL [jar:file:/C:/Users/yedenguele/.m2/repository/org/springframework/data/spring-data-mongodb/1.8.2.RELEASE/spring-data-mongodb-1.8.2.RELEASE.jar!/org/springframework/data/mongodb/core/aggregation/FieldsExposingAggregationOperation.class], URL [jar:file:/C:/Users/yedenguele/.m2/repository/org/springframework/data/spring-data-mongodb/1.8.2.RELEASE/spring-data-mongodb-1.8.2.RELEASE.jar!/org/springframework/data/mongodb/core/aggregation/TypeBasedAggregationOperationContext.class], URL [jar:file:/C:/Users/yedenguele/.m2/repository/org/springframework/data/spring-data-mongodb/1.8.2.RELEASE/spring-data-mongodb-1.8.2.RELEASE.jar!/org/springframework/data/mongodb/core/aggregation/ProjectionOperation$ProjectionOperationBuilder$NestedFieldProjection.class], URL [jar:file:/C:/Users/yedenguele/.m2/repository/org/springframework/data/spring-data-mongodb/1.8.2.RELEASE/spring-data-mongodb-1.8.2.RELEASE.jar!/org/springframework/data/mongodb/core/aggregation/AggregationFunctionExpressions.class], URL [jar:file:/C:/Users/yedenguele/.m2/repository/org/springframework/data/spring-data-mongodb/1.8.2.RELEASE/spring-data-mongodb-1.8.2.RELEASE.jar!/org/springframework/data/mongodb/core/aggregation/SpelExpressionTransformer$OperatorNodeConversion.class], URL [jar:file:/C:/Users/yedenguele/.m2/repository/org/springframework/data/spring-data-mongodb/1.8.2.RELEASE/spring-data-mongodb-1.8.2.RELEASE.jar!/org/springframework/data/mongodb/core/aggregation/SpelExpressionTransformer$IndexerNodeConversion.class], URL [jar:file:/C:/Users/yedenguele/.m2/repository/org/springframework/data/spring-data-mongodb/1.8.2.RELEASE/spring-data-mongodb-1.8.2.RELEASE.jar!/org/springframework/data/mongodb/core/aggregation/Aggregation$1.class], URL [jar:file:/C:/Users/yedenguele/.m2/repository/org/springframework/data/spring-data-mongodb/1.8.2.RELEASE/spring-data-mongodb-1.8.2.RELEASE.jar!/org/springframework/data/mongodb/core/aggregation/ExposedFields.class], URL [jar:file:/C:/Users/yedenguele/.m2/repository/org/springframework/data/spring-data-mongodb/1.8.2.RELEASE/spring-data-mongodb-1.8.2.RELEASE.jar!/org/springframework/data/mongodb/core/aggregation/Field.class], URL [jar:file:/C:/Users/yedenguele/.m2/repository/org/springframework/data/spring-data-mongodb/1.8.2.RELEASE/spring-data-mongodb-1.8.2.RELEASE.jar!/org/springframework/data/mongodb/core/aggregation/SkipOperation.class], URL [jar:file:/C:/Users/yedenguele/.m2/repository/org/springframework/data/spring-data-mongodb/1.8.2.RELEASE/spring-data-mongodb-1.8.2.RELEASE.jar!/org/springframework/data/mongodb/core/aggregation/SpelExpressionTransformer$ExpressionNodeConversion.class], URL [jar:file:/C:/Users/yedenguele/.m2/repository/org/springframework/data/spring-data-mongodb/1.8.2.RELEASE/spring-data-mongodb-1.8.2.RELEASE.jar!/org/springframework/data/mongodb/core/aggregation/UnwindOperation.class], URL [jar:file:/C:/Users/yedenguele/.m2/repository/org/springframework/data/spring-data-mongodb/1.8.2.RELEASE/spring-data-mongodb-1.8.2.RELEASE.jar!/org/springframework/data/mongodb/core/aggregation/Fields.class], URL [jar:file:/C:/Users/yedenguele/.m2/repository/org/springframework/data/spring-data-mongodb/1.8.2.RELEASE/spring-data-mongodb-1.8.2.RELEASE.jar!/org/springframework/data/mongodb/core/aggregation/Aggregation$NoOpAggregationOperationContext.class], URL [jar:file:/C:/Users/yedenguele/.m2/repository/org/springframework/data/spring-data-mongodb/1.8.2.RELEASE/spring-data-mongodb-1.8.2.RELEASE.jar!/org/springframework/data/mongodb/core/aggregation/ProjectionOperation.class], URL [jar:file:/C:/Users/yedenguele/.m2/repository/org/springframework/data/spring-data-mongodb/1.8.2.RELEASE/spring-data-mongodb-1.8.2.RELEASE.jar!/org/springframework/data/mongodb/core/aggregation/ProjectionOperation$ProjectionOperationBuilder.class], URL [jar:file:/C:/Users/yedenguele/.m2/repository/org/springframework/data/spring-data-mongodb/1.8.2.RELEASE/spring-data-mongodb-1.8.2.RELEASE.jar!/org/springframework/data/mongodb/core/aggregation/Aggregation.class], URL [jar:file:/C:/Users/yedenguele/.m2/repository/org/springframework/data/spring-data-mongodb/1.8.2.RELEASE/spring-data-mongodb-1.8.2.RELEASE.jar!/org/springframework/data/mongodb/core/aggregation/LimitOperation.class], URL [jar:file:/C:/Users/yedenguele/.m2/repository/org/springframework/data/spring-data-mongodb/1.8.2.RELEASE/spring-data-mongodb-1.8.2.RELEASE.jar!/org/springframework/data/mongodb/core/aggregation/TypedAggregation.class], URL [jar:file:/C:/Users/yedenguele/.m2/repository/org/springframework/data/spring-data-mongodb/1.8.2.RELEASE/spring-data-mongodb-1.8.2.RELEASE.jar!/org/springframework/data/mongodb/core/aggregation/AggregationResults.class], URL [jar:file:/C:/Users/yedenguele/.m2/repository/org/springframework/data/spring-data-mongodb/1.8.2.RELEASE/spring-data-mongodb-1.8.2.RELEASE.jar!/org/springframework/data/mongodb/core/aggregation/Aggregation$SystemVariable.class], URL [jar:file:/C:/Users/yedenguele/.m2/repository/org/springframework/data/spring-data-mongodb/1.8.2.RELEASE/spring-data-mongodb-1.8.2.RELEASE.jar!/org/springframework/data/mongodb/core/aggregation/Fields$AggregationField.class], URL [jar:file:/C:/Users/yedenguele/.m2/repository/org/springframework/data/spring-data-mongodb/1.8.2.RELEASE/spring-data-mongodb-1.8.2.RELEASE.jar!/org/springframework/data/mongodb/core/aggregation/SpelExpressionTransformer$CompoundExpressionNodeConversion.class], URL [jar:file:/C:/Users/yedenguele/.m2/repository/org/springframework/data/spring-data-mongodb/1.8.2.RELEASE/spring-data-mongodb-1.8.2.RELEASE.jar!/org/springframework/data/mongodb/core/aggregation/AggregationOperation.class], URL [jar:file:/C:/Users/yedenguele/.m2/repository/org/springframework/data/spring-data-mongodb/1.8.2.RELEASE/spring-data-mongodb-1.8.2.RELEASE.jar!/org/springframework/data/mongodb/core/aggregation/AggregationExpressionTransformer$AggregationExpressionTransformationContext.class], URL [jar:file:/C:/Users/yedenguele/.m2/repository/org/springframework/data/spring-data-mongodb/1.8.2.RELEASE/spring-data-mongodb-1.8.2.RELEASE.jar!/org/springframework/data/mongodb/core/aggregation/ProjectionOperation$ProjectionOperationBuilder$PreviousOperationProjection.class], URL [jar:file:/C:/Users/yedenguele/.m2/repository/org/springframework/data/spring-data-mongodb/1.8.2.RELEASE/spring-data-mongodb-1.8.2.RELEASE.jar!/org/springframework/data/mongodb/core/aggregation/SpelExpressionTransformer$InlineListNodeConversion.class], URL [jar:file:/C:/Users/yedenguele/.m2/repository/org/springframework/data/spring-data-mongodb/1.8.2.RELEASE/spring-data-mongodb-1.8.2.RELEASE.jar!/org/springframework/data/mongodb/core/aggregation/ExposedFieldsAggregationOperationContext.class], URL [jar:file:/C:/Users/yedenguele/.m2/repository/org/springframework/data/spring-data-mongodb/1.8.2.RELEASE/spring-data-mongodb-1.8.2.RELEASE.jar!/org/springframework/data/mongodb/core/aggregation/AggregationOptions.class], URL [jar:file:/C:/Users/yedenguele/.m2/repository/org/springframework/data/spring-data-mongodb/1.8.2.RELEASE/spring-data-mongodb-1.8.2.RELEASE.jar!/org/springframework/data/mongodb/core/aggregation/GroupOperation$1.class], URL [jar:file:/C:/Users/yedenguele/.m2/repository/org/springframework/data/spring-data-mongodb/1.8.2.RELEASE/spring-data-mongodb-1.8.2.RELEASE.jar!/org/springframework/data/mongodb/core/aggregation/ExposedFields$ExposedField.class], URL [jar:file:/C:/Users/yedenguele/.m2/repository/org/springframework/data/spring-data-mongodb/1.8.2.RELEASE/spring-data-mongodb-1.8.2.RELEASE.jar!/org/springframework/data/mongodb/core/aggregation/GroupOperation$GroupOperationBuilder.class], URL [jar:file:/C:/Users/yedenguele/.m2/repository/org/springframework/data/spring-data-mongodb/1.8.2.RELEASE/spring-data-mongodb-1.8.2.RELEASE.jar!/org/springframework/data/mongodb/core/aggregation/AggregationFunctionExpressions$FunctionExpression.class], URL [jar:file:/C:/Users/yedenguele/.m2/repository/org/springframework/data/spring-data-mongodb/1.8.2.RELEASE/spring-data-mongodb-1.8.2.RELEASE.jar!/org/springframework/data/mongodb/core/aggregation/ProjectionOperation$ProjectionOperationBuilder$OperationProjection$1.class], URL [jar:file:/C:/Users/yedenguele/.m2/repository/org/springframework/data/spring-data-mongodb/1.8.2.RELEASE/spring-data-mongodb-1.8.2.RELEASE.jar!/org/springframework/data/mongodb/core/aggregation/AggregationExpressionTransformer.class], URL [jar:file:/C:/Users/yedenguele/.m2/repository/org/springframework/data/spring-data-mongodb/1.8.2.RELEASE/spring-data-mongodb-1.8.2.RELEASE.jar!/org/springframework/data/mongodb/core/aggregation/ProjectionOperation$ProjectionOperationBuilder$FieldProjection.class], URL [jar:file:/C:/Users/yedenguele/.m2/repository/org/springframework/data/spring-data-mongodb/1.8.2.RELEASE/spring-data-mongodb-1.8.2.RELEASE.jar!/org/springframework/data/mongodb/core/aggregation/ProjectionOperation$1.class], URL [jar:file:/C:/Users/yedenguele/.m2/repository/org/springframework/data/spring-data-mongodb/1.8.2.RELEASE/spring-data-mongodb-1.8.2.RELEASE.jar!/org/springframework/data/mongodb/core/aggregation/ProjectionOperation$ProjectionOperationBuilder$OperationProjection.class], URL [jar:file:/C:/Users/yedenguele/.m2/repository/org/springframework/data/spring-data-mongodb/1.8.2.RELEASE/spring-data-mongodb-1.8.2.RELEASE.jar!/org/springframework/data/mongodb/core/aggregation/SortOperation.class], URL [jar:file:/C:/Users/yedenguele/.m2/repository/org/springframework/data/spring-data-mongodb/1.8.2.RELEASE/spring-data-mongodb-1.8.2.RELEASE.jar!/org/springframework/data/mongodb/core/aggregation/GroupOperation$Keyword.class], URL [jar:file:/C:/Users/yedenguele/.m2/repository/org/springframework/data/spring-data-mongodb/1.8.2.RELEASE/spring-data-mongodb-1.8.2.RELEASE.jar!/org/springframework/data/mongodb/core/aggregation/ProjectionOperation$ExpressionProjectionOperationBuilder.class], URL [jar:file:/C:/Users/yedenguele/.m2/repository/org/springframework/data/spring-data-mongodb/1.8.2.RELEASE/spring-data-mongodb-1.8.2.RELEASE.jar!/org/springframework/data/mongodb/core/aggregation/ProjectionOperation$AbstractProjectionOperationBuilder.class], URL [jar:file:/C:/Users/yedenguele/.m2/repository/org/springframework/data/spring-data-mongodb/1.8.2.RELEASE/spring-data-mongodb-1.8.2.RELEASE.jar!/org/springframework/data/mongodb/core/aggregation/ProjectionOperation$ExpressionProjectionOperationBuilder$ExpressionProjection.class], URL [jar:file:/C:/Users/yedenguele/.m2/repository/org/springframework/data/spring-data-mongodb/1.8.2.RELEASE/spring-data-mongodb-1.8.2.RELEASE.jar!/org/springframework/data/mongodb/core/aggregation/AggregationExpression.class], URL [jar:file:/C:/Users/yedenguele/.m2/repository/org/springframework/data/spring-data-mongodb/1.8.2.RELEASE/spring-data-mongodb-1.8.2.RELEASE.jar!/org/springframework/data/mongodb/core/aggregation/ProjectionOperation$Projection.class], URL [jar:file:/C:/Users/yedenguele/.m2/repository/org/springframework/data/spring-data-mongodb/1.8.2.RELEASE/spring-data-mongodb-1.8.2.RELEASE.jar!/org/springframework/data/mongodb/core/aggregation/MatchOperation.class], URL [jar:file:/C:/Users/yedenguele/.m2/repository/org/springframework/data/spring-data-mongodb/1.8.2.RELEASE/spring-data-mongodb-1.8.2.RELEASE.jar!/org/springframework/data/mongodb/core/aggregation/ProjectionOperation$ExpressionProjection.class], URL [jar:file:/C:/Users/yedenguele/.m2/repository/org/springframework/data/spring-data-mongodb/1.8.2.RELEASE/spring-data-mongodb-1.8.2.RELEASE.jar!/org/springframework/data/mongodb/core/aggregation/ProjectionOperation$ExpressionProjectionOperationBuilder$1.class], URL [jar:file:/C:/Users/yedenguele/.m2/repository/org/springframework/data/spring-data-mongodb/1.8.2.RELEASE/spring-data-mongodb-1.8.2.RELEASE.jar!/org/springframework/data/mongodb/core/aggregation/GroupOperation$GroupOps.class], URL [jar:file:/C:/Users/yedenguele/.m2/repository/org/springframework/data/spring-data-mongodb/1.8.2.RELEASE/spring-data-mongodb-1.8.2.RELEASE.jar!/org/springframework/data/mongodb/core/aggregation/SpelExpressionTransformer$LiteralNodeConversion.class], URL [jar:file:/C:/Users/yedenguele/.m2/repository/org/springframework/data/spring-data-mongodb/1.8.2.RELEASE/spring-data-mongodb-1.8.2.RELEASE.jar!/org/springframework/data/mongodb/core/aggregation/GeoNearOperation.class], URL [jar:file:/C:/Users/yedenguele/.m2/repository/org/springframework/data/spring-data-mongodb/1.8.2.RELEASE/spring-data-mongodb-1.8.2.RELEASE.jar!/org/springframework/data/mongodb/core/aggregation/GroupOperation$Operation.class], URL [jar:file:/C:/Users/yedenguele/.m2/repository/org/springframework/data/spring-data-mongodb/1.8.2.RELEASE/spring-data-mongodb-1.8.2.RELEASE.jar!/org/springframework/data/mongodb/core/mapreduce/MapReduceCounts.class], URL [jar:file:/C:/Users/yedenguele/.m2/repository/org/springframework/data/spring-data-mongodb/1.8.2.RELEASE/spring-data-mongodb-1.8.2.RELEASE.jar!/org/springframework/data/mongodb/core/mapreduce/MapReduceTiming.class], URL [jar:file:/C:/Users/yedenguele/.m2/repository/org/springframework/data/spring-data-mongodb/1.8.2.RELEASE/spring-data-mongodb-1.8.2.RELEASE.jar!/org/springframework/data/mongodb/core/mapreduce/MapReduceResults.class], URL [jar:file:/C:/Users/yedenguele/.m2/repository/org/springframework/data/spring-data-mongodb/1.8.2.RELEASE/spring-data-mongodb-1.8.2.RELEASE.jar!/org/springframework/data/mongodb/core/mapreduce/MapReduceOptions.class], URL [jar:file:/C:/Users/yedenguele/.m2/repository/org/springframework/data/spring-data-mongodb/1.8.2.RELEASE/spring-data-mongodb-1.8.2.RELEASE.jar!/org/springframework/data/mongodb/core/mapreduce/MapReduceOptions$1.class], URL [jar:file:/C:/Users/yedenguele/.m2/repository/org/springframework/data/spring-data-mongodb/1.8.2.RELEASE/spring-data-mongodb-1.8.2.RELEASE.jar!/org/springframework/data/mongodb/core/mapreduce/GroupByResults.class], URL [jar:file:/C:/Users/yedenguele/.m2/repository/org/springframework/data/spring-data-mongodb/1.8.2.RELEASE/spring-data-mongodb-1.8.2.RELEASE.jar!/org/springframework/data/mongodb/core/mapreduce/GroupBy.class], URL [jar:file:/C:/Users/yedenguele/.m2/repository/org/springframework/data/spring-data-mongodb/1.8.2.RELEASE/spring-data-mongodb-1.8.2.RELEASE.jar!/org/springframework/data/mongodb/core/MongoOperations.class], URL [jar:file:/C:/Users/yedenguele/.m2/repository/org/springframework/data/spring-data-mongodb/1.8.2.RELEASE/spring-data-mongodb-1.8.2.RELEASE.jar!/org/springframework/data/mongodb/core/ReflectiveWriteResultInvoker.class], URL [jar:file:/C:/Users/yedenguele/.m2/repository/org/springframework/data/spring-data-mongodb/1.8.2.RELEASE/spring-data-mongodb-1.8.2.RELEASE.jar!/org/springframework/data/mongodb/core/MongoActionOperation.class], URL [jar:file:/C:/Users/yedenguele/.m2/repository/org/springframework/data/spring-data-mongodb/1.8.2.RELEASE/spring-data-mongodb-1.8.2.RELEASE.jar!/org/springframework/data/mongodb/core/MongoExceptionTranslator.class], URL [jar:file:/C:/Users/yedenguele/.m2/repository/org/springframework/data/spring-data-mongodb/1.8.2.RELEASE/spring-data-mongodb-1.8.2.RELEASE.jar!/org/springframework/data/mongodb/core/MongoDbUtils.class], URL [jar:file:/C:/Users/yedenguele/.m2/repository/org/springframework/data/spring-data-mongodb/1.8.2.RELEASE/spring-data-mongodb-1.8.2.RELEASE.jar!/org/springframework/data/mongodb/core/MongoTemplate$14.class], URL [jar:file:/C:/Users/yedenguele/.m2/repository/org/springframework/data/spring-data-mongodb/1.8.2.RELEASE/spring-data-mongodb-1.8.2.RELEASE.jar!/org/springframework/data/mongodb/core/DbHolder.class], URL [jar:file:/C:/Users/yedenguele/.m2/repository/org/springframework/data/spring-data-mongodb/1.8.2.RELEASE/spring-data-mongodb-1.8.2.RELEASE.jar!/org/springframework/data/mongodb/core/MongoTemplate$QueryCursorPreparer.class], URL [jar:file:/C:/Users/yedenguele/.m2/repository/org/springframework/data/spring-data-mongodb/1.8.2.RELEASE/spring-data-mongodb-1.8.2.RELEASE.jar!/org/springframework/data/mongodb/core/MongoTemplate$3.class], URL [jar:file:/C:/Users/yedenguele/.m2/repository/org/springframework/data/spring-data-mongodb/1.8.2.RELEASE/spring-data-mongodb-1.8.2.RELEASE.jar!/org/springframework/data/mongodb/core/DefaultScriptOperations$1.class], URL [jar:file:/C:/Users/yedenguele/.m2/repository/org/springframework/data/spring-data-mongodb/1.8.2.RELEASE/spring-data-mongodb-1.8.2.RELEASE.jar!/org/springframework/data/mongodb/core/MongoTemplate$FindCallback.class], URL [jar:file:/C:/Users/yedenguele/.m2/repository/org/springframework/data/spring-data-mongodb/1.8.2.RELEASE/spring-data-mongodb-1.8.2.RELEASE.jar!/org/springframework/data/mongodb/core/index/GeoSpatialIndexed.class], URL [jar:file:/C:/Users/yedenguele/.m2/repository/org/springframework/data/spring-data-mongodb/1.8.2.RELEASE/spring-data-mongodb-1.8.2.RELEASE.jar!/org/springframework/data/mongodb/core/index/Index$Duplicates.class], URL [jar:file:/C:/Users/yedenguele/.m2/repository/org/springframework/data/spring-data-mongodb/1.8.2.RELEASE/spring-data-mongodb-1.8.2.RELEASE.jar!/org/springframework/data/mongodb/core/index/TextIndexDefinition$TextIndexedFieldSpec.class], URL [jar:file:/C:/Users/yedenguele/.m2/repository/org/springframework/data/spring-data-mongodb/1.8.2.RELEASE/spring-data-mongodb-1.8.2.RELEASE.jar!/org/springframework/data/mongodb/core/index/MongoPersistentEntityIndexResolver$TextIndexIncludeOptions.class], URL [jar:file:/C:/Users/yedenguele/.m2/repository/org/springframework/data/spring-data-mongodb/1.8.2.RELEASE/spring-data-mongodb-1.8.2.RELEASE.jar!/org/springframework/data/mongodb/core/index/MongoPersistentEntityIndexResolver$IndexDefinitionHolder.class], URL [jar:file:/C:/Users/yedenguele/.m2/repository/org/springframework/data/spring-data-mongodb/1.8.2.RELEASE/spring-data-mongodb-1.8.2.RELEASE.jar!/org/springframework/data/mongodb/core/index/IndexPredicate.class], URL [jar:file:/C:/Users/yedenguele/.m2/repository/org/springframework/data/spring-data-mongodb/1.8.2.RELEASE/spring-data-mongodb-1.8.2.RELEASE.jar!/org/springframework/data/mongodb/core/index/IndexDefinition.class], URL [jar:file:/C:/Users/yedenguele/.m2/repository/org/springframework/data/spring-data-mongodb/1.8.2.RELEASE/spring-data-mongodb-1.8.2.RELEASE.jar!/org/springframework/data/mongodb/core/index/IndexResolver.class], URL [jar:file:/C:/Users/yedenguele/.m2/repository/org/springframework/data/spring-data-mongodb/1.8.2.RELEASE/spring-data-mongodb-1.8.2.RELEASE.jar!/org/springframework/data/mongodb/core/index/MongoPersistentEntityIndexResolver$2.class], URL [jar:file:/C:/Users/yedenguele/.m2/repository/org/springframework/data/spring-data-mongodb/1.8.2.RELEASE/spring-data-mongodb-1.8.2.RELEASE.jar!/org/springframework/data/mongodb/core/index/GeospatialIndex.class], URL [jar:file:/C:/Users/yedenguele/.m2/repository/org/springframework/data/spring-data-mongodb/1.8.2.RELEASE/spring-data-mongodb-1.8.2.RELEASE.jar!/org/springframework/data/mongodb/core/index/MongoPersistentEntityIndexResolver$CycleGuard.class], URL [jar:file:/C:/Users/yedenguele/.m2/repository/org/springframework/data/spring-data-mongodb/1.8.2.RELEASE/spring-data-mongodb-1.8.2.RELEASE.jar!/org/springframework/data/mongodb/core/index/MongoPersistentEntityIndexResolver$3.class], URL [jar:file:/C:/Users/yedenguele/.m2/repository/org/springframework/data/spring-data-mongodb/1.8.2.RELEASE/spring-data-mongodb-1.8.2.RELEASE.jar!/org/springframework/data/mongodb/core/index/MongoPersistentEntityIndexResolver.class], URL [jar:file:/C:/Users/yedenguele/.m2/repository/org/springframework/data/spring-data-mongodb/1.8.2.RELEASE/spring-data-mongodb-1.8.2.RELEASE.jar!/org/springframework/data/mongodb/core/index/MongoPersistentEntityIndexResolver$CycleGuard$Path.class], URL [jar:file:/C:/Users/yedenguele/.m2/repository/org/springframework/data/spring-data-mongodb/1.8.2.RELEASE/spring-data-mongodb-1.8.2.RELEASE.jar!/org/springframework/data/mongodb/core/index/IndexField$Type.class], URL [jar:file:/C:/Users/yedenguele/.m2/repository/org/springframework/data/spring-data-mongodb/1.8.2.RELEASE/spring-data-mongodb-1.8.2.RELEASE.jar!/org/springframework/data/mongodb/core/index/TextIndexDefinition$TextIndexDefinitionBuilder.class], URL [jar:file:/C:/Users/yedenguele/.m2/repository/org/springframework/data/spring-data-mongodb/1.8.2.RELEASE/spring-data-mongodb-1.8.2.RELEASE.jar!/org/springframework/data/mongodb/core/index/IndexField.class], URL [jar:file:/C:/Users/yedenguele/.m2/repository/org/springframework/data/spring-data-mongodb/1.8.2.RELEASE/spring-data-mongodb-1.8.2.RELEASE.jar!/org/springframework/data/mongodb/core/index/MongoPersistentEntityIndexResolver$CyclicPropertyReferenceException.class], URL [jar:file:/C:/Users/yedenguele/.m2/repository/org/springframework/data/spring-data-mongodb/1.8.2.RELEASE/spring-data-mongodb-1.8.2.RELEASE.jar!/org/springframework/data/mongodb/core/index/CompoundIndex.class], URL [jar:file:/C:/Users/yedenguele/.m2/repository/org/springframework/data/spring-data-mongodb/1.8.2.RELEASE/spring-data-mongodb-1.8.2.RELEASE.jar!/org/springframework/data/mongodb/core/index/TextIndexDefinition.class], URL [jar:file:/C:/Users/yedenguele/.m2/repository/org/springframework/data/spring-data-mongodb/1.8.2.RELEASE/spring-data-mongodb-1.8.2.RELEASE.jar!/org/springframework/data/mongodb/core/index/MongoPersistentEntityIndexResolver$1.class], URL [jar:file:/C:/Users/yedenguele/.m2/repository/org/springframework/data/spring-data-mongodb/1.8.2.RELEASE/spring-data-mongodb-1.8.2.RELEASE.jar!/org/springframework/data/mongodb/core/index/GeoSpatialIndexType.class], URL [jar:file:/C:/Users/yedenguele/.m2/repository/org/springframework/data/spring-data-mongodb/1.8.2.RELEASE/spring-data-mongodb-1.8.2.RELEASE.jar!/org/springframework/data/mongodb/core/index/Index.class], URL [jar:file:/C:/Users/yedenguele/.m2/repository/org/springframework/data/spring-data-mongodb/1.8.2.RELEASE/spring-data-mongodb-1.8.2.RELEASE.jar!/org/springframework/data/mongodb/core/index/GeospatialIndex$1.class], URL [jar:file:/C:/Users/yedenguele/.m2/repository/org/springframework/data/spring-data-mongodb/1.8.2.RELEASE/spring-data-mongodb-1.8.2.RELEASE.jar!/org/springframework/data/mongodb/core/index/IndexInfo.class], URL [jar:file:/C:/Users/yedenguele/.m2/repository/org/springframework/data/spring-data-mongodb/1.8.2.RELEASE/spring-data-mongodb-1.8.2.RELEASE.jar!/org/springframework/data/mongodb/core/index/CompoundIndexes.class], URL [jar:file:/C:/Users/yedenguele/.m2/repository/org/springframework/data/spring-data-mongodb/1.8.2.RELEASE/spring-data-mongodb-1.8.2.RELEASE.jar!/org/springframework/data/mongodb/core/index/MongoPersistentEntityIndexResolver$TextIndexIncludeOptions$IncludeStrategy.class], URL [jar:file:/C:/Users/yedenguele/.m2/repository/org/springframework/data/spring-data-mongodb/1.8.2.RELEASE/spring-data-mongodb-1.8.2.RELEASE.jar!/org/springframework/data/mongodb/core/index/MongoPersistentEntityIndexCreator.class], URL [jar:file:/C:/Users/yedenguele/.m2/repository/org/springframework/data/spring-data-mongodb/1.8.2.RELEASE/spring-data-mongodb-1.8.2.RELEASE.jar!/org/springframework/data/mongodb/core/index/CompoundIndexDefinition.class], URL [jar:file:/C:/Users/yedenguele/.m2/repository/org/springframework/data/spring-data-mongodb/1.8.2.RELEASE/spring-data-mongodb-1.8.2.RELEASE.jar!/org/springframework/data/mongodb/core/index/MongoMappingEventPublisher.class], URL [jar:file:/C:/Users/yedenguele/.m2/repository/org/springframework/data/spring-data-mongodb/1.8.2.RELEASE/spring-data-mongodb-1.8.2.RELEASE.jar!/org/springframework/data/mongodb/core/index/MongoPersistentEntityIndexResolver$4.class], URL [jar:file:/C:/Users/yedenguele/.m2/repository/org/springframework/data/spring-data-mongodb/1.8.2.RELEASE/spring-data-mongodb-1.8.2.RELEASE.jar!/org/springframework/data/mongodb/core/index/Indexed.class], URL [jar:file:/C:/Users/yedenguele/.m2/repository/org/springframework/data/spring-data-mongodb/1.8.2.RELEASE/spring-data-mongodb-1.8.2.RELEASE.jar!/org/springframework/data/mongodb/core/index/TextIndexed.class], URL [jar:file:/C:/Users/yedenguele/.m2/repository/org/springframework/data/spring-data-mongodb/1.8.2.RELEASE/spring-data-mongodb-1.8.2.RELEASE.jar!/org/springframework/data/mongodb/core/index/IndexDirection.class], URL [jar:file:/C:/Users/yedenguele/.m2/repository/org/springframework/data/spring-data-mongodb/1.8.2.RELEASE/spring-data-mongodb-1.8.2.RELEASE.jar!/org/springframework/data/mongodb/core/DefaultIndexOperations$3.class], URL [jar:file:/C:/Users/yedenguele/.m2/repository/org/springframework/data/spring-data-mongodb/1.8.2.RELEASE/spring-data-mongodb-1.8.2.RELEASE.jar!/org/springframework/data/mongodb/core/mapping/BasicMongoPersistentEntity$PropertyTypeAssertionHandler.class], URL [jar:file:/C:/Users/yedenguele/.m2/repository/org/springframework/data/spring-data-mongodb/1.8.2.RELEASE/spring-data-mongodb-1.8.2.RELEASE.jar!/org/springframework/data/mongodb/core/mapping/BasicMongoPersistentEntity$1.class], URL [jar:file:/C:/Users/yedenguele/.m2/repository/org/springframework/data/spring-data-mongodb/1.8.2.RELEASE/spring-data-mongodb-1.8.2.RELEASE.jar!/org/springframework/data/mongodb/core/mapping/MongoPersistentProperty.class], URL [jar:file:/C:/Users/yedenguele/.m2/repository/org/springframework/data/spring-data-mongodb/1.8.2.RELEASE/spring-data-mongodb-1.8.2.RELEASE.jar!/org/springframework/data/mongodb/core/mapping/BasicMongoPersistentProperty.class], URL [jar:file:/C:/Users/yedenguele/.m2/repository/org/springframework/data/spring-data-mongodb/1.8.2.RELEASE/spring-data-mongodb-1.8.2.RELEASE.jar!/org/springframework/data/mongodb/core/mapping/Field.class], URL [jar:file:/C:/Users/yedenguele/.m2/repository/org/springframework/data/spring-data-mongodb/1.8.2.RELEASE/spring-data-mongodb-1.8.2.RELEASE.jar!/org/springframework/data/mongodb/core/mapping/CachingMongoPersistentProperty.class], URL [jar:file:/C:/Users/yedenguele/.m2/repository/org/springframework/data/spring-data-mongodb/1.8.2.RELEASE/spring-data-mongodb-1.8.2.RELEASE.jar!/org/springframework/data/mongodb/core/mapping/BasicMongoPersistentEntity.class], URL [jar:file:/C:/Users/yedenguele/.m2/repository/org/springframework/data/spring-data-mongodb/1.8.2.RELEASE/spring-data-mongodb-1.8.2.RELEASE.jar!/org/springframework/data/mongodb/core/mapping/Language.class], URL [jar:file:/C:/Users/yedenguele/.m2/repository/org/springframework/data/spring-data-mongodb/1.8.2.RELEASE/spring-data-mongodb-1.8.2.RELEASE.jar!/org/springframework/data/mongodb/core/mapping/DBRef.class], URL [jar:file:/C:/Users/yedenguele/.m2/repository/org/springframework/data/spring-data-mongodb/1.8.2.RELEASE/spring-data-mongodb-1.8.2.RELEASE.jar!/org/springframework/data/mongodb/core/mapping/Version.class], URL [jar:file:/C:/Users/yedenguele/.m2/repository/org/springframework/data/spring-data-mongodb/1.8.2.RELEASE/spring-data-mongodb-1.8.2.RELEASE.jar!/org/springframework/data/mongodb/core/mapping/BasicMongoPersistentEntity$MongoPersistentPropertyComparator.class], URL [jar:file:/C:/Users/yedenguele/.m2/repository/org/springframework/data/spring-data-mongodb/1.8.2.RELEASE/spring-data-mongodb-1.8.2.RELEASE.jar!/org/springframework/data/mongodb/core/mapping/MongoPersistentProperty$PropertyToFieldNameConverter.class], URL [jar:file:/C:/Users/yedenguele/.m2/repository/org/springframework/data/spring-data-mongodb/1.8.2.RELEASE/spring-data-mongodb-1.8.2.RELEASE.jar!/org/springframework/data/mongodb/core/mapping/event/AfterConvertEvent.class], URL [jar:file:/C:/Users/yedenguele/.m2/repository/org/springframework/data/spring-data-mongodb/1.8.2.RELEASE/spring-data-mongodb-1.8.2.RELEASE.jar!/org/springframework/data/mongodb/core/mapping/event/AfterSaveEvent.class], URL [jar:file:/C:/Users/yedenguele/.m2/repository/org/springframework/data/spring-data-mongodb/1.8.2.RELEASE/spring-data-mongodb-1.8.2.RELEASE.jar!/org/springframework/data/mongodb/core/mapping/event/AuditingEventListener.class], URL [jar:file:/C:/Users/yedenguele/.m2/repository/org/springframework/data/spring-data-mongodb/1.8.2.RELEASE/spring-data-mongodb-1.8.2.RELEASE.jar!/org/springframework/data/mongodb/core/mapping/event/ValidatingMongoEventListener.class], URL [jar:file:/C:/Users/yedenguele/.m2/repository/org/springframework/data/spring-data-mongodb/1.8.2.RELEASE/spring-data-mongodb-1.8.2.RELEASE.jar!/org/springframework/data/mongodb/core/mapping/event/AfterLoadEvent.class], URL [jar:file:/C:/Users/yedenguele/.m2/repository/org/springframework/data/spring-data-mongodb/1.8.2.RELEASE/spring-data-mongodb-1.8.2.RELEASE.jar!/org/springframework/data/mongodb/core/mapping/event/LoggingEventListener.class], URL [jar:file:/C:/Users/yedenguele/.m2/repository/org/springframework/data/spring-data-mongodb/1.8.2.RELEASE/spring-data-mongodb-1.8.2.RELEASE.jar!/org/springframework/data/mongodb/core/mapping/event/AfterDeleteEvent.class], URL [jar:file:/C:/Users/yedenguele/.m2/repository/org/springframework/data/spring-data-mongodb/1.8.2.RELEASE/spring-data-mongodb-1.8.2.RELEASE.jar!/org/springframework/data/mongodb/core/mapping/event/BeforeDeleteEvent.class], URL [jar:file:/C:/Users/yedenguele/.m2/repository/org/springframework/data/spring-data-mongodb/1.8.2.RELEASE/spring-data-mongodb-1.8.2.RELEASE.jar!/org/springframework/data/mongodb/core/mapping/event/AbstractDeleteEvent.class], URL [jar:file:/C:/Users/yedenguele/.m2/repository/org/springframework/data/spring-data-mongodb/1.8.2.RELEASE/spring-data-mongodb-1.8.2.RELEASE.jar!/org/springframework/data/mongodb/core/mapping/event/MongoMappingEvent.class], URL [jar:file:/C:/Users/yedenguele/.m2/repository/org/springframework/data/spring-data-mongodb/1.8.2.RELEASE/spring-data-mongodb-1.8.2.RELEASE.jar!/org/springframework/data/mongodb/core/mapping/event/AbstractMongoEventListener.class], URL [jar:file:/C:/Users/yedenguele/.m2/repository/org/springframework/data/spring-data-mongodb/1.8.2.RELEASE/spring-data-mongodb-1.8.2.RELEASE.jar!/org/springframework/data/mongodb/core/mapping/event/BeforeSaveEvent.class], URL [jar:file:/C:/Users/yedenguele/.m2/repository/org/springframework/data/spring-data-mongodb/1.8.2.RELEASE/spring-data-mongodb-1.8.2.RELEASE.jar!/org/springframework/data/mongodb/core/mapping/event/BeforeConvertEvent.class], URL [jar:file:/C:/Users/yedenguele/.m2/repository/org/springframework/data/spring-data-mongodb/1.8.2.RELEASE/spring-data-mongodb-1.8.2.RELEASE.jar!/org/springframework/data/mongodb/core/mapping/MongoPersistentEntity.class], URL [jar:file:/C:/Users/yedenguele/.m2/repository/org/springframework/data/spring-data-mongodb/1.8.2.RELEASE/spring-data-mongodb-1.8.2.RELEASE.jar!/org/springframework/data/mongodb/core/mapping/TextScore.class], URL [jar:file:/C:/Users/yedenguele/.m2/repository/org/springframework/data/spring-data-mongodb/1.8.2.RELEASE/spring-data-mongodb-1.8.2.RELEASE.jar!/org/springframework/data/mongodb/core/mapping/MongoMappingContext.class], URL [jar:file:/C:/Users/yedenguele/.m2/repository/org/springframework/data/spring-data-mongodb/1.8.2.RELEASE/spring-data-mongodb-1.8.2.RELEASE.jar!/org/springframework/data/mongodb/core/mapping/Document.class], URL [jar:file:/C:/Users/yedenguele/.m2/repository/org/springframework/data/spring-data-mongodb/1.8.2.RELEASE/spring-data-mongodb-1.8.2.RELEASE.jar!/org/springframework/data/mongodb/core/mapping/MongoSimpleTypes.class], URL [jar:file:/C:/Users/yedenguele/.m2/repository/org/springframework/data/spring-data-mongodb/1.8.2.RELEASE/spring-data-mongodb-1.8.2.RELEASE.jar!/org/springframework/data/mongodb/core/mapping/BasicMongoPersistentEntity$AssertFieldNameUniquenessHandler.class], URL [jar:file:/C:/Users/yedenguele/.m2/repository/org/springframework/data/spring-data-mongodb/1.8.2.RELEASE/spring-data-mongodb-1.8.2.RELEASE.jar!/org/springframework/data/mongodb/core/CollectionCallback.class], URL [jar:file:/C:/Users/yedenguele/.m2/repository/org/springframework/data/spring-data-mongodb/1.8.2.RELEASE/spring-data-mongodb-1.8.2.RELEASE.jar!/org/springframework/data/mongodb/core/MongoTemplate$1.class], URL [jar:file:/C:/Users/yedenguele/.m2/repository/org/springframework/data/spring-data-mongodb/1.8.2.RELEASE/spring-data-mongodb-1.8.2.RELEASE.jar!/org/springframework/data/mongodb/core/MongoAction.class], URL [jar:file:/C:/Users/yedenguele/.m2/repository/org/springframework/data/spring-data-mongodb/1.8.2.RELEASE/spring-data-mongodb-1.8.2.RELEASE.jar!/org/springframework/data/mongodb/core/MongoTemplate$GeoNearResultDbObjectCallback.class], URL [jar:file:/C:/Users/yedenguele/.m2/repository/org/springframework/data/spring-data-mongodb/1.8.2.RELEASE/spring-data-mongodb-1.8.2.RELEASE.jar!/org/springframework/data/mongodb/core/MongoClientFactoryBean.class], URL [jar:file:/C:/Users/yedenguele/.m2/repository/org/springframework/data/spring-data-mongodb/1.8.2.RELEASE/spring-data-mongodb-1.8.2.RELEASE.jar!/org/springframework/data/mongodb/core/ScriptOperations.class], URL [jar:file:/C:/Users/yedenguele/.m2/repository/org/springframework/data/spring-data-mongodb/1.8.2.RELEASE/spring-data-mongodb-1.8.2.RELEASE.jar!/org/springframework/data/mongodb/core/ReflectiveDbInvoker.class], URL [jar:file:/C:/Users/yedenguele/.m2/repository/org/springframework/data/spring-data-mongodb/1.8.2.RELEASE/spring-data-mongodb-1.8.2.RELEASE.jar!/org/springframework/data/mongodb/core/WriteConcernResolver.class], URL [jar:file:/C:/Users/yedenguele/.m2/repository/org/springframework/data/spring-data-mongodb/1.8.2.RELEASE/spring-data-mongodb-1.8.2.RELEASE.jar!/org/springframework/data/mongodb/core/WriteResultChecking.class], URL [jar:file:/C:/Users/yedenguele/.m2/repository/org/springframework/data/spring-data-mongodb/1.8.2.RELEASE/spring-data-mongodb-1.8.2.RELEASE.jar!/org/springframework/data/mongodb/core/ReflectiveDBCollectionInvoker.class], URL [jar:file:/C:/Users/yedenguele/.m2/repository/org/springframework/data/spring-data-mongodb/1.8.2.RELEASE/spring-data-mongodb-1.8.2.RELEASE.jar!/org/springframework/data/mongodb/core/MongoTemplate$11.class], URL [jar:file:/C:/Users/yedenguele/.m2/repository/org/springframework/data/spring-data-mongodb/1.8.2.RELEASE/spring-data-mongodb-1.8.2.RELEASE.jar!/org/springframework/data/mongodb/core/spel/LiteralNode.class], URL [jar:file:/C:/Users/yedenguele/.m2/repository/org/springframework/data/spring-data-mongodb/1.8.2.RELEASE/spring-data-mongodb-1.8.2.RELEASE.jar!/org/springframework/data/mongodb/core/spel/ExpressionNode.class], URL [jar:file:/C:/Users/yedenguele/.m2/repository/org/springframework/data/spring-data-mongodb/1.8.2.RELEASE/spring-data-mongodb-1.8.2.RELEASE.jar!/org/springframework/data/mongodb/core/spel/MethodReferenceNode.class], URL [jar:file:/C:/Users/yedenguele/.m2/repository/org/springframework/data/spring-data-mongodb/1.8.2.RELEASE/spring-data-mongodb-1.8.2.RELEASE.jar!/org/springframework/data/mongodb/core/spel/ExpressionNode$1.class], URL [jar:file:/C:/Users/yedenguele/.m2/repository/org/springframework/data/spring-data-mongodb/1.8.2.RELEASE/spring-data-mongodb-1.8.2.RELEASE.jar!/org/springframework/data/mongodb/core/spel/ExpressionTransformer.class], URL [jar:file:/C:/Users/yedenguele/.m2/repository/org/springframework/data/spring-data-mongodb/1.8.2.RELEASE/spring-data-mongodb-1.8.2.RELEASE.jar!/org/springframework/data/mongodb/core/spel/ExpressionTransformationContextSupport.class], URL [jar:file:/C:/Users/yedenguele/.m2/repository/org/springframework/data/spring-data-mongodb/1.8.2.RELEASE/spring-data-mongodb-1.8.2.RELEASE.jar!/org/springframework/data/mongodb/core/spel/OperatorNode.class], URL [jar:file:/C:/Users/yedenguele/.m2/repository/org/springframework/data/spring-data-mongodb/1.8.2.RELEASE/spring-data-mongodb-1.8.2.RELEASE.jar!/org/springframework/data/mongodb/core/MongoTemplate$FindOneCallback.class], URL [jar:file:/C:/Users/yedenguele/.m2/repository/org/springframework/data/spring-data-mongodb/1.8.2.RELEASE/spring-data-mongodb-1.8.2.RELEASE.jar!/org/springframework/data/mongodb/core/MongoTemplate$5.class], URL [jar:file:/C:/Users/yedenguele/.m2/repository/org/springframework/data/spring-data-mongodb/1.8.2.RELEASE/spring-data-mongodb-1.8.2.RELEASE.jar!/org/springframework/data/mongodb/core/MongoTemplate$12.class], URL [jar:file:/C:/Users/yedenguele/.m2/repository/org/springframework/data/spring-data-mongodb/1.8.2.RELEASE/spring-data-mongodb-1.8.2.RELEASE.jar!/org/springframework/data/mongodb/core/FindAndModifyOptions.class], URL [jar:file:/C:/Users/yedenguele/.m2/repository/org/springframework/data/spring-data-mongodb/1.8.2.RELEASE/spring-data-mongodb-1.8.2.RELEASE.jar!/org/springframework/data/mongodb/core/MongoTemplate$8.class], URL [jar:file:/C:/Users/yedenguele/.m2/repository/org/springframework/data/spring-data-mongodb/1.8.2.RELEASE/spring-data-mongodb-1.8.2.RELEASE.jar!/org/springframework/data/mongodb/core/query/CriteriaDefinition.class], URL [jar:file:/C:/Users/yedenguele/.m2/repository/org/springframework/data/spring-data-mongodb/1.8.2.RELEASE/spring-data-mongodb-1.8.2.RELEASE.jar!/org/springframework/data/mongodb/core/query/Term.class], URL [jar:file:/C:/Users/yedenguele/.m2/repository/org/springframework/data/spring-data-mongodb/1.8.2.RELEASE/spring-data-mongodb-1.8.2.RELEASE.jar!/org/springframework/data/mongodb/core/query/Order$1.class], URL [jar:file:/C:/Users/yedenguele/.m2/repository/org/springframework/data/spring-data-mongodb/1.8.2.RELEASE/spring-data-mongodb-1.8.2.RELEASE.jar!/org/springframework/data/mongodb/core/query/Meta$MetaKey.class], URL [jar:file:/C:/Users/yedenguele/.m2/repository/org/springframework/data/spring-data-mongodb/1.8.2.RELEASE/spring-data-mongodb-1.8.2.RELEASE.jar!/org/springframework/data/mongodb/core/query/Update$AddToSetBuilder.class], URL [jar:file:/C:/Users/yedenguele/.m2/repository/org/springframework/data/spring-data-mongodb/1.8.2.RELEASE/spring-data-mongodb-1.8.2.RELEASE.jar!/org/springframework/data/mongodb/core/query/TextCriteria.class], URL [jar:file:/C:/Users/yedenguele/.m2/repository/org/springframework/data/spring-data-mongodb/1.8.2.RELEASE/spring-data-mongodb-1.8.2.RELEASE.jar!/org/springframework/data/mongodb/core/query/Meta.class], URL [jar:file:/C:/Users/yedenguele/.m2/repository/org/springframework/data/spring-data-mongodb/1.8.2.RELEASE/spring-data-mongodb-1.8.2.RELEASE.jar!/org/springframework/data/mongodb/core/query/Term$Type.class], URL [jar:file:/C:/Users/yedenguele/.m2/repository/org/springframework/data/spring-data-mongodb/1.8.2.RELEASE/spring-data-mongodb-1.8.2.RELEASE.jar!/org/springframework/data/mongodb/core/query/Field.class], URL [jar:file:/C:/Users/yedenguele/.m2/repository/org/springframework/data/spring-data-mongodb/1.8.2.RELEASE/spring-data-mongodb-1.8.2.RELEASE.jar!/org/springframework/data/mongodb/core/query/Criteria.class], URL [jar:file:/C:/Users/yedenguele/.m2/repository/org/springframework/data/spring-data-mongodb/1.8.2.RELEASE/spring-data-mongodb-1.8.2.RELEASE.jar!/org/springframework/data/mongodb/core/query/BasicUpdate.class], URL [jar:file:/C:/Users/yedenguele/.m2/repository/org/springframework/data/spring-data-mongodb/1.8.2.RELEASE/spring-data-mongodb-1.8.2.RELEASE.jar!/org/springframework/data/mongodb/core/query/GeoCommand.class], URL [jar:file:/C:/Users/yedenguele/.m2/repository/org/springframework/data/spring-data-mongodb/1.8.2.RELEASE/spring-data-mongodb-1.8.2.RELEASE.jar!/org/springframework/data/mongodb/core/query/Update$Position.class], URL [jar:file:/C:/Users/yedenguele/.m2/repository/org/springframework/data/spring-data-mongodb/1.8.2.RELEASE/spring-data-mongodb-1.8.2.RELEASE.jar!/org/springframework/data/mongodb/core/query/Update.class], URL [jar:file:/C:/Users/yedenguele/.m2/repository/org/springframework/data/spring-data-mongodb/1.8.2.RELEASE/spring-data-mongodb-1.8.2.RELEASE.jar!/org/springframework/data/mongodb/core/query/Update$BitwiseOperatorBuilder$BitwiseOperator.class], URL [jar:file:/C:/Users/yedenguele/.m2/repository/org/springframework/data/spring-data-mongodb/1.8.2.RELEASE/spring-data-mongodb-1.8.2.RELEASE.jar!/org/springframework/data/mongodb/core/query/Update$PositionModifier.class], URL [jar:file:/C:/Users/yedenguele/.m2/repository/org/springframework/data/spring-data-mongodb/1.8.2.RELEASE/spring-data-mongodb-1.8.2.RELEASE.jar!/org/springframework/data/mongodb/core/query/Update$Modifier.class], URL [jar:file:/C:/Users/yedenguele/.m2/repository/org/springframework/data/spring-data-mongodb/1.8.2.RELEASE/spring-data-mongodb-1.8.2.RELEASE.jar!/org/springframework/data/mongodb/core/query/BasicQuery.class], URL [jar:file:/C:/Users/yedenguele/.m2/repository/org/springframework/data/spring-data-mongodb/1.8.2.RELEASE/spring-data-mongodb-1.8.2.RELEASE.jar!/org/springframework/data/mongodb/core/query/Update$BitwiseOperatorBuilder.class], URL [jar:file:/C:/Users/yedenguele/.m2/repository/org/springframework/data/spring-data-mongodb/1.8.2.RELEASE/spring-data-mongodb-1.8.2.RELEASE.jar!/org/springframework/data/mongodb/core/query/Query.class], URL [jar:file:/C:/Users/yedenguele/.m2/repository/org/springframework/data/spring-data-mongodb/1.8.2.RELEASE/spring-data-mongodb-1.8.2.RELEASE.jar!/org/springframework/data/mongodb/core/query/Order.class], URL [jar:file:/C:/Users/yedenguele/.m2/repository/org/springframework/data/spring-data-mongodb/1.8.2.RELEASE/spring-data-mongodb-1.8.2.RELEASE.jar!/org/springframework/data/mongodb/core/query/SerializationUtils.class], URL [jar:file:/C:/Users/yedenguele/.m2/repository/org/springframework/data/spring-data-mongodb/1.8.2.RELEASE/spring-data-mongodb-1.8.2.RELEASE.jar!/org/springframework/data/mongodb/core/query/Update$Modifiers.class], URL [jar:file:/C:/Users/yedenguele/.m2/repository/org/springframework/data/spring-data-mongodb/1.8.2.RELEASE/spring-data-mongodb-1.8.2.RELEASE.jar!/org/springframework/data/mongodb/core/query/NearQuery.class], URL [jar:file:/C:/Users/yedenguele/.m2/repository/org/springframework/data/spring-data-mongodb/1.8.2.RELEASE/spring-data-mongodb-1.8.2.RELEASE.jar!/org/springframework/data/mongodb/core/query/SerializationUtils$1.class], URL [jar:file:/C:/Users/yedenguele/.m2/repository/org/springframework/data/spring-data-mongodb/1.8.2.RELEASE/spring-data-mongodb-1.8.2.RELEASE.jar!/org/springframework/data/mongodb/core/query/TextQuery.class], URL [jar:file:/C:/Users/yedenguele/.m2/repository/org/springframework/data/spring-data-mongodb/1.8.2.RELEASE/spring-data-mongodb-1.8.2.RELEASE.jar!/org/springframework/data/mongodb/core/query/SerializationUtils$2.class], URL [jar:file:/C:/Users/yedenguele/.m2/repository/org/springframework/data/spring-data-mongodb/1.8.2.RELEASE/spring-data-mongodb-1.8.2.RELEASE.jar!/org/springframework/data/mongodb/core/query/Update$Each.class], URL [jar:file:/C:/Users/yedenguele/.m2/repository/org/springframework/data/spring-data-mongodb/1.8.2.RELEASE/spring-data-mongodb-1.8.2.RELEASE.jar!/org/springframework/data/mongodb/core/query/Order$2.class], URL [jar:file:/C:/Users/yedenguele/.m2/repository/org/springframework/data/spring-data-mongodb/1.8.2.RELEASE/spring-data-mongodb-1.8.2.RELEASE.jar!/org/springframework/data/mongodb/core/query/Update$PushOperatorBuilder.class], URL [jar:file:/C:/Users/yedenguele/.m2/repository/org/springframework/data/spring-data-mongodb/1.8.2.RELEASE/spring-data-mongodb-1.8.2.RELEASE.jar!/org/springframework/data/mongodb/core/MongoTemplate.class], URL [jar:file:/C:/Users/yedenguele/.m2/repository/org/springframework/data/spring-data-mongodb/1.8.2.RELEASE/spring-data-mongodb-1.8.2.RELEASE.jar!/org/springframework/data/mongodb/core/MongoDataIntegrityViolationException.class], URL [jar:file:/C:/Users/yedenguele/.m2/repository/org/springframework/data/spring-data-mongodb/1.8.2.RELEASE/spring-data-mongodb-1.8.2.RELEASE.jar!/org/springframework/data/mongodb/core/MongoClientOptionsFactoryBean.class], URL [jar:file:/C:/Users/yedenguele/.m2/repository/org/springframework/data/spring-data-mongodb/1.8.2.RELEASE/spring-data-mongodb-1.8.2.RELEASE.jar!/org/springframework/data/mongodb/core/MongoTemplate$4.class], URL [jar:file:/C:/Users/yedenguele/.m2/repository/org/springframework/data/spring-data-mongodb/1.8.2.RELEASE/spring-data-mongodb-1.8.2.RELEASE.jar!/org/springframework/data/mongodb/core/MongoTemplate$15.class], URL [jar:file:/C:/Users/yedenguele/.m2/repository/org/springframework/data/spring-data-mongodb/1.8.2.RELEASE/spring-data-mongodb-1.8.2.RELEASE.jar!/org/springframework/data/mongodb/core/MongoFactoryBean.class], URL [jar:file:/C:/Users/yedenguele/.m2/repository/org/springframework/data/spring-data-mongodb/1.8.2.RELEASE/spring-data-mongodb-1.8.2.RELEASE.jar!/org/springframework/data/mongodb/core/ReflectiveMongoOptionsInvoker.class], URL [jar:file:/C:/Users/yedenguele/.m2/repository/org/springframework/data/spring-data-mongodb/1.8.2.RELEASE/spring-data-mongodb-1.8.2.RELEASE.jar!/org/springframework/data/mongodb/core/MongoTemplate$FindAndModifyCallback.class], URL [jar:file:/C:/Users/yedenguele/.m2/repository/org/springframework/data/spring-data-mongodb/1.8.2.RELEASE/spring-data-mongodb-1.8.2.RELEASE.jar!/org/springframework/data/mongodb/core/ReflectiveMapReduceInvoker.class], URL [jar:file:/C:/Users/yedenguele/.m2/repository/org/springframework/data/spring-data-mongodb/1.8.2.RELEASE/spring-data-mongodb-1.8.2.RELEASE.jar!/org/springframework/data/mongodb/core/MongoExceptionTranslator$MongoDbErrorCodes.class], URL [jar:file:/C:/Users/yedenguele/.m2/repository/org/springframework/data/spring-data-mongodb/1.8.2.RELEASE/spring-data-mongodb-1.8.2.RELEASE.jar!/org/springframework/data/mongodb/core/MongoTemplate$16.class], URL [jar:file:/C:/Users/yedenguele/.m2/repository/org/springframework/data/spring-data-mongodb/1.8.2.RELEASE/spring-data-mongodb-1.8.2.RELEASE.jar!/org/springframework/data/mongodb/core/DbCallback.class], URL [jar:file:/C:/Users/yedenguele/.m2/repository/org/springframework/data/spring-data-mongodb/1.8.2.RELEASE/spring-data-mongodb-1.8.2.RELEASE.jar!/org/springframework/data/mongodb/LazyLoadingException.class], URL [jar:file:/C:/Users/yedenguele/.m2/repository/org/springframework/data/spring-data-mongodb/1.8.2.RELEASE/spring-data-mongodb-1.8.2.RELEASE.jar!/org/springframework/data/mongodb/MongoCollectionUtils.class], URL [jar:file:/C:/Users/yedenguele/.m2/repository/org/springframework/data/spring-data-commons/1.11.2.RELEASE/spring-data-commons-1.11.2.RELEASE.jar!/org/springframework/data/projection/ProjectionFactory.class], URL [jar:file:/C:/Users/yedenguele/.m2/repository/org/springframework/data/spring-data-commons/1.11.2.RELEASE/spring-data-commons-1.11.2.RELEASE.jar!/org/springframework/data/projection/ProxyProjectionFactory.class], URL [jar:file:/C:/Users/yedenguele/.m2/repository/org/springframework/data/spring-data-commons/1.11.2.RELEASE/spring-data-commons-1.11.2.RELEASE.jar!/org/springframework/data/projection/SpelEvaluatingMethodInterceptor.class], URL [jar:file:/C:/Users/yedenguele/.m2/repository/org/springframework/data/spring-data-commons/1.11.2.RELEASE/spring-data-commons-1.11.2.RELEASE.jar!/org/springframework/data/projection/PropertyAccessingMethodInterceptor.class], URL [jar:file:/C:/Users/yedenguele/.m2/repository/org/springframework/data/spring-data-commons/1.11.2.RELEASE/spring-data-commons-1.11.2.RELEASE.jar!/org/springframework/data/projection/ProjectingMethodInterceptor.class], URL [jar:file:/C:/Users/yedenguele/.m2/repository/org/springframework/data/spring-data-commons/1.11.2.RELEASE/spring-data-commons-1.11.2.RELEASE.jar!/org/springframework/data/projection/MapAccessingMethodInterceptor.class], URL [jar:file:/C:/Users/yedenguele/.m2/repository/org/springframework/data/spring-data-commons/1.11.2.RELEASE/spring-data-commons-1.11.2.RELEASE.jar!/org/springframework/data/projection/SpelAwareProxyProjectionFactory.class], URL [jar:file:/C:/Users/yedenguele/.m2/repository/org/springframework/data/spring-data-commons/1.11.2.RELEASE/spring-data-commons-1.11.2.RELEASE.jar!/org/springframework/data/projection/TargetAware.class], URL [jar:file:/C:/Users/yedenguele/.m2/repository/org/springframework/data/spring-data-commons/1.11.2.RELEASE/spring-data-commons-1.11.2.RELEASE.jar!/org/springframework/data/projection/SpelEvaluatingMethodInterceptor$TargetWrapper.class], URL [jar:file:/C:/Users/yedenguele/.m2/repository/org/springframework/data/spring-data-commons/1.11.2.RELEASE/spring-data-commons-1.11.2.RELEASE.jar!/org/springframework/data/projection/DefaultMethodInvokingMethodInterceptor.class], URL [jar:file:/C:/Users/yedenguele/.m2/repository/org/springframework/data/spring-data-commons/1.11.2.RELEASE/spring-data-commons-1.11.2.RELEASE.jar!/org/springframework/data/projection/ProxyProjectionFactory$TargetAwareMethodInterceptor.class], URL [jar:file:/C:/Users/yedenguele/.m2/repository/org/springframework/data/spring-data-commons/1.11.2.RELEASE/spring-data-commons-1.11.2.RELEASE.jar!/org/springframework/data/projection/MapAccessingMethodInterceptor$Accessor.class], URL [jar:file:/C:/Users/yedenguele/.m2/repository/org/springframework/data/spring-data-commons/1.11.2.RELEASE/spring-data-commons-1.11.2.RELEASE.jar!/org/springframework/data/domain/SliceImpl.class], URL [jar:file:/C:/Users/yedenguele/.m2/repository/org/springframework/data/spring-data-commons/1.11.2.RELEASE/spring-data-commons-1.11.2.RELEASE.jar!/org/springframework/data/domain/Sort$Order.class], URL [jar:file:/C:/Users/yedenguele/.m2/repository/org/springframework/data/spring-data-commons/1.11.2.RELEASE/spring-data-commons-1.11.2.RELEASE.jar!/org/springframework/data/domain/Page.class], URL [jar:file:/C:/Users/yedenguele/.m2/repository/org/springframework/data/spring-data-commons/1.11.2.RELEASE/spring-data-commons-1.11.2.RELEASE.jar!/org/springframework/data/domain/Sort$Direction.class], URL [jar:file:/C:/Users/yedenguele/.m2/repository/org/springframework/data/spring-data-commons/1.11.2.RELEASE/spring-data-commons-1.11.2.RELEASE.jar!/org/springframework/data/domain/AbstractPageRequest.class], URL [jar:file:/C:/Users/yedenguele/.m2/repository/org/springframework/data/spring-data-commons/1.11.2.RELEASE/spring-data-commons-1.11.2.RELEASE.jar!/org/springframework/data/domain/PageRequest.class], URL [jar:file:/C:/Users/yedenguele/.m2/repository/org/springframework/data/spring-data-commons/1.11.2.RELEASE/spring-data-commons-1.11.2.RELEASE.jar!/org/springframework/data/domain/AuditorAware.class], URL [jar:file:/C:/Users/yedenguele/.m2/repository/org/springframework/data/spring-data-commons/1.11.2.RELEASE/spring-data-commons-1.11.2.RELEASE.jar!/org/springframework/data/domain/Sort.class], URL [jar:file:/C:/Users/yedenguele/.m2/repository/org/springframework/data/spring-data-commons/1.11.2.RELEASE/spring-data-commons-1.11.2.RELEASE.jar!/org/springframework/data/domain/Slice.class], URL [jar:file:/C:/Users/yedenguele/.m2/repository/org/springframework/data/spring-data-commons/1.11.2.RELEASE/spring-data-commons-1.11.2.RELEASE.jar!/org/springframework/data/domain/Persistable.class], URL [jar:file:/C:/Users/yedenguele/.m2/repository/org/springframework/data/spring-data-commons/1.11.2.RELEASE/spring-data-commons-1.11.2.RELEASE.jar!/org/springframework/data/domain/Auditable.class], URL [jar:file:/C:/Users/yedenguele/.m2/repository/org/springframework/data/spring-data-commons/1.11.2.RELEASE/spring-data-commons-1.11.2.RELEASE.jar!/org/springframework/data/domain/PageImpl.class], URL [jar:file:/C:/Users/yedenguele/.m2/repository/org/springframework/data/spring-data-commons/1.11.2.RELEASE/spring-data-commons-1.11.2.RELEASE.jar!/org/springframework/data/domain/Chunk.class], URL [jar:file:/C:/Users/yedenguele/.m2/repository/org/springframework/data/spring-data-commons/1.11.2.RELEASE/spring-data-commons-1.11.2.RELEASE.jar!/org/springframework/data/domain/Range.class], URL [jar:file:/C:/Users/yedenguele/.m2/repository/org/springframework/data/spring-data-commons/1.11.2.RELEASE/spring-data-commons-1.11.2.RELEASE.jar!/org/springframework/data/domain/Pageable.class], URL [jar:file:/C:/Users/yedenguele/.m2/repository/org/springframework/data/spring-data-commons/1.11.2.RELEASE/spring-data-commons-1.11.2.RELEASE.jar!/org/springframework/data/domain/jaxb/PageableAdapter.class], URL [jar:file:/C:/Users/yedenguele/.m2/repository/org/springframework/data/spring-data-commons/1.11.2.RELEASE/spring-data-commons-1.11.2.RELEASE.jar!/org/springframework/data/domain/jaxb/SpringDataJaxb$PageDto.class], URL [jar:file:/C:/Users/yedenguele/.m2/repository/org/springframework/data/spring-data-commons/1.11.2.RELEASE/spring-data-commons-1.11.2.RELEASE.jar!/org/springframework/data/domain/jaxb/SpringDataJaxb$PageRequestDto.class], URL [jar:file:/C:/Users/yedenguele/.m2/repository/org/springframework/data/spring-data-commons/1.11.2.RELEASE/spring-data-commons-1.11.2.RELEASE.jar!/org/springframework/data/domain/jaxb/SpringDataJaxb$SortDto.class], URL [jar:file:/C:/Users/yedenguele/.m2/repository/org/springframework/data/spring-data-commons/1.11.2.RELEASE/spring-data-commons-1.11.2.RELEASE.jar!/org/springframework/data/domain/jaxb/SortAdapter.class], URL [jar:file:/C:/Users/yedenguele/.m2/repository/org/springframework/data/spring-data-commons/1.11.2.RELEASE/spring-data-commons-1.11.2.RELEASE.jar!/org/springframework/data/domain/jaxb/OrderAdapter.class], URL [jar:file:/C:/Users/yedenguele/.m2/repository/org/springframework/data/spring-data-commons/1.11.2.RELEASE/spring-data-commons-1.11.2.RELEASE.jar!/org/springframework/data/domain/jaxb/PageAdapter.class], URL [jar:file:/C:/Users/yedenguele/.m2/repository/org/springframework/data/spring-data-commons/1.11.2.RELEASE/spring-data-commons-1.11.2.RELEASE.jar!/org/springframework/data/domain/jaxb/SpringDataJaxb.class], URL [jar:file:/C:/Users/yedenguele/.m2/repository/org/springframework/data/spring-data-commons/1.11.2.RELEASE/spring-data-commons-1.11.2.RELEASE.jar!/org/springframework/data/domain/jaxb/package-info.class], URL [jar:file:/C:/Users/yedenguele/.m2/repository/org/springframework/data/spring-data-commons/1.11.2.RELEASE/spring-data-commons-1.11.2.RELEASE.jar!/org/springframework/data/domain/jaxb/SpringDataJaxb$OrderDto.class], URL [jar:file:/C:/Users/yedenguele/.m2/repository/org/springframework/data/spring-data-commons/1.11.2.RELEASE/spring-data-commons-1.11.2.RELEASE.jar!/org/springframework/data/domain/Sort$NullHandling.class], URL [jar:file:/C:/Users/yedenguele/.m2/repository/org/springframework/data/spring-data-commons/1.11.2.RELEASE/spring-data-commons-1.11.2.RELEASE.jar!/org/springframework/data/annotation/AccessType.class], URL [jar:file:/C:/Users/yedenguele/.m2/repository/org/springframework/data/spring-data-commons/1.11.2.RELEASE/spring-data-commons-1.11.2.RELEASE.jar!/org/springframework/data/annotation/QueryAnnotation.class], URL [jar:file:/C:/Users/yedenguele/.m2/repository/org/springframework/data/spring-data-commons/1.11.2.RELEASE/spring-data-commons-1.11.2.RELEASE.jar!/org/springframework/data/annotation/Transient.class], URL [jar:file:/C:/Users/yedenguele/.m2/repository/org/springframework/data/spring-data-commons/1.11.2.RELEASE/spring-data-commons-1.11.2.RELEASE.jar!/org/springframework/data/annotation/CreatedBy.class], URL [jar:file:/C:/Users/yedenguele/.m2/repository/org/springframework/data/spring-data-commons/1.11.2.RELEASE/spring-data-commons-1.11.2.RELEASE.jar!/org/springframework/data/annotation/CreatedDate.class], URL [jar:file:/C:/Users/yedenguele/.m2/repository/org/springframework/data/spring-data-commons/1.11.2.RELEASE/spring-data-commons-1.11.2.RELEASE.jar!/org/springframework/data/annotation/Id.class], URL [jar:file:/C:/Users/yedenguele/.m2/repository/org/springframework/data/spring-data-commons/1.11.2.RELEASE/spring-data-commons-1.11.2.RELEASE.jar!/org/springframework/data/annotation/LastModifiedBy.class], URL [jar:file:/C:/Users/yedenguele/.m2/repository/org/springframework/data/spring-data-commons/1.11.2.RELEASE/spring-data-commons-1.11.2.RELEASE.jar!/org/springframework/data/annotation/TypeAlias.class], URL [jar:file:/C:/Users/yedenguele/.m2/repository/org/springframework/data/spring-data-commons/1.11.2.RELEASE/spring-data-commons-1.11.2.RELEASE.jar!/org/springframework/data/annotation/LastModifiedDate.class], URL [jar:file:/C:/Users/yedenguele/.m2/repository/org/springframework/data/spring-data-commons/1.11.2.RELEASE/spring-data-commons-1.11.2.RELEASE.jar!/org/springframework/data/annotation/Version.class], URL [jar:file:/C:/Users/yedenguele/.m2/repository/org/springframework/data/spring-data-commons/1.11.2.RELEASE/spring-data-commons-1.11.2.RELEASE.jar!/org/springframework/data/annotation/AccessType$Type.class], URL [jar:file:/C:/Users/yedenguele/.m2/repository/org/springframework/data/spring-data-commons/1.11.2.RELEASE/spring-data-commons-1.11.2.RELEASE.jar!/org/springframework/data/annotation/Persistent.class], URL [jar:file:/C:/Users/yedenguele/.m2/repository/org/springframework/data/spring-data-commons/1.11.2.RELEASE/spring-data-commons-1.11.2.RELEASE.jar!/org/springframework/data/annotation/ReadOnlyProperty.class], URL [jar:file:/C:/Users/yedenguele/.m2/repository/org/springframework/data/spring-data-commons/1.11.2.RELEASE/spring-data-commons-1.11.2.RELEASE.jar!/org/springframework/data/annotation/PersistenceConstructor.class], URL [jar:file:/C:/Users/yedenguele/.m2/repository/org/springframework/data/spring-data-commons/1.11.2.RELEASE/spring-data-commons-1.11.2.RELEASE.jar!/org/springframework/data/annotation/Reference.class], URL [jar:file:/C:/Users/yedenguele/.m2/repository/org/springframework/data/spring-data-commons/1.11.2.RELEASE/spring-data-commons-1.11.2.RELEASE.jar!/org/springframework/data/geo/Metric.class], URL [jar:file:/C:/Users/yedenguele/.m2/repository/org/springframework/data/spring-data-commons/1.11.2.RELEASE/spring-data-commons-1.11.2.RELEASE.jar!/org/springframework/data/geo/GeoModule$PolygonMixin.class], URL [jar:file:/C:/Users/yedenguele/.m2/repository/org/springframework/data/spring-data-commons/1.11.2.RELEASE/spring-data-commons-1.11.2.RELEASE.jar!/org/springframework/data/geo/format/PointFormatter.class], URL [jar:file:/C:/Users/yedenguele/.m2/repository/org/springframework/data/spring-data-commons/1.11.2.RELEASE/spring-data-commons-1.11.2.RELEASE.jar!/org/springframework/data/geo/format/DistanceFormatter.class], URL [jar:file:/C:/Users/yedenguele/.m2/repository/org/springframework/data/spring-data-commons/1.11.2.RELEASE/spring-data-commons-1.11.2.RELEASE.jar!/org/springframework/data/geo/Shape.class], URL [jar:file:/C:/Users/yedenguele/.m2/repository/org/springframework/data/spring-data-commons/1.11.2.RELEASE/spring-data-commons-1.11.2.RELEASE.jar!/org/springframework/data/geo/Circle.class], URL [jar:file:/C:/Users/yedenguele/.m2/repository/org/springframework/data/spring-data-commons/1.11.2.RELEASE/spring-data-commons-1.11.2.RELEASE.jar!/org/springframework/data/geo/GeoResult.class], URL [jar:file:/C:/Users/yedenguele/.m2/repository/org/springframework/data/spring-data-commons/1.11.2.RELEASE/spring-data-commons-1.11.2.RELEASE.jar!/org/springframework/data/geo/GeoModule.class], URL [jar:file:/C:/Users/yedenguele/.m2/repository/org/springframework/data/spring-data-commons/1.11.2.RELEASE/spring-data-commons-1.11.2.RELEASE.jar!/org/springframework/data/geo/GeoResults.class], URL [jar:file:/C:/Users/yedenguele/.m2/repository/org/springframework/data/spring-data-commons/1.11.2.RELEASE/spring-data-commons-1.11.2.RELEASE.jar!/org/springframework/data/geo/GeoModule$BoxMixin.class], URL [jar:file:/C:/Users/yedenguele/.m2/repository/org/springframework/data/spring-data-commons/1.11.2.RELEASE/spring-data-commons-1.11.2.RELEASE.jar!/org/springframework/data/geo/Metrics.class], URL [jar:file:/C:/Users/yedenguele/.m2/repository/org/springframework/data/spring-data-commons/1.11.2.RELEASE/spring-data-commons-1.11.2.RELEASE.jar!/org/springframework/data/geo/CustomMetric.class], URL [jar:file:/C:/Users/yedenguele/.m2/repository/org/springframework/data/spring-data-commons/1.11.2.RELEASE/spring-data-commons-1.11.2.RELEASE.jar!/org/springframework/data/geo/GeoModule$DistanceMixin.class], URL [jar:file:/C:/Users/yedenguele/.m2/repository/org/springframework/data/spring-data-commons/1.11.2.RELEASE/spring-data-commons-1.11.2.RELEASE.jar!/org/springframework/data/geo/GeoPage.class], URL [jar:file:/C:/Users/yedenguele/.m2/repository/org/springframework/data/spring-data-commons/1.11.2.RELEASE/spring-data-commons-1.11.2.RELEASE.jar!/org/springframework/data/geo/Box.class], URL [jar:file:/C:/Users/yedenguele/.m2/repository/org/springframework/data/spring-data-commons/1.11.2.RELEASE/spring-data-commons-1.11.2.RELEASE.jar!/org/springframework/data/geo/GeoModule$PointMixin.class], URL [jar:file:/C:/Users/yedenguele/.m2/repository/org/springframework/data/spring-data-commons/1.11.2.RELEASE/spring-data-commons-1.11.2.RELEASE.jar!/org/springframework/data/geo/Polygon.class], URL [jar:file:/C:/Users/yedenguele/.m2/repository/org/springframework/data/spring-data-commons/1.11.2.RELEASE/spring-data-commons-1.11.2.RELEASE.jar!/org/springframework/data/geo/Distance.class], URL [jar:file:/C:/Users/yedenguele/.m2/repository/org/springframework/data/spring-data-commons/1.11.2.RELEASE/spring-data-commons-1.11.2.RELEASE.jar!/org/springframework/data/geo/GeoModule$CircleMixin.class], URL [jar:file:/C:/Users/yedenguele/.m2/repository/org/springframework/data/spring-data-commons/1.11.2.RELEASE/spring-data-commons-1.11.2.RELEASE.jar!/org/springframework/data/geo/Point.class], URL [jar:file:/C:/Users/yedenguele/.m2/repository/org/springframework/data/spring-data-commons/1.11.2.RELEASE/spring-data-commons-1.11.2.RELEASE.jar!/org/springframework/data/web/PagedResourcesAssembler$SimplePagedResourceAssembler.class], URL [jar:file:/C:/Users/yedenguele/.m2/repository/org/springframework/data/spring-data-commons/1.11.2.RELEASE/spring-data-commons-1.11.2.RELEASE.jar!/org/springframework/data/web/PagedResourcesAssembler.class], URL [jar:file:/C:/Users/yedenguele/.m2/repository/org/springframework/data/spring-data-commons/1.11.2.RELEASE/spring-data-commons-1.11.2.RELEASE.jar!/org/springframework/data/web/MapDataBinder$MapPropertyAccessor$PropertyTraversingMapAccessor.class], URL [jar:file:/C:/Users/yedenguele/.m2/repository/org/springframework/data/spring-data-commons/1.11.2.RELEASE/spring-data-commons-1.11.2.RELEASE.jar!/org/springframework/data/web/querydsl/QuerydslPredicateArgumentResolver.class], URL [jar:file:/C:/Users/yedenguele/.m2/repository/org/springframework/data/spring-data-commons/1.11.2.RELEASE/spring-data-commons-1.11.2.RELEASE.jar!/org/springframework/data/web/PagedResourcesAssemblerArgumentResolver.class], URL [jar:file:/C:/Users/yedenguele/.m2/repository/org/springframework/data/spring-data-commons/1.11.2.RELEASE/spring-data-commons-1.11.2.RELEASE.jar!/org/springframework/data/web/MethodParameterAwarePagedResourcesAssembler.class], URL [jar:file:/C:/Users/yedenguele/.m2/repository/org/springframework/data/spring-data-commons/1.11.2.RELEASE/spring-data-commons-1.11.2.RELEASE.jar!/org/springframework/data/web/SpringDataAnnotationUtils.class], URL [jar:file:/C:/Users/yedenguele/.m2/repository/org/springframework/data/spring-data-commons/1.11.2.RELEASE/spring-data-commons-1.11.2.RELEASE.jar!/org/springframework/data/web/SortDefault.class], URL [jar:file:/C:/Users/yedenguele/.m2/repository/org/springframework/data/spring-data-commons/1.11.2.RELEASE/spring-data-commons-1.11.2.RELEASE.jar!/org/springframework/data/web/MapDataBinder$MapPropertyAccessor.class], URL [jar:file:/C:/Users/yedenguele/.m2/repository/org/springframework/data/spring-data-commons/1.11.2.RELEASE/spring-data-commons-1.11.2.RELEASE.jar!/org/springframework/data/web/SortDefault$SortDefaults.class], URL [jar:file:/C:/Users/yedenguele/.m2/repository/org/springframework/data/spring-data-commons/1.11.2.RELEASE/spring-data-commons-1.11.2.RELEASE.jar!/org/springframework/data/web/HateoasSortHandlerMethodArgumentResolver.class], URL [jar:file:/C:/Users/yedenguele/.m2/repository/org/springframework/data/spring-data-commons/1.11.2.RELEASE/spring-data-commons-1.11.2.RELEASE.jar!/org/springframework/data/web/ProxyingHandlerMethodArgumentResolver.class], URL [jar:file:/C:/Users/yedenguele/.m2/repository/org/springframework/data/spring-data-commons/1.11.2.RELEASE/spring-data-commons-1.11.2.RELEASE.jar!/org/springframework/data/web/PagedResourcesAssembler$1.class], URL [jar:file:/C:/Users/yedenguele/.m2/repository/org/springframework/data/spring-data-commons/1.11.2.RELEASE/spring-data-commons-1.11.2.RELEASE.jar!/org/springframework/data/web/config/EnableSpringDataWebSupport.class], URL [jar:file:/C:/Users/yedenguele/.m2/repository/org/springframework/data/spring-data-commons/1.11.2.RELEASE/spring-data-commons-1.11.2.RELEASE.jar!/org/springframework/data/web/config/SpringDataJacksonConfiguration.class], URL [jar:file:/C:/Users/yedenguele/.m2/repository/org/springframework/data/spring-data-commons/1.11.2.RELEASE/spring-data-commons-1.11.2.RELEASE.jar!/org/springframework/data/web/config/HateoasAwareSpringDataWebConfiguration.class], URL [jar:file:/C:/Users/yedenguele/.m2/repository/org/springframework/data/spring-data-commons/1.11.2.RELEASE/spring-data-commons-1.11.2.RELEASE.jar!/org/springframework/data/web/config/SpringDataWebConfigurationMixin.class], URL [jar:file:/C:/Users/yedenguele/.m2/repository/org/springframework/data/spring-data-commons/1.11.2.RELEASE/spring-data-commons-1.11.2.RELEASE.jar!/org/springframework/data/web/config/EnableSpringDataWebSupport$QuerydslActivator.class], URL [jar:file:/C:/Users/yedenguele/.m2/repository/org/springframework/data/spring-data-commons/1.11.2.RELEASE/spring-data-commons-1.11.2.RELEASE.jar!/org/springframework/data/web/config/QuerydslWebConfiguration.class], URL [jar:file:/C:/Users/yedenguele/.m2/repository/org/springframework/data/spring-data-commons/1.11.2.RELEASE/spring-data-commons-1.11.2.RELEASE.jar!/org/springframework/data/web/config/EnableSpringDataWebSupport$SpringDataWebConfigurationImportSelector.class], URL [jar:file:/C:/Users/yedenguele/.m2/repository/org/springframework/data/spring-data-commons/1.11.2.RELEASE/spring-data-commons-1.11.2.RELEASE.jar!/org/springframework/data/web/config/SpringDataWebConfiguration.class], URL [jar:file:/C:/Users/yedenguele/.m2/repository/org/springframework/data/spring-data-commons/1.11.2.RELEASE/spring-data-commons-1.11.2.RELEASE.jar!/org/springframework/data/web/SortHandlerMethodArgumentResolver$ExpressionBuilder.class], URL [jar:file:/C:/Users/yedenguele/.m2/repository/org/springframework/data/spring-data-commons/1.11.2.RELEASE/spring-data-commons-1.11.2.RELEASE.jar!/org/springframework/data/web/MapDataBinder.class], URL [jar:file:/C:/Users/yedenguele/.m2/repository/org/springframework/data/spring-data-commons/1.11.2.RELEASE/spring-data-commons-1.11.2.RELEASE.jar!/org/springframework/data/web/SortHandlerMethodArgumentResolver.class], URL [jar:file:/C:/Users/yedenguele/.m2/repository/org/springframework/data/spring-data-commons/1.11.2.RELEASE/spring-data-commons-1.11.2.RELEASE.jar!/org/springframework/data/web/PageableDefault.class], URL [jar:file:/C:/Users/yedenguele/.m2/repository/org/springframework/data/spring-data-commons/1.11.2.RELEASE/spring-data-commons-1.11.2.RELEASE.jar!/org/springframework/data/web/HateoasPageableHandlerMethodArgumentResolver.class], URL [jar:file:/C:/Users/yedenguele/.m2/repository/org/springframework/data/spring-data-commons/1.11.2.RELEASE/spring-data-commons-1.11.2.RELEASE.jar!/org/springframework/data/web/PageableHandlerMethodArgumentResolver.class], URL [jar:file:/C:/Users/yedenguele/.m2/repository/org/springframework/data/spring-data-commons/1.11.2.RELEASE/spring-data-commons-1.11.2.RELEASE.jar!/org/springframework/data/convert/ThreeTenBackPortConverters$LocalDateToDateConverter.class], URL [jar:file:/C:/Users/yedenguele/.m2/repository/org/springframework/data/spring-data-commons/1.11.2.RELEASE/spring-data-commons-1.11.2.RELEASE.jar!/org/springframework/data/convert/JodaTimeConverters$DateToDateTimeConverter.class], URL [jar:file:/C:/Users/yedenguele/.m2/repository/org/springframework/data/spring-data-commons/1.11.2.RELEASE/spring-data-commons-1.11.2.RELEASE.jar!/org/springframework/data/convert/JodaTimeConverters$DateToLocalDateTimeConverter.class], URL [jar:file:/C:/Users/yedenguele/.m2/repository/org/springframework/data/spring-data-commons/1.11.2.RELEASE/spring-data-commons-1.11.2.RELEASE.jar!/org/springframework/data/convert/EntityWriter.class], URL [jar:file:/C:/Users/yedenguele/.m2/repository/org/springframework/data/spring-data-commons/1.11.2.RELEASE/spring-data-commons-1.11.2.RELEASE.jar!/org/springframework/data/convert/DefaultTypeMapper.class], URL [jar:file:/C:/Users/yedenguele/.m2/repository/org/springframework/data/spring-data-commons/1.11.2.RELEASE/spring-data-commons-1.11.2.RELEASE.jar!/org/springframework/data/convert/JodaTimeConverters$DateToLocalDateConverter.class], URL [jar:file:/C:/Users/yedenguele/.m2/repository/org/springframework/data/spring-data-commons/1.11.2.RELEASE/spring-data-commons-1.11.2.RELEASE.jar!/org/springframework/data/convert/ConfigurableTypeInformationMapper.class], URL [jar:file:/C:/Users/yedenguele/.m2/repository/org/springframework/data/spring-data-commons/1.11.2.RELEASE/spring-data-commons-1.11.2.RELEASE.jar!/org/springframework/data/convert/BytecodeGeneratingEntityInstantiator.class], URL [jar:file:/C:/Users/yedenguele/.m2/repository/org/springframework/data/spring-data-commons/1.11.2.RELEASE/spring-data-commons-1.11.2.RELEASE.jar!/org/springframework/data/convert/EntityInstantiators.class], URL [jar:file:/C:/Users/yedenguele/.m2/repository/org/springframework/data/spring-data-commons/1.11.2.RELEASE/spring-data-commons-1.11.2.RELEASE.jar!/org/springframework/data/convert/JodaTimeConverters.class], URL [jar:file:/C:/Users/yedenguele/.m2/repository/org/springframework/data/spring-data-commons/1.11.2.RELEASE/spring-data-commons-1.11.2.RELEASE.jar!/org/springframework/data/convert/ClassGeneratingEntityInstantiator.class], URL [jar:file:/C:/Users/yedenguele/.m2/repository/org/springframework/data/spring-data-commons/1.11.2.RELEASE/spring-data-commons-1.11.2.RELEASE.jar!/org/springframework/data/convert/ReadingConverter.class], URL [jar:file:/C:/Users/yedenguele/.m2/repository/org/springframework/data/spring-data-commons/1.11.2.RELEASE/spring-data-commons-1.11.2.RELEASE.jar!/org/springframework/data/convert/Jsr310Converters$InstantToDateConverter.class], URL [jar:file:/C:/Users/yedenguele/.m2/repository/org/springframework/data/spring-data-commons/1.11.2.RELEASE/spring-data-commons-1.11.2.RELEASE.jar!/org/springframework/data/convert/Jsr310Converters.class], URL [jar:file:/C:/Users/yedenguele/.m2/repository/org/springframework/data/spring-data-commons/1.11.2.RELEASE/spring-data-commons-1.11.2.RELEASE.jar!/org/springframework/data/convert/ThreeTenBackPortConverters$InstantToDateConverter.class], URL [jar:file:/C:/Users/yedenguele/.m2/repository/org/springframework/data/spring-data-commons/1.11.2.RELEASE/spring-data-commons-1.11.2.RELEASE.jar!/org/springframework/data/convert/TypeAliasAccessor.class], URL [jar:file:/C:/Users/yedenguele/.m2/repository/org/springframework/data/spring-data-commons/1.11.2.RELEASE/spring-data-commons-1.11.2.RELEASE.jar!/org/springframework/data/convert/JodaTimeConverters$LocalDateTimeToDateConverter.class], URL [jar:file:/C:/Users/yedenguele/.m2/repository/org/springframework/data/spring-data-commons/1.11.2.RELEASE/spring-data-commons-1.11.2.RELEASE.jar!/org/springframework/data/convert/ClassGeneratingEntityInstantiator$ObjectInstantiatorClassGenerator$1.class], URL [jar:file:/C:/Users/yedenguele/.m2/repository/org/springframework/data/spring-data-commons/1.11.2.RELEASE/spring-data-commons-1.11.2.RELEASE.jar!/org/springframework/data/convert/JodaTimeConverters$DateToDateMidnightConverter.class], URL [jar:file:/C:/Users/yedenguele/.m2/repository/org/springframework/data/spring-data-commons/1.11.2.RELEASE/spring-data-commons-1.11.2.RELEASE.jar!/org/springframework/data/convert/TypeMapper.class], URL [jar:file:/C:/Users/yedenguele/.m2/repository/org/springframework/data/spring-data-commons/1.11.2.RELEASE/spring-data-commons-1.11.2.RELEASE.jar!/org/springframework/data/convert/Jsr310Converters$LocalDateTimeToDateConverter.class], URL [jar:file:/C:/Users/yedenguele/.m2/repository/org/springframework/data/spring-data-commons/1.11.2.RELEASE/spring-data-commons-1.11.2.RELEASE.jar!/org/springframework/data/convert/ThreeTenBackPortConverters$LocalDateTimeToDateConverter.class], URL [jar:file:/C:/Users/yedenguele/.m2/repository/org/springframework/data/spring-data-commons/1.11.2.RELEASE/spring-data-commons-1.11.2.RELEASE.jar!/org/springframework/data/convert/WritingConverter.class], URL [jar:file:/C:/Users/yedenguele/.m2/repository/org/springframework/data/spring-data-commons/1.11.2.RELEASE/spring-data-commons-1.11.2.RELEASE.jar!/org/springframework/data/convert/EntityInstantiator.class], URL [jar:file:/C:/Users/yedenguele/.m2/repository/org/springframework/data/spring-data-commons/1.11.2.RELEASE/spring-data-commons-1.11.2.RELEASE.jar!/org/springframework/data/convert/Jsr310Converters$DateToInstantConverter.class], URL [jar:file:/C:/Users/yedenguele/.m2/repository/org/springframework/data/spring-data-commons/1.11.2.RELEASE/spring-data-commons-1.11.2.RELEASE.jar!/org/springframework/data/convert/ThreeTenBackPortConverters$DateToInstantConverter.class], URL [jar:file:/C:/Users/yedenguele/.m2/repository/org/springframework/data/spring-data-commons/1.11.2.RELEASE/spring-data-commons-1.11.2.RELEASE.jar!/org/springframework/data/convert/ThreeTenBackPortConverters$LocalTimeToDateConverter.class], URL [jar:file:/C:/Users/yedenguele/.m2/repository/org/springframework/data/spring-data-commons/1.11.2.RELEASE/spring-data-commons-1.11.2.RELEASE.jar!/org/springframework/data/convert/ClassGeneratingEntityInstantiator$ObjectInstantiator.class], URL [jar:file:/C:/Users/yedenguele/.m2/repository/org/springframework/data/spring-data-commons/1.11.2.RELEASE/spring-data-commons-1.11.2.RELEASE.jar!/org/springframework/data/convert/ClassGeneratingEntityInstantiator$ObjectInstantiatorClassGenerator.class], URL [jar:file:/C:/Users/yedenguele/.m2/repository/org/springframework/data/spring-data-commons/1.11.2.RELEASE/spring-data-commons-1.11.2.RELEASE.jar!/org/springframework/data/convert/ThreeTenBackPortConverters$DateToLocalDateConverter.class], URL [jar:file:/C:/Users/yedenguele/.m2/repository/org/springframework/data/spring-data-commons/1.11.2.RELEASE/spring-data-commons-1.11.2.RELEASE.jar!/org/springframework/data/convert/BytecodeGeneratingEntityInstantiator$ObjectInstantiator.class], URL [jar:file:/C:/Users/yedenguele/.m2/repository/org/springframework/data/spring-data-commons/1.11.2.RELEASE/spring-data-commons-1.11.2.RELEASE.jar!/org/springframework/data/convert/ReflectionEntityInstantiator.class], URL [jar:file:/C:/Users/yedenguele/.m2/repository/org/springframework/data/spring-data-commons/1.11.2.RELEASE/spring-data-commons-1.11.2.RELEASE.jar!/org/springframework/data/convert/Jsr310Converters$LocalDateToDateConverter.class], URL [jar:file:/C:/Users/yedenguele/.m2/repository/org/springframework/data/spring-data-commons/1.11.2.RELEASE/spring-data-commons-1.11.2.RELEASE.jar!/org/springframework/data/convert/Jsr310Converters$DateToLocalTimeConverter.class], URL [jar:file:/C:/Users/yedenguele/.m2/repository/org/springframework/data/spring-data-commons/1.11.2.RELEASE/spring-data-commons-1.11.2.RELEASE.jar!/org/springframework/data/convert/MappingContextTypeInformationMapper.class], URL [jar:file:/C:/Users/yedenguele/.m2/repository/org/springframework/data/spring-data-commons/1.11.2.RELEASE/spring-data-commons-1.11.2.RELEASE.jar!/org/springframework/data/convert/ThreeTenBackPortConverters$DateToLocalTimeConverter.class], URL [jar:file:/C:/Users/yedenguele/.m2/repository/org/springframework/data/spring-data-commons/1.11.2.RELEASE/spring-data-commons-1.11.2.RELEASE.jar!/org/springframework/data/convert/EntityConverter.class], URL [jar:file:/C:/Users/yedenguele/.m2/repository/org/springframework/data/spring-data-commons/1.11.2.RELEASE/spring-data-commons-1.11.2.RELEASE.jar!/org/springframework/data/convert/ClassGeneratingEntityInstantiator$ObjectInstantiatorClassGenerator$ByteArrayClassLoader.class], URL [jar:file:/C:/Users/yedenguele/.m2/repository/org/springframework/data/spring-data-commons/1.11.2.RELEASE/spring-data-commons-1.11.2.RELEASE.jar!/org/springframework/data/convert/Jsr310Converters$LocalTimeToDateConverter.class], URL [jar:file:/C:/Users/yedenguele/.m2/repository/org/springframework/data/spring-data-commons/1.11.2.RELEASE/spring-data-commons-1.11.2.RELEASE.jar!/org/springframework/data/convert/JodaTimeConverters$LocalDateToDateConverter.class], URL [jar:file:/C:/Users/yedenguele/.m2/repository/org/springframework/data/spring-data-commons/1.11.2.RELEASE/spring-data-commons-1.11.2.RELEASE.jar!/org/springframework/data/convert/TypeInformationMapper.class], URL [jar:file:/C:/Users/yedenguele/.m2/repository/org/springframework/data/spring-data-commons/1.11.2.RELEASE/spring-data-commons-1.11.2.RELEASE.jar!/org/springframework/data/convert/ThreeTenBackPortConverters$DateToLocalDateTimeConverter.class], URL [jar:file:/C:/Users/yedenguele/.m2/repository/org/springframework/data/spring-data-commons/1.11.2.RELEASE/spring-data-commons-1.11.2.RELEASE.jar!/org/springframework/data/convert/EntityReader.class], URL [jar:file:/C:/Users/yedenguele/.m2/repository/org/springframework/data/spring-data-commons/1.11.2.RELEASE/spring-data-commons-1.11.2.RELEASE.jar!/org/springframework/data/convert/SimpleTypeInformationMapper.class], URL [jar:file:/C:/Users/yedenguele/.m2/repository/org/springframework/data/spring-data-commons/1.11.2.RELEASE/spring-data-commons-1.11.2.RELEASE.jar!/org/springframework/data/convert/ThreeTenBackPortConverters.class], URL [jar:file:/C:/Users/yedenguele/.m2/repository/org/springframework/data/spring-data-commons/1.11.2.RELEASE/spring-data-commons-1.11.2.RELEASE.jar!/org/springframework/data/convert/Jsr310Converters$DateToLocalDateConverter.class], URL [jar:file:/C:/Users/yedenguele/.m2/repository/org/springframework/data/spring-data-commons/1.11.2.RELEASE/spring-data-commons-1.11.2.RELEASE.jar!/org/springframework/data/convert/ClassGeneratingEntityInstantiator$EntityInstantiatorAdapter.class], URL [jar:file:/C:/Users/yedenguele/.m2/repository/org/springframework/data/spring-data-commons/1.11.2.RELEASE/spring-data-commons-1.11.2.RELEASE.jar!/org/springframework/data/convert/Jsr310Converters$DateToLocalDateTimeConverter.class], URL [jar:file:/C:/Users/yedenguele/.m2/repository/org/springframework/data/spring-data-commons/1.11.2.RELEASE/spring-data-commons-1.11.2.RELEASE.jar!/org/springframework/data/convert/ClassGeneratingEntityInstantiator$1.class], URL [jar:file:/C:/Users/yedenguele/.m2/repository/org/springframework/data/spring-data-commons/1.11.2.RELEASE/spring-data-commons-1.11.2.RELEASE.jar!/org/springframework/data/convert/JodaTimeConverters$DateTimeToDateConverter.class], URL [jar:file:/C:/Users/yedenguele/.m2/repository/org/springframework/data/spring-data-commons/1.11.2.RELEASE/spring-data-commons-1.11.2.RELEASE.jar!/org/springframework/data/convert/JodaTimeConverters$DateMidnightToDateConverter.class], URL [jar:file:/C:/Users/yedenguele/.m2/repository/org/springframework/data/spring-data-commons/1.11.2.RELEASE/spring-data-commons-1.11.2.RELEASE.jar!/org/springframework/data/transaction/ChainedTransactionManager.class], URL [jar:file:/C:/Users/yedenguele/.m2/repository/org/springframework/data/spring-data-commons/1.11.2.RELEASE/spring-data-commons-1.11.2.RELEASE.jar!/org/springframework/data/transaction/SpringTransactionSynchronizationManager.class], URL [jar:file:/C:/Users/yedenguele/.m2/repository/org/springframework/data/spring-data-commons/1.11.2.RELEASE/spring-data-commons-1.11.2.RELEASE.jar!/org/springframework/data/transaction/SynchronizationManager.class], URL [jar:file:/C:/Users/yedenguele/.m2/repository/org/springframework/data/spring-data-commons/1.11.2.RELEASE/spring-data-commons-1.11.2.RELEASE.jar!/org/springframework/data/transaction/MultiTransactionStatus$1.class], URL [jar:file:/C:/Users/yedenguele/.m2/repository/org/springframework/data/spring-data-commons/1.11.2.RELEASE/spring-data-commons-1.11.2.RELEASE.jar!/org/springframework/data/transaction/MultiTransactionStatus.class], URL [jar:file:/C:/Users/yedenguele/.m2/repository/org/springframework/data/spring-data-commons/1.11.2.RELEASE/spring-data-commons-1.11.2.RELEASE.jar!/org/springframework/data/transaction/MultiTransactionStatus$SavePoints.class], URL [jar:file:/C:/Users/yedenguele/.m2/repository/org/springframework/data/spring-data-commons/1.11.2.RELEASE/spring-data-commons-1.11.2.RELEASE.jar!/org/springframework/data/history/RevisionMetadata.class], URL [jar:file:/C:/Users/yedenguele/.m2/repository/org/springframework/data/spring-data-commons/1.11.2.RELEASE/spring-data-commons-1.11.2.RELEASE.jar!/org/springframework/data/history/Revision.class], URL [jar:file:/C:/Users/yedenguele/.m2/repository/org/springframework/data/spring-data-commons/1.11.2.RELEASE/spring-data-commons-1.11.2.RELEASE.jar!/org/springframework/data/history/Revisions.class], URL [jar:file:/C:/Users/yedenguele/.m2/repository/org/springframework/data/spring-data-commons/1.11.2.RELEASE/spring-data-commons-1.11.2.RELEASE.jar!/org/springframework/data/history/AnnotationRevisionMetadata.class], URL [jar:file:/C:/Users/yedenguele/.m2/repository/org/springframework/data/spring-data-commons/1.11.2.RELEASE/spring-data-commons-1.11.2.RELEASE.jar!/org/springframework/data/querydsl/binding/QuerydslPredicate.class], URL [jar:file:/C:/Users/yedenguele/.m2/repository/org/springframework/data/spring-data-commons/1.11.2.RELEASE/spring-data-commons-1.11.2.RELEASE.jar!/org/springframework/data/querydsl/binding/QuerydslBindingsFactory$NoOpCustomizer.class], URL [jar:file:/C:/Users/yedenguele/.m2/repository/org/springframework/data/spring-data-commons/1.11.2.RELEASE/spring-data-commons-1.11.2.RELEASE.jar!/org/springframework/data/querydsl/binding/MultiValueBinding.class], URL [jar:file:/C:/Users/yedenguele/.m2/repository/org/springframework/data/spring-data-commons/1.11.2.RELEASE/spring-data-commons-1.11.2.RELEASE.jar!/org/springframework/data/querydsl/binding/QuerydslDefaultBinding.class], URL [jar:file:/C:/Users/yedenguele/.m2/repository/org/springframework/data/spring-data-commons/1.11.2.RELEASE/spring-data-commons-1.11.2.RELEASE.jar!/org/springframework/data/querydsl/binding/QuerydslBindings$PathBinder.class], URL [jar:file:/C:/Users/yedenguele/.m2/repository/org/springframework/data/spring-data-commons/1.11.2.RELEASE/spring-data-commons-1.11.2.RELEASE.jar!/org/springframework/data/querydsl/binding/QuerydslBindings$PathAndBinding.class], URL [jar:file:/C:/Users/yedenguele/.m2/repository/org/springframework/data/spring-data-commons/1.11.2.RELEASE/spring-data-commons-1.11.2.RELEASE.jar!/org/springframework/data/querydsl/binding/QuerydslBindingsFactory.class], URL [jar:file:/C:/Users/yedenguele/.m2/repository/org/springframework/data/spring-data-commons/1.11.2.RELEASE/spring-data-commons-1.11.2.RELEASE.jar!/org/springframework/data/querydsl/binding/QuerydslBindings$TypeBinder.class], URL [jar:file:/C:/Users/yedenguele/.m2/repository/org/springframework/data/spring-data-commons/1.11.2.RELEASE/spring-data-commons-1.11.2.RELEASE.jar!/org/springframework/data/querydsl/binding/QuerydslBindings$1.class], URL [jar:file:/C:/Users/yedenguele/.m2/repository/org/springframework/data/spring-data-commons/1.11.2.RELEASE/spring-data-commons-1.11.2.RELEASE.jar!/org/springframework/data/querydsl/binding/QuerydslPredicateBuilder.class], URL [jar:file:/C:/Users/yedenguele/.m2/repository/org/springframework/data/spring-data-commons/1.11.2.RELEASE/spring-data-commons-1.11.2.RELEASE.jar!/org/springframework/data/querydsl/binding/QuerydslBinderCustomizer.class], URL [jar:file:/C:/Users/yedenguele/.m2/repository/org/springframework/data/spring-data-commons/1.11.2.RELEASE/spring-data-commons-1.11.2.RELEASE.jar!/org/springframework/data/querydsl/binding/SingleValueBinding.class], URL [jar:file:/C:/Users/yedenguele/.m2/repository/org/springframework/data/spring-data-commons/1.11.2.RELEASE/spring-data-commons-1.11.2.RELEASE.jar!/org/springframework/data/querydsl/binding/QuerydslBindings$MultiValueBindingAdapter.class], URL [jar:file:/C:/Users/yedenguele/.m2/repository/org/springframework/data/spring-data-commons/1.11.2.RELEASE/spring-data-commons-1.11.2.RELEASE.jar!/org/springframework/data/querydsl/binding/QuerydslBindings.class], URL [jar:file:/C:/Users/yedenguele/.m2/repository/org/springframework/data/spring-data-commons/1.11.2.RELEASE/spring-data-commons-1.11.2.RELEASE.jar!/org/springframework/data/querydsl/QPageRequest.class], URL [jar:file:/C:/Users/yedenguele/.m2/repository/org/springframework/data/spring-data-commons/1.11.2.RELEASE/spring-data-commons-1.11.2.RELEASE.jar!/org/springframework/data/querydsl/QueryDslUtils.class], URL [jar:file:/C:/Users/yedenguele/.m2/repository/org/springframework/data/spring-data-commons/1.11.2.RELEASE/spring-data-commons-1.11.2.RELEASE.jar!/org/springframework/data/querydsl/QuerydslRepositoryInvokerAdapter.class], URL [jar:file:/C:/Users/yedenguele/.m2/repository/org/springframework/data/spring-data-commons/1.11.2.RELEASE/spring-data-commons-1.11.2.RELEASE.jar!/org/springframework/data/querydsl/QSort.class], URL [jar:file:/C:/Users/yedenguele/.m2/repository/org/springframework/data/spring-data-commons/1.11.2.RELEASE/spring-data-commons-1.11.2.RELEASE.jar!/org/springframework/data/querydsl/SimpleEntityPathResolver.class], URL [jar:file:/C:/Users/yedenguele/.m2/repository/org/springframework/data/spring-data-commons/1.11.2.RELEASE/spring-data-commons-1.11.2.RELEASE.jar!/org/springframework/data/querydsl/QueryDslPredicateExecutor.class], URL [jar:file:/C:/Users/yedenguele/.m2/repository/org/springframework/data/spring-data-commons/1.11.2.RELEASE/spring-data-commons-1.11.2.RELEASE.jar!/org/springframework/data/querydsl/EntityPathResolver.class], URL [jar:file:/C:/Users/yedenguele/.m2/repository/org/springframework/data/spring-data-commons/1.11.2.RELEASE/spring-data-commons-1.11.2.RELEASE.jar!/org/springframework/data/authentication/UserCredentials.class], URL [jar:file:/C:/Users/yedenguele/.m2/repository/org/springframework/data/spring-data-commons/1.11.2.RELEASE/spring-data-commons-1.11.2.RELEASE.jar!/org/springframework/data/auditing/MappingAuditableBeanWrapperFactory.class], URL [jar:file:/C:/Users/yedenguele/.m2/repository/org/springframework/data/spring-data-commons/1.11.2.RELEASE/spring-data-commons-1.11.2.RELEASE.jar!/org/springframework/data/auditing/DefaultAuditableBeanWrapperFactory$ReflectionAuditingBeanWrapper.class], URL [jar:file:/C:/Users/yedenguele/.m2/repository/org/springframework/data/spring-data-commons/1.11.2.RELEASE/spring-data-commons-1.11.2.RELEASE.jar!/org/springframework/data/auditing/DefaultAuditableBeanWrapperFactory$CalendarToDateTimeConverter.class], URL [jar:file:/C:/Users/yedenguele/.m2/repository/org/springframework/data/spring-data-commons/1.11.2.RELEASE/spring-data-commons-1.11.2.RELEASE.jar!/org/springframework/data/auditing/MappingAuditableBeanWrapperFactory$MappingMetadataAuditableBeanWrapper.class], URL [jar:file:/C:/Users/yedenguele/.m2/repository/org/springframework/data/spring-data-commons/1.11.2.RELEASE/spring-data-commons-1.11.2.RELEASE.jar!/org/springframework/data/auditing/AnnotationAuditingMetadata.class], URL [jar:file:/C:/Users/yedenguele/.m2/repository/org/springframework/data/spring-data-commons/1.11.2.RELEASE/spring-data-commons-1.11.2.RELEASE.jar!/org/springframework/data/auditing/DefaultAuditableBeanWrapperFactory.class], URL [jar:file:/C:/Users/yedenguele/.m2/repository/org/springframework/data/spring-data-commons/1.11.2.RELEASE/spring-data-commons-1.11.2.RELEASE.jar!/org/springframework/data/auditing/MappingAuditableBeanWrapperFactory$MappingAuditingMetadata.class], URL [jar:file:/C:/Users/yedenguele/.m2/repository/org/springframework/data/spring-data-commons/1.11.2.RELEASE/spring-data-commons-1.11.2.RELEASE.jar!/org/springframework/data/auditing/DefaultAuditableBeanWrapperFactory$DateConvertingAuditableBeanWrapper.class], URL [jar:file:/C:/Users/yedenguele/.m2/repository/org/springframework/data/spring-data-commons/1.11.2.RELEASE/spring-data-commons-1.11.2.RELEASE.jar!/org/springframework/data/auditing/DefaultAuditableBeanWrapperFactory$AuditableInterfaceBeanWrapper.class], URL [jar:file:/C:/Users/yedenguele/.m2/repository/org/springframework/data/spring-data-commons/1.11.2.RELEASE/spring-data-commons-1.11.2.RELEASE.jar!/org/springframework/data/auditing/AuditableBeanWrapper.class], URL [jar:file:/C:/Users/yedenguele/.m2/repository/org/springframework/data/spring-data-commons/1.11.2.RELEASE/spring-data-commons-1.11.2.RELEASE.jar!/org/springframework/data/auditing/AuditingHandler.class], URL [jar:file:/C:/Users/yedenguele/.m2/repository/org/springframework/data/spring-data-commons/1.11.2.RELEASE/spring-data-commons-1.11.2.RELEASE.jar!/org/springframework/data/auditing/IsNewAwareAuditingHandler.class], URL [jar:file:/C:/Users/yedenguele/.m2/repository/org/springframework/data/spring-data-commons/1.11.2.RELEASE/spring-data-commons-1.11.2.RELEASE.jar!/org/springframework/data/auditing/CurrentDateTimeProvider.class], URL [jar:file:/C:/Users/yedenguele/.m2/repository/org/springframework/data/spring-data-commons/1.11.2.RELEASE/spring-data-commons-1.11.2.RELEASE.jar!/org/springframework/data/auditing/AuditableBeanWrapperFactory.class], URL [jar:file:/C:/Users/yedenguele/.m2/repository/org/springframework/data/spring-data-commons/1.11.2.RELEASE/spring-data-commons-1.11.2.RELEASE.jar!/org/springframework/data/auditing/config/AuditingBeanDefinitionRegistrarSupport.class], URL [jar:file:/C:/Users/yedenguele/.m2/repository/org/springframework/data/spring-data-commons/1.11.2.RELEASE/spring-data-commons-1.11.2.RELEASE.jar!/org/springframework/data/auditing/config/IsNewAwareAuditingHandlerBeanDefinitionParser.class], URL [jar:file:/C:/Users/yedenguele/.m2/repository/org/springframework/data/spring-data-commons/1.11.2.RELEASE/spring-data-commons-1.11.2.RELEASE.jar!/org/springframework/data/auditing/config/AuditingHandlerBeanDefinitionParser.class], URL [jar:file:/C:/Users/yedenguele/.m2/repository/org/springframework/data/spring-data-commons/1.11.2.RELEASE/spring-data-commons-1.11.2.RELEASE.jar!/org/springframework/data/auditing/config/AuditingConfiguration.class], URL [jar:file:/C:/Users/yedenguele/.m2/repository/org/springframework/data/spring-data-commons/1.11.2.RELEASE/spring-data-commons-1.11.2.RELEASE.jar!/org/springframework/data/auditing/config/AnnotationAuditingConfiguration.class], URL [jar:file:/C:/Users/yedenguele/.m2/repository/org/springframework/data/spring-data-commons/1.11.2.RELEASE/spring-data-commons-1.11.2.RELEASE.jar!/org/springframework/data/auditing/DefaultAuditableBeanWrapperFactory$CalendarToLocalDateTimeConverter.class], URL [jar:file:/C:/Users/yedenguele/.m2/repository/org/springframework/data/spring-data-commons/1.11.2.RELEASE/spring-data-commons-1.11.2.RELEASE.jar!/org/springframework/data/auditing/DateTimeProvider.class], URL [jar:file:/C:/Users/yedenguele/.m2/repository/org/springframework/data/spring-data-commons/1.11.2.RELEASE/spring-data-commons-1.11.2.RELEASE.jar!/org/springframework/data/repository/cdi/CdiRepositoryConfiguration.class], URL [jar:file:/C:/Users/yedenguele/.m2/repository/org/springframework/data/spring-data-commons/1.11.2.RELEASE/spring-data-commons-1.11.2.RELEASE.jar!/org/springframework/data/repository/cdi/CdiRepositoryExtensionSupport.class], URL [jar:file:/C:/Users/yedenguele/.m2/repository/org/springframework/data/spring-data-commons/1.11.2.RELEASE/spring-data-commons-1.11.2.RELEASE.jar!/org/springframework/data/repository/cdi/CdiRepositoryBean.class], URL [jar:file:/C:/Users/yedenguele/.m2/repository/org/springframework/data/spring-data-commons/1.11.2.RELEASE/spring-data-commons-1.11.2.RELEASE.jar!/org/springframework/data/repository/cdi/CdiRepositoryExtensionSupport$AnyAnnotationLiteral.class], URL [jar:file:/C:/Users/yedenguele/.m2/repository/org/springframework/data/spring-data-commons/1.11.2.RELEASE/spring-data-commons-1.11.2.RELEASE.jar!/org/springframework/data/repository/cdi/CdiRepositoryBean$DefaultCdiRepositoryConfiguration.class], URL [jar:file:/C:/Users/yedenguele/.m2/repository/org/springframework/data/spring-data-commons/1.11.2.RELEASE/spring-data-commons-1.11.2.RELEASE.jar!/org/springframework/data/repository/cdi/Eager.class], URL [jar:file:/C:/Users/yedenguele/.m2/repository/org/springframework/data/spring-data-commons/1.11.2.RELEASE/spring-data-commons-1.11.2.RELEASE.jar!/org/springframework/data/repository/cdi/CdiRepositoryExtensionSupport$DefaultAnnotationLiteral.class], URL [jar:file:/C:/Users/yedenguele/.m2/repository/org/springframework/data/spring-data-commons/1.11.2.RELEASE/spring-data-commons-1.11.2.RELEASE.jar!/org/springframework/data/repository/history/RevisionRepository.class], URL [jar:file:/C:/Users/yedenguele/.m2/repository/org/springframework/data/spring-data-commons/1.11.2.RELEASE/spring-data-commons-1.11.2.RELEASE.jar!/org/springframework/data/repository/history/support/RevisionEntityInformation.class], URL [jar:file:/C:/Users/yedenguele/.m2/repository/org/springframework/data/spring-data-commons/1.11.2.RELEASE/spring-data-commons-1.11.2.RELEASE.jar!/org/springframework/data/repository/RepositoryDefinition.class], URL [jar:file:/C:/Users/yedenguele/.m2/repository/org/springframework/data/spring-data-commons/1.11.2.RELEASE/spring-data-commons-1.11.2.RELEASE.jar!/org/springframework/data/repository/util/TxUtils.class], URL [jar:file:/C:/Users/yedenguele/.m2/repository/org/springframework/data/spring-data-commons/1.11.2.RELEASE/spring-data-commons-1.11.2.RELEASE.jar!/org/springframework/data/repository/util/NullableWrapper.class], URL [jar:file:/C:/Users/yedenguele/.m2/repository/org/springframework/data/spring-data-commons/1.11.2.RELEASE/spring-data-commons-1.11.2.RELEASE.jar!/org/springframework/data/repository/util/QueryExecutionConverters$NullableWrapperToCompletableFutureConverter.class], URL [jar:file:/C:/Users/yedenguele/.m2/repository/org/springframework/data/spring-data-commons/1.11.2.RELEASE/spring-data-commons-1.11.2.RELEASE.jar!/org/springframework/data/repository/util/QueryExecutionConverters.class], URL [jar:file:/C:/Users/yedenguele/.m2/repository/org/springframework/data/spring-data-commons/1.11.2.RELEASE/spring-data-commons-1.11.2.RELEASE.jar!/org/springframework/data/repository/util/ClassUtils.class], URL [jar:file:/C:/Users/yedenguele/.m2/repository/org/springframework/data/spring-data-commons/1.11.2.RELEASE/spring-data-commons-1.11.2.RELEASE.jar!/org/springframework/data/repository/util/QueryExecutionConverters$NullableWrapperToGuavaOptionalConverter.class], URL [jar:file:/C:/Users/yedenguele/.m2/repository/org/springframework/data/spring-data-commons/1.11.2.RELEASE/spring-data-commons-1.11.2.RELEASE.jar!/org/springframework/data/repository/util/QueryExecutionConverters$NullableWrapperToFutureConverter.class], URL [jar:file:/C:/Users/yedenguele/.m2/repository/org/springframework/data/spring-data-commons/1.11.2.RELEASE/spring-data-commons-1.11.2.RELEASE.jar!/org/springframework/data/repository/util/QueryExecutionConverters$NullableWrapperToJdk8OptionalConverter.class], URL [jar:file:/C:/Users/yedenguele/.m2/repository/org/springframework/data/spring-data-commons/1.11.2.RELEASE/spring-data-commons-1.11.2.RELEASE.jar!/org/springframework/data/repository/util/QueryExecutionConverters$AbstractWrapperTypeConverter.class], URL [jar:file:/C:/Users/yedenguele/.m2/repository/org/springframework/data/spring-data-commons/1.11.2.RELEASE/spring-data-commons-1.11.2.RELEASE.jar!/org/springframework/data/repository/PagingAndSortingRepository.class], URL [jar:file:/C:/Users/yedenguele/.m2/repository/org/springframework/data/spring-data-commons/1.11.2.RELEASE/spring-data-commons-1.11.2.RELEASE.jar!/org/springframework/data/repository/CrudRepository.class], URL [jar:file:/C:/Users/yedenguele/.m2/repository/org/springframework/data/spring-data-commons/1.11.2.RELEASE/spring-data-commons-1.11.2.RELEASE.jar!/org/springframework/data/repository/NoRepositoryBean.class], URL [jar:file:/C:/Users/yedenguele/.m2/repository/org/springframework/data/spring-data-commons/1.11.2.RELEASE/spring-data-commons-1.11.2.RELEASE.jar!/org/springframework/data/repository/support/DomainClassPropertyEditor.class], URL [jar:file:/C:/Users/yedenguele/.m2/repository/org/springframework/data/spring-data-commons/1.11.2.RELEASE/spring-data-commons-1.11.2.RELEASE.jar!/org/springframework/data/repository/support/CrudRepositoryInvoker.class], URL [jar:file:/C:/Users/yedenguele/.m2/repository/org/springframework/data/spring-data-commons/1.11.2.RELEASE/spring-data-commons-1.11.2.RELEASE.jar!/org/springframework/data/repository/support/QueryMethodParameterConversionException.class], URL [jar:file:/C:/Users/yedenguele/.m2/repository/org/springframework/data/spring-data-commons/1.11.2.RELEASE/spring-data-commons-1.11.2.RELEASE.jar!/org/springframework/data/repository/support/Repositories$EmptyRepositoryFactoryInformation.class], URL [jar:file:/C:/Users/yedenguele/.m2/repository/org/springframework/data/spring-data-commons/1.11.2.RELEASE/spring-data-commons-1.11.2.RELEASE.jar!/org/springframework/data/repository/support/RepositoryInvoker.class], URL [jar:file:/C:/Users/yedenguele/.m2/repository/org/springframework/data/spring-data-commons/1.11.2.RELEASE/spring-data-commons-1.11.2.RELEASE.jar!/org/springframework/data/repository/support/DomainClassConverter$ToIdConverter.class], URL [jar:file:/C:/Users/yedenguele/.m2/repository/org/springframework/data/spring-data-commons/1.11.2.RELEASE/spring-data-commons-1.11.2.RELEASE.jar!/org/springframework/data/repository/support/DomainClassConverter$1.class], URL [jar:file:/C:/Users/yedenguele/.m2/repository/org/springframework/data/spring-data-commons/1.11.2.RELEASE/spring-data-commons-1.11.2.RELEASE.jar!/org/springframework/data/repository/support/DomainClassPropertyEditorRegistrar.class], URL [jar:file:/C:/Users/yedenguele/.m2/repository/org/springframework/data/spring-data-commons/1.11.2.RELEASE/spring-data-commons-1.11.2.RELEASE.jar!/org/springframework/data/repository/support/RepositoryInvokerFactory.class], URL [jar:file:/C:/Users/yedenguele/.m2/repository/org/springframework/data/spring-data-commons/1.11.2.RELEASE/spring-data-commons-1.11.2.RELEASE.jar!/org/springframework/data/repository/support/DomainClassConverter.class], URL [jar:file:/C:/Users/yedenguele/.m2/repository/org/springframework/data/spring-data-commons/1.11.2.RELEASE/spring-data-commons-1.11.2.RELEASE.jar!/org/springframework/data/repository/support/AnnotationAttribute.class], URL [jar:file:/C:/Users/yedenguele/.m2/repository/org/springframework/data/spring-data-commons/1.11.2.RELEASE/spring-data-commons-1.11.2.RELEASE.jar!/org/springframework/data/repository/support/Repositories.class], URL [jar:file:/C:/Users/yedenguele/.m2/repository/org/springframework/data/spring-data-commons/1.11.2.RELEASE/spring-data-commons-1.11.2.RELEASE.jar!/org/springframework/data/repository/support/DomainClassConverter$ConversionMatchAbbreviationException.class], URL [jar:file:/C:/Users/yedenguele/.m2/repository/org/springframework/data/spring-data-commons/1.11.2.RELEASE/spring-data-commons-1.11.2.RELEASE.jar!/org/springframework/data/repository/support/ReflectionRepositoryInvoker.class], URL [jar:file:/C:/Users/yedenguele/.m2/repository/org/springframework/data/spring-data-commons/1.11.2.RELEASE/spring-data-commons-1.11.2.RELEASE.jar!/org/springframework/data/repository/support/MethodParameters.class], URL [jar:file:/C:/Users/yedenguele/.m2/repository/org/springframework/data/spring-data-commons/1.11.2.RELEASE/spring-data-commons-1.11.2.RELEASE.jar!/org/springframework/data/repository/support/PagingAndSortingRepositoryInvoker.class], URL [jar:file:/C:/Users/yedenguele/.m2/repository/org/springframework/data/spring-data-commons/1.11.2.RELEASE/spring-data-commons-1.11.2.RELEASE.jar!/org/springframework/data/repository/support/DefaultRepositoryInvokerFactory.class], URL [jar:file:/C:/Users/yedenguele/.m2/repository/org/springframework/data/spring-data-commons/1.11.2.RELEASE/spring-data-commons-1.11.2.RELEASE.jar!/org/springframework/data/repository/support/MethodParameters$AnnotationNamingMethodParameter.class], URL [jar:file:/C:/Users/yedenguele/.m2/repository/org/springframework/data/spring-data-commons/1.11.2.RELEASE/spring-data-commons-1.11.2.RELEASE.jar!/org/springframework/data/repository/support/DomainClassConverter$ToEntityConverter.class], URL [jar:file:/C:/Users/yedenguele/.m2/repository/org/springframework/data/spring-data-commons/1.11.2.RELEASE/spring-data-commons-1.11.2.RELEASE.jar!/org/springframework/data/repository/support/RepositoryInvocationInformation.class], URL [jar:file:/C:/Users/yedenguele/.m2/repository/org/springframework/data/spring-data-commons/1.11.2.RELEASE/spring-data-commons-1.11.2.RELEASE.jar!/org/springframework/data/repository/query/EvaluationContextExtensionInformation$RootObjectInformation.class], URL [jar:file:/C:/Users/yedenguele/.m2/repository/org/springframework/data/spring-data-commons/1.11.2.RELEASE/spring-data-commons-1.11.2.RELEASE.jar!/org/springframework/data/repository/query/RepositoryQuery.class], URL [jar:file:/C:/Users/yedenguele/.m2/repository/org/springframework/data/spring-data-commons/1.11.2.RELEASE/spring-data-commons-1.11.2.RELEASE.jar!/org/springframework/data/repository/query/EvaluationContextExtensionInformation$ExtensionTypeInformation.class], URL [jar:file:/C:/Users/yedenguele/.m2/repository/org/springframework/data/spring-data-commons/1.11.2.RELEASE/spring-data-commons-1.11.2.RELEASE.jar!/org/springframework/data/repository/query/parser/OrderBySource.class], URL [jar:file:/C:/Users/yedenguele/.m2/repository/org/springframework/data/spring-data-commons/1.11.2.RELEASE/spring-data-commons-1.11.2.RELEASE.jar!/org/springframework/data/repository/query/parser/Part$Type.class], URL [jar:file:/C:/Users/yedenguele/.m2/repository/org/springframework/data/spring-data-commons/1.11.2.RELEASE/spring-data-commons-1.11.2.RELEASE.jar!/org/springframework/data/repository/query/parser/PartTree.class], URL [jar:file:/C:/Users/yedenguele/.m2/repository/org/springframework/data/spring-data-commons/1.11.2.RELEASE/spring-data-commons-1.11.2.RELEASE.jar!/org/springframework/data/repository/query/parser/PartTree$OrPart.class], URL [jar:file:/C:/Users/yedenguele/.m2/repository/org/springframework/data/spring-data-commons/1.11.2.RELEASE/spring-data-commons-1.11.2.RELEASE.jar!/org/springframework/data/repository/query/parser/AbstractQueryCreator.class], URL [jar:file:/C:/Users/yedenguele/.m2/repository/org/springframework/data/spring-data-commons/1.11.2.RELEASE/spring-data-commons-1.11.2.RELEASE.jar!/org/springframework/data/repository/query/parser/Part.class], URL [jar:file:/C:/Users/yedenguele/.m2/repository/org/springframework/data/spring-data-commons/1.11.2.RELEASE/spring-data-commons-1.11.2.RELEASE.jar!/org/springframework/data/repository/query/parser/PartTree$Predicate.class], URL [jar:file:/C:/Users/yedenguele/.m2/repository/org/springframework/data/spring-data-commons/1.11.2.RELEASE/spring-data-commons-1.11.2.RELEASE.jar!/org/springframework/data/repository/query/parser/PartTree$Subject.class], URL [jar:file:/C:/Users/yedenguele/.m2/repository/org/springframework/data/spring-data-commons/1.11.2.RELEASE/spring-data-commons-1.11.2.RELEASE.jar!/org/springframework/data/repository/query/parser/Part$IgnoreCaseType.class], URL [jar:file:/C:/Users/yedenguele/.m2/repository/org/springframework/data/spring-data-commons/1.11.2.RELEASE/spring-data-commons-1.11.2.RELEASE.jar!/org/springframework/data/repository/query/ParameterOutOfBoundsException.class], URL [jar:file:/C:/Users/yedenguele/.m2/repository/org/springframework/data/spring-data-commons/1.11.2.RELEASE/spring-data-commons-1.11.2.RELEASE.jar!/org/springframework/data/repository/query/DefaultParameters.class], URL [jar:file:/C:/Users/yedenguele/.m2/repository/org/springframework/data/spring-data-commons/1.11.2.RELEASE/spring-data-commons-1.11.2.RELEASE.jar!/org/springframework/data/repository/query/QueryCreationException.class], URL [jar:file:/C:/Users/yedenguele/.m2/repository/org/springframework/data/spring-data-commons/1.11.2.RELEASE/spring-data-commons-1.11.2.RELEASE.jar!/org/springframework/data/repository/query/Parameters.class], URL [jar:file:/C:/Users/yedenguele/.m2/repository/org/springframework/data/spring-data-commons/1.11.2.RELEASE/spring-data-commons-1.11.2.RELEASE.jar!/org/springframework/data/repository/query/ParametersParameterAccessor$BindableParameterIterator.class], URL [jar:file:/C:/Users/yedenguele/.m2/repository/org/springframework/data/spring-data-commons/1.11.2.RELEASE/spring-data-commons-1.11.2.RELEASE.jar!/org/springframework/data/repository/query/EvaluationContextExtensionInformation.class], URL [jar:file:/C:/Users/yedenguele/.m2/repository/org/springframework/data/spring-data-commons/1.11.2.RELEASE/spring-data-commons-1.11.2.RELEASE.jar!/org/springframework/data/repository/query/ExtensionAwareEvaluationContextProvider.class], URL [jar:file:/C:/Users/yedenguele/.m2/repository/org/springframework/data/spring-data-commons/1.11.2.RELEASE/spring-data-commons-1.11.2.RELEASE.jar!/org/springframework/data/repository/query/EvaluationContextExtensionInformation$RootObjectInformation$2.class], URL [jar:file:/C:/Users/yedenguele/.m2/repository/org/springframework/data/spring-data-commons/1.11.2.RELEASE/spring-data-commons-1.11.2.RELEASE.jar!/org/springframework/data/repository/query/ExtensionAwareEvaluationContextProvider$FunctionMethodExecutor.class], URL [jar:file:/C:/Users/yedenguele/.m2/repository/org/springframework/data/spring-data-commons/1.11.2.RELEASE/spring-data-commons-1.11.2.RELEASE.jar!/org/springframework/data/repository/query/EvaluationContextExtensionInformation$ExtensionTypeInformation$PublicMethodAndFieldFilter.class], URL [jar:file:/C:/Users/yedenguele/.m2/repository/org/springframework/data/spring-data-commons/1.11.2.RELEASE/spring-data-commons-1.11.2.RELEASE.jar!/org/springframework/data/repository/query/QueryLookupStrategy.class], URL [jar:file:/C:/Users/yedenguele/.m2/repository/org/springframework/data/spring-data-commons/1.11.2.RELEASE/spring-data-commons-1.11.2.RELEASE.jar!/org/springframework/data/repository/query/ExtensionAwareEvaluationContextProvider$EvaluationContextExtensionAdapter.class], URL [jar:file:/C:/Users/yedenguele/.m2/repository/org/springframework/data/spring-data-commons/1.11.2.RELEASE/spring-data-commons-1.11.2.RELEASE.jar!/org/springframework/data/repository/query/ParametersParameterAccessor$1.class], URL [jar:file:/C:/Users/yedenguele/.m2/repository/org/springframework/data/spring-data-commons/1.11.2.RELEASE/spring-data-commons-1.11.2.RELEASE.jar!/org/springframework/data/repository/query/ParametersParameterAccessor.class], URL [jar:file:/C:/Users/yedenguele/.m2/repository/org/springframework/data/spring-data-commons/1.11.2.RELEASE/spring-data-commons-1.11.2.RELEASE.jar!/org/springframework/data/repository/query/QueryMethod.class], URL [jar:file:/C:/Users/yedenguele/.m2/repository/org/springframework/data/spring-data-commons/1.11.2.RELEASE/spring-data-commons-1.11.2.RELEASE.jar!/org/springframework/data/repository/query/EvaluationContextExtensionInformation$RootObjectInformation$1.class], URL [jar:file:/C:/Users/yedenguele/.m2/repository/org/springframework/data/spring-data-commons/1.11.2.RELEASE/spring-data-commons-1.11.2.RELEASE.jar!/org/springframework/data/repository/query/spi/EvaluationContextExtension.class], URL [jar:file:/C:/Users/yedenguele/.m2/repository/org/springframework/data/spring-data-commons/1.11.2.RELEASE/spring-data-commons-1.11.2.RELEASE.jar!/org/springframework/data/repository/query/spi/EvaluationContextExtensionSupport.class], URL [jar:file:/C:/Users/yedenguele/.m2/repository/org/springframework/data/spring-data-commons/1.11.2.RELEASE/spring-data-commons-1.11.2.RELEASE.jar!/org/springframework/data/repository/query/spi/Function.class], URL [jar:file:/C:/Users/yedenguele/.m2/repository/org/springframework/data/spring-data-commons/1.11.2.RELEASE/spring-data-commons-1.11.2.RELEASE.jar!/org/springframework/data/repository/query/EvaluationContextExtensionInformation$1.class], URL [jar:file:/C:/Users/yedenguele/.m2/repository/org/springframework/data/spring-data-commons/1.11.2.RELEASE/spring-data-commons-1.11.2.RELEASE.jar!/org/springframework/data/repository/query/ExtensionAwareEvaluationContextProvider$ExtensionAwarePropertyAccessor.class], URL [jar:file:/C:/Users/yedenguele/.m2/repository/org/springframework/data/spring-data-commons/1.11.2.RELEASE/spring-data-commons-1.11.2.RELEASE.jar!/org/springframework/data/repository/query/Parameter.class], URL [jar:file:/C:/Users/yedenguele/.m2/repository/org/springframework/data/spring-data-commons/1.11.2.RELEASE/spring-data-commons-1.11.2.RELEASE.jar!/org/springframework/data/repository/query/EvaluationContextProvider.class], URL [jar:file:/C:/Users/yedenguele/.m2/repository/org/springframework/data/spring-data-commons/1.11.2.RELEASE/spring-data-commons-1.11.2.RELEASE.jar!/org/springframework/data/repository/query/ParameterAccessor.class], URL [jar:file:/C:/Users/yedenguele/.m2/repository/org/springframework/data/spring-data-commons/1.11.2.RELEASE/spring-data-commons-1.11.2.RELEASE.jar!/org/springframework/data/repository/query/QueryMethod$1.class], URL [jar:file:/C:/Users/yedenguele/.m2/repository/org/springframework/data/spring-data-commons/1.11.2.RELEASE/spring-data-commons-1.11.2.RELEASE.jar!/org/springframework/data/repository/query/Param.class], URL [jar:file:/C:/Users/yedenguele/.m2/repository/org/springframework/data/spring-data-commons/1.11.2.RELEASE/spring-data-commons-1.11.2.RELEASE.jar!/org/springframework/data/repository/query/EvaluationContextExtensionInformation$ExtensionTypeInformation$1.class], URL [jar:file:/C:/Users/yedenguele/.m2/repository/org/springframework/data/spring-data-commons/1.11.2.RELEASE/spring-data-commons-1.11.2.RELEASE.jar!/org/springframework/data/repository/query/QueryLookupStrategy$Key.class], URL [jar:file:/C:/Users/yedenguele/.m2/repository/org/springframework/data/spring-data-commons/1.11.2.RELEASE/spring-data-commons-1.11.2.RELEASE.jar!/org/springframework/data/repository/query/DefaultEvaluationContextProvider.class], URL [jar:file:/C:/Users/yedenguele/.m2/repository/org/springframework/data/spring-data-commons/1.11.2.RELEASE/spring-data-commons-1.11.2.RELEASE.jar!/org/springframework/data/repository/init/RepositoriesPopulatedEvent.class], URL [jar:file:/C:/Users/yedenguele/.m2/repository/org/springframework/data/spring-data-commons/1.11.2.RELEASE/spring-data-commons-1.11.2.RELEASE.jar!/org/springframework/data/repository/init/ResourceReaderRepositoryPopulator.class], URL [jar:file:/C:/Users/yedenguele/.m2/repository/org/springframework/data/spring-data-commons/1.11.2.RELEASE/spring-data-commons-1.11.2.RELEASE.jar!/org/springframework/data/repository/init/RepositoryPopulator.class], URL [jar:file:/C:/Users/yedenguele/.m2/repository/org/springframework/data/spring-data-commons/1.11.2.RELEASE/spring-data-commons-1.11.2.RELEASE.jar!/org/springframework/data/repository/init/ResourceReader.class], URL [jar:file:/C:/Users/yedenguele/.m2/repository/org/springframework/data/spring-data-commons/1.11.2.RELEASE/spring-data-commons-1.11.2.RELEASE.jar!/org/springframework/data/repository/init/UnmarshallerRepositoryPopulatorFactoryBean.class], URL [jar:file:/C:/Users/yedenguele/.m2/repository/org/springframework/data/spring-data-commons/1.11.2.RELEASE/spring-data-commons-1.11.2.RELEASE.jar!/org/springframework/data/repository/init/Jackson2ResourceReader.class], URL [jar:file:/C:/Users/yedenguele/.m2/repository/org/springframework/data/spring-data-commons/1.11.2.RELEASE/spring-data-commons-1.11.2.RELEASE.jar!/org/springframework/data/repository/init/AbstractRepositoryPopulatorFactoryBean.class], URL [jar:file:/C:/Users/yedenguele/.m2/repository/org/springframework/data/spring-data-commons/1.11.2.RELEASE/spring-data-commons-1.11.2.RELEASE.jar!/org/springframework/data/repository/init/Jackson2RepositoryPopulatorFactoryBean.class], URL [jar:file:/C:/Users/yedenguele/.m2/repository/org/springframework/data/spring-data-commons/1.11.2.RELEASE/spring-data-commons-1.11.2.RELEASE.jar!/org/springframework/data/repository/init/ResourceReader$Type.class], URL [jar:file:/C:/Users/yedenguele/.m2/repository/org/springframework/data/spring-data-commons/1.11.2.RELEASE/spring-data-commons-1.11.2.RELEASE.jar!/org/springframework/data/repository/init/UnmarshallingResourceReader.class], URL [jar:file:/C:/Users/yedenguele/.m2/repository/org/springframework/data/spring-data-commons/1.11.2.RELEASE/spring-data-commons-1.11.2.RELEASE.jar!/org/springframework/data/repository/config/ResourceReaderRepositoryPopulatorBeanDefinitionParser.class], URL [jar:file:/C:/Users/yedenguele/.m2/repository/org/springframework/data/spring-data-commons/1.11.2.RELEASE/spring-data-commons-1.11.2.RELEASE.jar!/org/springframework/data/repository/config/RepositoryBeanDefinitionRegistrarSupport.class], URL [jar:file:/C:/Users/yedenguele/.m2/repository/org/springframework/data/spring-data-commons/1.11.2.RELEASE/spring-data-commons-1.11.2.RELEASE.jar!/org/springframework/data/repository/config/RepositoryBeanNameGenerator.class], URL [jar:file:/C:/Users/yedenguele/.m2/repository/org/springframework/data/spring-data-commons/1.11.2.RELEASE/spring-data-commons-1.11.2.RELEASE.jar!/org/springframework/data/repository/config/NamedQueriesBeanDefinitionParser.class], URL [jar:file:/C:/Users/yedenguele/.m2/repository/org/springframework/data/spring-data-commons/1.11.2.RELEASE/spring-data-commons-1.11.2.RELEASE.jar!/org/springframework/data/repository/config/AnnotationRepositoryConfigurationSource$1.class], URL [jar:file:/C:/Users/yedenguele/.m2/repository/org/springframework/data/spring-data-commons/1.11.2.RELEASE/spring-data-commons-1.11.2.RELEASE.jar!/org/springframework/data/repository/config/RepositoryConfiguration.class], URL [jar:file:/C:/Users/yedenguele/.m2/repository/org/springframework/data/spring-data-commons/1.11.2.RELEASE/spring-data-commons-1.11.2.RELEASE.jar!/org/springframework/data/repository/config/RepositoryComponentProvider$AllTypeFilter.class], URL [jar:file:/C:/Users/yedenguele/.m2/repository/org/springframework/data/spring-data-commons/1.11.2.RELEASE/spring-data-commons-1.11.2.RELEASE.jar!/org/springframework/data/repository/config/RepositoryConfigurationDelegate.class], URL [jar:file:/C:/Users/yedenguele/.m2/repository/org/springframework/data/spring-data-commons/1.11.2.RELEASE/spring-data-commons-1.11.2.RELEASE.jar!/org/springframework/data/repository/config/CustomRepositoryImplementationDetector.class], URL [jar:file:/C:/Users/yedenguele/.m2/repository/org/springframework/data/spring-data-commons/1.11.2.RELEASE/spring-data-commons-1.11.2.RELEASE.jar!/org/springframework/data/repository/config/RepositoryBeanDefinitionParser.class], URL [jar:file:/C:/Users/yedenguele/.m2/repository/org/springframework/data/spring-data-commons/1.11.2.RELEASE/spring-data-commons-1.11.2.RELEASE.jar!/org/springframework/data/repository/config/RepositoryNameSpaceHandler.class], URL [jar:file:/C:/Users/yedenguele/.m2/repository/org/springframework/data/spring-data-commons/1.11.2.RELEASE/spring-data-commons-1.11.2.RELEASE.jar!/org/springframework/data/repository/config/RepositoryConfigurationDelegate$LenientAssignableTypeFilter.class], URL [jar:file:/C:/Users/yedenguele/.m2/repository/org/springframework/data/spring-data-commons/1.11.2.RELEASE/spring-data-commons-1.11.2.RELEASE.jar!/org/springframework/data/repository/config/RepositoryBeanDefinitionBuilder.class], URL [jar:file:/C:/Users/yedenguele/.m2/repository/org/springframework/data/spring-data-commons/1.11.2.RELEASE/spring-data-commons-1.11.2.RELEASE.jar!/org/springframework/data/repository/config/DefaultRepositoryBaseClass.class], URL [jar:file:/C:/Users/yedenguele/.m2/repository/org/springframework/data/spring-data-commons/1.11.2.RELEASE/spring-data-commons-1.11.2.RELEASE.jar!/org/springframework/data/repository/config/RepositoryConfigurationExtensionSupport.class], URL [jar:file:/C:/Users/yedenguele/.m2/repository/org/springframework/data/spring-data-commons/1.11.2.RELEASE/spring-data-commons-1.11.2.RELEASE.jar!/org/springframework/data/repository/config/DefaultRepositoryConfiguration.class], URL [jar:file:/C:/Users/yedenguele/.m2/repository/org/springframework/data/spring-data-commons/1.11.2.RELEASE/spring-data-commons-1.11.2.RELEASE.jar!/org/springframework/data/repository/config/NamedQueriesBeanDefinitionBuilder.class], URL [jar:file:/C:/Users/yedenguele/.m2/repository/org/springframework/data/spring-data-commons/1.11.2.RELEASE/spring-data-commons-1.11.2.RELEASE.jar!/org/springframework/data/repository/config/RepositoryConfigurationUtils.class], URL [jar:file:/C:/Users/yedenguele/.m2/repository/org/springframework/data/spring-data-commons/1.11.2.RELEASE/spring-data-commons-1.11.2.RELEASE.jar!/org/springframework/data/repository/config/RepositoryConfigurationSource.class], URL [jar:file:/C:/Users/yedenguele/.m2/repository/org/springframework/data/spring-data-commons/1.11.2.RELEASE/spring-data-commons-1.11.2.RELEASE.jar!/org/springframework/data/repository/config/AnnotationRepositoryConfigurationSource.class], URL [jar:file:/C:/Users/yedenguele/.m2/repository/org/springframework/data/spring-data-commons/1.11.2.RELEASE/spring-data-commons-1.11.2.RELEASE.jar!/org/springframework/data/repository/config/RepositoryComponentProvider.class], URL [jar:file:/C:/Users/yedenguele/.m2/repository/org/springframework/data/spring-data-commons/1.11.2.RELEASE/spring-data-commons-1.11.2.RELEASE.jar!/org/springframework/data/repository/config/XmlRepositoryConfigurationSource.class], URL [jar:file:/C:/Users/yedenguele/.m2/repository/org/springframework/data/spring-data-commons/1.11.2.RELEASE/spring-data-commons-1.11.2.RELEASE.jar!/org/springframework/data/repository/config/RepositoryConfigurationSourceSupport.class], URL [jar:file:/C:/Users/yedenguele/.m2/repository/org/springframework/data/spring-data-commons/1.11.2.RELEASE/spring-data-commons-1.11.2.RELEASE.jar!/org/springframework/data/repository/config/RepositoryComponentProvider$InterfaceTypeFilter.class], URL [jar:file:/C:/Users/yedenguele/.m2/repository/org/springframework/data/spring-data-commons/1.11.2.RELEASE/spring-data-commons-1.11.2.RELEASE.jar!/org/springframework/data/repository/config/RepositoryConfigurationExtension.class], URL [jar:file:/C:/Users/yedenguele/.m2/repository/org/springframework/data/spring-data-commons/1.11.2.RELEASE/spring-data-commons-1.11.2.RELEASE.jar!/org/springframework/data/repository/Repository.class], URL [jar:file:/C:/Users/yedenguele/.m2/repository/org/springframework/data/spring-data-commons/1.11.2.RELEASE/spring-data-commons-1.11.2.RELEASE.jar!/org/springframework/data/repository/core/CrudMethods.class], URL [jar:file:/C:/Users/yedenguele/.m2/repository/org/springframework/data/spring-data-commons/1.11.2.RELEASE/spring-data-commons-1.11.2.RELEASE.jar!/org/springframework/data/repository/core/RepositoryInformation.class], URL [jar:file:/C:/Users/yedenguele/.m2/repository/org/springframework/data/spring-data-commons/1.11.2.RELEASE/spring-data-commons-1.11.2.RELEASE.jar!/org/springframework/data/repository/core/EntityInformation.class], URL [jar:file:/C:/Users/yedenguele/.m2/repository/org/springframework/data/spring-data-commons/1.11.2.RELEASE/spring-data-commons-1.11.2.RELEASE.jar!/org/springframework/data/repository/core/RepositoryMetadata.class], URL [jar:file:/C:/Users/yedenguele/.m2/repository/org/springframework/data/spring-data-commons/1.11.2.RELEASE/spring-data-commons-1.11.2.RELEASE.jar!/org/springframework/data/repository/core/NamedQueries.class], URL [jar:file:/C:/Users/yedenguele/.m2/repository/org/springframework/data/spring-data-commons/1.11.2.RELEASE/spring-data-commons-1.11.2.RELEASE.jar!/org/springframework/data/repository/core/support/PersistenceExceptionTranslationRepositoryProxyPostProcessor.class], URL [jar:file:/C:/Users/yedenguele/.m2/repository/org/springframework/data/spring-data-commons/1.11.2.RELEASE/spring-data-commons-1.11.2.RELEASE.jar!/org/springframework/data/repository/core/support/DefaultRepositoryInformation.class], URL [jar:file:/C:/Users/yedenguele/.m2/repository/org/springframework/data/spring-data-commons/1.11.2.RELEASE/spring-data-commons-1.11.2.RELEASE.jar!/org/springframework/data/repository/core/support/PropertiesBasedNamedQueries.class], URL [jar:file:/C:/Users/yedenguele/.m2/repository/org/springframework/data/spring-data-commons/1.11.2.RELEASE/spring-data-commons-1.11.2.RELEASE.jar!/org/springframework/data/repository/core/support/RepositoryFactorySupport$QueryExecutorMethodInterceptor.class], URL [jar:file:/C:/Users/yedenguele/.m2/repository/org/springframework/data/spring-data-commons/1.11.2.RELEASE/spring-data-commons-1.11.2.RELEASE.jar!/org/springframework/data/repository/core/support/RepositoryFactoryBeanSupport.class], URL [jar:file:/C:/Users/yedenguele/.m2/repository/org/springframework/data/spring-data-commons/1.11.2.RELEASE/spring-data-commons-1.11.2.RELEASE.jar!/org/springframework/data/repository/core/support/QueryCreationListener.class], URL [jar:file:/C:/Users/yedenguele/.m2/repository/org/springframework/data/spring-data-commons/1.11.2.RELEASE/spring-data-commons-1.11.2.RELEASE.jar!/org/springframework/data/repository/core/support/DefaultCrudMethods.class], URL [jar:file:/C:/Users/yedenguele/.m2/repository/org/springframework/data/spring-data-commons/1.11.2.RELEASE/spring-data-commons-1.11.2.RELEASE.jar!/org/springframework/data/repository/core/support/DelegatingEntityInformation.class], URL [jar:file:/C:/Users/yedenguele/.m2/repository/org/springframework/data/spring-data-commons/1.11.2.RELEASE/spring-data-commons-1.11.2.RELEASE.jar!/org/springframework/data/repository/core/support/TransactionalRepositoryProxyPostProcessor$CustomAnnotationTransactionAttributeSource.class], URL [jar:file:/C:/Users/yedenguele/.m2/repository/org/springframework/data/spring-data-commons/1.11.2.RELEASE/spring-data-commons-1.11.2.RELEASE.jar!/org/springframework/data/repository/core/support/RepositoryInterfaceAwareBeanPostProcessor.class], URL [jar:file:/C:/Users/yedenguele/.m2/repository/org/springframework/data/spring-data-commons/1.11.2.RELEASE/spring-data-commons-1.11.2.RELEASE.jar!/org/springframework/data/repository/core/support/TransactionalRepositoryFactoryBeanSupport.class], URL [jar:file:/C:/Users/yedenguele/.m2/repository/org/springframework/data/spring-data-commons/1.11.2.RELEASE/spring-data-commons-1.11.2.RELEASE.jar!/org/springframework/data/repository/core/support/RepositoryFactorySupport$1.class], URL [jar:file:/C:/Users/yedenguele/.m2/repository/org/springframework/data/spring-data-commons/1.11.2.RELEASE/spring-data-commons-1.11.2.RELEASE.jar!/org/springframework/data/repository/core/support/AbstractRepositoryMetadata.class], URL [jar:file:/C:/Users/yedenguele/.m2/repository/org/springframework/data/spring-data-commons/1.11.2.RELEASE/spring-data-commons-1.11.2.RELEASE.jar!/org/springframework/data/repository/core/support/RepositoryFactoryInformation.class], URL [jar:file:/C:/Users/yedenguele/.m2/repository/org/springframework/data/spring-data-commons/1.11.2.RELEASE/spring-data-commons-1.11.2.RELEASE.jar!/org/springframework/data/repository/core/support/PersistableEntityInformation.class], URL [jar:file:/C:/Users/yedenguele/.m2/repository/org/springframework/data/spring-data-commons/1.11.2.RELEASE/spring-data-commons-1.11.2.RELEASE.jar!/org/springframework/data/repository/core/support/QueryExecutionResultHandler.class], URL [jar:file:/C:/Users/yedenguele/.m2/repository/org/springframework/data/spring-data-commons/1.11.2.RELEASE/spring-data-commons-1.11.2.RELEASE.jar!/org/springframework/data/repository/core/support/ReflectionEntityInformation.class], URL [jar:file:/C:/Users/yedenguele/.m2/repository/org/springframework/data/spring-data-commons/1.11.2.RELEASE/spring-data-commons-1.11.2.RELEASE.jar!/org/springframework/data/repository/core/support/RepositoryProxyPostProcessor.class], URL [jar:file:/C:/Users/yedenguele/.m2/repository/org/springframework/data/spring-data-commons/1.11.2.RELEASE/spring-data-commons-1.11.2.RELEASE.jar!/org/springframework/data/repository/core/support/ReflectionEntityInformation$1.class], URL [jar:file:/C:/Users/yedenguele/.m2/repository/org/springframework/data/spring-data-commons/1.11.2.RELEASE/spring-data-commons-1.11.2.RELEASE.jar!/org/springframework/data/repository/core/support/TransactionalRepositoryProxyPostProcessor$AbstractFallbackTransactionAttributeSource$DefaultCacheKey.class], URL [jar:file:/C:/Users/yedenguele/.m2/repository/org/springframework/data/spring-data-commons/1.11.2.RELEASE/spring-data-commons-1.11.2.RELEASE.jar!/org/springframework/data/repository/core/support/TransactionalRepositoryProxyPostProcessor.class], URL [jar:file:/C:/Users/yedenguele/.m2/repository/org/springframework/data/spring-data-commons/1.11.2.RELEASE/spring-data-commons-1.11.2.RELEASE.jar!/org/springframework/data/repository/core/support/TransactionalRepositoryProxyPostProcessor$AbstractFallbackTransactionAttributeSource.class], URL [jar:file:/C:/Users/yedenguele/.m2/repository/org/springframework/data/spring-data-commons/1.11.2.RELEASE/spring-data-commons-1.11.2.RELEASE.jar!/org/springframework/data/repository/core/support/AbstractEntityInformation.class], URL [jar:file:/C:/Users/yedenguele/.m2/repository/org/springframework/data/spring-data-commons/1.11.2.RELEASE/spring-data-commons-1.11.2.RELEASE.jar!/org/springframework/data/repository/core/support/RepositoryFactorySupport$RepositoryInformationCacheKey.class], URL [jar:file:/C:/Users/yedenguele/.m2/repository/org/springframework/data/spring-data-commons/1.11.2.RELEASE/spring-data-commons-1.11.2.RELEASE.jar!/org/springframework/data/repository/core/support/RepositoryFactorySupport$QueryCollectingQueryCreationListener.class], URL [jar:file:/C:/Users/yedenguele/.m2/repository/org/springframework/data/spring-data-commons/1.11.2.RELEASE/spring-data-commons-1.11.2.RELEASE.jar!/org/springframework/data/repository/core/support/AnnotationRepositoryMetadata.class], URL [jar:file:/C:/Users/yedenguele/.m2/repository/org/springframework/data/spring-data-commons/1.11.2.RELEASE/spring-data-commons-1.11.2.RELEASE.jar!/org/springframework/data/repository/core/support/RepositoryFactorySupport.class], URL [jar:file:/C:/Users/yedenguele/.m2/repository/org/springframework/data/spring-data-commons/1.11.2.RELEASE/spring-data-commons-1.11.2.RELEASE.jar!/org/springframework/data/repository/core/support/DefaultRepositoryMetadata.class], URL [jar:file:/C:/Users/yedenguele/.m2/repository/org/springframework/data/spring-data-commons/1.11.2.RELEASE/spring-data-commons-1.11.2.RELEASE.jar!/org/springframework/data/repository/core/support/PersistentEntityInformation.class], URL [jar:file:/C:/Users/yedenguele/.m2/repository/org/springframework/data/spring-data-commons/1.11.2.RELEASE/spring-data-commons-1.11.2.RELEASE.jar!/org/springframework/data/repository/core/EntityMetadata.class], URL [jar:file:/C:/Users/yedenguele/.m2/repository/org/springframework/data/spring-data-commons/1.11.2.RELEASE/spring-data-commons-1.11.2.RELEASE.jar!/org/springframework/data/mapping/PropertyPath$1.class], URL [jar:file:/C:/Users/yedenguele/.m2/repository/org/springframework/data/spring-data-commons/1.11.2.RELEASE/spring-data-commons-1.11.2.RELEASE.jar!/org/springframework/data/mapping/SimpleAssociationHandler.class], URL [jar:file:/C:/Users/yedenguele/.m2/repository/org/springframework/data/spring-data-commons/1.11.2.RELEASE/spring-data-commons-1.11.2.RELEASE.jar!/org/springframework/data/mapping/PreferredConstructor.class], URL [jar:file:/C:/Users/yedenguele/.m2/repository/org/springframework/data/spring-data-commons/1.11.2.RELEASE/spring-data-commons-1.11.2.RELEASE.jar!/org/springframework/data/mapping/SimplePropertyHandler.class], URL [jar:file:/C:/Users/yedenguele/.m2/repository/org/springframework/data/spring-data-commons/1.11.2.RELEASE/spring-data-commons-1.11.2.RELEASE.jar!/org/springframework/data/mapping/PropertyReferenceException.class], URL [jar:file:/C:/Users/yedenguele/.m2/repository/org/springframework/data/spring-data-commons/1.11.2.RELEASE/spring-data-commons-1.11.2.RELEASE.jar!/org/springframework/data/mapping/PersistentPropertyAccessor.class], URL [jar:file:/C:/Users/yedenguele/.m2/repository/org/springframework/data/spring-data-commons/1.11.2.RELEASE/spring-data-commons-1.11.2.RELEASE.jar!/org/springframework/data/mapping/Association.class], URL [jar:file:/C:/Users/yedenguele/.m2/repository/org/springframework/data/spring-data-commons/1.11.2.RELEASE/spring-data-commons-1.11.2.RELEASE.jar!/org/springframework/data/mapping/PersistentProperty.class], URL [jar:file:/C:/Users/yedenguele/.m2/repository/org/springframework/data/spring-data-commons/1.11.2.RELEASE/spring-data-commons-1.11.2.RELEASE.jar!/org/springframework/data/mapping/context/MappingContextIsNewStrategyFactory$PersistentPropertyInspectingIsNewStrategy.class], URL [jar:file:/C:/Users/yedenguele/.m2/repository/org/springframework/data/spring-data-commons/1.11.2.RELEASE/spring-data-commons-1.11.2.RELEASE.jar!/org/springframework/data/mapping/context/AbstractMappingContext$PersistentPropertyCreator.class], URL [jar:file:/C:/Users/yedenguele/.m2/repository/org/springframework/data/spring-data-commons/1.11.2.RELEASE/spring-data-commons-1.11.2.RELEASE.jar!/org/springframework/data/mapping/context/PersistentEntities.class], URL [jar:file:/C:/Users/yedenguele/.m2/repository/org/springframework/data/spring-data-commons/1.11.2.RELEASE/spring-data-commons-1.11.2.RELEASE.jar!/org/springframework/data/mapping/context/DefaultPersistentPropertyPath$PropertyNameConverter.class], URL [jar:file:/C:/Users/yedenguele/.m2/repository/org/springframework/data/spring-data-commons/1.11.2.RELEASE/spring-data-commons-1.11.2.RELEASE.jar!/org/springframework/data/mapping/context/AbstractMappingContext$PersistentPropertyFilter$PropertyMatch.class], URL [jar:file:/C:/Users/yedenguele/.m2/repository/org/springframework/data/spring-data-commons/1.11.2.RELEASE/spring-data-commons-1.11.2.RELEASE.jar!/org/springframework/data/mapping/context/MappingContext.class], URL [jar:file:/C:/Users/yedenguele/.m2/repository/org/springframework/data/spring-data-commons/1.11.2.RELEASE/spring-data-commons-1.11.2.RELEASE.jar!/org/springframework/data/mapping/context/PersistentPropertyPath.class], URL [jar:file:/C:/Users/yedenguele/.m2/repository/org/springframework/data/spring-data-commons/1.11.2.RELEASE/spring-data-commons-1.11.2.RELEASE.jar!/org/springframework/data/mapping/context/MappingContextIsNewStrategyFactory$PropertyIsNullOrZeroNumberIsNewStrategy.class], URL [jar:file:/C:/Users/yedenguele/.m2/repository/org/springframework/data/spring-data-commons/1.11.2.RELEASE/spring-data-commons-1.11.2.RELEASE.jar!/org/springframework/data/mapping/context/DefaultPersistentPropertyPath.class], URL [jar:file:/C:/Users/yedenguele/.m2/repository/org/springframework/data/spring-data-commons/1.11.2.RELEASE/spring-data-commons-1.11.2.RELEASE.jar!/org/springframework/data/mapping/context/InvalidPersistentPropertyPath.class], URL [jar:file:/C:/Users/yedenguele/.m2/repository/org/springframework/data/spring-data-commons/1.11.2.RELEASE/spring-data-commons-1.11.2.RELEASE.jar!/org/springframework/data/mapping/context/MappingContextIsNewStrategyFactory$PropertyIsNullIsNewStrategy.class], URL [jar:file:/C:/Users/yedenguele/.m2/repository/org/springframework/data/spring-data-commons/1.11.2.RELEASE/spring-data-commons-1.11.2.RELEASE.jar!/org/springframework/data/mapping/context/AbstractMappingContext.class], URL [jar:file:/C:/Users/yedenguele/.m2/repository/org/springframework/data/spring-data-commons/1.11.2.RELEASE/spring-data-commons-1.11.2.RELEASE.jar!/org/springframework/data/mapping/context/MappingContextIsNewStrategyFactory.class], URL [jar:file:/C:/Users/yedenguele/.m2/repository/org/springframework/data/spring-data-commons/1.11.2.RELEASE/spring-data-commons-1.11.2.RELEASE.jar!/org/springframework/data/mapping/context/AbstractMappingContext$1.class], URL [jar:file:/C:/Users/yedenguele/.m2/repository/org/springframework/data/spring-data-commons/1.11.2.RELEASE/spring-data-commons-1.11.2.RELEASE.jar!/org/springframework/data/mapping/context/MappingContextEvent.class], URL [jar:file:/C:/Users/yedenguele/.m2/repository/org/springframework/data/spring-data-commons/1.11.2.RELEASE/spring-data-commons-1.11.2.RELEASE.jar!/org/springframework/data/mapping/context/AbstractMappingContext$PersistentPropertyFilter.class], URL [jar:file:/C:/Users/yedenguele/.m2/repository/org/springframework/data/spring-data-commons/1.11.2.RELEASE/spring-data-commons-1.11.2.RELEASE.jar!/org/springframework/data/mapping/PreferredConstructor$Parameter.class], URL [jar:file:/C:/Users/yedenguele/.m2/repository/org/springframework/data/spring-data-commons/1.11.2.RELEASE/spring-data-commons-1.11.2.RELEASE.jar!/org/springframework/data/mapping/model/AbstractPersistentProperty.class], URL [jar:file:/C:/Users/yedenguele/.m2/repository/org/springframework/data/spring-data-commons/1.11.2.RELEASE/spring-data-commons-1.11.2.RELEASE.jar!/org/springframework/data/mapping/model/MappingException.class], URL [jar:file:/C:/Users/yedenguele/.m2/repository/org/springframework/data/spring-data-commons/1.11.2.RELEASE/spring-data-commons-1.11.2.RELEASE.jar!/org/springframework/data/mapping/model/SimpleTypeHolder.class], URL [jar:file:/C:/Users/yedenguele/.m2/repository/org/springframework/data/spring-data-commons/1.11.2.RELEASE/spring-data-commons-1.11.2.RELEASE.jar!/org/springframework/data/mapping/model/DefaultSpELExpressionEvaluator.class], URL [jar:file:/C:/Users/yedenguele/.m2/repository/org/springframework/data/spring-data-commons/1.11.2.RELEASE/spring-data-commons-1.11.2.RELEASE.jar!/org/springframework/data/mapping/model/BeanWrapper.class], URL [jar:file:/C:/Users/yedenguele/.m2/repository/org/springframework/data/spring-data-commons/1.11.2.RELEASE/spring-data-commons-1.11.2.RELEASE.jar!/org/springframework/data/mapping/model/ConvertingPropertyAccessor.class], URL [jar:file:/C:/Users/yedenguele/.m2/repository/org/springframework/data/spring-data-commons/1.11.2.RELEASE/spring-data-commons-1.11.2.RELEASE.jar!/org/springframework/data/mapping/model/PreferredConstructorDiscoverer.class], URL [jar:file:/C:/Users/yedenguele/.m2/repository/org/springframework/data/spring-data-commons/1.11.2.RELEASE/spring-data-commons-1.11.2.RELEASE.jar!/org/springframework/data/mapping/model/IllegalMappingException.class], URL [jar:file:/C:/Users/yedenguele/.m2/repository/org/springframework/data/spring-data-commons/1.11.2.RELEASE/spring-data-commons-1.11.2.RELEASE.jar!/org/springframework/data/mapping/model/MutablePersistentEntity.class], URL [jar:file:/C:/Users/yedenguele/.m2/repository/org/springframework/data/spring-data-commons/1.11.2.RELEASE/spring-data-commons-1.11.2.RELEASE.jar!/org/springframework/data/mapping/model/BasicPersistentEntity.class], URL [jar:file:/C:/Users/yedenguele/.m2/repository/org/springframework/data/spring-data-commons/1.11.2.RELEASE/spring-data-commons-1.11.2.RELEASE.jar!/org/springframework/data/mapping/model/SnakeCaseFieldNamingStrategy.class], URL [jar:file:/C:/Users/yedenguele/.m2/repository/org/springframework/data/spring-data-commons/1.11.2.RELEASE/spring-data-commons-1.11.2.RELEASE.jar!/org/springframework/data/mapping/model/CamelCaseSplittingFieldNamingStrategy.class], URL [jar:file:/C:/Users/yedenguele/.m2/repository/org/springframework/data/spring-data-commons/1.11.2.RELEASE/spring-data-commons-1.11.2.RELEASE.jar!/org/springframework/data/mapping/model/IdPropertyIdentifierAccessor.class], URL [jar:file:/C:/Users/yedenguele/.m2/repository/org/springframework/data/spring-data-commons/1.11.2.RELEASE/spring-data-commons-1.11.2.RELEASE.jar!/org/springframework/data/mapping/model/SpELContext.class], URL [jar:file:/C:/Users/yedenguele/.m2/repository/org/springframework/data/spring-data-commons/1.11.2.RELEASE/spring-data-commons-1.11.2.RELEASE.jar!/org/springframework/data/mapping/model/SpELExpressionParameterValueProvider.class], URL [jar:file:/C:/Users/yedenguele/.m2/repository/org/springframework/data/spring-data-commons/1.11.2.RELEASE/spring-data-commons-1.11.2.RELEASE.jar!/org/springframework/data/mapping/model/ParameterValueProvider.class], URL [jar:file:/C:/Users/yedenguele/.m2/repository/org/springframework/data/spring-data-commons/1.11.2.RELEASE/spring-data-commons-1.11.2.RELEASE.jar!/org/springframework/data/mapping/model/MappingInstantiationException.class], URL [jar:file:/C:/Users/yedenguele/.m2/repository/org/springframework/data/spring-data-commons/1.11.2.RELEASE/spring-data-commons-1.11.2.RELEASE.jar!/org/springframework/data/mapping/model/CamelCaseAbbreviatingFieldNamingStrategy.class], URL [jar:file:/C:/Users/yedenguele/.m2/repository/org/springframework/data/spring-data-commons/1.11.2.RELEASE/spring-data-commons-1.11.2.RELEASE.jar!/org/springframework/data/mapping/model/PropertyValueProvider.class], URL [jar:file:/C:/Users/yedenguele/.m2/repository/org/springframework/data/spring-data-commons/1.11.2.RELEASE/spring-data-commons-1.11.2.RELEASE.jar!/org/springframework/data/mapping/model/AnnotationBasedPersistentProperty.class], URL [jar:file:/C:/Users/yedenguele/.m2/repository/org/springframework/data/spring-data-commons/1.11.2.RELEASE/spring-data-commons-1.11.2.RELEASE.jar!/org/springframework/data/mapping/model/PropertyNameFieldNamingStrategy.class], URL [jar:file:/C:/Users/yedenguele/.m2/repository/org/springframework/data/spring-data-commons/1.11.2.RELEASE/spring-data-commons-1.11.2.RELEASE.jar!/org/springframework/data/mapping/model/BasicPersistentEntity$AssociationComparator.class], URL [jar:file:/C:/Users/yedenguele/.m2/repository/org/springframework/data/spring-data-commons/1.11.2.RELEASE/spring-data-commons-1.11.2.RELEASE.jar!/org/springframework/data/mapping/model/FieldNamingStrategy.class], URL [jar:file:/C:/Users/yedenguele/.m2/repository/org/springframework/data/spring-data-commons/1.11.2.RELEASE/spring-data-commons-1.11.2.RELEASE.jar!/org/springframework/data/mapping/model/PersistentEntityParameterValueProvider.class], URL [jar:file:/C:/Users/yedenguele/.m2/repository/org/springframework/data/spring-data-commons/1.11.2.RELEASE/spring-data-commons-1.11.2.RELEASE.jar!/org/springframework/data/mapping/model/SpELExpressionEvaluator.class], URL [jar:file:/C:/Users/yedenguele/.m2/repository/org/springframework/data/spring-data-commons/1.11.2.RELEASE/spring-data-commons-1.11.2.RELEASE.jar!/org/springframework/data/mapping/model/BasicPersistentEntity$NullReturningIdentifierAccessor.class], URL [jar:file:/C:/Users/yedenguele/.m2/repository/org/springframework/data/spring-data-commons/1.11.2.RELEASE/spring-data-commons-1.11.2.RELEASE.jar!/org/springframework/data/mapping/AssociationHandler.class], URL [jar:file:/C:/Users/yedenguele/.m2/repository/org/springframework/data/spring-data-commons/1.11.2.RELEASE/spring-data-commons-1.11.2.RELEASE.jar!/org/springframework/data/mapping/PropertyHandler.class], URL [jar:file:/C:/Users/yedenguele/.m2/repository/org/springframework/data/spring-data-commons/1.11.2.RELEASE/spring-data-commons-1.11.2.RELEASE.jar!/org/springframework/data/mapping/PropertyPath.class], URL [jar:file:/C:/Users/yedenguele/.m2/repository/org/springframework/data/spring-data-commons/1.11.2.RELEASE/spring-data-commons-1.11.2.RELEASE.jar!/org/springframework/data/mapping/PersistentEntity.class], URL [jar:file:/C:/Users/yedenguele/.m2/repository/org/springframework/data/spring-data-commons/1.11.2.RELEASE/spring-data-commons-1.11.2.RELEASE.jar!/org/springframework/data/mapping/IdentifierAccessor.class], URL [jar:file:/C:/Users/yedenguele/.m2/repository/org/springframework/data/spring-data-commons/1.11.2.RELEASE/spring-data-commons-1.11.2.RELEASE.jar!/org/springframework/data/util/TypeVariableTypeInformation.class], URL [jar:file:/C:/Users/yedenguele/.m2/repository/org/springframework/data/spring-data-commons/1.11.2.RELEASE/spring-data-commons-1.11.2.RELEASE.jar!/org/springframework/data/util/ParameterizedTypeInformation.class], URL [jar:file:/C:/Users/yedenguele/.m2/repository/org/springframework/data/spring-data-commons/1.11.2.RELEASE/spring-data-commons-1.11.2.RELEASE.jar!/org/springframework/data/util/TypeDiscoverer$SyntheticParamterizedType.class], URL [jar:file:/C:/Users/yedenguele/.m2/repository/org/springframework/data/spring-data-commons/1.11.2.RELEASE/spring-data-commons-1.11.2.RELEASE.jar!/org/springframework/data/util/ReflectionUtils$DescribedFieldFilter.class], URL [jar:file:/C:/Users/yedenguele/.m2/repository/org/springframework/data/spring-data-commons/1.11.2.RELEASE/spring-data-commons-1.11.2.RELEASE.jar!/org/springframework/data/util/StreamUtils$CloseableIteratorDisposingRunnable.class], URL [jar:file:/C:/Users/yedenguele/.m2/repository/org/springframework/data/spring-data-commons/1.11.2.RELEASE/spring-data-commons-1.11.2.RELEASE.jar!/org/springframework/data/util/AnnotatedTypeScanner$InterfaceAwareScanner.class], URL [jar:file:/C:/Users/yedenguele/.m2/repository/org/springframework/data/spring-data-commons/1.11.2.RELEASE/spring-data-commons-1.11.2.RELEASE.jar!/org/springframework/data/util/AnnotationDetectionFieldCallback.class], URL [jar:file:/C:/Users/yedenguele/.m2/repository/org/springframework/data/spring-data-commons/1.11.2.RELEASE/spring-data-commons-1.11.2.RELEASE.jar!/org/springframework/data/util/DirectFieldAccessFallbackBeanWrapper.class], URL [jar:file:/C:/Users/yedenguele/.m2/repository/org/springframework/data/spring-data-commons/1.11.2.RELEASE/spring-data-commons-1.11.2.RELEASE.jar!/org/springframework/data/util/StreamUtils.class], URL [jar:file:/C:/Users/yedenguele/.m2/repository/org/springframework/data/spring-data-commons/1.11.2.RELEASE/spring-data-commons-1.11.2.RELEASE.jar!/org/springframework/data/util/CloseableIterator.class], URL [jar:file:/C:/Users/yedenguele/.m2/repository/org/springframework/data/spring-data-commons/1.11.2.RELEASE/spring-data-commons-1.11.2.RELEASE.jar!/org/springframework/data/util/ReflectionUtils.class], URL [jar:file:/C:/Users/yedenguele/.m2/repository/org/springframework/data/spring-data-commons/1.11.2.RELEASE/spring-data-commons-1.11.2.RELEASE.jar!/org/springframework/data/util/Version.class], URL [jar:file:/C:/Users/yedenguele/.m2/repository/org/springframework/data/spring-data-commons/1.11.2.RELEASE/spring-data-commons-1.11.2.RELEASE.jar!/org/springframework/data/util/ParsingUtils.class], URL [jar:file:/C:/Users/yedenguele/.m2/repository/org/springframework/data/spring-data-commons/1.11.2.RELEASE/spring-data-commons-1.11.2.RELEASE.jar!/org/springframework/data/util/GenericArrayTypeInformation.class], URL [jar:file:/C:/Users/yedenguele/.m2/repository/org/springframework/data/spring-data-commons/1.11.2.RELEASE/spring-data-commons-1.11.2.RELEASE.jar!/org/springframework/data/util/ReflectionUtils$AnnotationFieldFilter.class], URL [jar:file:/C:/Users/yedenguele/.m2/repository/org/springframework/data/spring-data-commons/1.11.2.RELEASE/spring-data-commons-1.11.2.RELEASE.jar!/org/springframework/data/util/TypeInformation.class], URL [jar:file:/C:/Users/yedenguele/.m2/repository/org/springframework/data/spring-data-commons/1.11.2.RELEASE/spring-data-commons-1.11.2.RELEASE.jar!/org/springframework/data/util/AnnotationDetectionMethodCallback.class], URL [jar:file:/C:/Users/yedenguele/.m2/repository/org/springframework/data/spring-data-commons/1.11.2.RELEASE/spring-data-commons-1.11.2.RELEASE.jar!/org/springframework/data/util/AnnotatedTypeScanner.class], URL [jar:file:/C:/Users/yedenguele/.m2/repository/org/springframework/data/spring-data-commons/1.11.2.RELEASE/spring-data-commons-1.11.2.RELEASE.jar!/org/springframework/data/util/ClassTypeInformation.class], URL [jar:file:/C:/Users/yedenguele/.m2/repository/org/springframework/data/spring-data-commons/1.11.2.RELEASE/spring-data-commons-1.11.2.RELEASE.jar!/org/springframework/data/util/ParentTypeAwareTypeInformation.class], URL [jar:file:/C:/Users/yedenguele/.m2/repository/org/springframework/data/spring-data-commons/1.11.2.RELEASE/spring-data-commons-1.11.2.RELEASE.jar!/org/springframework/data/util/ReflectionUtils$1.class], URL [jar:file:/C:/Users/yedenguele/.m2/repository/org/springframework/data/spring-data-commons/1.11.2.RELEASE/spring-data-commons-1.11.2.RELEASE.jar!/org/springframework/data/util/CacheValue.class], URL [jar:file:/C:/Users/yedenguele/.m2/repository/org/springframework/data/spring-data-commons/1.11.2.RELEASE/spring-data-commons-1.11.2.RELEASE.jar!/org/springframework/data/util/TypeDiscoverer.class], URL [jar:file:/C:/Users/yedenguele/.m2/repository/org/springframework/data/spring-data-commons/1.11.2.RELEASE/spring-data-commons-1.11.2.RELEASE.jar!/org/springframework/data/crossstore/ChangeSetPersister$NotFoundException.class], URL [jar:file:/C:/Users/yedenguele/.m2/repository/org/springframework/data/spring-data-commons/1.11.2.RELEASE/spring-data-commons-1.11.2.RELEASE.jar!/org/springframework/data/crossstore/ChangeSetBacked.class], URL [jar:file:/C:/Users/yedenguele/.m2/repository/org/springframework/data/spring-data-commons/1.11.2.RELEASE/spring-data-commons-1.11.2.RELEASE.jar!/org/springframework/data/crossstore/HashMapChangeSet.class], URL [jar:file:/C:/Users/yedenguele/.m2/repository/org/springframework/data/spring-data-commons/1.11.2.RELEASE/spring-data-commons-1.11.2.RELEASE.jar!/org/springframework/data/crossstore/ChangeSet.class], URL [jar:file:/C:/Users/yedenguele/.m2/repository/org/springframework/data/spring-data-commons/1.11.2.RELEASE/spring-data-commons-1.11.2.RELEASE.jar!/org/springframework/data/crossstore/ChangeSetPersister.class], URL [jar:file:/C:/Users/yedenguele/.m2/repository/org/springframework/data/spring-data-commons/1.11.2.RELEASE/spring-data-commons-1.11.2.RELEASE.jar!/org/springframework/data/crossstore/ChangeSetBackedTransactionSynchronization.class], URL [jar:file:/C:/Users/yedenguele/.m2/repository/org/springframework/data/spring-data-commons/1.11.2.RELEASE/spring-data-commons-1.11.2.RELEASE.jar!/org/springframework/data/support/PersistableIsNewStrategy.class], URL [jar:file:/C:/Users/yedenguele/.m2/repository/org/springframework/data/spring-data-commons/1.11.2.RELEASE/spring-data-commons-1.11.2.RELEASE.jar!/org/springframework/data/support/IsNewStrategy.class], URL [jar:file:/C:/Users/yedenguele/.m2/repository/org/springframework/data/spring-data-commons/1.11.2.RELEASE/spring-data-commons-1.11.2.RELEASE.jar!/org/springframework/data/support/CachingIsNewStrategyFactory.class], URL [jar:file:/C:/Users/yedenguele/.m2/repository/org/springframework/data/spring-data-commons/1.11.2.RELEASE/spring-data-commons-1.11.2.RELEASE.jar!/org/springframework/data/support/IsNewStrategyFactorySupport.class], URL [jar:file:/C:/Users/yedenguele/.m2/repository/org/springframework/data/spring-data-commons/1.11.2.RELEASE/spring-data-commons-1.11.2.RELEASE.jar!/org/springframework/data/support/IsNewStrategyFactory.class], URL [jar:file:/C:/Users/yedenguele/.m2/repository/org/springframework/data/spring-data-commons/1.11.2.RELEASE/spring-data-commons-1.11.2.RELEASE.jar!/org/springframework/data/config/TypeFilterParser$FilterType$5.class], URL [jar:file:/C:/Users/yedenguele/.m2/repository/org/springframework/data/spring-data-commons/1.11.2.RELEASE/spring-data-commons-1.11.2.RELEASE.jar!/org/springframework/data/config/TypeFilterParser$Type.class], URL [jar:file:/C:/Users/yedenguele/.m2/repository/org/springframework/data/spring-data-commons/1.11.2.RELEASE/spring-data-commons-1.11.2.RELEASE.jar!/org/springframework/data/config/TypeFilterParser$FilterType$4.class], URL [jar:file:/C:/Users/yedenguele/.m2/repository/org/springframework/data/spring-data-commons/1.11.2.RELEASE/spring-data-commons-1.11.2.RELEASE.jar!/org/springframework/data/config/TypeFilterParser.class], URL [jar:file:/C:/Users/yedenguele/.m2/repository/org/springframework/data/spring-data-commons/1.11.2.RELEASE/spring-data-commons-1.11.2.RELEASE.jar!/org/springframework/data/config/TypeFilterParser$FilterType$2.class], URL [jar:file:/C:/Users/yedenguele/.m2/repository/org/springframework/data/spring-data-commons/1.11.2.RELEASE/spring-data-commons-1.11.2.RELEASE.jar!/org/springframework/data/config/BeanComponentDefinitionBuilder.class], URL [jar:file:/C:/Users/yedenguele/.m2/repository/org/springframework/data/spring-data-commons/1.11.2.RELEASE/spring-data-commons-1.11.2.RELEASE.jar!/org/springframework/data/config/ParsingUtils.class], URL [jar:file:/C:/Users/yedenguele/.m2/repository/org/springframework/data/spring-data-commons/1.11.2.RELEASE/spring-data-commons-1.11.2.RELEASE.jar!/org/springframework/data/config/TypeFilterParser$FilterType$1.class], URL [jar:file:/C:/Users/yedenguele/.m2/repository/org/springframework/data/spring-data-commons/1.11.2.RELEASE/spring-data-commons-1.11.2.RELEASE.jar!/org/springframework/data/config/TypeFilterParser$1.class], URL [jar:file:/C:/Users/yedenguele/.m2/repository/org/springframework/data/spring-data-commons/1.11.2.RELEASE/spring-data-commons-1.11.2.RELEASE.jar!/org/springframework/data/config/TypeFilterParser$FilterType.class], URL [jar:file:/C:/Users/yedenguele/.m2/repository/org/springframework/data/spring-data-commons/1.11.2.RELEASE/spring-data-commons-1.11.2.RELEASE.jar!/org/springframework/data/config/TypeFilterParser$FilterType$3.class]]
18:01:33.825 [main] DEBUG o.s.c.a.ClassPathScanningCandidateComponentProvider - Identified candidate component class: URL [jar:file:/C:/Users/yedenguele/.m2/repository/org/springframework/data/spring-data-mongodb/1.8.2.RELEASE/spring-data-mongodb-1.8.2.RELEASE.jar!/org/springframework/data/mongodb/core/GeoJsonConfiguration.class]
18:01:33.973 [main] DEBUG o.s.c.a.ClassPathScanningCandidateComponentProvider - Identified candidate component class: URL [jar:file:/C:/Users/yedenguele/.m2/repository/org/springframework/data/spring-data-commons/1.11.2.RELEASE/spring-data-commons-1.11.2.RELEASE.jar!/org/springframework/data/web/config/SpringDataJacksonConfiguration.class]
18:01:34.073 [main] DEBUG o.s.b.f.s.DefaultListableBeanFactory - Returning cached instance of singleton bean 'autoConfigurationReport'
18:01:34.074 [main] DEBUG o.s.b.f.s.DefaultListableBeanFactory - Returning cached instance of singleton bean 'autoConfigurationReport'
18:01:34.075 [main] DEBUG o.s.b.f.s.DefaultListableBeanFactory - Returning cached instance of singleton bean 'autoConfigurationReport'
18:01:34.076 [main] DEBUG o.s.b.f.s.DefaultListableBeanFactory - Returning cached instance of singleton bean 'autoConfigurationReport'
18:01:34.077 [main] DEBUG o.s.b.f.s.DefaultListableBeanFactory - Returning cached instance of singleton bean 'autoConfigurationReport'
18:01:34.079 [main] DEBUG o.s.b.f.s.DefaultListableBeanFactory - Returning cached instance of singleton bean 'autoConfigurationReport'
18:01:34.080 [main] DEBUG o.s.b.f.s.DefaultListableBeanFactory - Returning cached instance of singleton bean 'autoConfigurationReport'
18:01:34.081 [main] DEBUG o.s.b.f.s.DefaultListableBeanFactory - Returning cached instance of singleton bean 'autoConfigurationReport'
18:01:34.082 [main] DEBUG o.s.b.f.s.DefaultListableBeanFactory - Returning cached instance of singleton bean 'autoConfigurationReport'
18:01:34.084 [main] DEBUG o.s.b.f.s.DefaultListableBeanFactory - Returning cached instance of singleton bean 'autoConfigurationReport'
18:01:34.085 [main] DEBUG o.s.b.f.s.DefaultListableBeanFactory - Returning cached instance of singleton bean 'autoConfigurationReport'
18:01:34.086 [main] DEBUG o.s.b.f.s.DefaultListableBeanFactory - Returning cached instance of singleton bean 'autoConfigurationReport'
18:01:34.087 [main] DEBUG o.s.b.f.s.DefaultListableBeanFactory - Returning cached instance of singleton bean 'autoConfigurationReport'
18:01:34.088 [main] DEBUG o.s.b.f.s.DefaultListableBeanFactory - Returning cached instance of singleton bean 'autoConfigurationReport'
18:01:34.089 [main] DEBUG o.s.b.f.s.DefaultListableBeanFactory - Returning cached instance of singleton bean 'autoConfigurationReport'
18:01:34.090 [main] DEBUG o.s.b.f.s.DefaultListableBeanFactory - Returning cached instance of singleton bean 'autoConfigurationReport'
18:01:34.092 [main] DEBUG o.s.b.f.s.DefaultListableBeanFactory - Returning cached instance of singleton bean 'autoConfigurationReport'
18:01:34.093 [main] DEBUG o.s.b.f.s.DefaultListableBeanFactory - Returning cached instance of singleton bean 'autoConfigurationReport'
18:01:34.094 [main] DEBUG o.s.b.f.s.DefaultListableBeanFactory - Returning cached instance of singleton bean 'autoConfigurationReport'
18:01:34.096 [main] DEBUG o.s.b.f.s.DefaultListableBeanFactory - Returning cached instance of singleton bean 'autoConfigurationReport'
18:01:34.097 [main] DEBUG o.s.b.f.s.DefaultListableBeanFactory - Returning cached instance of singleton bean 'autoConfigurationReport'
18:01:34.098 [main] DEBUG o.s.b.f.s.DefaultListableBeanFactory - Returning cached instance of singleton bean 'autoConfigurationReport'
18:01:34.099 [main] DEBUG o.s.b.f.s.DefaultListableBeanFactory - Returning cached instance of singleton bean 'autoConfigurationReport'
18:01:34.100 [main] DEBUG o.s.b.f.s.DefaultListableBeanFactory - Returning cached instance of singleton bean 'autoConfigurationReport'
18:01:34.101 [main] DEBUG o.s.b.f.s.DefaultListableBeanFactory - Returning cached instance of singleton bean 'autoConfigurationReport'
18:01:34.103 [main] DEBUG o.s.b.f.s.DefaultListableBeanFactory - Returning cached instance of singleton bean 'autoConfigurationReport'
18:01:34.103 [main] DEBUG o.s.b.f.s.DefaultListableBeanFactory - Returning cached instance of singleton bean 'autoConfigurationReport'
18:01:34.104 [main] DEBUG o.s.b.f.s.DefaultListableBeanFactory - Returning cached instance of singleton bean 'autoConfigurationReport'
18:01:34.105 [main] DEBUG o.s.b.f.s.DefaultListableBeanFactory - Returning cached instance of singleton bean 'autoConfigurationReport'
18:01:34.108 [main] DEBUG o.s.b.f.s.DefaultListableBeanFactory - Returning cached instance of singleton bean 'autoConfigurationReport'
18:01:34.109 [main] DEBUG o.s.b.f.s.DefaultListableBeanFactory - Returning cached instance of singleton bean 'autoConfigurationReport'
18:01:34.110 [main] DEBUG o.s.b.f.s.DefaultListableBeanFactory - Returning cached instance of singleton bean 'autoConfigurationReport'
18:01:34.113 [main] DEBUG o.s.b.f.s.DefaultListableBeanFactory - Returning cached instance of singleton bean 'autoConfigurationReport'
18:01:34.115 [main] DEBUG o.s.b.f.s.DefaultListableBeanFactory - Returning cached instance of singleton bean 'autoConfigurationReport'
18:01:34.119 [main] DEBUG o.s.b.f.s.DefaultListableBeanFactory - Returning cached instance of singleton bean 'autoConfigurationReport'
18:01:34.121 [main] DEBUG o.s.b.f.s.DefaultListableBeanFactory - Returning cached instance of singleton bean 'autoConfigurationReport'
18:01:34.121 [main] DEBUG o.s.b.f.s.DefaultListableBeanFactory - Returning cached instance of singleton bean 'autoConfigurationReport'
18:01:34.125 [main] DEBUG o.s.b.f.s.DefaultListableBeanFactory - Returning cached instance of singleton bean 'autoConfigurationReport'
18:01:34.126 [main] DEBUG o.s.b.f.s.DefaultListableBeanFactory - Returning cached instance of singleton bean 'autoConfigurationReport'
18:01:34.130 [main] DEBUG o.s.b.f.s.DefaultListableBeanFactory - Returning cached instance of singleton bean 'autoConfigurationReport'
18:01:34.133 [main] DEBUG o.s.b.f.s.DefaultListableBeanFactory - Returning cached instance of singleton bean 'autoConfigurationReport'
18:01:34.139 [main] DEBUG o.s.c.a.ConfigurationClassBeanDefinitionReader - Registered bean definition for imported class 'org.springframework.boot.autoconfigure.PropertyPlaceholderAutoConfiguration'
18:01:34.145 [main] DEBUG o.s.b.f.s.DefaultListableBeanFactory - Creating shared instance of singleton bean 'org.springframework.boot.autoconfigure.condition.BeanTypeRegistry'
18:01:34.145 [main] DEBUG o.s.b.f.s.DefaultListableBeanFactory - Creating instance of bean 'org.springframework.boot.autoconfigure.condition.BeanTypeRegistry'
18:01:34.162 [main] DEBUG o.s.b.f.s.DefaultListableBeanFactory - Eagerly caching bean 'org.springframework.boot.autoconfigure.condition.BeanTypeRegistry' to allow for resolving potential circular references
18:01:34.162 [main] DEBUG o.s.b.f.s.DefaultListableBeanFactory - Finished creating instance of bean 'org.springframework.boot.autoconfigure.condition.BeanTypeRegistry'
18:01:34.164 [main] DEBUG o.s.b.f.s.DefaultListableBeanFactory - Returning cached instance of singleton bean 'autoConfigurationReport'
18:01:34.165 [main] DEBUG o.s.c.a.ConfigurationClassBeanDefinitionReader - Registering bean definition for @Bean method org.springframework.boot.autoconfigure.PropertyPlaceholderAutoConfiguration.propertySourcesPlaceholderConfigurer()
18:01:34.166 [main] DEBUG o.s.b.f.s.DefaultListableBeanFactory - Returning cached instance of singleton bean 'autoConfigurationReport'
18:01:34.167 [main] DEBUG o.s.b.f.s.DefaultListableBeanFactory - Returning cached instance of singleton bean 'autoConfigurationReport'
18:01:34.167 [main] DEBUG o.s.b.f.s.DefaultListableBeanFactory - Returning cached instance of singleton bean 'autoConfigurationReport'
18:01:34.167 [main] DEBUG o.s.c.a.ConfigurationClassBeanDefinitionReader - Registered bean definition for imported class 'org.springframework.boot.autoconfigure.websocket.WebSocketAutoConfiguration$TomcatWebSocketConfiguration'
18:01:34.168 [main] DEBUG o.s.b.f.s.DefaultListableBeanFactory - Returning cached instance of singleton bean 'autoConfigurationReport'
18:01:34.168 [main] DEBUG o.s.b.f.s.DefaultListableBeanFactory - Returning cached instance of singleton bean 'autoConfigurationReport'
18:01:34.169 [main] DEBUG o.s.c.a.ConfigurationClassBeanDefinitionReader - Registering bean definition for @Bean method org.springframework.boot.autoconfigure.websocket.WebSocketAutoConfiguration$TomcatWebSocketConfiguration.websocketContainerCustomizer()
18:01:34.169 [main] DEBUG o.s.c.a.ConfigurationClassBeanDefinitionReader - Registered bean definition for imported class 'org.springframework.boot.autoconfigure.websocket.WebSocketAutoConfiguration'
18:01:34.169 [main] DEBUG o.s.b.f.s.DefaultListableBeanFactory - Returning cached instance of singleton bean 'autoConfigurationReport'
18:01:34.170 [main] DEBUG o.s.b.f.s.DefaultListableBeanFactory - Returning cached instance of singleton bean 'autoConfigurationReport'
18:01:34.170 [main] DEBUG o.s.b.f.s.DefaultListableBeanFactory - Returning cached instance of singleton bean 'org.springframework.boot.autoconfigure.condition.BeanTypeRegistry'
18:01:34.176 [main] DEBUG o.s.b.f.s.DefaultListableBeanFactory - Returning cached instance of singleton bean 'autoConfigurationReport'
18:01:34.176 [main] DEBUG o.s.c.a.ConfigurationClassBeanDefinitionReader - Registered bean definition for imported class 'org.springframework.boot.autoconfigure.web.EmbeddedServletContainerAutoConfiguration$EmbeddedJetty'
18:01:34.177 [main] DEBUG o.s.c.a.ConfigurationClassBeanDefinitionReader - Registering bean definition for @Bean method org.springframework.boot.autoconfigure.web.EmbeddedServletContainerAutoConfiguration$EmbeddedJetty.jettyEmbeddedServletContainerFactory()
18:01:34.177 [main] DEBUG o.s.b.f.s.DefaultListableBeanFactory - Returning cached instance of singleton bean 'autoConfigurationReport'
18:01:34.178 [main] DEBUG o.s.b.f.s.DefaultListableBeanFactory - Returning cached instance of singleton bean 'org.springframework.boot.autoconfigure.condition.BeanTypeRegistry'
18:01:34.181 [main] DEBUG o.s.b.f.s.DefaultListableBeanFactory - Returning cached instance of singleton bean 'autoConfigurationReport'
18:01:34.181 [main] DEBUG o.s.c.a.ConfigurationClassBeanDefinitionReader - Registered bean definition for imported class 'org.springframework.boot.autoconfigure.web.EmbeddedServletContainerAutoConfiguration'
18:01:34.182 [main] DEBUG o.s.b.f.s.DefaultListableBeanFactory - Returning cached instance of singleton bean 'autoConfigurationReport'
18:01:34.183 [main] DEBUG o.s.b.f.s.DefaultListableBeanFactory - Returning cached instance of singleton bean 'autoConfigurationReport'
18:01:34.183 [main] DEBUG o.s.b.f.s.DefaultListableBeanFactory - Returning cached instance of singleton bean 'autoConfigurationReport'
18:01:34.184 [main] DEBUG o.s.b.f.s.DefaultListableBeanFactory - Returning cached instance of singleton bean 'autoConfigurationReport'
18:01:34.184 [main] DEBUG o.s.c.a.ConfigurationClassBeanDefinitionReader - Registered bean definition for imported class 'org.springframework.boot.autoconfigure.web.DispatcherServletAutoConfiguration$DispatcherServletConfiguration'
18:01:34.185 [main] DEBUG o.s.c.a.ConfigurationClassBeanDefinitionReader - Registering bean definition for @Bean method org.springframework.boot.autoconfigure.web.DispatcherServletAutoConfiguration$DispatcherServletConfiguration.dispatcherServlet()
18:01:34.185 [main] DEBUG o.s.c.a.ConfigurationClassBeanDefinitionReader - Registering bean definition for @Bean method org.springframework.boot.autoconfigure.web.DispatcherServletAutoConfiguration$DispatcherServletConfiguration.dispatcherServletRegistration()
18:01:34.185 [main] DEBUG o.s.b.f.s.DefaultListableBeanFactory - Returning cached instance of singleton bean 'org.springframework.boot.autoconfigure.condition.BeanTypeRegistry'
18:01:34.187 [main] DEBUG o.s.b.f.s.DefaultListableBeanFactory - Returning cached instance of singleton bean 'autoConfigurationReport'
18:01:34.192 [main] DEBUG o.s.c.a.ConfigurationClassBeanDefinitionReader - Registered bean definition for imported class 'org.springframework.boot.autoconfigure.web.DispatcherServletAutoConfiguration'
18:01:34.193 [main] DEBUG o.s.b.f.s.DefaultListableBeanFactory - Returning cached instance of singleton bean 'autoConfigurationReport'
18:01:34.193 [main] DEBUG o.s.b.f.s.DefaultListableBeanFactory - Returning cached instance of singleton bean 'autoConfigurationReport'
18:01:34.198 [main] DEBUG o.s.b.f.s.DefaultListableBeanFactory - Returning cached instance of singleton bean 'autoConfigurationReport'
18:01:34.198 [main] DEBUG o.s.b.f.s.DefaultListableBeanFactory - Returning cached instance of singleton bean 'autoConfigurationReport'
18:01:34.199 [main] DEBUG o.s.c.a.ConfigurationClassBeanDefinitionReader - Registered bean definition for imported class 'org.springframework.boot.autoconfigure.web.ErrorMvcAutoConfiguration$WhitelabelErrorViewConfiguration'
18:01:34.199 [main] DEBUG o.s.b.f.s.DefaultListableBeanFactory - Returning cached instance of singleton bean 'autoConfigurationReport'
18:01:34.200 [main] DEBUG o.s.c.a.ConfigurationClassBeanDefinitionReader - Registering bean definition for @Bean method org.springframework.boot.autoconfigure.web.ErrorMvcAutoConfiguration$WhitelabelErrorViewConfiguration.error()
18:01:34.201 [main] DEBUG o.s.b.f.s.DefaultListableBeanFactory - Returning cached instance of singleton bean 'org.springframework.boot.autoconfigure.condition.BeanTypeRegistry'
18:01:34.203 [main] DEBUG o.s.b.f.s.DefaultListableBeanFactory - Returning cached instance of singleton bean 'autoConfigurationReport'
18:01:34.204 [main] DEBUG o.s.c.a.ConfigurationClassBeanDefinitionReader - Registering bean definition for @Bean method org.springframework.boot.autoconfigure.web.ErrorMvcAutoConfiguration$WhitelabelErrorViewConfiguration.beanNameViewResolver()
18:01:34.205 [main] DEBUG o.s.c.a.ConfigurationClassBeanDefinitionReader - Registered bean definition for imported class 'org.springframework.boot.autoconfigure.web.ErrorMvcAutoConfiguration'
18:01:34.209 [main] DEBUG o.s.b.f.s.DefaultListableBeanFactory - Returning cached instance of singleton bean 'org.springframework.boot.autoconfigure.condition.BeanTypeRegistry'
18:01:34.211 [main] DEBUG o.s.b.f.s.DefaultListableBeanFactory - Returning cached instance of singleton bean 'autoConfigurationReport'
18:01:34.213 [main] DEBUG o.s.c.a.ConfigurationClassBeanDefinitionReader - Registering bean definition for @Bean method org.springframework.boot.autoconfigure.web.ErrorMvcAutoConfiguration.errorAttributes()
18:01:34.214 [main] DEBUG o.s.b.f.s.DefaultListableBeanFactory - Returning cached instance of singleton bean 'org.springframework.boot.autoconfigure.condition.BeanTypeRegistry'
18:01:34.216 [main] DEBUG o.s.b.f.s.DefaultListableBeanFactory - Returning cached instance of singleton bean 'autoConfigurationReport'
18:01:34.217 [main] DEBUG o.s.c.a.ConfigurationClassBeanDefinitionReader - Registering bean definition for @Bean method org.springframework.boot.autoconfigure.web.ErrorMvcAutoConfiguration.basicErrorController()
18:01:34.217 [main] DEBUG o.s.c.a.ConfigurationClassBeanDefinitionReader - Registering bean definition for @Bean method org.springframework.boot.autoconfigure.web.ErrorMvcAutoConfiguration.errorPageCustomizer()
18:01:34.217 [main] DEBUG o.s.c.a.ConfigurationClassBeanDefinitionReader - Registering bean definition for @Bean method org.springframework.boot.autoconfigure.web.ErrorMvcAutoConfiguration.preserveErrorControllerTargetClassPostProcessor()
18:01:34.218 [main] DEBUG o.s.b.f.s.DefaultListableBeanFactory - Returning cached instance of singleton bean 'autoConfigurationReport'
18:01:34.218 [main] DEBUG o.s.b.f.s.DefaultListableBeanFactory - Returning cached instance of singleton bean 'autoConfigurationReport'
18:01:34.219 [main] DEBUG o.s.b.f.s.DefaultListableBeanFactory - Returning cached instance of singleton bean 'org.springframework.boot.autoconfigure.condition.BeanTypeRegistry'
18:01:34.220 [main] DEBUG o.s.b.f.s.DefaultListableBeanFactory - Returning cached instance of singleton bean 'autoConfigurationReport'
18:01:34.221 [main] DEBUG o.s.c.a.ConfigurationClassBeanDefinitionReader - Registered bean definition for imported class 'org.springframework.boot.autoconfigure.web.WebMvcAutoConfiguration$EnableWebMvcConfiguration'
18:01:34.221 [main] DEBUG o.s.c.a.ConfigurationClassBeanDefinitionReader - Registering bean definition for @Bean method org.springframework.boot.autoconfigure.web.WebMvcAutoConfiguration$EnableWebMvcConfiguration.requestMappingHandlerAdapter()
18:01:34.221 [main] DEBUG o.s.c.a.ConfigurationClassBeanDefinitionReader - Registering bean definition for @Bean method org.springframework.boot.autoconfigure.web.WebMvcAutoConfiguration$EnableWebMvcConfiguration.requestMappingHandlerMapping()
18:01:34.221 [main] DEBUG o.s.c.a.ConfigurationClassBeanDefinitionReader - Registering bean definition for @Bean method org.springframework.boot.autoconfigure.web.WebMvcAutoConfiguration$EnableWebMvcConfiguration.mvcContentNegotiationManager()
18:01:34.221 [main] DEBUG o.s.c.a.ConfigurationClassBeanDefinitionReader - Registering bean definition for @Bean method org.springframework.boot.autoconfigure.web.WebMvcAutoConfiguration$EnableWebMvcConfiguration.viewControllerHandlerMapping()
18:01:34.222 [main] DEBUG o.s.c.a.ConfigurationClassBeanDefinitionReader - Registering bean definition for @Bean method org.springframework.boot.autoconfigure.web.WebMvcAutoConfiguration$EnableWebMvcConfiguration.beanNameHandlerMapping()
18:01:34.222 [main] DEBUG o.s.c.a.ConfigurationClassBeanDefinitionReader - Registering bean definition for @Bean method org.springframework.boot.autoconfigure.web.WebMvcAutoConfiguration$EnableWebMvcConfiguration.resourceHandlerMapping()
18:01:34.222 [main] DEBUG o.s.c.a.ConfigurationClassBeanDefinitionReader - Registering bean definition for @Bean method org.springframework.boot.autoconfigure.web.WebMvcAutoConfiguration$EnableWebMvcConfiguration.mvcResourceUrlProvider()
18:01:34.222 [main] DEBUG o.s.c.a.ConfigurationClassBeanDefinitionReader - Registering bean definition for @Bean method org.springframework.boot.autoconfigure.web.WebMvcAutoConfiguration$EnableWebMvcConfiguration.defaultServletHandlerMapping()
18:01:34.222 [main] DEBUG o.s.c.a.ConfigurationClassBeanDefinitionReader - Registering bean definition for @Bean method org.springframework.boot.autoconfigure.web.WebMvcAutoConfiguration$EnableWebMvcConfiguration.mvcConversionService()
18:01:34.222 [main] DEBUG o.s.c.a.ConfigurationClassBeanDefinitionReader - Registering bean definition for @Bean method org.springframework.boot.autoconfigure.web.WebMvcAutoConfiguration$EnableWebMvcConfiguration.mvcValidator()
18:01:34.222 [main] DEBUG o.s.c.a.ConfigurationClassBeanDefinitionReader - Registering bean definition for @Bean method org.springframework.boot.autoconfigure.web.WebMvcAutoConfiguration$EnableWebMvcConfiguration.mvcPathMatcher()
18:01:34.223 [main] DEBUG o.s.c.a.ConfigurationClassBeanDefinitionReader - Registering bean definition for @Bean method org.springframework.boot.autoconfigure.web.WebMvcAutoConfiguration$EnableWebMvcConfiguration.mvcUrlPathHelper()
18:01:34.223 [main] DEBUG o.s.c.a.ConfigurationClassBeanDefinitionReader - Registering bean definition for @Bean method org.springframework.boot.autoconfigure.web.WebMvcAutoConfiguration$EnableWebMvcConfiguration.mvcUriComponentsContributor()
18:01:34.223 [main] DEBUG o.s.c.a.ConfigurationClassBeanDefinitionReader - Registering bean definition for @Bean method org.springframework.boot.autoconfigure.web.WebMvcAutoConfiguration$EnableWebMvcConfiguration.httpRequestHandlerAdapter()
18:01:34.223 [main] DEBUG o.s.c.a.ConfigurationClassBeanDefinitionReader - Registering bean definition for @Bean method org.springframework.boot.autoconfigure.web.WebMvcAutoConfiguration$EnableWebMvcConfiguration.simpleControllerHandlerAdapter()
18:01:34.223 [main] DEBUG o.s.c.a.ConfigurationClassBeanDefinitionReader - Registering bean definition for @Bean method org.springframework.boot.autoconfigure.web.WebMvcAutoConfiguration$EnableWebMvcConfiguration.handlerExceptionResolver()
18:01:34.224 [main] DEBUG o.s.c.a.ConfigurationClassBeanDefinitionReader - Registering bean definition for @Bean method org.springframework.boot.autoconfigure.web.WebMvcAutoConfiguration$EnableWebMvcConfiguration.mvcViewResolver()
18:01:34.224 [main] DEBUG o.s.b.f.s.DefaultListableBeanFactory - Returning cached instance of singleton bean 'autoConfigurationReport'
18:01:34.224 [main] DEBUG o.s.c.a.ConfigurationClassBeanDefinitionReader - Registered bean definition for imported class 'org.springframework.boot.autoconfigure.web.WebMvcAutoConfiguration$WebMvcAutoConfigurationAdapter$FaviconConfiguration'
18:01:34.224 [main] DEBUG o.s.c.a.ConfigurationClassBeanDefinitionReader - Registering bean definition for @Bean method org.springframework.boot.autoconfigure.web.WebMvcAutoConfiguration$WebMvcAutoConfigurationAdapter$FaviconConfiguration.faviconHandlerMapping()
18:01:34.224 [main] DEBUG o.s.c.a.ConfigurationClassBeanDefinitionReader - Registering bean definition for @Bean method org.springframework.boot.autoconfigure.web.WebMvcAutoConfiguration$WebMvcAutoConfigurationAdapter$FaviconConfiguration.faviconRequestHandler()
18:01:34.226 [main] DEBUG o.s.c.a.ConfigurationClassBeanDefinitionReader - Registered bean definition for imported class 'org.springframework.boot.autoconfigure.web.WebMvcAutoConfiguration$WebMvcAutoConfigurationAdapter'
18:01:34.236 [main] DEBUG o.s.b.f.s.DefaultListableBeanFactory - Returning cached instance of singleton bean 'org.springframework.boot.autoconfigure.condition.BeanTypeRegistry'
18:01:34.259 [main] DEBUG o.s.b.f.s.DefaultListableBeanFactory - Returning cached instance of singleton bean 'autoConfigurationReport'
18:01:34.259 [main] DEBUG o.s.c.a.ConfigurationClassBeanDefinitionReader - Registering bean definition for @Bean method org.springframework.boot.autoconfigure.web.WebMvcAutoConfiguration$WebMvcAutoConfigurationAdapter.defaultViewResolver()
18:01:34.261 [main] DEBUG o.s.b.f.s.DefaultListableBeanFactory - Returning cached instance of singleton bean 'org.springframework.boot.autoconfigure.condition.BeanTypeRegistry'
18:01:34.261 [main] DEBUG o.s.b.f.s.DefaultListableBeanFactory - Returning cached instance of singleton bean 'org.springframework.boot.autoconfigure.condition.BeanTypeRegistry'
18:01:34.261 [main] DEBUG o.s.b.f.s.DefaultListableBeanFactory - Returning cached instance of singleton bean 'autoConfigurationReport'
18:01:34.261 [main] DEBUG o.s.c.a.ConfigurationClassBeanDefinitionReader - Registering bean definition for @Bean method org.springframework.boot.autoconfigure.web.WebMvcAutoConfiguration$WebMvcAutoConfigurationAdapter.requestContextFilter()
18:01:34.261 [main] DEBUG o.s.b.f.s.DefaultListableBeanFactory - Returning cached instance of singleton bean 'org.springframework.boot.autoconfigure.condition.BeanTypeRegistry'
18:01:34.262 [main] DEBUG o.s.b.f.s.DefaultListableBeanFactory - Returning cached instance of singleton bean 'autoConfigurationReport'
18:01:34.262 [main] DEBUG o.s.c.a.ConfigurationClassBeanDefinitionReader - Registering bean definition for @Bean method org.springframework.boot.autoconfigure.web.WebMvcAutoConfiguration$WebMvcAutoConfigurationAdapter.beanNameViewResolver()
18:01:34.263 [main] INFO  o.s.b.f.s.DefaultListableBeanFactory - Overriding bean definition for bean 'beanNameViewResolver' with a different definition: replacing [Root bean: class [null]; scope=; abstract=false; lazyInit=false; autowireMode=3; dependencyCheck=0; autowireCandidate=true; primary=false; factoryBeanName=org.springframework.boot.autoconfigure.web.ErrorMvcAutoConfiguration$WhitelabelErrorViewConfiguration; factoryMethodName=beanNameViewResolver; initMethodName=null; destroyMethodName=(inferred); defined in class path resource [org/springframework/boot/autoconfigure/web/ErrorMvcAutoConfiguration$WhitelabelErrorViewConfiguration.class]] with [Root bean: class [null]; scope=; abstract=false; lazyInit=false; autowireMode=3; dependencyCheck=0; autowireCandidate=true; primary=false; factoryBeanName=org.springframework.boot.autoconfigure.web.WebMvcAutoConfiguration$WebMvcAutoConfigurationAdapter; factoryMethodName=beanNameViewResolver; initMethodName=null; destroyMethodName=(inferred); defined in class path resource [org/springframework/boot/autoconfigure/web/WebMvcAutoConfiguration$WebMvcAutoConfigurationAdapter.class]]
18:01:34.263 [main] DEBUG o.s.b.f.s.DefaultListableBeanFactory - Returning cached instance of singleton bean 'org.springframework.boot.autoconfigure.condition.BeanTypeRegistry'
18:01:34.264 [main] DEBUG o.s.b.f.s.DefaultListableBeanFactory - Returning cached instance of singleton bean 'org.springframework.boot.autoconfigure.condition.BeanTypeRegistry'
18:01:34.264 [main] DEBUG o.s.b.f.s.DefaultListableBeanFactory - Returning cached instance of singleton bean 'autoConfigurationReport'
18:01:34.264 [main] DEBUG o.s.b.f.s.DefaultListableBeanFactory - Returning cached instance of singleton bean 'org.springframework.boot.autoconfigure.condition.BeanTypeRegistry'
18:01:34.264 [main] DEBUG o.s.b.f.s.DefaultListableBeanFactory - Returning cached instance of singleton bean 'org.springframework.boot.autoconfigure.condition.BeanTypeRegistry'
18:01:34.265 [main] DEBUG o.s.b.f.s.DefaultListableBeanFactory - Returning cached instance of singleton bean 'autoConfigurationReport'
18:01:34.265 [main] DEBUG o.s.c.a.ConfigurationClassBeanDefinitionReader - Registering bean definition for @Bean method org.springframework.boot.autoconfigure.web.WebMvcAutoConfiguration$WebMvcAutoConfigurationAdapter.viewResolver()
18:01:34.265 [main] DEBUG o.s.b.f.s.DefaultListableBeanFactory - Returning cached instance of singleton bean 'org.springframework.boot.autoconfigure.condition.BeanTypeRegistry'
18:01:34.265 [main] DEBUG o.s.b.f.s.DefaultListableBeanFactory - Returning cached instance of singleton bean 'autoConfigurationReport'
18:01:34.266 [main] DEBUG o.s.b.f.s.DefaultListableBeanFactory - Returning cached instance of singleton bean 'autoConfigurationReport'
18:01:34.266 [main] DEBUG o.s.b.f.s.DefaultListableBeanFactory - Returning cached instance of singleton bean 'autoConfigurationReport'
18:01:34.267 [main] DEBUG o.s.c.a.ConfigurationClassBeanDefinitionReader - Registered bean definition for imported class 'org.springframework.boot.autoconfigure.web.WebMvcAutoConfiguration'
18:01:34.268 [main] DEBUG o.s.b.f.s.DefaultListableBeanFactory - Returning cached instance of singleton bean 'org.springframework.boot.autoconfigure.condition.BeanTypeRegistry'
18:01:34.269 [main] DEBUG o.s.b.f.s.DefaultListableBeanFactory - Returning cached instance of singleton bean 'autoConfigurationReport'
18:01:34.269 [main] DEBUG o.s.c.a.ConfigurationClassBeanDefinitionReader - Registering bean definition for @Bean method org.springframework.boot.autoconfigure.web.WebMvcAutoConfiguration.hiddenHttpMethodFilter()
18:01:34.270 [main] DEBUG o.s.b.f.s.DefaultListableBeanFactory - Returning cached instance of singleton bean 'org.springframework.boot.autoconfigure.condition.BeanTypeRegistry'
18:01:34.271 [main] DEBUG o.s.b.f.s.DefaultListableBeanFactory - Returning cached instance of singleton bean 'autoConfigurationReport'
18:01:34.271 [main] DEBUG o.s.c.a.ConfigurationClassBeanDefinitionReader - Registering bean definition for @Bean method org.springframework.boot.autoconfigure.web.WebMvcAutoConfiguration.httpPutFormContentFilter()
18:01:34.271 [main] DEBUG o.s.b.f.s.DefaultListableBeanFactory - Returning cached instance of singleton bean 'autoConfigurationReport'
18:01:34.272 [main] DEBUG o.s.b.f.s.DefaultListableBeanFactory - Returning cached instance of singleton bean 'autoConfigurationReport'
18:01:34.272 [main] DEBUG o.s.c.a.ConfigurationClassBeanDefinitionReader - Registered bean definition for imported class 'org.springframework.boot.autoconfigure.jmx.JmxAutoConfiguration'
18:01:34.272 [main] DEBUG o.s.b.f.s.DefaultListableBeanFactory - Returning cached instance of singleton bean 'org.springframework.boot.autoconfigure.condition.BeanTypeRegistry'
18:01:34.274 [main] DEBUG o.s.b.f.s.DefaultListableBeanFactory - Returning cached instance of singleton bean 'autoConfigurationReport'
18:01:34.274 [main] DEBUG o.s.c.a.ConfigurationClassBeanDefinitionReader - Registering bean definition for @Bean method org.springframework.boot.autoconfigure.jmx.JmxAutoConfiguration.mbeanExporter()
18:01:34.275 [main] DEBUG o.s.b.f.s.DefaultListableBeanFactory - Returning cached instance of singleton bean 'org.springframework.boot.autoconfigure.condition.BeanTypeRegistry'
18:01:34.277 [main] DEBUG o.s.b.f.s.DefaultListableBeanFactory - Returning cached instance of singleton bean 'autoConfigurationReport'
18:01:34.277 [main] DEBUG o.s.c.a.ConfigurationClassBeanDefinitionReader - Registering bean definition for @Bean method org.springframework.boot.autoconfigure.jmx.JmxAutoConfiguration.objectNamingStrategy()
18:01:34.277 [main] DEBUG o.s.b.f.s.DefaultListableBeanFactory - Returning cached instance of singleton bean 'org.springframework.boot.autoconfigure.condition.BeanTypeRegistry'
18:01:34.278 [main] DEBUG o.s.b.f.s.DefaultListableBeanFactory - Returning cached instance of singleton bean 'autoConfigurationReport'
18:01:34.278 [main] DEBUG o.s.c.a.ConfigurationClassBeanDefinitionReader - Registering bean definition for @Bean method org.springframework.boot.autoconfigure.jmx.JmxAutoConfiguration.mbeanServer()
18:01:34.278 [main] DEBUG o.s.b.f.s.DefaultListableBeanFactory - Returning cached instance of singleton bean 'autoConfigurationReport'
18:01:34.280 [main] DEBUG o.s.b.f.s.DefaultListableBeanFactory - Returning cached instance of singleton bean 'org.springframework.boot.autoconfigure.condition.BeanTypeRegistry'
18:01:34.280 [main] DEBUG o.s.b.f.s.DefaultListableBeanFactory - Returning cached instance of singleton bean 'autoConfigurationReport'
18:01:34.281 [main] DEBUG o.s.c.a.ConfigurationClassBeanDefinitionReader - Registered bean definition for imported class 'org.springframework.boot.autoconfigure.context.ConfigurationPropertiesAutoConfiguration'
18:01:34.281 [main] DEBUG o.s.b.f.s.DefaultListableBeanFactory - Returning cached instance of singleton bean 'autoConfigurationReport'
18:01:34.281 [main] DEBUG o.s.c.a.ConfigurationClassBeanDefinitionReader - Registered bean definition for imported class 'org.springframework.boot.autoconfigure.dao.PersistenceExceptionTranslationAutoConfiguration'
18:01:34.281 [main] DEBUG o.s.b.f.s.DefaultListableBeanFactory - Returning cached instance of singleton bean 'org.springframework.boot.autoconfigure.condition.BeanTypeRegistry'
18:01:34.283 [main] DEBUG o.s.b.f.s.DefaultListableBeanFactory - Returning cached instance of singleton bean 'autoConfigurationReport'
18:01:34.283 [main] DEBUG o.s.b.f.s.DefaultListableBeanFactory - Returning cached instance of singleton bean 'autoConfigurationReport'
18:01:34.283 [main] DEBUG o.s.c.a.ConfigurationClassBeanDefinitionReader - Registering bean definition for @Bean method org.springframework.boot.autoconfigure.dao.PersistenceExceptionTranslationAutoConfiguration.persistenceExceptionTranslationPostProcessor()
18:01:34.284 [main] DEBUG o.s.b.f.s.DefaultListableBeanFactory - Returning cached instance of singleton bean 'autoConfigurationReport'
18:01:34.285 [main] DEBUG o.s.b.f.s.DefaultListableBeanFactory - Returning cached instance of singleton bean 'org.springframework.boot.autoconfigure.condition.BeanTypeRegistry'
18:01:34.285 [main] DEBUG o.s.b.f.s.DefaultListableBeanFactory - Returning cached instance of singleton bean 'autoConfigurationReport'
18:01:34.286 [main] DEBUG o.s.c.a.ConfigurationClassBeanDefinitionReader - Registered bean definition for imported class 'org.springframework.boot.autoconfigure.mongo.MongoAutoConfiguration'
18:01:34.288 [main] DEBUG o.s.b.f.s.DefaultListableBeanFactory - Returning cached instance of singleton bean 'org.springframework.boot.autoconfigure.condition.BeanTypeRegistry'
18:01:34.288 [main] DEBUG o.s.b.f.s.DefaultListableBeanFactory - Returning cached instance of singleton bean 'autoConfigurationReport'
18:01:34.288 [main] DEBUG o.s.c.a.ConfigurationClassBeanDefinitionReader - Registering bean definition for @Bean method org.springframework.boot.autoconfigure.mongo.MongoAutoConfiguration.mongo()
18:01:34.289 [main] DEBUG o.s.b.f.s.DefaultListableBeanFactory - Returning cached instance of singleton bean 'autoConfigurationReport'
18:01:34.289 [main] DEBUG o.s.c.a.ConfigurationClassBeanDefinitionReader - Registered bean definition for imported class 'org.springframework.boot.autoconfigure.data.mongo.MongoDataAutoConfiguration'
18:01:34.289 [main] DEBUG o.s.b.f.s.DefaultListableBeanFactory - Returning cached instance of singleton bean 'org.springframework.boot.autoconfigure.condition.BeanTypeRegistry'
18:01:34.291 [main] DEBUG o.s.b.f.s.DefaultListableBeanFactory - Returning cached instance of singleton bean 'autoConfigurationReport'
18:01:34.291 [main] DEBUG o.s.c.a.ConfigurationClassBeanDefinitionReader - Registering bean definition for @Bean method org.springframework.boot.autoconfigure.data.mongo.MongoDataAutoConfiguration.mongoDbFactory()
18:01:34.302 [main] DEBUG o.s.b.f.s.DefaultListableBeanFactory - Returning cached instance of singleton bean 'org.springframework.boot.autoconfigure.condition.BeanTypeRegistry'
18:01:34.303 [main] DEBUG o.s.b.f.s.DefaultListableBeanFactory - Returning cached instance of singleton bean 'autoConfigurationReport'
18:01:34.303 [main] DEBUG o.s.c.a.ConfigurationClassBeanDefinitionReader - Registering bean definition for @Bean method org.springframework.boot.autoconfigure.data.mongo.MongoDataAutoConfiguration.mongoTemplate()
18:01:34.304 [main] DEBUG o.s.b.f.s.DefaultListableBeanFactory - Returning cached instance of singleton bean 'org.springframework.boot.autoconfigure.condition.BeanTypeRegistry'
18:01:34.304 [main] DEBUG o.s.b.f.s.DefaultListableBeanFactory - Returning cached instance of singleton bean 'autoConfigurationReport'
18:01:34.305 [main] DEBUG o.s.c.a.ConfigurationClassBeanDefinitionReader - Registering bean definition for @Bean method org.springframework.boot.autoconfigure.data.mongo.MongoDataAutoConfiguration.mappingMongoConverter()
18:01:34.305 [main] DEBUG o.s.b.f.s.DefaultListableBeanFactory - Returning cached instance of singleton bean 'org.springframework.boot.autoconfigure.condition.BeanTypeRegistry'
18:01:34.306 [main] DEBUG o.s.b.f.s.DefaultListableBeanFactory - Returning cached instance of singleton bean 'autoConfigurationReport'
18:01:34.306 [main] DEBUG o.s.c.a.ConfigurationClassBeanDefinitionReader - Registering bean definition for @Bean method org.springframework.boot.autoconfigure.data.mongo.MongoDataAutoConfiguration.mongoMappingContext()
18:01:34.306 [main] DEBUG o.s.b.f.s.DefaultListableBeanFactory - Returning cached instance of singleton bean 'org.springframework.boot.autoconfigure.condition.BeanTypeRegistry'
18:01:34.307 [main] DEBUG o.s.b.f.s.DefaultListableBeanFactory - Returning cached instance of singleton bean 'autoConfigurationReport'
18:01:34.312 [main] DEBUG o.s.c.a.ConfigurationClassBeanDefinitionReader - Registering bean definition for @Bean method org.springframework.boot.autoconfigure.data.mongo.MongoDataAutoConfiguration.gridFsTemplate()
18:01:34.312 [main] DEBUG o.s.b.f.s.DefaultListableBeanFactory - Returning cached instance of singleton bean 'autoConfigurationReport'
18:01:34.317 [main] DEBUG o.s.b.f.s.DefaultListableBeanFactory - Returning cached instance of singleton bean 'org.springframework.boot.autoconfigure.condition.BeanTypeRegistry'
18:01:34.318 [main] DEBUG o.s.b.f.s.DefaultListableBeanFactory - Returning cached instance of singleton bean 'org.springframework.boot.autoconfigure.condition.BeanTypeRegistry'
18:01:34.319 [main] DEBUG o.s.b.f.s.DefaultListableBeanFactory - Returning cached instance of singleton bean 'autoConfigurationReport'
18:01:34.320 [main] DEBUG o.s.b.f.s.DefaultListableBeanFactory - Returning cached instance of singleton bean 'autoConfigurationReport'
18:01:34.320 [main] DEBUG o.s.c.a.ConfigurationClassBeanDefinitionReader - Registered bean definition for imported class 'org.springframework.boot.autoconfigure.data.mongo.MongoRepositoriesAutoConfiguration'
18:01:34.331 [main] DEBUG o.s.core.env.StandardEnvironment - Adding [systemProperties] PropertySource with lowest search precedence
18:01:34.332 [main] DEBUG o.s.core.env.StandardEnvironment - Adding [systemEnvironment] PropertySource with lowest search precedence
18:01:34.332 [main] DEBUG o.s.core.env.StandardEnvironment - Initialized StandardEnvironment with PropertySources [systemProperties,systemEnvironment]
18:01:34.335 [main] DEBUG o.s.c.i.s.PathMatchingResourcePatternResolver - Looking for matching resources in jar file [file:/C:/Users/yedenguele/.m2/repository/org/springframework/data/spring-data-mongodb/1.8.2.RELEASE/spring-data-mongodb-1.8.2.RELEASE.jar]
18:01:34.341 [main] DEBUG o.s.c.i.s.PathMatchingResourcePatternResolver - Looking for matching resources in jar file [file:/C:/Users/yedenguele/.m2/repository/org/springframework/data/spring-data-commons/1.11.2.RELEASE/spring-data-commons-1.11.2.RELEASE.jar]
18:01:34.345 [main] DEBUG o.s.c.i.s.PathMatchingResourcePatternResolver - Resolved location pattern [classpath*:org/springframework/data/**/repository/support/**/*.class] to resources [URL [jar:file:/C:/Users/yedenguele/.m2/repository/org/springframework/data/spring-data-mongodb/1.8.2.RELEASE/spring-data-mongodb-1.8.2.RELEASE.jar!/org/springframework/data/mongodb/repository/support/SpringDataMongodbSerializer.class], URL [jar:file:/C:/Users/yedenguele/.m2/repository/org/springframework/data/spring-data-mongodb/1.8.2.RELEASE/spring-data-mongodb-1.8.2.RELEASE.jar!/org/springframework/data/mongodb/repository/support/SpringDataMongodbQuery$1.class], URL [jar:file:/C:/Users/yedenguele/.m2/repository/org/springframework/data/spring-data-mongodb/1.8.2.RELEASE/spring-data-mongodb-1.8.2.RELEASE.jar!/org/springframework/data/mongodb/repository/support/SimpleMongoRepository.class], URL [jar:file:/C:/Users/yedenguele/.m2/repository/org/springframework/data/spring-data-mongodb/1.8.2.RELEASE/spring-data-mongodb-1.8.2.RELEASE.jar!/org/springframework/data/mongodb/repository/support/MappingMongoEntityInformation.class], URL [jar:file:/C:/Users/yedenguele/.m2/repository/org/springframework/data/spring-data-mongodb/1.8.2.RELEASE/spring-data-mongodb-1.8.2.RELEASE.jar!/org/springframework/data/mongodb/repository/support/QueryDslMongoRepository.class], URL [jar:file:/C:/Users/yedenguele/.m2/repository/org/springframework/data/spring-data-mongodb/1.8.2.RELEASE/spring-data-mongodb-1.8.2.RELEASE.jar!/org/springframework/data/mongodb/repository/support/SpringDataMongodbQuery.class], URL [jar:file:/C:/Users/yedenguele/.m2/repository/org/springframework/data/spring-data-mongodb/1.8.2.RELEASE/spring-data-mongodb-1.8.2.RELEASE.jar!/org/springframework/data/mongodb/repository/support/MongoRepositoryFactory$MongoQueryLookupStrategy.class], URL [jar:file:/C:/Users/yedenguele/.m2/repository/org/springframework/data/spring-data-mongodb/1.8.2.RELEASE/spring-data-mongodb-1.8.2.RELEASE.jar!/org/springframework/data/mongodb/repository/support/MongoRepositoryFactory.class], URL [jar:file:/C:/Users/yedenguele/.m2/repository/org/springframework/data/spring-data-mongodb/1.8.2.RELEASE/spring-data-mongodb-1.8.2.RELEASE.jar!/org/springframework/data/mongodb/repository/support/MongoRepositoryFactoryBean.class], URL [jar:file:/C:/Users/yedenguele/.m2/repository/org/springframework/data/spring-data-mongodb/1.8.2.RELEASE/spring-data-mongodb-1.8.2.RELEASE.jar!/org/springframework/data/mongodb/repository/support/MongoAnnotationProcessor.class], URL [jar:file:/C:/Users/yedenguele/.m2/repository/org/springframework/data/spring-data-mongodb/1.8.2.RELEASE/spring-data-mongodb-1.8.2.RELEASE.jar!/org/springframework/data/mongodb/repository/support/IndexEnsuringQueryCreationListener.class], URL [jar:file:/C:/Users/yedenguele/.m2/repository/org/springframework/data/spring-data-mongodb/1.8.2.RELEASE/spring-data-mongodb-1.8.2.RELEASE.jar!/org/springframework/data/mongodb/repository/support/QuerydslRepositorySupport.class], URL [jar:file:/C:/Users/yedenguele/.m2/repository/org/springframework/data/spring-data-commons/1.11.2.RELEASE/spring-data-commons-1.11.2.RELEASE.jar!/org/springframework/data/repository/support/DomainClassPropertyEditor.class], URL [jar:file:/C:/Users/yedenguele/.m2/repository/org/springframework/data/spring-data-commons/1.11.2.RELEASE/spring-data-commons-1.11.2.RELEASE.jar!/org/springframework/data/repository/support/CrudRepositoryInvoker.class], URL [jar:file:/C:/Users/yedenguele/.m2/repository/org/springframework/data/spring-data-commons/1.11.2.RELEASE/spring-data-commons-1.11.2.RELEASE.jar!/org/springframework/data/repository/support/QueryMethodParameterConversionException.class], URL [jar:file:/C:/Users/yedenguele/.m2/repository/org/springframework/data/spring-data-commons/1.11.2.RELEASE/spring-data-commons-1.11.2.RELEASE.jar!/org/springframework/data/repository/support/Repositories$EmptyRepositoryFactoryInformation.class], URL [jar:file:/C:/Users/yedenguele/.m2/repository/org/springframework/data/spring-data-commons/1.11.2.RELEASE/spring-data-commons-1.11.2.RELEASE.jar!/org/springframework/data/repository/support/RepositoryInvoker.class], URL [jar:file:/C:/Users/yedenguele/.m2/repository/org/springframework/data/spring-data-commons/1.11.2.RELEASE/spring-data-commons-1.11.2.RELEASE.jar!/org/springframework/data/repository/support/DomainClassConverter$ToIdConverter.class], URL [jar:file:/C:/Users/yedenguele/.m2/repository/org/springframework/data/spring-data-commons/1.11.2.RELEASE/spring-data-commons-1.11.2.RELEASE.jar!/org/springframework/data/repository/support/DomainClassConverter$1.class], URL [jar:file:/C:/Users/yedenguele/.m2/repository/org/springframework/data/spring-data-commons/1.11.2.RELEASE/spring-data-commons-1.11.2.RELEASE.jar!/org/springframework/data/repository/support/DomainClassPropertyEditorRegistrar.class], URL [jar:file:/C:/Users/yedenguele/.m2/repository/org/springframework/data/spring-data-commons/1.11.2.RELEASE/spring-data-commons-1.11.2.RELEASE.jar!/org/springframework/data/repository/support/RepositoryInvokerFactory.class], URL [jar:file:/C:/Users/yedenguele/.m2/repository/org/springframework/data/spring-data-commons/1.11.2.RELEASE/spring-data-commons-1.11.2.RELEASE.jar!/org/springframework/data/repository/support/DomainClassConverter.class], URL [jar:file:/C:/Users/yedenguele/.m2/repository/org/springframework/data/spring-data-commons/1.11.2.RELEASE/spring-data-commons-1.11.2.RELEASE.jar!/org/springframework/data/repository/support/AnnotationAttribute.class], URL [jar:file:/C:/Users/yedenguele/.m2/repository/org/springframework/data/spring-data-commons/1.11.2.RELEASE/spring-data-commons-1.11.2.RELEASE.jar!/org/springframework/data/repository/support/Repositories.class], URL [jar:file:/C:/Users/yedenguele/.m2/repository/org/springframework/data/spring-data-commons/1.11.2.RELEASE/spring-data-commons-1.11.2.RELEASE.jar!/org/springframework/data/repository/support/DomainClassConverter$ConversionMatchAbbreviationException.class], URL [jar:file:/C:/Users/yedenguele/.m2/repository/org/springframework/data/spring-data-commons/1.11.2.RELEASE/spring-data-commons-1.11.2.RELEASE.jar!/org/springframework/data/repository/support/ReflectionRepositoryInvoker.class], URL [jar:file:/C:/Users/yedenguele/.m2/repository/org/springframework/data/spring-data-commons/1.11.2.RELEASE/spring-data-commons-1.11.2.RELEASE.jar!/org/springframework/data/repository/support/MethodParameters.class], URL [jar:file:/C:/Users/yedenguele/.m2/repository/org/springframework/data/spring-data-commons/1.11.2.RELEASE/spring-data-commons-1.11.2.RELEASE.jar!/org/springframework/data/repository/support/PagingAndSortingRepositoryInvoker.class], URL [jar:file:/C:/Users/yedenguele/.m2/repository/org/springframework/data/spring-data-commons/1.11.2.RELEASE/spring-data-commons-1.11.2.RELEASE.jar!/org/springframework/data/repository/support/DefaultRepositoryInvokerFactory.class], URL [jar:file:/C:/Users/yedenguele/.m2/repository/org/springframework/data/spring-data-commons/1.11.2.RELEASE/spring-data-commons-1.11.2.RELEASE.jar!/org/springframework/data/repository/support/MethodParameters$AnnotationNamingMethodParameter.class], URL [jar:file:/C:/Users/yedenguele/.m2/repository/org/springframework/data/spring-data-commons/1.11.2.RELEASE/spring-data-commons-1.11.2.RELEASE.jar!/org/springframework/data/repository/support/DomainClassConverter$ToEntityConverter.class], URL [jar:file:/C:/Users/yedenguele/.m2/repository/org/springframework/data/spring-data-commons/1.11.2.RELEASE/spring-data-commons-1.11.2.RELEASE.jar!/org/springframework/data/repository/support/RepositoryInvocationInformation.class]]
18:01:34.349 [main] DEBUG o.s.d.r.c.RepositoryConfigurationDelegate$LenientAssignableTypeFilter - Could not read super class [com.mysema.query.mongodb.MongodbSerializer] of type-filtered class [org.springframework.data.mongodb.repository.support.SpringDataMongodbSerializer]
18:01:34.352 [main] DEBUG o.s.c.t.c.AnnotationAttributesReadingVisitor - Failed to class-load type while reading annotation metadata. This is a non-fatal error, but certain annotation metadata may be unavailable.
java.lang.ClassNotFoundException: javax.annotation.Nullable
	at java.net.URLClassLoader.findClass(URLClassLoader.java:381) ~[na:1.8.0_92]
	at java.lang.ClassLoader.loadClass(ClassLoader.java:424) ~[na:1.8.0_92]
	at sun.misc.Launcher$AppClassLoader.loadClass(Launcher.java:331) ~[na:1.8.0_92]
	at java.lang.ClassLoader.loadClass(ClassLoader.java:357) ~[na:1.8.0_92]
	at org.springframework.core.type.classreading.RecursiveAnnotationAttributesVisitor.visitEnd(RecursiveAnnotationAttributesVisitor.java:47) ~[spring-core-4.2.4.RELEASE.jar:4.2.4.RELEASE]
	at org.springframework.asm.ClassReader.readAnnotationValues(ClassReader.java:1802) [spring-core-4.2.4.RELEASE.jar:4.2.4.RELEASE]
	at org.springframework.asm.ClassReader.readMethod(ClassReader.java:976) [spring-core-4.2.4.RELEASE.jar:4.2.4.RELEASE]
	at org.springframework.asm.ClassReader.accept(ClassReader.java:695) [spring-core-4.2.4.RELEASE.jar:4.2.4.RELEASE]
	at org.springframework.asm.ClassReader.accept(ClassReader.java:508) [spring-core-4.2.4.RELEASE.jar:4.2.4.RELEASE]
	at org.springframework.core.type.classreading.SimpleMetadataReader.<init>(SimpleMetadataReader.java:64) [spring-core-4.2.4.RELEASE.jar:4.2.4.RELEASE]
	at org.springframework.core.type.classreading.SimpleMetadataReaderFactory.getMetadataReader(SimpleMetadataReaderFactory.java:98) [spring-core-4.2.4.RELEASE.jar:4.2.4.RELEASE]
	at org.springframework.core.type.classreading.CachingMetadataReaderFactory.getMetadataReader(CachingMetadataReaderFactory.java:102) [spring-core-4.2.4.RELEASE.jar:4.2.4.RELEASE]
	at org.springframework.core.type.classreading.SimpleMetadataReaderFactory.getMetadataReader(SimpleMetadataReaderFactory.java:93) [spring-core-4.2.4.RELEASE.jar:4.2.4.RELEASE]
	at org.springframework.core.type.filter.AbstractTypeHierarchyTraversingFilter.match(AbstractTypeHierarchyTraversingFilter.java:121) [spring-core-4.2.4.RELEASE.jar:4.2.4.RELEASE]
	at org.springframework.core.type.filter.AbstractTypeHierarchyTraversingFilter.match(AbstractTypeHierarchyTraversingFilter.java:105) [spring-core-4.2.4.RELEASE.jar:4.2.4.RELEASE]
	at org.springframework.data.repository.config.RepositoryConfigurationDelegate$LenientAssignableTypeFilter.match(RepositoryConfigurationDelegate.java:202) [spring-data-commons-1.11.2.RELEASE.jar:na]
	at org.springframework.context.annotation.ClassPathScanningCandidateComponentProvider.isCandidateComponent(ClassPathScanningCandidateComponentProvider.java:346) [spring-context-4.2.4.RELEASE.jar:4.2.4.RELEASE]
	at org.springframework.context.annotation.ClassPathScanningCandidateComponentProvider.findCandidateComponents(ClassPathScanningCandidateComponentProvider.java:280) [spring-context-4.2.4.RELEASE.jar:4.2.4.RELEASE]
	at org.springframework.data.repository.config.RepositoryConfigurationDelegate.multipleStoresDetected(RepositoryConfigurationDelegate.java:167) [spring-data-commons-1.11.2.RELEASE.jar:na]
	at org.springframework.data.repository.config.RepositoryConfigurationDelegate.<init>(RepositoryConfigurationDelegate.java:88) [spring-data-commons-1.11.2.RELEASE.jar:na]
	at org.springframework.boot.autoconfigure.data.AbstractRepositoryConfigurationSourceSupport.registerBeanDefinitions(AbstractRepositoryConfigurationSourceSupport.java:58) [spring-boot-autoconfigure-1.3.2.RELEASE.jar:1.3.2.RELEASE]
	at org.springframework.context.annotation.ConfigurationClassBeanDefinitionReader.loadBeanDefinitionsFromRegistrars(ConfigurationClassBeanDefinitionReader.java:352) [spring-context-4.2.4.RELEASE.jar:4.2.4.RELEASE]
	at org.springframework.context.annotation.ConfigurationClassBeanDefinitionReader.loadBeanDefinitionsForConfigurationClass(ConfigurationClassBeanDefinitionReader.java:143) [spring-context-4.2.4.RELEASE.jar:4.2.4.RELEASE]
	at org.springframework.context.annotation.ConfigurationClassBeanDefinitionReader.loadBeanDefinitions(ConfigurationClassBeanDefinitionReader.java:116) [spring-context-4.2.4.RELEASE.jar:4.2.4.RELEASE]
	at org.springframework.context.annotation.ConfigurationClassPostProcessor.processConfigBeanDefinitions(ConfigurationClassPostProcessor.java:333) [spring-context-4.2.4.RELEASE.jar:4.2.4.RELEASE]
	at org.springframework.context.annotation.ConfigurationClassPostProcessor.postProcessBeanDefinitionRegistry(ConfigurationClassPostProcessor.java:243) [spring-context-4.2.4.RELEASE.jar:4.2.4.RELEASE]
	at org.springframework.context.support.PostProcessorRegistrationDelegate.invokeBeanDefinitionRegistryPostProcessors(PostProcessorRegistrationDelegate.java:273) [spring-context-4.2.4.RELEASE.jar:4.2.4.RELEASE]
	at org.springframework.context.support.PostProcessorRegistrationDelegate.invokeBeanFactoryPostProcessors(PostProcessorRegistrationDelegate.java:98) [spring-context-4.2.4.RELEASE.jar:4.2.4.RELEASE]
	at org.springframework.context.support.AbstractApplicationContext.invokeBeanFactoryPostProcessors(AbstractApplicationContext.java:678) [spring-context-4.2.4.RELEASE.jar:4.2.4.RELEASE]
	at org.springframework.context.support.AbstractApplicationContext.refresh(AbstractApplicationContext.java:520) [spring-context-4.2.4.RELEASE.jar:4.2.4.RELEASE]
	at org.springframework.test.context.web.AbstractGenericWebContextLoader.loadContext(AbstractGenericWebContextLoader.java:133) [spring-test-4.2.4.RELEASE.jar:4.2.4.RELEASE]
	at org.springframework.test.context.web.AbstractGenericWebContextLoader.loadContext(AbstractGenericWebContextLoader.java:60) [spring-test-4.2.4.RELEASE.jar:4.2.4.RELEASE]
	at org.springframework.test.context.support.AbstractDelegatingSmartContextLoader.delegateLoading(AbstractDelegatingSmartContextLoader.java:109) [spring-test-4.2.4.RELEASE.jar:4.2.4.RELEASE]
	at org.springframework.test.context.support.AbstractDelegatingSmartContextLoader.loadContext(AbstractDelegatingSmartContextLoader.java:261) [spring-test-4.2.4.RELEASE.jar:4.2.4.RELEASE]
	at org.springframework.test.context.cache.DefaultCacheAwareContextLoaderDelegate.loadContextInternal(DefaultCacheAwareContextLoaderDelegate.java:98) [spring-test-4.2.4.RELEASE.jar:4.2.4.RELEASE]
	at org.springframework.test.context.cache.DefaultCacheAwareContextLoaderDelegate.loadContext(DefaultCacheAwareContextLoaderDelegate.java:116) [spring-test-4.2.4.RELEASE.jar:4.2.4.RELEASE]
	at org.springframework.test.context.support.DefaultTestContext.getApplicationContext(DefaultTestContext.java:83) [spring-test-4.2.4.RELEASE.jar:4.2.4.RELEASE]
	at org.springframework.test.context.web.ServletTestExecutionListener.setUpRequestContextIfNecessary(ServletTestExecutionListener.java:183) [spring-test-4.2.4.RELEASE.jar:4.2.4.RELEASE]
	at org.springframework.test.context.web.ServletTestExecutionListener.prepareTestInstance(ServletTestExecutionListener.java:123) [spring-test-4.2.4.RELEASE.jar:4.2.4.RELEASE]
	at org.springframework.test.context.TestContextManager.prepareTestInstance(TestContextManager.java:228) [spring-test-4.2.4.RELEASE.jar:4.2.4.RELEASE]
	at org.springframework.test.context.junit4.SpringJUnit4ClassRunner.createTest(SpringJUnit4ClassRunner.java:230) [spring-test-4.2.4.RELEASE.jar:4.2.4.RELEASE]
	at org.springframework.test.context.junit4.SpringJUnit4ClassRunner$1.runReflectiveCall(SpringJUnit4ClassRunner.java:289) [spring-test-4.2.4.RELEASE.jar:4.2.4.RELEASE]
	at org.junit.internal.runners.model.ReflectiveCallable.run(ReflectiveCallable.java:12) [junit-4.12.jar:4.12]
	at org.springframework.test.context.junit4.SpringJUnit4ClassRunner.methodBlock(SpringJUnit4ClassRunner.java:291) [spring-test-4.2.4.RELEASE.jar:4.2.4.RELEASE]
	at org.springframework.test.context.junit4.SpringJUnit4ClassRunner.runChild(SpringJUnit4ClassRunner.java:249) [spring-test-4.2.4.RELEASE.jar:4.2.4.RELEASE]
	at org.springframework.test.context.junit4.SpringJUnit4ClassRunner.runChild(SpringJUnit4ClassRunner.java:89) [spring-test-4.2.4.RELEASE.jar:4.2.4.RELEASE]
	at org.junit.runners.ParentRunner$3.run(ParentRunner.java:290) [junit-4.12.jar:4.12]
	at org.junit.runners.ParentRunner$1.schedule(ParentRunner.java:71) [junit-4.12.jar:4.12]
	at org.junit.runners.ParentRunner.runChildren(ParentRunner.java:288) [junit-4.12.jar:4.12]
	at org.junit.runners.ParentRunner.access$000(ParentRunner.java:58) [junit-4.12.jar:4.12]
	at org.junit.runners.ParentRunner$2.evaluate(ParentRunner.java:268) [junit-4.12.jar:4.12]
	at org.springframework.test.context.junit4.statements.RunBeforeTestClassCallbacks.evaluate(RunBeforeTestClassCallbacks.java:61) [spring-test-4.2.4.RELEASE.jar:4.2.4.RELEASE]
	at org.springframework.test.context.junit4.statements.RunAfterTestClassCallbacks.evaluate(RunAfterTestClassCallbacks.java:70) [spring-test-4.2.4.RELEASE.jar:4.2.4.RELEASE]
	at org.junit.runners.ParentRunner.run(ParentRunner.java:363) [junit-4.12.jar:4.12]
	at org.springframework.test.context.junit4.SpringJUnit4ClassRunner.run(SpringJUnit4ClassRunner.java:193) [spring-test-4.2.4.RELEASE.jar:4.2.4.RELEASE]
	at org.apache.maven.surefire.junit4.JUnit4Provider.execute(JUnit4Provider.java:283) [surefire-junit4-2.18.1.jar:2.18.1]
	at org.apache.maven.surefire.junit4.JUnit4Provider.executeWithRerun(JUnit4Provider.java:173) [surefire-junit4-2.18.1.jar:2.18.1]
	at org.apache.maven.surefire.junit4.JUnit4Provider.executeTestSet(JUnit4Provider.java:153) [surefire-junit4-2.18.1.jar:2.18.1]
	at org.apache.maven.surefire.junit4.JUnit4Provider.invoke(JUnit4Provider.java:128) [surefire-junit4-2.18.1.jar:2.18.1]
	at org.apache.maven.surefire.booter.ForkedBooter.invokeProviderInSameClassLoader(ForkedBooter.java:203) [surefire-booter-2.18.1.jar:2.18.1]
	at org.apache.maven.surefire.booter.ForkedBooter.runSuitesInProcess(ForkedBooter.java:155) [surefire-booter-2.18.1.jar:2.18.1]
	at org.apache.maven.surefire.booter.ForkedBooter.main(ForkedBooter.java:103) [surefire-booter-2.18.1.jar:2.18.1]
18:01:34.362 [main] DEBUG o.s.d.r.c.RepositoryConfigurationDelegate$LenientAssignableTypeFilter - Could not read super class [com.mysema.query.mongodb.MongodbQuery] of type-filtered class [org.springframework.data.mongodb.repository.support.SpringDataMongodbQuery]
18:01:34.363 [main] DEBUG o.s.c.a.ClassPathScanningCandidateComponentProvider - Identified candidate component class: URL [jar:file:/C:/Users/yedenguele/.m2/repository/org/springframework/data/spring-data-mongodb/1.8.2.RELEASE/spring-data-mongodb-1.8.2.RELEASE.jar!/org/springframework/data/mongodb/repository/support/MongoRepositoryFactory.class]
18:01:34.367 [main] DEBUG o.s.d.r.c.RepositoryConfigurationDelegate$LenientAssignableTypeFilter - Could not read super class [com.mysema.query.apt.AbstractQuerydslProcessor] of type-filtered class [org.springframework.data.mongodb.repository.support.MongoAnnotationProcessor]
18:01:34.386 [main] DEBUG o.s.core.env.StandardEnvironment - Adding [systemProperties] PropertySource with lowest search precedence
18:01:34.387 [main] DEBUG o.s.core.env.StandardEnvironment - Adding [systemEnvironment] PropertySource with lowest search precedence
18:01:34.388 [main] DEBUG o.s.core.env.StandardEnvironment - Initialized StandardEnvironment with PropertySources [systemProperties,systemEnvironment]
18:01:34.389 [main] DEBUG o.s.b.f.s.DefaultListableBeanFactory - Creating shared instance of singleton bean 'org.springframework.boot.autoconfigure.AutoConfigurationPackages'
18:01:34.389 [main] DEBUG o.s.b.f.s.DefaultListableBeanFactory - Creating instance of bean 'org.springframework.boot.autoconfigure.AutoConfigurationPackages'
18:01:34.391 [main] DEBUG o.s.b.f.s.DefaultListableBeanFactory - Eagerly caching bean 'org.springframework.boot.autoconfigure.AutoConfigurationPackages' to allow for resolving potential circular references
18:01:34.391 [main] DEBUG o.s.b.f.s.DefaultListableBeanFactory - Finished creating instance of bean 'org.springframework.boot.autoconfigure.AutoConfigurationPackages'
18:01:34.391 [main] DEBUG o.s.b.a.AutoConfigurationPackages - @EnableAutoConfiguration was declared on a class in the package 'com.todolist'. Automatic @Repository and @Entity scanning is enabled.
18:01:34.392 [main] DEBUG o.s.c.i.s.PathMatchingResourcePatternResolver - Looking for matching resources in directory tree [C:\Users\yedenguele\yves\todo\target\test-classes\com\todolist]
18:01:34.392 [main] DEBUG o.s.c.i.s.PathMatchingResourcePatternResolver - Searching directory [C:\Users\yedenguele\yves\todo\target\test-classes\com\todolist] for files matching pattern [C:/Users/yedenguele/yves/todo/target/test-classes/com/todolist/**/*.class]
18:01:34.393 [main] DEBUG o.s.c.i.s.PathMatchingResourcePatternResolver - Looking for matching resources in directory tree [C:\Users\yedenguele\yves\todo\target\classes\com\todolist]
18:01:34.393 [main] DEBUG o.s.c.i.s.PathMatchingResourcePatternResolver - Searching directory [C:\Users\yedenguele\yves\todo\target\classes\com\todolist] for files matching pattern [C:/Users/yedenguele/yves/todo/target/classes/com/todolist/**/*.class]
18:01:34.394 [main] DEBUG o.s.c.i.s.PathMatchingResourcePatternResolver - Searching directory [C:\Users\yedenguele\yves\todo\target\classes\com\todolist\domain] for files matching pattern [C:/Users/yedenguele/yves/todo/target/classes/com/todolist/**/*.class]
18:01:34.394 [main] DEBUG o.s.c.i.s.PathMatchingResourcePatternResolver - Searching directory [C:\Users\yedenguele\yves\todo\target\classes\com\todolist\repository] for files matching pattern [C:/Users/yedenguele/yves/todo/target/classes/com/todolist/**/*.class]
18:01:34.395 [main] DEBUG o.s.c.i.s.PathMatchingResourcePatternResolver - Searching directory [C:\Users\yedenguele\yves\todo\target\classes\com\todolist\services] for files matching pattern [C:/Users/yedenguele/yves/todo/target/classes/com/todolist/**/*.class]
18:01:34.395 [main] DEBUG o.s.c.i.s.PathMatchingResourcePatternResolver - Resolved location pattern [classpath*:com/todolist/**/*.class] to resources [file [C:\Users\yedenguele\yves\todo\target\test-classes\com\todolist\TestUtilsTest.class], file [C:\Users\yedenguele\yves\todo\target\test-classes\com\todolist\TodoCtrlTest.class], file [C:\Users\yedenguele\yves\todo\target\classes\com\todolist\Application.class], file [C:\Users\yedenguele\yves\todo\target\classes\com\todolist\BiFunctionalExample.class], file [C:\Users\yedenguele\yves\todo\target\classes\com\todolist\domain\Todo.class], file [C:\Users\yedenguele\yves\todo\target\classes\com\todolist\domain\Voiture.class], file [C:\Users\yedenguele\yves\todo\target\classes\com\todolist\repository\TodoRepository.class], file [C:\Users\yedenguele\yves\todo\target\classes\com\todolist\repository\VoitureRepository.class], file [C:\Users\yedenguele\yves\todo\target\classes\com\todolist\services\TodoCtrl.class], file [C:\Users\yedenguele\yves\todo\target\classes\com\todolist\services\VoitCtrl.class], file [C:\Users\yedenguele\yves\todo\target\classes\com\todolist\TodoUtils.class]]
18:01:34.403 [main] DEBUG o.s.d.r.c.RepositoryComponentProvider - Identified candidate component class: file [C:\Users\yedenguele\yves\todo\target\classes\com\todolist\repository\TodoRepository.class]
18:01:34.405 [main] DEBUG o.s.d.r.c.RepositoryComponentProvider - Identified candidate component class: file [C:\Users\yedenguele\yves\todo\target\classes\com\todolist\repository\VoitureRepository.class]
18:01:34.410 [main] DEBUG o.s.b.f.s.DefaultListableBeanFactory - Returning cached instance of singleton bean 'org.springframework.boot.autoconfigure.AutoConfigurationPackages'
18:01:34.411 [main] DEBUG o.s.core.env.StandardEnvironment - Adding [systemProperties] PropertySource with lowest search precedence
18:01:34.412 [main] DEBUG o.s.core.env.StandardEnvironment - Adding [systemEnvironment] PropertySource with lowest search precedence
18:01:34.412 [main] DEBUG o.s.core.env.StandardEnvironment - Initialized StandardEnvironment with PropertySources [systemProperties,systemEnvironment]
18:01:34.414 [main] DEBUG o.s.c.i.s.PathMatchingResourcePatternResolver - Looking for matching resources in directory tree [C:\Users\yedenguele\yves\todo\target\test-classes\com\todolist]
18:01:34.415 [main] DEBUG o.s.c.i.s.PathMatchingResourcePatternResolver - Searching directory [C:\Users\yedenguele\yves\todo\target\test-classes\com\todolist] for files matching pattern [C:/Users/yedenguele/yves/todo/target/test-classes/com/todolist/**/*TodoRepositoryImpl.class]
18:01:34.416 [main] DEBUG o.s.c.i.s.PathMatchingResourcePatternResolver - Looking for matching resources in directory tree [C:\Users\yedenguele\yves\todo\target\classes\com\todolist]
18:01:34.416 [main] DEBUG o.s.c.i.s.PathMatchingResourcePatternResolver - Searching directory [C:\Users\yedenguele\yves\todo\target\classes\com\todolist] for files matching pattern [C:/Users/yedenguele/yves/todo/target/classes/com/todolist/**/*TodoRepositoryImpl.class]
18:01:34.418 [main] DEBUG o.s.c.i.s.PathMatchingResourcePatternResolver - Searching directory [C:\Users\yedenguele\yves\todo\target\classes\com\todolist\domain] for files matching pattern [C:/Users/yedenguele/yves/todo/target/classes/com/todolist/**/*TodoRepositoryImpl.class]
18:01:34.418 [main] DEBUG o.s.c.i.s.PathMatchingResourcePatternResolver - Searching directory [C:\Users\yedenguele\yves\todo\target\classes\com\todolist\repository] for files matching pattern [C:/Users/yedenguele/yves/todo/target/classes/com/todolist/**/*TodoRepositoryImpl.class]
18:01:34.419 [main] DEBUG o.s.c.i.s.PathMatchingResourcePatternResolver - Searching directory [C:\Users\yedenguele\yves\todo\target\classes\com\todolist\services] for files matching pattern [C:/Users/yedenguele/yves/todo/target/classes/com/todolist/**/*TodoRepositoryImpl.class]
18:01:34.419 [main] DEBUG o.s.c.i.s.PathMatchingResourcePatternResolver - Resolved location pattern [classpath*:com/todolist/**/*TodoRepositoryImpl.class] to resources []
18:01:34.421 [main] DEBUG o.s.d.r.c.RepositoryConfigurationDelegate - Spring Data MongoDB - Registering repository: todoRepository - Interface: com.todolist.repository.TodoRepository - Factory: org.springframework.data.mongodb.repository.support.MongoRepositoryFactoryBean
18:01:34.423 [main] DEBUG o.s.b.f.s.DefaultListableBeanFactory - Returning cached instance of singleton bean 'org.springframework.boot.autoconfigure.AutoConfigurationPackages'
18:01:34.425 [main] DEBUG o.s.core.env.StandardEnvironment - Adding [systemProperties] PropertySource with lowest search precedence
18:01:34.425 [main] DEBUG o.s.core.env.StandardEnvironment - Adding [systemEnvironment] PropertySource with lowest search precedence
18:01:34.425 [main] DEBUG o.s.core.env.StandardEnvironment - Initialized StandardEnvironment with PropertySources [systemProperties,systemEnvironment]
18:01:34.426 [main] DEBUG o.s.c.i.s.PathMatchingResourcePatternResolver - Looking for matching resources in directory tree [C:\Users\yedenguele\yves\todo\target\test-classes\com\todolist]
18:01:34.426 [main] DEBUG o.s.c.i.s.PathMatchingResourcePatternResolver - Searching directory [C:\Users\yedenguele\yves\todo\target\test-classes\com\todolist] for files matching pattern [C:/Users/yedenguele/yves/todo/target/test-classes/com/todolist/**/*VoitureRepositoryImpl.class]
18:01:34.426 [main] DEBUG o.s.c.i.s.PathMatchingResourcePatternResolver - Looking for matching resources in directory tree [C:\Users\yedenguele\yves\todo\target\classes\com\todolist]
18:01:34.427 [main] DEBUG o.s.c.i.s.PathMatchingResourcePatternResolver - Searching directory [C:\Users\yedenguele\yves\todo\target\classes\com\todolist] for files matching pattern [C:/Users/yedenguele/yves/todo/target/classes/com/todolist/**/*VoitureRepositoryImpl.class]
18:01:34.427 [main] DEBUG o.s.c.i.s.PathMatchingResourcePatternResolver - Searching directory [C:\Users\yedenguele\yves\todo\target\classes\com\todolist\domain] for files matching pattern [C:/Users/yedenguele/yves/todo/target/classes/com/todolist/**/*VoitureRepositoryImpl.class]
18:01:34.428 [main] DEBUG o.s.c.i.s.PathMatchingResourcePatternResolver - Searching directory [C:\Users\yedenguele\yves\todo\target\classes\com\todolist\repository] for files matching pattern [C:/Users/yedenguele/yves/todo/target/classes/com/todolist/**/*VoitureRepositoryImpl.class]
18:01:34.429 [main] DEBUG o.s.c.i.s.PathMatchingResourcePatternResolver - Searching directory [C:\Users\yedenguele\yves\todo\target\classes\com\todolist\services] for files matching pattern [C:/Users/yedenguele/yves/todo/target/classes/com/todolist/**/*VoitureRepositoryImpl.class]
18:01:34.430 [main] DEBUG o.s.c.i.s.PathMatchingResourcePatternResolver - Resolved location pattern [classpath*:com/todolist/**/*VoitureRepositoryImpl.class] to resources []
18:01:34.431 [main] DEBUG o.s.d.r.c.RepositoryConfigurationDelegate - Spring Data MongoDB - Registering repository: voitureRepository - Interface: com.todolist.repository.VoitureRepository - Factory: org.springframework.data.mongodb.repository.support.MongoRepositoryFactoryBean
18:01:34.431 [main] DEBUG o.s.b.f.s.DefaultListableBeanFactory - Returning cached instance of singleton bean 'autoConfigurationReport'
18:01:34.431 [main] DEBUG o.s.b.f.s.DefaultListableBeanFactory - Returning cached instance of singleton bean 'autoConfigurationReport'
18:01:34.431 [main] DEBUG o.s.c.a.ConfigurationClassBeanDefinitionReader - Registered bean definition for imported class 'org.springframework.boot.autoconfigure.jackson.JacksonAutoConfiguration$JacksonObjectMapperBuilderConfiguration'
18:01:34.432 [main] DEBUG o.s.b.f.s.DefaultListableBeanFactory - Returning cached instance of singleton bean 'org.springframework.boot.autoconfigure.condition.BeanTypeRegistry'
18:01:34.440 [main] DEBUG o.s.b.f.s.DefaultListableBeanFactory - Returning cached instance of singleton bean 'autoConfigurationReport'
18:01:34.440 [main] DEBUG o.s.c.a.ConfigurationClassBeanDefinitionReader - Registering bean definition for @Bean method org.springframework.boot.autoconfigure.jackson.JacksonAutoConfiguration$JacksonObjectMapperBuilderConfiguration.jacksonObjectMapperBuilder()
18:01:34.441 [main] DEBUG o.s.b.f.s.DefaultListableBeanFactory - Returning cached instance of singleton bean 'autoConfigurationReport'
18:01:34.441 [main] DEBUG o.s.c.a.ConfigurationClassBeanDefinitionReader - Registered bean definition for imported class 'org.springframework.boot.autoconfigure.jackson.JacksonAutoConfiguration$JacksonObjectMapperConfiguration'
18:01:34.442 [main] DEBUG o.s.b.f.s.DefaultListableBeanFactory - Returning cached instance of singleton bean 'org.springframework.boot.autoconfigure.condition.BeanTypeRegistry'
18:01:34.443 [main] DEBUG o.s.b.f.s.DefaultListableBeanFactory - Returning cached instance of singleton bean 'autoConfigurationReport'
18:01:34.443 [main] DEBUG o.s.c.a.ConfigurationClassBeanDefinitionReader - Registering bean definition for @Bean method org.springframework.boot.autoconfigure.jackson.JacksonAutoConfiguration$JacksonObjectMapperConfiguration.jacksonObjectMapper()
18:01:34.444 [main] DEBUG o.s.c.a.ConfigurationClassBeanDefinitionReader - Registered bean definition for imported class 'org.springframework.boot.autoconfigure.jackson.JacksonAutoConfiguration'
18:01:34.444 [main] DEBUG o.s.b.f.s.DefaultListableBeanFactory - Returning cached instance of singleton bean 'autoConfigurationReport'
18:01:34.444 [main] DEBUG o.s.b.f.s.DefaultListableBeanFactory - Returning cached instance of singleton bean 'autoConfigurationReport'
18:01:34.444 [main] DEBUG o.s.c.a.ConfigurationClassBeanDefinitionReader - Registered bean definition for imported class 'org.springframework.boot.autoconfigure.web.HttpMessageConvertersAutoConfiguration$StringHttpMessageConverterConfiguration'
18:01:34.445 [main] DEBUG o.s.b.f.s.DefaultListableBeanFactory - Returning cached instance of singleton bean 'org.springframework.boot.autoconfigure.condition.BeanTypeRegistry'
18:01:34.447 [main] DEBUG o.s.b.f.s.DefaultListableBeanFactory - Returning cached instance of singleton bean 'autoConfigurationReport'
18:01:34.448 [main] DEBUG o.s.c.a.ConfigurationClassBeanDefinitionReader - Registering bean definition for @Bean method org.springframework.boot.autoconfigure.web.HttpMessageConvertersAutoConfiguration$StringHttpMessageConverterConfiguration.stringHttpMessageConverter()
18:01:34.449 [main] DEBUG o.s.b.f.s.DefaultListableBeanFactory - Returning cached instance of singleton bean 'autoConfigurationReport'
18:01:34.449 [main] DEBUG o.s.b.f.s.DefaultListableBeanFactory - Returning cached instance of singleton bean 'org.springframework.boot.autoconfigure.condition.BeanTypeRegistry'
18:01:34.449 [main] DEBUG o.s.b.f.s.DefaultListableBeanFactory - Returning cached instance of singleton bean 'autoConfigurationReport'
18:01:34.450 [main] DEBUG o.s.b.f.s.DefaultListableBeanFactory - Returning cached instance of singleton bean 'autoConfigurationReport'
18:01:34.450 [main] DEBUG o.s.c.a.ConfigurationClassBeanDefinitionReader - Registered bean definition for imported class 'org.springframework.boot.autoconfigure.web.JacksonHttpMessageConvertersConfiguration$MappingJackson2HttpMessageConverterConfiguration'
18:01:34.452 [main] DEBUG o.s.b.f.s.DefaultListableBeanFactory - Returning cached instance of singleton bean 'org.springframework.boot.autoconfigure.condition.BeanTypeRegistry'
18:01:34.455 [main] DEBUG o.s.b.f.s.DefaultListableBeanFactory - Returning cached instance of singleton bean 'autoConfigurationReport'
18:01:34.455 [main] DEBUG o.s.c.a.ConfigurationClassBeanDefinitionReader - Registering bean definition for @Bean method org.springframework.boot.autoconfigure.web.JacksonHttpMessageConvertersConfiguration$MappingJackson2HttpMessageConverterConfiguration.mappingJackson2HttpMessageConverter()
18:01:34.455 [main] DEBUG o.s.c.a.ConfigurationClassBeanDefinitionReader - Registered bean definition for imported class 'org.springframework.boot.autoconfigure.web.JacksonHttpMessageConvertersConfiguration'
18:01:34.457 [main] DEBUG o.s.c.a.ConfigurationClassBeanDefinitionReader - Registered bean definition for imported class 'org.springframework.boot.autoconfigure.web.HttpMessageConvertersAutoConfiguration'
18:01:34.459 [main] DEBUG o.s.b.f.s.DefaultListableBeanFactory - Returning cached instance of singleton bean 'org.springframework.boot.autoconfigure.condition.BeanTypeRegistry'
18:01:34.460 [main] DEBUG o.s.b.f.s.DefaultListableBeanFactory - Returning cached instance of singleton bean 'autoConfigurationReport'
18:01:34.460 [main] DEBUG o.s.c.a.ConfigurationClassBeanDefinitionReader - Registering bean definition for @Bean method org.springframework.boot.autoconfigure.web.HttpMessageConvertersAutoConfiguration.messageConverters()
18:01:34.460 [main] DEBUG o.s.b.f.s.DefaultListableBeanFactory - Returning cached instance of singleton bean 'autoConfigurationReport'
18:01:34.460 [main] DEBUG o.s.b.f.s.DefaultListableBeanFactory - Returning cached instance of singleton bean 'autoConfigurationReport'
18:01:34.461 [main] DEBUG o.s.b.f.s.DefaultListableBeanFactory - Returning cached instance of singleton bean 'org.springframework.boot.autoconfigure.condition.BeanTypeRegistry'
18:01:34.461 [main] DEBUG o.s.b.f.s.DefaultListableBeanFactory - Returning cached instance of singleton bean 'autoConfigurationReport'
18:01:34.461 [main] DEBUG o.s.c.a.ConfigurationClassBeanDefinitionReader - Registered bean definition for imported class 'org.springframework.data.web.config.SpringDataWebConfiguration'
18:01:34.461 [main] DEBUG o.s.c.a.ConfigurationClassBeanDefinitionReader - Registering bean definition for @Bean method org.springframework.data.web.config.SpringDataWebConfiguration.pageableResolver()
18:01:34.462 [main] DEBUG o.s.c.a.ConfigurationClassBeanDefinitionReader - Registering bean definition for @Bean method org.springframework.data.web.config.SpringDataWebConfiguration.sortResolver()
18:01:34.462 [main] DEBUG o.s.c.a.ConfigurationClassBeanDefinitionReader - Registered bean definition for imported class 'org.springframework.data.mongodb.core.GeoJsonConfiguration'
18:01:34.462 [main] DEBUG o.s.c.a.ConfigurationClassBeanDefinitionReader - Registering bean definition for @Bean method org.springframework.data.mongodb.core.GeoJsonConfiguration.geoJsonModule()
18:01:34.462 [main] DEBUG o.s.c.a.ConfigurationClassBeanDefinitionReader - Registered bean definition for imported class 'org.springframework.data.web.config.SpringDataJacksonConfiguration'
18:01:34.463 [main] DEBUG o.s.c.a.ConfigurationClassBeanDefinitionReader - Registering bean definition for @Bean method org.springframework.data.web.config.SpringDataJacksonConfiguration.jacksonGeoModule()
18:01:34.463 [main] DEBUG o.s.c.a.ConfigurationClassBeanDefinitionReader - Registered bean definition for imported class 'org.springframework.boot.autoconfigure.data.web.SpringDataWebAutoConfiguration'
18:01:34.464 [main] DEBUG o.s.b.f.s.DefaultListableBeanFactory - Returning cached instance of singleton bean 'autoConfigurationReport'
18:01:34.464 [main] DEBUG o.s.b.f.s.DefaultListableBeanFactory - Returning cached instance of singleton bean 'org.springframework.boot.autoconfigure.condition.BeanTypeRegistry'
18:01:34.472 [main] DEBUG o.s.b.f.s.DefaultListableBeanFactory - Returning cached instance of singleton bean 'autoConfigurationReport'
18:01:34.473 [main] DEBUG o.s.b.f.s.DefaultListableBeanFactory - Returning cached instance of singleton bean 'autoConfigurationReport'
18:01:34.474 [main] DEBUG o.s.b.f.s.DefaultListableBeanFactory - Returning cached instance of singleton bean 'autoConfigurationReport'
18:01:34.474 [main] DEBUG o.s.c.a.ConfigurationClassBeanDefinitionReader - Registered bean definition for imported class 'org.springframework.boot.autoconfigure.web.HttpEncodingAutoConfiguration'
18:01:34.475 [main] DEBUG o.s.b.f.s.DefaultListableBeanFactory - Returning cached instance of singleton bean 'org.springframework.boot.autoconfigure.condition.BeanTypeRegistry'
18:01:34.478 [main] DEBUG o.s.b.f.s.DefaultListableBeanFactory - Returning cached instance of singleton bean 'autoConfigurationReport'
18:01:34.479 [main] DEBUG o.s.c.a.ConfigurationClassBeanDefinitionReader - Registering bean definition for @Bean method org.springframework.boot.autoconfigure.web.HttpEncodingAutoConfiguration.characterEncodingFilter()
18:01:34.479 [main] DEBUG o.s.b.f.s.DefaultListableBeanFactory - Returning cached instance of singleton bean 'autoConfigurationReport'
18:01:34.483 [main] DEBUG o.s.b.f.s.DefaultListableBeanFactory - Returning cached instance of singleton bean 'autoConfigurationReport'
18:01:34.484 [main] DEBUG o.s.c.a.ConfigurationClassBeanDefinitionReader - Registered bean definition for imported class 'org.springframework.boot.autoconfigure.web.MultipartAutoConfiguration'
18:01:34.486 [main] DEBUG o.s.b.f.s.DefaultListableBeanFactory - Returning cached instance of singleton bean 'org.springframework.boot.autoconfigure.condition.BeanTypeRegistry'
18:01:34.488 [main] DEBUG o.s.b.f.s.DefaultListableBeanFactory - Returning cached instance of singleton bean 'autoConfigurationReport'
18:01:34.489 [main] DEBUG o.s.c.a.ConfigurationClassBeanDefinitionReader - Registering bean definition for @Bean method org.springframework.boot.autoconfigure.web.MultipartAutoConfiguration.multipartConfigElement()
18:01:34.489 [main] DEBUG o.s.b.f.s.DefaultListableBeanFactory - Returning cached instance of singleton bean 'org.springframework.boot.autoconfigure.condition.BeanTypeRegistry'
18:01:34.490 [main] DEBUG o.s.b.f.s.DefaultListableBeanFactory - Returning cached instance of singleton bean 'autoConfigurationReport'
18:01:34.490 [main] DEBUG o.s.c.a.ConfigurationClassBeanDefinitionReader - Registering bean definition for @Bean method org.springframework.boot.autoconfigure.web.MultipartAutoConfiguration.multipartResolver()
18:01:34.491 [main] DEBUG o.s.b.f.s.DefaultListableBeanFactory - Returning cached instance of singleton bean 'autoConfigurationReport'
18:01:34.491 [main] DEBUG o.s.c.a.ConfigurationClassBeanDefinitionReader - Registered bean definition for imported class 'org.springframework.boot.autoconfigure.web.ServerPropertiesAutoConfiguration'
18:01:34.493 [main] DEBUG o.s.b.f.s.DefaultListableBeanFactory - Returning cached instance of singleton bean 'org.springframework.boot.autoconfigure.condition.BeanTypeRegistry'
18:01:34.494 [main] DEBUG o.s.b.f.s.DefaultListableBeanFactory - Returning cached instance of singleton bean 'autoConfigurationReport'
18:01:34.495 [main] DEBUG o.s.c.a.ConfigurationClassBeanDefinitionReader - Registering bean definition for @Bean method org.springframework.boot.autoconfigure.web.ServerPropertiesAutoConfiguration.serverProperties()
18:01:34.495 [main] DEBUG o.s.c.a.ConfigurationClassBeanDefinitionReader - Registering bean definition for @Bean method org.springframework.boot.autoconfigure.web.ServerPropertiesAutoConfiguration.duplicateServerPropertiesDetector()
18:01:34.641 [main] DEBUG o.s.c.a.ConfigurationClassEnhancer - Successfully enhanced com.todolist.Application; enhanced class name is: com.todolist.Application$$EnhancerBySpringCGLIB$$464a4800
18:01:34.641 [main] DEBUG o.s.c.a.ConfigurationClassPostProcessor - Replacing bean definition 'application' existing class 'com.todolist.Application' with enhanced class 'com.todolist.Application$$EnhancerBySpringCGLIB$$464a4800'
18:01:34.644 [main] DEBUG o.s.c.a.ConfigurationClassEnhancer - Successfully enhanced org.springframework.boot.autoconfigure.PropertyPlaceholderAutoConfiguration; enhanced class name is: org.springframework.boot.autoconfigure.PropertyPlaceholderAutoConfiguration$$EnhancerBySpringCGLIB$$4c771f02
18:01:34.644 [main] DEBUG o.s.c.a.ConfigurationClassPostProcessor - Replacing bean definition 'org.springframework.boot.autoconfigure.PropertyPlaceholderAutoConfiguration' existing class 'org.springframework.boot.autoconfigure.PropertyPlaceholderAutoConfiguration' with enhanced class 'org.springframework.boot.autoconfigure.PropertyPlaceholderAutoConfiguration$$EnhancerBySpringCGLIB$$4c771f02'
18:01:34.644 [main] DEBUG o.s.c.a.ConfigurationClassEnhancer - Successfully enhanced org.springframework.boot.autoconfigure.PropertyPlaceholderAutoConfiguration; enhanced class name is: org.springframework.boot.autoconfigure.PropertyPlaceholderAutoConfiguration$$EnhancerBySpringCGLIB$$4c771f02
18:01:34.645 [main] DEBUG o.s.c.a.ConfigurationClassPostProcessor - Replacing bean definition 'propertySourcesPlaceholderConfigurer' existing class 'org.springframework.boot.autoconfigure.PropertyPlaceholderAutoConfiguration' with enhanced class 'org.springframework.boot.autoconfigure.PropertyPlaceholderAutoConfiguration$$EnhancerBySpringCGLIB$$4c771f02'
18:01:34.653 [main] DEBUG o.s.c.a.ConfigurationClassEnhancer - Successfully enhanced org.springframework.boot.autoconfigure.websocket.WebSocketAutoConfiguration$TomcatWebSocketConfiguration; enhanced class name is: org.springframework.boot.autoconfigure.websocket.WebSocketAutoConfiguration$TomcatWebSocketConfiguration$$EnhancerBySpringCGLIB$$a037acd1
18:01:34.654 [main] DEBUG o.s.c.a.ConfigurationClassPostProcessor - Replacing bean definition 'org.springframework.boot.autoconfigure.websocket.WebSocketAutoConfiguration$TomcatWebSocketConfiguration' existing class 'org.springframework.boot.autoconfigure.websocket.WebSocketAutoConfiguration$TomcatWebSocketConfiguration' with enhanced class 'org.springframework.boot.autoconfigure.websocket.WebSocketAutoConfiguration$TomcatWebSocketConfiguration$$EnhancerBySpringCGLIB$$a037acd1'
18:01:34.657 [main] DEBUG o.s.c.a.ConfigurationClassEnhancer - Successfully enhanced org.springframework.boot.autoconfigure.websocket.WebSocketAutoConfiguration; enhanced class name is: org.springframework.boot.autoconfigure.websocket.WebSocketAutoConfiguration$$EnhancerBySpringCGLIB$$2292e720
18:01:34.657 [main] DEBUG o.s.c.a.ConfigurationClassPostProcessor - Replacing bean definition 'org.springframework.boot.autoconfigure.websocket.WebSocketAutoConfiguration' existing class 'org.springframework.boot.autoconfigure.websocket.WebSocketAutoConfiguration' with enhanced class 'org.springframework.boot.autoconfigure.websocket.WebSocketAutoConfiguration$$EnhancerBySpringCGLIB$$2292e720'
18:01:34.664 [main] DEBUG o.s.c.a.ConfigurationClassEnhancer - Successfully enhanced org.springframework.boot.autoconfigure.web.EmbeddedServletContainerAutoConfiguration$EmbeddedJetty; enhanced class name is: org.springframework.boot.autoconfigure.web.EmbeddedServletContainerAutoConfiguration$EmbeddedJetty$$EnhancerBySpringCGLIB$$e090f78
18:01:34.664 [main] DEBUG o.s.c.a.ConfigurationClassPostProcessor - Replacing bean definition 'org.springframework.boot.autoconfigure.web.EmbeddedServletContainerAutoConfiguration$EmbeddedJetty' existing class 'org.springframework.boot.autoconfigure.web.EmbeddedServletContainerAutoConfiguration$EmbeddedJetty' with enhanced class 'org.springframework.boot.autoconfigure.web.EmbeddedServletContainerAutoConfiguration$EmbeddedJetty$$EnhancerBySpringCGLIB$$e090f78'
18:01:34.669 [main] DEBUG o.s.c.a.ConfigurationClassEnhancer - Successfully enhanced org.springframework.boot.autoconfigure.web.EmbeddedServletContainerAutoConfiguration; enhanced class name is: org.springframework.boot.autoconfigure.web.EmbeddedServletContainerAutoConfiguration$$EnhancerBySpringCGLIB$$5f95c608
18:01:34.670 [main] DEBUG o.s.c.a.ConfigurationClassPostProcessor - Replacing bean definition 'org.springframework.boot.autoconfigure.web.EmbeddedServletContainerAutoConfiguration' existing class 'org.springframework.boot.autoconfigure.web.EmbeddedServletContainerAutoConfiguration' with enhanced class 'org.springframework.boot.autoconfigure.web.EmbeddedServletContainerAutoConfiguration$$EnhancerBySpringCGLIB$$5f95c608'
18:01:34.681 [main] DEBUG o.s.c.a.ConfigurationClassEnhancer - Successfully enhanced org.springframework.boot.autoconfigure.web.DispatcherServletAutoConfiguration$DispatcherServletConfiguration; enhanced class name is: org.springframework.boot.autoconfigure.web.DispatcherServletAutoConfiguration$DispatcherServletConfiguration$$EnhancerBySpringCGLIB$$2f482ada
18:01:34.681 [main] DEBUG o.s.c.a.ConfigurationClassPostProcessor - Replacing bean definition 'org.springframework.boot.autoconfigure.web.DispatcherServletAutoConfiguration$DispatcherServletConfiguration' existing class 'org.springframework.boot.autoconfigure.web.DispatcherServletAutoConfiguration$DispatcherServletConfiguration' with enhanced class 'org.springframework.boot.autoconfigure.web.DispatcherServletAutoConfiguration$DispatcherServletConfiguration$$EnhancerBySpringCGLIB$$2f482ada'
18:01:34.684 [main] DEBUG o.s.c.a.ConfigurationClassEnhancer - Successfully enhanced org.springframework.boot.autoconfigure.web.DispatcherServletAutoConfiguration; enhanced class name is: org.springframework.boot.autoconfigure.web.DispatcherServletAutoConfiguration$$EnhancerBySpringCGLIB$$228859c
18:01:34.684 [main] DEBUG o.s.c.a.ConfigurationClassPostProcessor - Replacing bean definition 'org.springframework.boot.autoconfigure.web.DispatcherServletAutoConfiguration' existing class 'org.springframework.boot.autoconfigure.web.DispatcherServletAutoConfiguration' with enhanced class 'org.springframework.boot.autoconfigure.web.DispatcherServletAutoConfiguration$$EnhancerBySpringCGLIB$$228859c'
18:01:34.688 [main] DEBUG o.s.c.a.ConfigurationClassEnhancer - Successfully enhanced org.springframework.boot.autoconfigure.web.ErrorMvcAutoConfiguration$WhitelabelErrorViewConfiguration; enhanced class name is: org.springframework.boot.autoconfigure.web.ErrorMvcAutoConfiguration$WhitelabelErrorViewConfiguration$$EnhancerBySpringCGLIB$$744bd976
18:01:34.688 [main] DEBUG o.s.c.a.ConfigurationClassPostProcessor - Replacing bean definition 'org.springframework.boot.autoconfigure.web.ErrorMvcAutoConfiguration$WhitelabelErrorViewConfiguration' existing class 'org.springframework.boot.autoconfigure.web.ErrorMvcAutoConfiguration$WhitelabelErrorViewConfiguration' with enhanced class 'org.springframework.boot.autoconfigure.web.ErrorMvcAutoConfiguration$WhitelabelErrorViewConfiguration$$EnhancerBySpringCGLIB$$744bd976'
18:01:34.692 [main] DEBUG o.s.c.a.ConfigurationClassEnhancer - Successfully enhanced org.springframework.boot.autoconfigure.web.ErrorMvcAutoConfiguration; enhanced class name is: org.springframework.boot.autoconfigure.web.ErrorMvcAutoConfiguration$$EnhancerBySpringCGLIB$$b1eed93c
18:01:34.692 [main] DEBUG o.s.c.a.ConfigurationClassPostProcessor - Replacing bean definition 'org.springframework.boot.autoconfigure.web.ErrorMvcAutoConfiguration' existing class 'org.springframework.boot.autoconfigure.web.ErrorMvcAutoConfiguration' with enhanced class 'org.springframework.boot.autoconfigure.web.ErrorMvcAutoConfiguration$$EnhancerBySpringCGLIB$$b1eed93c'
18:01:34.692 [main] DEBUG o.s.c.a.ConfigurationClassEnhancer - Successfully enhanced org.springframework.boot.autoconfigure.web.ErrorMvcAutoConfiguration; enhanced class name is: org.springframework.boot.autoconfigure.web.ErrorMvcAutoConfiguration$$EnhancerBySpringCGLIB$$b1eed93c
18:01:34.693 [main] DEBUG o.s.c.a.ConfigurationClassPostProcessor - Replacing bean definition 'preserveErrorControllerTargetClassPostProcessor' existing class 'org.springframework.boot.autoconfigure.web.ErrorMvcAutoConfiguration' with enhanced class 'org.springframework.boot.autoconfigure.web.ErrorMvcAutoConfiguration$$EnhancerBySpringCGLIB$$b1eed93c'
18:01:34.706 [main] DEBUG o.s.c.a.ConfigurationClassEnhancer - Successfully enhanced org.springframework.boot.autoconfigure.web.WebMvcAutoConfiguration$EnableWebMvcConfiguration; enhanced class name is: org.springframework.boot.autoconfigure.web.WebMvcAutoConfiguration$EnableWebMvcConfiguration$$EnhancerBySpringCGLIB$$215412b1
18:01:34.707 [main] DEBUG o.s.c.a.ConfigurationClassPostProcessor - Replacing bean definition 'org.springframework.boot.autoconfigure.web.WebMvcAutoConfiguration$EnableWebMvcConfiguration' existing class 'org.springframework.boot.autoconfigure.web.WebMvcAutoConfiguration$EnableWebMvcConfiguration' with enhanced class 'org.springframework.boot.autoconfigure.web.WebMvcAutoConfiguration$EnableWebMvcConfiguration$$EnhancerBySpringCGLIB$$215412b1'
18:01:34.711 [main] DEBUG o.s.c.a.ConfigurationClassEnhancer - Successfully enhanced org.springframework.boot.autoconfigure.web.WebMvcAutoConfiguration$WebMvcAutoConfigurationAdapter$FaviconConfiguration; enhanced class name is: org.springframework.boot.autoconfigure.web.WebMvcAutoConfiguration$WebMvcAutoConfigurationAdapter$FaviconConfiguration$$EnhancerBySpringCGLIB$$4274bb3c
18:01:34.712 [main] DEBUG o.s.c.a.ConfigurationClassPostProcessor - Replacing bean definition 'org.springframework.boot.autoconfigure.web.WebMvcAutoConfiguration$WebMvcAutoConfigurationAdapter$FaviconConfiguration' existing class 'org.springframework.boot.autoconfigure.web.WebMvcAutoConfiguration$WebMvcAutoConfigurationAdapter$FaviconConfiguration' with enhanced class 'org.springframework.boot.autoconfigure.web.WebMvcAutoConfiguration$WebMvcAutoConfigurationAdapter$FaviconConfiguration$$EnhancerBySpringCGLIB$$4274bb3c'
18:01:34.720 [main] DEBUG o.s.c.a.ConfigurationClassEnhancer - Successfully enhanced org.springframework.boot.autoconfigure.web.WebMvcAutoConfiguration$WebMvcAutoConfigurationAdapter; enhanced class name is: org.springframework.boot.autoconfigure.web.WebMvcAutoConfiguration$WebMvcAutoConfigurationAdapter$$EnhancerBySpringCGLIB$$929c15c4
18:01:34.720 [main] DEBUG o.s.c.a.ConfigurationClassPostProcessor - Replacing bean definition 'org.springframework.boot.autoconfigure.web.WebMvcAutoConfiguration$WebMvcAutoConfigurationAdapter' existing class 'org.springframework.boot.autoconfigure.web.WebMvcAutoConfiguration$WebMvcAutoConfigurationAdapter' with enhanced class 'org.springframework.boot.autoconfigure.web.WebMvcAutoConfiguration$WebMvcAutoConfigurationAdapter$$EnhancerBySpringCGLIB$$929c15c4'
18:01:34.725 [main] DEBUG o.s.c.a.ConfigurationClassEnhancer - Successfully enhanced org.springframework.boot.autoconfigure.web.WebMvcAutoConfiguration; enhanced class name is: org.springframework.boot.autoconfigure.web.WebMvcAutoConfiguration$$EnhancerBySpringCGLIB$$3e56bf08
18:01:34.725 [main] DEBUG o.s.c.a.ConfigurationClassPostProcessor - Replacing bean definition 'org.springframework.boot.autoconfigure.web.WebMvcAutoConfiguration' existing class 'org.springframework.boot.autoconfigure.web.WebMvcAutoConfiguration' with enhanced class 'org.springframework.boot.autoconfigure.web.WebMvcAutoConfiguration$$EnhancerBySpringCGLIB$$3e56bf08'
18:01:34.729 [main] DEBUG o.s.c.a.ConfigurationClassEnhancer - Successfully enhanced org.springframework.boot.autoconfigure.jmx.JmxAutoConfiguration; enhanced class name is: org.springframework.boot.autoconfigure.jmx.JmxAutoConfiguration$$EnhancerBySpringCGLIB$$7459b964
18:01:34.729 [main] DEBUG o.s.c.a.ConfigurationClassPostProcessor - Replacing bean definition 'org.springframework.boot.autoconfigure.jmx.JmxAutoConfiguration' existing class 'org.springframework.boot.autoconfigure.jmx.JmxAutoConfiguration' with enhanced class 'org.springframework.boot.autoconfigure.jmx.JmxAutoConfiguration$$EnhancerBySpringCGLIB$$7459b964'
18:01:34.731 [main] DEBUG o.s.c.a.ConfigurationClassEnhancer - Successfully enhanced org.springframework.boot.autoconfigure.context.ConfigurationPropertiesAutoConfiguration; enhanced class name is: org.springframework.boot.autoconfigure.context.ConfigurationPropertiesAutoConfiguration$$EnhancerBySpringCGLIB$$c4d03756
18:01:34.731 [main] DEBUG o.s.c.a.ConfigurationClassPostProcessor - Replacing bean definition 'org.springframework.boot.autoconfigure.context.ConfigurationPropertiesAutoConfiguration' existing class 'org.springframework.boot.autoconfigure.context.ConfigurationPropertiesAutoConfiguration' with enhanced class 'org.springframework.boot.autoconfigure.context.ConfigurationPropertiesAutoConfiguration$$EnhancerBySpringCGLIB$$c4d03756'
18:01:34.735 [main] DEBUG o.s.c.a.ConfigurationClassEnhancer - Successfully enhanced org.springframework.boot.autoconfigure.mongo.MongoAutoConfiguration; enhanced class name is: org.springframework.boot.autoconfigure.mongo.MongoAutoConfiguration$$EnhancerBySpringCGLIB$$d97a4b66
18:01:34.735 [main] DEBUG o.s.c.a.ConfigurationClassPostProcessor - Replacing bean definition 'org.springframework.boot.autoconfigure.mongo.MongoAutoConfiguration' existing class 'org.springframework.boot.autoconfigure.mongo.MongoAutoConfiguration' with enhanced class 'org.springframework.boot.autoconfigure.mongo.MongoAutoConfiguration$$EnhancerBySpringCGLIB$$d97a4b66'
18:01:34.740 [main] DEBUG o.s.c.a.ConfigurationClassEnhancer - Successfully enhanced org.springframework.boot.autoconfigure.data.mongo.MongoDataAutoConfiguration; enhanced class name is: org.springframework.boot.autoconfigure.data.mongo.MongoDataAutoConfiguration$$EnhancerBySpringCGLIB$$b24a1a08
18:01:34.740 [main] DEBUG o.s.c.a.ConfigurationClassPostProcessor - Replacing bean definition 'org.springframework.boot.autoconfigure.data.mongo.MongoDataAutoConfiguration' existing class 'org.springframework.boot.autoconfigure.data.mongo.MongoDataAutoConfiguration' with enhanced class 'org.springframework.boot.autoconfigure.data.mongo.MongoDataAutoConfiguration$$EnhancerBySpringCGLIB$$b24a1a08'
18:01:34.742 [main] DEBUG o.s.c.a.ConfigurationClassEnhancer - Successfully enhanced org.springframework.boot.autoconfigure.data.mongo.MongoRepositoriesAutoConfiguration; enhanced class name is: org.springframework.boot.autoconfigure.data.mongo.MongoRepositoriesAutoConfiguration$$EnhancerBySpringCGLIB$$ffb3440a
18:01:34.743 [main] DEBUG o.s.c.a.ConfigurationClassPostProcessor - Replacing bean definition 'org.springframework.boot.autoconfigure.data.mongo.MongoRepositoriesAutoConfiguration' existing class 'org.springframework.boot.autoconfigure.data.mongo.MongoRepositoriesAutoConfiguration' with enhanced class 'org.springframework.boot.autoconfigure.data.mongo.MongoRepositoriesAutoConfiguration$$EnhancerBySpringCGLIB$$ffb3440a'
18:01:34.745 [main] DEBUG o.s.c.a.ConfigurationClassEnhancer - Successfully enhanced org.springframework.boot.autoconfigure.jackson.JacksonAutoConfiguration$JacksonObjectMapperBuilderConfiguration; enhanced class name is: org.springframework.boot.autoconfigure.jackson.JacksonAutoConfiguration$JacksonObjectMapperBuilderConfiguration$$EnhancerBySpringCGLIB$$b1bf5232
18:01:34.746 [main] DEBUG o.s.c.a.ConfigurationClassPostProcessor - Replacing bean definition 'org.springframework.boot.autoconfigure.jackson.JacksonAutoConfiguration$JacksonObjectMapperBuilderConfiguration' existing class 'org.springframework.boot.autoconfigure.jackson.JacksonAutoConfiguration$JacksonObjectMapperBuilderConfiguration' with enhanced class 'org.springframework.boot.autoconfigure.jackson.JacksonAutoConfiguration$JacksonObjectMapperBuilderConfiguration$$EnhancerBySpringCGLIB$$b1bf5232'
18:01:34.749 [main] DEBUG o.s.c.a.ConfigurationClassEnhancer - Successfully enhanced org.springframework.boot.autoconfigure.jackson.JacksonAutoConfiguration$JacksonObjectMapperConfiguration; enhanced class name is: org.springframework.boot.autoconfigure.jackson.JacksonAutoConfiguration$JacksonObjectMapperConfiguration$$EnhancerBySpringCGLIB$$74ecdf39
18:01:34.749 [main] DEBUG o.s.c.a.ConfigurationClassPostProcessor - Replacing bean definition 'org.springframework.boot.autoconfigure.jackson.JacksonAutoConfiguration$JacksonObjectMapperConfiguration' existing class 'org.springframework.boot.autoconfigure.jackson.JacksonAutoConfiguration$JacksonObjectMapperConfiguration' with enhanced class 'org.springframework.boot.autoconfigure.jackson.JacksonAutoConfiguration$JacksonObjectMapperConfiguration$$EnhancerBySpringCGLIB$$74ecdf39'
18:01:34.750 [main] DEBUG o.s.c.a.ConfigurationClassEnhancer - Successfully enhanced org.springframework.boot.autoconfigure.jackson.JacksonAutoConfiguration; enhanced class name is: org.springframework.boot.autoconfigure.jackson.JacksonAutoConfiguration$$EnhancerBySpringCGLIB$$99fff6e8
18:01:34.750 [main] DEBUG o.s.c.a.ConfigurationClassPostProcessor - Replacing bean definition 'org.springframework.boot.autoconfigure.jackson.JacksonAutoConfiguration' existing class 'org.springframework.boot.autoconfigure.jackson.JacksonAutoConfiguration' with enhanced class 'org.springframework.boot.autoconfigure.jackson.JacksonAutoConfiguration$$EnhancerBySpringCGLIB$$99fff6e8'
18:01:34.753 [main] DEBUG o.s.c.a.ConfigurationClassEnhancer - Successfully enhanced org.springframework.boot.autoconfigure.web.HttpMessageConvertersAutoConfiguration$StringHttpMessageConverterConfiguration; enhanced class name is: org.springframework.boot.autoconfigure.web.HttpMessageConvertersAutoConfiguration$StringHttpMessageConverterConfiguration$$EnhancerBySpringCGLIB$$721b06c8
18:01:34.754 [main] DEBUG o.s.c.a.ConfigurationClassPostProcessor - Replacing bean definition 'org.springframework.boot.autoconfigure.web.HttpMessageConvertersAutoConfiguration$StringHttpMessageConverterConfiguration' existing class 'org.springframework.boot.autoconfigure.web.HttpMessageConvertersAutoConfiguration$StringHttpMessageConverterConfiguration' with enhanced class 'org.springframework.boot.autoconfigure.web.HttpMessageConvertersAutoConfiguration$StringHttpMessageConverterConfiguration$$EnhancerBySpringCGLIB$$721b06c8'
18:01:34.758 [main] DEBUG o.s.c.a.ConfigurationClassEnhancer - Successfully enhanced org.springframework.boot.autoconfigure.web.JacksonHttpMessageConvertersConfiguration$MappingJackson2HttpMessageConverterConfiguration; enhanced class name is: org.springframework.boot.autoconfigure.web.JacksonHttpMessageConvertersConfiguration$MappingJackson2HttpMessageConverterConfiguration$$EnhancerBySpringCGLIB$$a1abf0c8
18:01:34.759 [main] DEBUG o.s.c.a.ConfigurationClassPostProcessor - Replacing bean definition 'org.springframework.boot.autoconfigure.web.JacksonHttpMessageConvertersConfiguration$MappingJackson2HttpMessageConverterConfiguration' existing class 'org.springframework.boot.autoconfigure.web.JacksonHttpMessageConvertersConfiguration$MappingJackson2HttpMessageConverterConfiguration' with enhanced class 'org.springframework.boot.autoconfigure.web.JacksonHttpMessageConvertersConfiguration$MappingJackson2HttpMessageConverterConfiguration$$EnhancerBySpringCGLIB$$a1abf0c8'
18:01:34.760 [main] DEBUG o.s.c.a.ConfigurationClassEnhancer - Successfully enhanced org.springframework.boot.autoconfigure.web.JacksonHttpMessageConvertersConfiguration; enhanced class name is: org.springframework.boot.autoconfigure.web.JacksonHttpMessageConvertersConfiguration$$EnhancerBySpringCGLIB$$f207b27e
18:01:34.761 [main] DEBUG o.s.c.a.ConfigurationClassPostProcessor - Replacing bean definition 'org.springframework.boot.autoconfigure.web.JacksonHttpMessageConvertersConfiguration' existing class 'org.springframework.boot.autoconfigure.web.JacksonHttpMessageConvertersConfiguration' with enhanced class 'org.springframework.boot.autoconfigure.web.JacksonHttpMessageConvertersConfiguration$$EnhancerBySpringCGLIB$$f207b27e'
18:01:34.765 [main] DEBUG o.s.c.a.ConfigurationClassEnhancer - Successfully enhanced org.springframework.boot.autoconfigure.web.HttpMessageConvertersAutoConfiguration; enhanced class name is: org.springframework.boot.autoconfigure.web.HttpMessageConvertersAutoConfiguration$$EnhancerBySpringCGLIB$$5711d028
18:01:34.766 [main] DEBUG o.s.c.a.ConfigurationClassPostProcessor - Replacing bean definition 'org.springframework.boot.autoconfigure.web.HttpMessageConvertersAutoConfiguration' existing class 'org.springframework.boot.autoconfigure.web.HttpMessageConvertersAutoConfiguration' with enhanced class 'org.springframework.boot.autoconfigure.web.HttpMessageConvertersAutoConfiguration$$EnhancerBySpringCGLIB$$5711d028'
18:01:34.769 [main] DEBUG o.s.c.a.ConfigurationClassEnhancer - Successfully enhanced org.springframework.data.web.config.SpringDataWebConfiguration; enhanced class name is: org.springframework.data.web.config.SpringDataWebConfiguration$$EnhancerBySpringCGLIB$$bb76ddbb
18:01:34.769 [main] DEBUG o.s.c.a.ConfigurationClassPostProcessor - Replacing bean definition 'org.springframework.data.web.config.SpringDataWebConfiguration' existing class 'org.springframework.data.web.config.SpringDataWebConfiguration' with enhanced class 'org.springframework.data.web.config.SpringDataWebConfiguration$$EnhancerBySpringCGLIB$$bb76ddbb'
18:01:34.772 [main] DEBUG o.s.c.a.ConfigurationClassEnhancer - Successfully enhanced org.springframework.data.mongodb.core.GeoJsonConfiguration; enhanced class name is: org.springframework.data.mongodb.core.GeoJsonConfiguration$$EnhancerBySpringCGLIB$$6fa3cec0
18:01:34.772 [main] DEBUG o.s.c.a.ConfigurationClassPostProcessor - Replacing bean definition 'org.springframework.data.mongodb.core.GeoJsonConfiguration' existing class 'org.springframework.data.mongodb.core.GeoJsonConfiguration' with enhanced class 'org.springframework.data.mongodb.core.GeoJsonConfiguration$$EnhancerBySpringCGLIB$$6fa3cec0'
18:01:34.775 [main] DEBUG o.s.c.a.ConfigurationClassEnhancer - Successfully enhanced org.springframework.data.web.config.SpringDataJacksonConfiguration; enhanced class name is: org.springframework.data.web.config.SpringDataJacksonConfiguration$$EnhancerBySpringCGLIB$$28f2871c
18:01:34.775 [main] DEBUG o.s.c.a.ConfigurationClassPostProcessor - Replacing bean definition 'org.springframework.data.web.config.SpringDataJacksonConfiguration' existing class 'org.springframework.data.web.config.SpringDataJacksonConfiguration' with enhanced class 'org.springframework.data.web.config.SpringDataJacksonConfiguration$$EnhancerBySpringCGLIB$$28f2871c'
18:01:34.776 [main] DEBUG o.s.c.a.ConfigurationClassEnhancer - Successfully enhanced org.springframework.boot.autoconfigure.data.web.SpringDataWebAutoConfiguration; enhanced class name is: org.springframework.boot.autoconfigure.data.web.SpringDataWebAutoConfiguration$$EnhancerBySpringCGLIB$$380c83c9
18:01:34.776 [main] DEBUG o.s.c.a.ConfigurationClassPostProcessor - Replacing bean definition 'org.springframework.boot.autoconfigure.data.web.SpringDataWebAutoConfiguration' existing class 'org.springframework.boot.autoconfigure.data.web.SpringDataWebAutoConfiguration' with enhanced class 'org.springframework.boot.autoconfigure.data.web.SpringDataWebAutoConfiguration$$EnhancerBySpringCGLIB$$380c83c9'
18:01:34.779 [main] DEBUG o.s.c.a.ConfigurationClassEnhancer - Successfully enhanced org.springframework.boot.autoconfigure.web.HttpEncodingAutoConfiguration; enhanced class name is: org.springframework.boot.autoconfigure.web.HttpEncodingAutoConfiguration$$EnhancerBySpringCGLIB$$933eeb13
18:01:34.779 [main] DEBUG o.s.c.a.ConfigurationClassPostProcessor - Replacing bean definition 'org.springframework.boot.autoconfigure.web.HttpEncodingAutoConfiguration' existing class 'org.springframework.boot.autoconfigure.web.HttpEncodingAutoConfiguration' with enhanced class 'org.springframework.boot.autoconfigure.web.HttpEncodingAutoConfiguration$$EnhancerBySpringCGLIB$$933eeb13'
18:01:34.781 [main] DEBUG o.s.c.a.ConfigurationClassEnhancer - Successfully enhanced org.springframework.boot.autoconfigure.web.MultipartAutoConfiguration; enhanced class name is: org.springframework.boot.autoconfigure.web.MultipartAutoConfiguration$$EnhancerBySpringCGLIB$$5eec04e
18:01:34.781 [main] DEBUG o.s.c.a.ConfigurationClassPostProcessor - Replacing bean definition 'org.springframework.boot.autoconfigure.web.MultipartAutoConfiguration' existing class 'org.springframework.boot.autoconfigure.web.MultipartAutoConfiguration' with enhanced class 'org.springframework.boot.autoconfigure.web.MultipartAutoConfiguration$$EnhancerBySpringCGLIB$$5eec04e'
18:01:34.785 [main] DEBUG o.s.c.a.ConfigurationClassEnhancer - Successfully enhanced org.springframework.boot.autoconfigure.web.ServerPropertiesAutoConfiguration; enhanced class name is: org.springframework.boot.autoconfigure.web.ServerPropertiesAutoConfiguration$$EnhancerBySpringCGLIB$$b1103f98
18:01:34.786 [main] DEBUG o.s.c.a.ConfigurationClassPostProcessor - Replacing bean definition 'org.springframework.boot.autoconfigure.web.ServerPropertiesAutoConfiguration' existing class 'org.springframework.boot.autoconfigure.web.ServerPropertiesAutoConfiguration' with enhanced class 'org.springframework.boot.autoconfigure.web.ServerPropertiesAutoConfiguration$$EnhancerBySpringCGLIB$$b1103f98'
18:01:34.789 [main] DEBUG o.s.b.f.s.DefaultListableBeanFactory - Creating shared instance of singleton bean 'propertySourcesPlaceholderConfigurer'
18:01:34.789 [main] DEBUG o.s.b.f.s.DefaultListableBeanFactory - Creating instance of bean 'propertySourcesPlaceholderConfigurer'
18:01:34.794 [main] DEBUG o.s.b.f.s.DefaultListableBeanFactory - Eagerly caching bean 'propertySourcesPlaceholderConfigurer' to allow for resolving potential circular references
18:01:34.795 [main] DEBUG o.s.b.f.s.DefaultListableBeanFactory - Finished creating instance of bean 'propertySourcesPlaceholderConfigurer'
18:01:34.798 [main] DEBUG o.s.core.env.MutablePropertySources - Adding [environmentProperties] PropertySource with lowest search precedence
18:01:34.798 [main] DEBUG o.s.core.env.MutablePropertySources - Adding [localProperties] PropertySource with lowest search precedence
18:01:34.824 [main] DEBUG o.s.b.f.s.DefaultListableBeanFactory - Creating shared instance of singleton bean 'org.springframework.boot.context.properties.ConfigurationPropertiesBindingPostProcessor.store'
18:01:34.824 [main] DEBUG o.s.b.f.s.DefaultListableBeanFactory - Creating instance of bean 'org.springframework.boot.context.properties.ConfigurationPropertiesBindingPostProcessor.store'
18:01:34.824 [main] DEBUG o.s.b.f.s.DefaultListableBeanFactory - Eagerly caching bean 'org.springframework.boot.context.properties.ConfigurationPropertiesBindingPostProcessor.store' to allow for resolving potential circular references
18:01:34.824 [main] DEBUG o.s.b.f.s.DefaultListableBeanFactory - Finished creating instance of bean 'org.springframework.boot.context.properties.ConfigurationPropertiesBindingPostProcessor.store'
18:01:34.825 [main] DEBUG o.s.b.f.s.DefaultListableBeanFactory - Creating shared instance of singleton bean 'preserveErrorControllerTargetClassPostProcessor'
18:01:34.825 [main] DEBUG o.s.b.f.s.DefaultListableBeanFactory - Creating instance of bean 'preserveErrorControllerTargetClassPostProcessor'
18:01:34.825 [main] DEBUG o.s.b.f.s.DefaultListableBeanFactory - Eagerly caching bean 'preserveErrorControllerTargetClassPostProcessor' to allow for resolving potential circular references
18:01:34.825 [main] DEBUG o.s.b.f.s.DefaultListableBeanFactory - Finished creating instance of bean 'preserveErrorControllerTargetClassPostProcessor'
18:01:34.836 [main] DEBUG o.s.b.f.s.DefaultListableBeanFactory - Creating shared instance of singleton bean 'org.springframework.context.annotation.internalAutowiredAnnotationProcessor'
18:01:34.836 [main] DEBUG o.s.b.f.s.DefaultListableBeanFactory - Creating instance of bean 'org.springframework.context.annotation.internalAutowiredAnnotationProcessor'
18:01:34.837 [main] DEBUG o.s.b.f.s.DefaultListableBeanFactory - Eagerly caching bean 'org.springframework.context.annotation.internalAutowiredAnnotationProcessor' to allow for resolving potential circular references
18:01:34.837 [main] DEBUG o.s.b.f.s.DefaultListableBeanFactory - Finished creating instance of bean 'org.springframework.context.annotation.internalAutowiredAnnotationProcessor'
18:01:34.837 [main] DEBUG o.s.b.f.s.DefaultListableBeanFactory - Creating shared instance of singleton bean 'org.springframework.context.annotation.internalRequiredAnnotationProcessor'
18:01:34.837 [main] DEBUG o.s.b.f.s.DefaultListableBeanFactory - Creating instance of bean 'org.springframework.context.annotation.internalRequiredAnnotationProcessor'
18:01:34.837 [main] DEBUG o.s.b.f.s.DefaultListableBeanFactory - Eagerly caching bean 'org.springframework.context.annotation.internalRequiredAnnotationProcessor' to allow for resolving potential circular references
18:01:34.837 [main] DEBUG o.s.b.f.s.DefaultListableBeanFactory - Finished creating instance of bean 'org.springframework.context.annotation.internalRequiredAnnotationProcessor'
18:01:34.838 [main] DEBUG o.s.b.f.s.DefaultListableBeanFactory - Creating shared instance of singleton bean 'org.springframework.context.annotation.internalCommonAnnotationProcessor'
18:01:34.838 [main] DEBUG o.s.b.f.s.DefaultListableBeanFactory - Creating instance of bean 'org.springframework.context.annotation.internalCommonAnnotationProcessor'
18:01:34.842 [main] DEBUG o.s.b.f.s.DefaultListableBeanFactory - Eagerly caching bean 'org.springframework.context.annotation.internalCommonAnnotationProcessor' to allow for resolving potential circular references
18:01:34.842 [main] DEBUG o.s.b.f.s.DefaultListableBeanFactory - Finished creating instance of bean 'org.springframework.context.annotation.internalCommonAnnotationProcessor'
18:01:34.842 [main] DEBUG o.s.b.f.s.DefaultListableBeanFactory - Creating shared instance of singleton bean 'org.springframework.context.annotation.ConfigurationClassPostProcessor.importAwareProcessor'
18:01:34.842 [main] DEBUG o.s.b.f.s.DefaultListableBeanFactory - Creating instance of bean 'org.springframework.context.annotation.ConfigurationClassPostProcessor.importAwareProcessor'
18:01:34.842 [main] DEBUG o.s.b.f.s.DefaultListableBeanFactory - Eagerly caching bean 'org.springframework.context.annotation.ConfigurationClassPostProcessor.importAwareProcessor' to allow for resolving potential circular references
18:01:34.842 [main] DEBUG o.s.b.f.s.DefaultListableBeanFactory - Finished creating instance of bean 'org.springframework.context.annotation.ConfigurationClassPostProcessor.importAwareProcessor'
18:01:34.842 [main] DEBUG o.s.b.f.s.DefaultListableBeanFactory - Creating shared instance of singleton bean 'org.springframework.context.annotation.ConfigurationClassPostProcessor.enhancedConfigurationProcessor'
18:01:34.842 [main] DEBUG o.s.b.f.s.DefaultListableBeanFactory - Creating instance of bean 'org.springframework.context.annotation.ConfigurationClassPostProcessor.enhancedConfigurationProcessor'
18:01:34.843 [main] DEBUG o.s.b.f.s.DefaultListableBeanFactory - Eagerly caching bean 'org.springframework.context.annotation.ConfigurationClassPostProcessor.enhancedConfigurationProcessor' to allow for resolving potential circular references
18:01:34.843 [main] DEBUG o.s.b.f.s.DefaultListableBeanFactory - Finished creating instance of bean 'org.springframework.context.annotation.ConfigurationClassPostProcessor.enhancedConfigurationProcessor'
18:01:34.843 [main] DEBUG o.s.b.f.s.DefaultListableBeanFactory - Creating shared instance of singleton bean 'org.springframework.boot.context.properties.ConfigurationPropertiesBindingPostProcessor'
18:01:34.843 [main] DEBUG o.s.b.f.s.DefaultListableBeanFactory - Creating instance of bean 'org.springframework.boot.context.properties.ConfigurationPropertiesBindingPostProcessor'
18:01:34.845 [main] DEBUG o.s.core.env.StandardEnvironment - Adding [systemProperties] PropertySource with lowest search precedence
18:01:34.845 [main] DEBUG o.s.core.env.StandardEnvironment - Adding [systemEnvironment] PropertySource with lowest search precedence
18:01:34.845 [main] DEBUG o.s.core.env.StandardEnvironment - Initialized StandardEnvironment with PropertySources [systemProperties,systemEnvironment]
18:01:34.845 [main] DEBUG o.s.b.f.s.DefaultListableBeanFactory - Eagerly caching bean 'org.springframework.boot.context.properties.ConfigurationPropertiesBindingPostProcessor' to allow for resolving potential circular references
18:01:34.846 [main] DEBUG o.s.b.f.s.DefaultListableBeanFactory - Returning cached instance of singleton bean 'org.springframework.boot.context.properties.ConfigurationPropertiesBindingPostProcessor.store'
18:01:34.869 [main] DEBUG o.s.b.f.s.DefaultListableBeanFactory - Invoking afterPropertiesSet() on bean with name 'org.springframework.boot.context.properties.ConfigurationPropertiesBindingPostProcessor'
18:01:34.870 [main] DEBUG o.s.b.f.s.DefaultListableBeanFactory - Returning cached instance of singleton bean 'propertySourcesPlaceholderConfigurer'
18:01:34.872 [main] DEBUG o.s.b.f.s.DefaultListableBeanFactory - Finished creating instance of bean 'org.springframework.boot.context.properties.ConfigurationPropertiesBindingPostProcessor'
18:01:34.872 [main] DEBUG o.s.b.f.s.DefaultListableBeanFactory - Creating shared instance of singleton bean 'org.springframework.data.repository.core.support.RepositoryInterfaceAwareBeanPostProcessor'
18:01:34.872 [main] DEBUG o.s.b.f.s.DefaultListableBeanFactory - Creating instance of bean 'org.springframework.data.repository.core.support.RepositoryInterfaceAwareBeanPostProcessor'
18:01:34.873 [main] DEBUG o.s.b.f.s.DefaultListableBeanFactory - Eagerly caching bean 'org.springframework.data.repository.core.support.RepositoryInterfaceAwareBeanPostProcessor' to allow for resolving potential circular references
18:01:34.873 [main] DEBUG o.s.b.f.s.DefaultListableBeanFactory - Finished creating instance of bean 'org.springframework.data.repository.core.support.RepositoryInterfaceAwareBeanPostProcessor'
18:01:34.873 [main] DEBUG o.s.b.f.s.DefaultListableBeanFactory - Creating shared instance of singleton bean 'persistenceExceptionTranslationPostProcessor'
18:01:34.873 [main] DEBUG o.s.b.f.s.DefaultListableBeanFactory - Creating instance of bean 'persistenceExceptionTranslationPostProcessor'
18:01:34.882 [main] DEBUG o.s.b.f.s.DefaultListableBeanFactory - Eagerly caching bean 'persistenceExceptionTranslationPostProcessor' to allow for resolving potential circular references
18:01:34.902 [main] DEBUG o.s.b.f.s.DefaultListableBeanFactory - Finished creating instance of bean 'persistenceExceptionTranslationPostProcessor'
18:01:34.903 [main] DEBUG o.s.b.f.s.DefaultListableBeanFactory - Creating shared instance of singleton bean 'embeddedServletContainerCustomizerBeanPostProcessor'
18:01:34.903 [main] DEBUG o.s.b.f.s.DefaultListableBeanFactory - Creating instance of bean 'embeddedServletContainerCustomizerBeanPostProcessor'
18:01:34.905 [main] DEBUG o.s.b.f.s.DefaultListableBeanFactory - Eagerly caching bean 'embeddedServletContainerCustomizerBeanPostProcessor' to allow for resolving potential circular references
18:01:34.909 [main] DEBUG o.s.b.f.s.DefaultListableBeanFactory - Finished creating instance of bean 'embeddedServletContainerCustomizerBeanPostProcessor'
18:01:34.912 [main] DEBUG o.s.w.c.s.GenericWebApplicationContext - Unable to locate MessageSource with name 'messageSource': using default [org.springframework.context.support.DelegatingMessageSource@7923f5b3]
18:01:34.915 [main] DEBUG o.s.w.c.s.GenericWebApplicationContext - Unable to locate ApplicationEventMulticaster with name 'applicationEventMulticaster': using default [org.springframework.context.event.SimpleApplicationEventMulticaster@6050462a]
18:01:34.918 [main] DEBUG o.s.u.c.s.UiApplicationContextUtils - Unable to locate ThemeSource with name 'themeSource': using default [org.springframework.ui.context.support.ResourceBundleThemeSource@3e83c18]
18:01:34.921 [main] DEBUG o.s.b.f.s.DefaultListableBeanFactory - Pre-instantiating singletons in org.springframework.beans.factory.support.DefaultListableBeanFactory@11a9e7c8: defining beans [org.springframework.context.annotation.internalConfigurationAnnotationProcessor,org.springframework.context.annotation.internalAutowiredAnnotationProcessor,org.springframework.context.annotation.internalRequiredAnnotationProcessor,org.springframework.context.annotation.internalCommonAnnotationProcessor,org.springframework.context.event.internalEventListenerProcessor,org.springframework.context.event.internalEventListenerFactory,application,org.springframework.context.annotation.ConfigurationClassPostProcessor.importAwareProcessor,org.springframework.context.annotation.ConfigurationClassPostProcessor.enhancedConfigurationProcessor,todoCtrl,voitCtrl,org.springframework.boot.autoconfigure.AutoConfigurationPackages,org.springframework.boot.autoconfigure.PropertyPlaceholderAutoConfiguration,org.springframework.boot.autoconfigure.condition.BeanTypeRegistry,propertySourcesPlaceholderConfigurer,org.springframework.boot.autoconfigure.websocket.WebSocketAutoConfiguration$TomcatWebSocketConfiguration,websocketContainerCustomizer,org.springframework.boot.autoconfigure.websocket.WebSocketAutoConfiguration,org.springframework.boot.autoconfigure.web.EmbeddedServletContainerAutoConfiguration$EmbeddedJetty,jettyEmbeddedServletContainerFactory,org.springframework.boot.autoconfigure.web.EmbeddedServletContainerAutoConfiguration,embeddedServletContainerCustomizerBeanPostProcessor,org.springframework.boot.autoconfigure.web.DispatcherServletAutoConfiguration$DispatcherServletConfiguration,dispatcherServlet,dispatcherServletRegistration,spring.mvc.CONFIGURATION_PROPERTIES,org.springframework.boot.context.properties.ConfigurationPropertiesBindingPostProcessor,org.springframework.boot.context.properties.ConfigurationPropertiesBindingPostProcessor.store,org.springframework.boot.autoconfigure.web.DispatcherServletAutoConfiguration,org.springframework.boot.autoconfigure.web.ErrorMvcAutoConfiguration$WhitelabelErrorViewConfiguration,error,beanNameViewResolver,org.springframework.boot.autoconfigure.web.ErrorMvcAutoConfiguration,errorAttributes,basicErrorController,errorPageCustomizer,preserveErrorControllerTargetClassPostProcessor,org.springframework.boot.autoconfigure.web.WebMvcAutoConfiguration$EnableWebMvcConfiguration,requestMappingHandlerAdapter,requestMappingHandlerMapping,mvcContentNegotiationManager,viewControllerHandlerMapping,beanNameHandlerMapping,resourceHandlerMapping,mvcResourceUrlProvider,defaultServletHandlerMapping,mvcConversionService,mvcValidator,mvcPathMatcher,mvcUrlPathHelper,mvcUriComponentsContributor,httpRequestHandlerAdapter,simpleControllerHandlerAdapter,handlerExceptionResolver,mvcViewResolver,org.springframework.boot.autoconfigure.web.WebMvcAutoConfiguration$WebMvcAutoConfigurationAdapter$FaviconConfiguration,faviconHandlerMapping,faviconRequestHandler,org.springframework.boot.autoconfigure.web.WebMvcAutoConfiguration$WebMvcAutoConfigurationAdapter,defaultViewResolver,requestContextFilter,viewResolver,spring.resources.CONFIGURATION_PROPERTIES,org.springframework.boot.autoconfigure.web.WebMvcAutoConfiguration,hiddenHttpMethodFilter,httpPutFormContentFilter,org.springframework.boot.autoconfigure.jmx.JmxAutoConfiguration,mbeanExporter,objectNamingStrategy,mbeanServer,org.springframework.boot.autoconfigure.context.ConfigurationPropertiesAutoConfiguration,org.springframework.boot.autoconfigure.dao.PersistenceExceptionTranslationAutoConfiguration,persistenceExceptionTranslationPostProcessor,org.springframework.boot.autoconfigure.mongo.MongoAutoConfiguration,mongo,spring.data.mongodb.CONFIGURATION_PROPERTIES,org.springframework.boot.autoconfigure.data.mongo.MongoDataAutoConfiguration,mongoDbFactory,mongoTemplate,mappingMongoConverter,mongoMappingContext,gridFsTemplate,org.springframework.boot.autoconfigure.data.mongo.MongoRepositoriesAutoConfiguration,org.springframework.data.repository.core.support.RepositoryInterfaceAwareBeanPostProcessor,todoRepository,voitureRepository,org.springframework.boot.autoconfigure.jackson.JacksonAutoConfiguration$JacksonObjectMapperBuilderConfiguration,jacksonObjectMapperBuilder,spring.jackson.CONFIGURATION_PROPERTIES,org.springframework.boot.autoconfigure.jackson.JacksonAutoConfiguration$JacksonObjectMapperConfiguration,jacksonObjectMapper,org.springframework.boot.autoconfigure.jackson.JacksonAutoConfiguration,org.springframework.boot.autoconfigure.web.HttpMessageConvertersAutoConfiguration$StringHttpMessageConverterConfiguration,stringHttpMessageConverter,spring.http.encoding.CONFIGURATION_PROPERTIES,org.springframework.boot.autoconfigure.web.JacksonHttpMessageConvertersConfiguration$MappingJackson2HttpMessageConverterConfiguration,mappingJackson2HttpMessageConverter,org.springframework.boot.autoconfigure.web.JacksonHttpMessageConvertersConfiguration,org.springframework.boot.autoconfigure.web.HttpMessageConvertersAutoConfiguration,messageConverters,org.springframework.data.web.config.SpringDataWebConfiguration,pageableResolver,sortResolver,org.springframework.data.mongodb.core.GeoJsonConfiguration,geoJsonModule,org.springframework.data.web.config.SpringDataJacksonConfiguration,jacksonGeoModule,org.springframework.boot.autoconfigure.data.web.SpringDataWebAutoConfiguration,org.springframework.boot.autoconfigure.web.HttpEncodingAutoConfiguration,characterEncodingFilter,org.springframework.boot.autoconfigure.web.MultipartAutoConfiguration,multipartConfigElement,multipartResolver,multipart.CONFIGURATION_PROPERTIES,org.springframework.boot.autoconfigure.web.ServerPropertiesAutoConfiguration,serverProperties,duplicateServerPropertiesDetector]; root of factory hierarchy
18:01:34.921 [main] DEBUG o.s.b.f.s.DefaultListableBeanFactory - Returning cached instance of singleton bean 'org.springframework.context.annotation.internalConfigurationAnnotationProcessor'
18:01:34.921 [main] DEBUG o.s.b.f.s.DefaultListableBeanFactory - Returning cached instance of singleton bean 'org.springframework.context.annotation.internalAutowiredAnnotationProcessor'
18:01:34.921 [main] DEBUG o.s.b.f.s.DefaultListableBeanFactory - Returning cached instance of singleton bean 'org.springframework.context.annotation.internalRequiredAnnotationProcessor'
18:01:34.921 [main] DEBUG o.s.b.f.s.DefaultListableBeanFactory - Returning cached instance of singleton bean 'org.springframework.context.annotation.internalCommonAnnotationProcessor'
18:01:34.921 [main] DEBUG o.s.b.f.s.DefaultListableBeanFactory - Creating shared instance of singleton bean 'org.springframework.context.event.internalEventListenerProcessor'
18:01:34.922 [main] DEBUG o.s.b.f.s.DefaultListableBeanFactory - Creating instance of bean 'org.springframework.context.event.internalEventListenerProcessor'
18:01:34.924 [main] DEBUG o.s.b.f.s.DefaultListableBeanFactory - Eagerly caching bean 'org.springframework.context.event.internalEventListenerProcessor' to allow for resolving potential circular references
18:01:34.926 [main] DEBUG o.s.b.f.s.DefaultListableBeanFactory - Finished creating instance of bean 'org.springframework.context.event.internalEventListenerProcessor'
18:01:34.926 [main] DEBUG o.s.b.f.s.DefaultListableBeanFactory - Creating shared instance of singleton bean 'org.springframework.context.event.internalEventListenerFactory'
18:01:34.926 [main] DEBUG o.s.b.f.s.DefaultListableBeanFactory - Creating instance of bean 'org.springframework.context.event.internalEventListenerFactory'
18:01:34.926 [main] DEBUG o.s.b.f.s.DefaultListableBeanFactory - Eagerly caching bean 'org.springframework.context.event.internalEventListenerFactory' to allow for resolving potential circular references
18:01:34.929 [main] DEBUG o.s.b.f.s.DefaultListableBeanFactory - Finished creating instance of bean 'org.springframework.context.event.internalEventListenerFactory'
18:01:34.929 [main] DEBUG o.s.b.f.s.DefaultListableBeanFactory - Creating shared instance of singleton bean 'application'
18:01:34.929 [main] DEBUG o.s.b.f.s.DefaultListableBeanFactory - Creating instance of bean 'application'
18:01:34.930 [main] DEBUG o.s.b.f.s.DefaultListableBeanFactory - Eagerly caching bean 'application' to allow for resolving potential circular references
18:01:34.934 [main] DEBUG o.s.b.f.s.DefaultListableBeanFactory - Finished creating instance of bean 'application'
18:01:34.934 [main] DEBUG o.s.b.f.s.DefaultListableBeanFactory - Returning cached instance of singleton bean 'org.springframework.context.annotation.ConfigurationClassPostProcessor.importAwareProcessor'
18:01:34.934 [main] DEBUG o.s.b.f.s.DefaultListableBeanFactory - Returning cached instance of singleton bean 'org.springframework.context.annotation.ConfigurationClassPostProcessor.enhancedConfigurationProcessor'
18:01:34.934 [main] DEBUG o.s.b.f.s.DefaultListableBeanFactory - Creating shared instance of singleton bean 'todoCtrl'
18:01:34.934 [main] DEBUG o.s.b.f.s.DefaultListableBeanFactory - Creating instance of bean 'todoCtrl'
18:01:34.940 [main] DEBUG o.s.b.f.annotation.InjectionMetadata - Registered injected element on class [com.todolist.services.TodoCtrl]: AutowiredFieldElement for private com.todolist.repository.TodoRepository com.todolist.services.TodoCtrl.todoRepository
18:01:34.940 [main] DEBUG o.s.b.f.s.DefaultListableBeanFactory - Eagerly caching bean 'todoCtrl' to allow for resolving potential circular references
18:01:34.943 [main] DEBUG o.s.b.f.annotation.InjectionMetadata - Processing injected element of bean 'todoCtrl': AutowiredFieldElement for private com.todolist.repository.TodoRepository com.todolist.services.TodoCtrl.todoRepository
18:01:34.946 [main] DEBUG o.s.b.f.s.DefaultListableBeanFactory - Creating shared instance of singleton bean 'todoRepository'
18:01:34.946 [main] DEBUG o.s.b.f.s.DefaultListableBeanFactory - Creating instance of bean 'todoRepository'
18:01:34.954 [main] DEBUG o.s.b.f.s.DefaultListableBeanFactory - Eagerly caching bean 'todoRepository' to allow for resolving potential circular references
18:01:34.972 [main] DEBUG o.s.b.f.s.DefaultListableBeanFactory - Creating instance of bean '(inner bean)#8a62297'
18:01:34.972 [main] DEBUG o.s.b.f.s.DefaultListableBeanFactory - Creating instance of bean '(inner bean)#1763992e'
18:01:34.979 [main] DEBUG o.s.b.f.s.DefaultListableBeanFactory - Invoking afterPropertiesSet() on bean with name '(inner bean)#1763992e'
18:01:34.979 [main] DEBUG o.s.b.f.s.DefaultListableBeanFactory - Finished creating instance of bean '(inner bean)#1763992e'
18:01:34.986 [main] DEBUG o.s.b.f.s.DefaultListableBeanFactory - Finished creating instance of bean '(inner bean)#8a62297'
18:01:34.986 [main] DEBUG o.s.b.f.s.DefaultListableBeanFactory - Creating instance of bean '(inner bean)#5965844d'
18:01:34.991 [main] DEBUG o.s.b.f.s.DefaultListableBeanFactory - Finished creating instance of bean '(inner bean)#5965844d'
18:01:34.992 [main] DEBUG o.s.b.f.s.DefaultListableBeanFactory - Creating shared instance of singleton bean 'mongoTemplate'
18:01:34.992 [main] DEBUG o.s.b.f.s.DefaultListableBeanFactory - Creating instance of bean 'mongoTemplate'
18:01:34.992 [main] DEBUG o.s.b.f.s.DefaultListableBeanFactory - Creating shared instance of singleton bean 'org.springframework.boot.autoconfigure.data.mongo.MongoDataAutoConfiguration'
18:01:34.992 [main] DEBUG o.s.b.f.s.DefaultListableBeanFactory - Creating instance of bean 'org.springframework.boot.autoconfigure.data.mongo.MongoDataAutoConfiguration'
18:01:34.994 [main] DEBUG o.s.b.f.annotation.InjectionMetadata - Registered injected element on class [org.springframework.boot.autoconfigure.data.mongo.MongoDataAutoConfiguration$$EnhancerBySpringCGLIB$$b24a1a08]: AutowiredFieldElement for private org.springframework.boot.autoconfigure.mongo.MongoProperties org.springframework.boot.autoconfigure.data.mongo.MongoDataAutoConfiguration.properties
18:01:34.994 [main] DEBUG o.s.b.f.annotation.InjectionMetadata - Registered injected element on class [org.springframework.boot.autoconfigure.data.mongo.MongoDataAutoConfiguration$$EnhancerBySpringCGLIB$$b24a1a08]: AutowiredFieldElement for private org.springframework.core.env.Environment org.springframework.boot.autoconfigure.data.mongo.MongoDataAutoConfiguration.environment
18:01:34.994 [main] DEBUG o.s.b.f.annotation.InjectionMetadata - Registered injected element on class [org.springframework.boot.autoconfigure.data.mongo.MongoDataAutoConfiguration$$EnhancerBySpringCGLIB$$b24a1a08]: AutowiredFieldElement for private org.springframework.core.io.ResourceLoader org.springframework.boot.autoconfigure.data.mongo.MongoDataAutoConfiguration.resourceLoader
18:01:34.994 [main] DEBUG o.s.b.f.s.DefaultListableBeanFactory - Eagerly caching bean 'org.springframework.boot.autoconfigure.data.mongo.MongoDataAutoConfiguration' to allow for resolving potential circular references
18:01:34.999 [main] DEBUG o.s.b.f.annotation.InjectionMetadata - Processing injected element of bean 'org.springframework.boot.autoconfigure.data.mongo.MongoDataAutoConfiguration': AutowiredFieldElement for private org.springframework.boot.autoconfigure.mongo.MongoProperties org.springframework.boot.autoconfigure.data.mongo.MongoDataAutoConfiguration.properties
18:01:35.000 [main] DEBUG o.s.b.f.s.DefaultListableBeanFactory - Creating shared instance of singleton bean 'spring.data.mongodb.CONFIGURATION_PROPERTIES'
18:01:35.000 [main] DEBUG o.s.b.f.s.DefaultListableBeanFactory - Creating instance of bean 'spring.data.mongodb.CONFIGURATION_PROPERTIES'
18:01:35.001 [main] DEBUG o.s.b.f.s.DefaultListableBeanFactory - Eagerly caching bean 'spring.data.mongodb.CONFIGURATION_PROPERTIES' to allow for resolving potential circular references
18:01:35.053 [main] DEBUG org.jboss.logging - Logging Provider: org.jboss.logging.Slf4jLoggerProvider
18:01:35.054 [main] INFO  o.h.validator.internal.util.Version - HV000001: Hibernate Validator 5.2.2.Final
18:01:35.091 [main] DEBUG o.h.v.i.e.r.DefaultTraversableResolver - Found javax.persistence.Persistence on classpath containing 'getPersistenceUtil'. Assuming JPA 2 environment. Trying to instantiate JPA aware TraversableResolver
18:01:35.093 [main] DEBUG o.h.v.i.e.r.DefaultTraversableResolver - Instantiated JPA aware TraversableResolver of type org.hibernate.validator.internal.engine.resolver.JPATraversableResolver.
18:01:35.105 [main] DEBUG o.h.v.i.engine.ConfigurationImpl - Setting custom MessageInterpolator of type org.springframework.validation.beanvalidation.LocaleContextMessageInterpolator
18:01:35.106 [main] DEBUG o.h.v.i.engine.ConfigurationImpl - Setting custom ConstraintValidatorFactory of type org.springframework.validation.beanvalidation.SpringConstraintValidatorFactory
18:01:35.108 [main] DEBUG o.h.v.i.engine.ConfigurationImpl - Setting custom ParameterNameProvider of type com.sun.proxy.$Proxy47
18:01:35.110 [main] DEBUG o.h.v.i.xml.ValidationXmlParser - Trying to load META-INF/validation.xml for XML based Validator configuration.
18:01:35.112 [main] DEBUG o.h.v.i.xml.ResourceLoaderHelper - Trying to load META-INF/validation.xml via user class loader
18:01:35.113 [main] DEBUG o.h.v.i.xml.ResourceLoaderHelper - Trying to load META-INF/validation.xml via TCCL
18:01:35.114 [main] DEBUG o.h.v.i.xml.ResourceLoaderHelper - Trying to load META-INF/validation.xml via Hibernate Validator's class loader
18:01:35.114 [main] DEBUG o.h.v.i.xml.ValidationXmlParser - No META-INF/validation.xml found. Using annotation based configuration only.
18:01:35.185 [main] DEBUG o.s.b.f.annotation.InjectionMetadata - Processing injected element of bean 'org.springframework.boot.context.properties.ConfigurationPropertiesBindingPostProcessor': AutowiredMethodElement for public void org.springframework.boot.context.properties.ConfigurationPropertiesBindingPostProcessor.setGenericConverters(java.util.List)
18:01:35.189 [main] DEBUG o.s.b.f.annotation.InjectionMetadata - Processing injected element of bean 'org.springframework.boot.context.properties.ConfigurationPropertiesBindingPostProcessor': AutowiredMethodElement for public void org.springframework.boot.context.properties.ConfigurationPropertiesBindingPostProcessor.setConverters(java.util.List)
18:01:35.193 [main] DEBUG o.s.core.env.MutablePropertySources - Adding [servletConfigInitParams] PropertySource with lowest search precedence
18:01:35.194 [main] DEBUG o.s.core.env.MutablePropertySources - Adding [servletContextInitParams] PropertySource with lowest search precedence
18:01:35.194 [main] DEBUG o.s.core.env.MutablePropertySources - Adding [systemProperties] PropertySource with lowest search precedence
18:01:35.194 [main] DEBUG o.s.core.env.MutablePropertySources - Adding [systemEnvironment] PropertySource with lowest search precedence
18:01:35.194 [main] DEBUG o.s.core.env.MutablePropertySources - Adding [localProperties] PropertySource with lowest search precedence
18:01:35.270 [main] DEBUG o.s.b.f.s.DefaultListableBeanFactory - Finished creating instance of bean 'spring.data.mongodb.CONFIGURATION_PROPERTIES'
18:01:35.270 [main] DEBUG o.s.b.f.a.AutowiredAnnotationBeanPostProcessor - Autowiring by type from bean name 'org.springframework.boot.autoconfigure.data.mongo.MongoDataAutoConfiguration' to bean named 'spring.data.mongodb.CONFIGURATION_PROPERTIES'
18:01:35.270 [main] DEBUG o.s.b.f.annotation.InjectionMetadata - Processing injected element of bean 'org.springframework.boot.autoconfigure.data.mongo.MongoDataAutoConfiguration': AutowiredFieldElement for private org.springframework.core.env.Environment org.springframework.boot.autoconfigure.data.mongo.MongoDataAutoConfiguration.environment
18:01:35.271 [main] DEBUG o.s.b.f.s.DefaultListableBeanFactory - Returning cached instance of singleton bean 'environment'
18:01:35.271 [main] DEBUG o.s.b.f.a.AutowiredAnnotationBeanPostProcessor - Autowiring by type from bean name 'org.springframework.boot.autoconfigure.data.mongo.MongoDataAutoConfiguration' to bean named 'environment'
18:01:35.272 [main] DEBUG o.s.b.f.annotation.InjectionMetadata - Processing injected element of bean 'org.springframework.boot.autoconfigure.data.mongo.MongoDataAutoConfiguration': AutowiredFieldElement for private org.springframework.core.io.ResourceLoader org.springframework.boot.autoconfigure.data.mongo.MongoDataAutoConfiguration.resourceLoader
18:01:35.272 [main] DEBUG o.s.b.f.a.AutowiredAnnotationBeanPostProcessor - Autowiring by type from bean name 'org.springframework.boot.autoconfigure.data.mongo.MongoDataAutoConfiguration' to bean named 'org.springframework.web.context.support.GenericWebApplicationContext@17d0685f'
18:01:35.277 [main] DEBUG o.s.b.f.s.DefaultListableBeanFactory - Finished creating instance of bean 'org.springframework.boot.autoconfigure.data.mongo.MongoDataAutoConfiguration'
18:01:35.281 [main] DEBUG o.s.b.f.s.DefaultListableBeanFactory - Creating shared instance of singleton bean 'mongoDbFactory'
18:01:35.281 [main] DEBUG o.s.b.f.s.DefaultListableBeanFactory - Creating instance of bean 'mongoDbFactory'
18:01:35.282 [main] DEBUG o.s.b.f.s.DefaultListableBeanFactory - Returning cached instance of singleton bean 'org.springframework.boot.autoconfigure.data.mongo.MongoDataAutoConfiguration'
18:01:35.287 [main] DEBUG o.s.b.f.s.DefaultListableBeanFactory - Creating shared instance of singleton bean 'mongo'
18:01:35.287 [main] DEBUG o.s.b.f.s.DefaultListableBeanFactory - Creating instance of bean 'mongo'
18:01:35.287 [main] DEBUG o.s.b.f.s.DefaultListableBeanFactory - Creating shared instance of singleton bean 'org.springframework.boot.autoconfigure.mongo.MongoAutoConfiguration'
18:01:35.287 [main] DEBUG o.s.b.f.s.DefaultListableBeanFactory - Creating instance of bean 'org.springframework.boot.autoconfigure.mongo.MongoAutoConfiguration'
18:01:35.290 [main] DEBUG o.s.c.a.CommonAnnotationBeanPostProcessor - Found destroy method on class [org.springframework.boot.autoconfigure.mongo.MongoAutoConfiguration$$EnhancerBySpringCGLIB$$d97a4b66]: public void org.springframework.boot.autoconfigure.mongo.MongoAutoConfiguration.close()
18:01:35.290 [main] DEBUG o.s.c.a.CommonAnnotationBeanPostProcessor - Registered destroy method on class [org.springframework.boot.autoconfigure.mongo.MongoAutoConfiguration$$EnhancerBySpringCGLIB$$d97a4b66]: org.springframework.beans.factory.annotation.InitDestroyAnnotationBeanPostProcessor$LifecycleElement@5a5ddf8
18:01:35.291 [main] DEBUG o.s.b.f.annotation.InjectionMetadata - Registered injected element on class [org.springframework.boot.autoconfigure.mongo.MongoAutoConfiguration$$EnhancerBySpringCGLIB$$d97a4b66]: AutowiredFieldElement for private org.springframework.boot.autoconfigure.mongo.MongoProperties org.springframework.boot.autoconfigure.mongo.MongoAutoConfiguration.properties
18:01:35.291 [main] DEBUG o.s.b.f.annotation.InjectionMetadata - Registered injected element on class [org.springframework.boot.autoconfigure.mongo.MongoAutoConfiguration$$EnhancerBySpringCGLIB$$d97a4b66]: AutowiredFieldElement for private com.mongodb.MongoClientOptions org.springframework.boot.autoconfigure.mongo.MongoAutoConfiguration.options
18:01:35.291 [main] DEBUG o.s.b.f.annotation.InjectionMetadata - Registered injected element on class [org.springframework.boot.autoconfigure.mongo.MongoAutoConfiguration$$EnhancerBySpringCGLIB$$d97a4b66]: AutowiredFieldElement for private org.springframework.core.env.Environment org.springframework.boot.autoconfigure.mongo.MongoAutoConfiguration.environment
18:01:35.291 [main] DEBUG o.s.b.f.s.DefaultListableBeanFactory - Eagerly caching bean 'org.springframework.boot.autoconfigure.mongo.MongoAutoConfiguration' to allow for resolving potential circular references
18:01:35.295 [main] DEBUG o.s.b.f.annotation.InjectionMetadata - Processing injected element of bean 'org.springframework.boot.autoconfigure.mongo.MongoAutoConfiguration': AutowiredFieldElement for private org.springframework.boot.autoconfigure.mongo.MongoProperties org.springframework.boot.autoconfigure.mongo.MongoAutoConfiguration.properties
18:01:35.295 [main] DEBUG o.s.b.f.s.DefaultListableBeanFactory - Returning cached instance of singleton bean 'spring.data.mongodb.CONFIGURATION_PROPERTIES'
18:01:35.296 [main] DEBUG o.s.b.f.a.AutowiredAnnotationBeanPostProcessor - Autowiring by type from bean name 'org.springframework.boot.autoconfigure.mongo.MongoAutoConfiguration' to bean named 'spring.data.mongodb.CONFIGURATION_PROPERTIES'
18:01:35.296 [main] DEBUG o.s.b.f.annotation.InjectionMetadata - Processing injected element of bean 'org.springframework.boot.autoconfigure.mongo.MongoAutoConfiguration': AutowiredFieldElement for private com.mongodb.MongoClientOptions org.springframework.boot.autoconfigure.mongo.MongoAutoConfiguration.options
18:01:35.296 [main] DEBUG o.s.b.f.annotation.InjectionMetadata - Processing injected element of bean 'org.springframework.boot.autoconfigure.mongo.MongoAutoConfiguration': AutowiredFieldElement for private org.springframework.core.env.Environment org.springframework.boot.autoconfigure.mongo.MongoAutoConfiguration.environment
18:01:35.297 [main] DEBUG o.s.b.f.s.DefaultListableBeanFactory - Returning cached instance of singleton bean 'environment'
18:01:35.297 [main] DEBUG o.s.b.f.a.AutowiredAnnotationBeanPostProcessor - Autowiring by type from bean name 'org.springframework.boot.autoconfigure.mongo.MongoAutoConfiguration' to bean named 'environment'
18:01:35.299 [main] DEBUG o.s.b.f.s.DefaultListableBeanFactory - Finished creating instance of bean 'org.springframework.boot.autoconfigure.mongo.MongoAutoConfiguration'
18:01:35.505 [main] DEBUG o.s.b.f.s.DefaultListableBeanFactory - Eagerly caching bean 'mongo' to allow for resolving potential circular references
18:01:35.512 [main] DEBUG o.s.b.f.s.DefaultListableBeanFactory - Finished creating instance of bean 'mongo'
18:01:35.512 [main] DEBUG o.s.b.f.s.DefaultListableBeanFactory - Autowiring by type from bean name 'mongoDbFactory' via factory method to bean named 'mongo'
18:01:35.529 [main] DEBUG o.s.b.f.s.DefaultListableBeanFactory - Eagerly caching bean 'mongoDbFactory' to allow for resolving potential circular references
18:01:35.532 [main] DEBUG o.s.b.f.s.DefaultListableBeanFactory - Finished creating instance of bean 'mongoDbFactory'
18:01:35.533 [main] DEBUG o.s.b.f.s.DefaultListableBeanFactory - Creating shared instance of singleton bean 'mappingMongoConverter'
18:01:35.534 [main] DEBUG o.s.b.f.s.DefaultListableBeanFactory - Creating instance of bean 'mappingMongoConverter'
18:01:35.534 [main] DEBUG o.s.b.f.s.DefaultListableBeanFactory - Returning cached instance of singleton bean 'org.springframework.boot.autoconfigure.data.mongo.MongoDataAutoConfiguration'
18:01:35.535 [main] DEBUG o.s.b.f.s.DefaultListableBeanFactory - Returning cached instance of singleton bean 'mongoDbFactory'
18:01:35.536 [main] DEBUG o.s.b.f.s.DefaultListableBeanFactory - Creating shared instance of singleton bean 'mongoMappingContext'
18:01:35.536 [main] DEBUG o.s.b.f.s.DefaultListableBeanFactory - Creating instance of bean 'mongoMappingContext'
18:01:35.537 [main] DEBUG o.s.b.f.s.DefaultListableBeanFactory - Returning cached instance of singleton bean 'org.springframework.boot.autoconfigure.data.mongo.MongoDataAutoConfiguration'
18:01:35.538 [main] DEBUG o.s.b.f.s.DefaultListableBeanFactory - Autowiring by type from bean name 'mongoMappingContext' via factory method to bean named 'org.springframework.beans.factory.support.DefaultListableBeanFactory@11a9e7c8'
18:01:35.544 [main] DEBUG o.s.core.env.StandardEnvironment - Adding [systemProperties] PropertySource with lowest search precedence
18:01:35.544 [main] DEBUG o.s.core.env.StandardEnvironment - Adding [systemEnvironment] PropertySource with lowest search precedence
18:01:35.545 [main] DEBUG o.s.core.env.StandardEnvironment - Initialized StandardEnvironment with PropertySources [systemProperties,systemEnvironment]
18:01:35.545 [main] DEBUG o.s.b.f.s.DefaultListableBeanFactory - Returning cached instance of singleton bean 'org.springframework.boot.autoconfigure.AutoConfigurationPackages'
18:01:35.545 [main] DEBUG o.s.c.i.s.PathMatchingResourcePatternResolver - Looking for matching resources in directory tree [C:\Users\yedenguele\yves\todo\target\test-classes\com\todolist]
18:01:35.546 [main] DEBUG o.s.c.i.s.PathMatchingResourcePatternResolver - Searching directory [C:\Users\yedenguele\yves\todo\target\test-classes\com\todolist] for files matching pattern [C:/Users/yedenguele/yves/todo/target/test-classes/com/todolist/**/*.class]
18:01:35.546 [main] DEBUG o.s.c.i.s.PathMatchingResourcePatternResolver - Looking for matching resources in directory tree [C:\Users\yedenguele\yves\todo\target\classes\com\todolist]
18:01:35.547 [main] DEBUG o.s.c.i.s.PathMatchingResourcePatternResolver - Searching directory [C:\Users\yedenguele\yves\todo\target\classes\com\todolist] for files matching pattern [C:/Users/yedenguele/yves/todo/target/classes/com/todolist/**/*.class]
18:01:35.547 [main] DEBUG o.s.c.i.s.PathMatchingResourcePatternResolver - Searching directory [C:\Users\yedenguele\yves\todo\target\classes\com\todolist\domain] for files matching pattern [C:/Users/yedenguele/yves/todo/target/classes/com/todolist/**/*.class]
18:01:35.548 [main] DEBUG o.s.c.i.s.PathMatchingResourcePatternResolver - Searching directory [C:\Users\yedenguele\yves\todo\target\classes\com\todolist\repository] for files matching pattern [C:/Users/yedenguele/yves/todo/target/classes/com/todolist/**/*.class]
18:01:35.548 [main] DEBUG o.s.c.i.s.PathMatchingResourcePatternResolver - Searching directory [C:\Users\yedenguele\yves\todo\target\classes\com\todolist\services] for files matching pattern [C:/Users/yedenguele/yves/todo/target/classes/com/todolist/**/*.class]
18:01:35.549 [main] DEBUG o.s.c.i.s.PathMatchingResourcePatternResolver - Resolved location pattern [classpath*:com/todolist/**/*.class] to resources [file [C:\Users\yedenguele\yves\todo\target\test-classes\com\todolist\TestUtilsTest.class], file [C:\Users\yedenguele\yves\todo\target\test-classes\com\todolist\TodoCtrlTest.class], file [C:\Users\yedenguele\yves\todo\target\classes\com\todolist\Application.class], file [C:\Users\yedenguele\yves\todo\target\classes\com\todolist\BiFunctionalExample.class], file [C:\Users\yedenguele\yves\todo\target\classes\com\todolist\domain\Todo.class], file [C:\Users\yedenguele\yves\todo\target\classes\com\todolist\domain\Voiture.class], file [C:\Users\yedenguele\yves\todo\target\classes\com\todolist\repository\TodoRepository.class], file [C:\Users\yedenguele\yves\todo\target\classes\com\todolist\repository\VoitureRepository.class], file [C:\Users\yedenguele\yves\todo\target\classes\com\todolist\services\TodoCtrl.class], file [C:\Users\yedenguele\yves\todo\target\classes\com\todolist\services\VoitCtrl.class], file [C:\Users\yedenguele\yves\todo\target\classes\com\todolist\TodoUtils.class]]
18:01:35.552 [main] DEBUG o.s.c.a.ClassPathScanningCandidateComponentProvider - Identified candidate component class: file [C:\Users\yedenguele\yves\todo\target\classes\com\todolist\domain\Todo.class]
18:01:35.553 [main] DEBUG o.s.c.a.ClassPathScanningCandidateComponentProvider - Identified candidate component class: file [C:\Users\yedenguele\yves\todo\target\classes\com\todolist\domain\Voiture.class]
18:01:35.564 [main] DEBUG o.s.b.f.s.DefaultListableBeanFactory - Eagerly caching bean 'mongoMappingContext' to allow for resolving potential circular references
18:01:35.571 [main] DEBUG o.s.b.f.s.DefaultListableBeanFactory - Invoking afterPropertiesSet() on bean with name 'mongoMappingContext'
18:01:35.608 [main] DEBUG o.s.b.f.s.DefaultListableBeanFactory - Finished creating instance of bean 'mongoMappingContext'
18:01:35.608 [main] DEBUG o.s.b.f.s.DefaultListableBeanFactory - Autowiring by type from bean name 'mappingMongoConverter' via factory method to bean named 'mongoDbFactory'
18:01:35.609 [main] DEBUG o.s.b.f.s.DefaultListableBeanFactory - Autowiring by type from bean name 'mappingMongoConverter' via factory method to bean named 'mongoMappingContext'
18:01:35.609 [main] DEBUG o.s.b.f.s.DefaultListableBeanFactory - Autowiring by type from bean name 'mappingMongoConverter' via factory method to bean named 'org.springframework.beans.factory.support.DefaultListableBeanFactory@11a9e7c8'
18:01:35.680 [main] DEBUG o.s.b.f.s.DefaultListableBeanFactory - Eagerly caching bean 'mappingMongoConverter' to allow for resolving potential circular references
18:01:35.686 [main] DEBUG o.s.b.f.s.DefaultListableBeanFactory - Invoking afterPropertiesSet() on bean with name 'mappingMongoConverter'
18:01:35.692 [main] DEBUG o.s.b.f.s.DefaultListableBeanFactory - Finished creating instance of bean 'mappingMongoConverter'
18:01:35.692 [main] DEBUG o.s.b.f.s.DefaultListableBeanFactory - Autowiring by type from bean name 'mongoTemplate' via factory method to bean named 'mongoDbFactory'
18:01:35.692 [main] DEBUG o.s.b.f.s.DefaultListableBeanFactory - Autowiring by type from bean name 'mongoTemplate' via factory method to bean named 'mappingMongoConverter'
18:01:35.709 [main] DEBUG o.s.d.m.c.i.MongoPersistentEntityIndexCreator - Analyzing class class com.todolist.domain.Todo for index information.
18:01:35.717 [main] DEBUG o.s.d.m.c.i.MongoPersistentEntityIndexCreator - Analyzing class class com.todolist.domain.Voiture for index information.
18:01:35.731 [main] DEBUG o.s.b.f.s.DefaultListableBeanFactory - Eagerly caching bean 'mongoTemplate' to allow for resolving potential circular references
18:01:35.740 [main] DEBUG o.s.b.f.s.DefaultListableBeanFactory - Finished creating instance of bean 'mongoTemplate'
18:01:35.741 [main] DEBUG o.s.b.f.s.DefaultListableBeanFactory - Invoking afterPropertiesSet() on bean with name 'todoRepository'
18:01:35.813 [main] DEBUG o.s.aop.framework.JdkDynamicAopProxy - Creating JDK dynamic proxy: target source is SingletonTargetSource for target object [org.springframework.data.mongodb.repository.support.SimpleMongoRepository@49fe3142]
18:01:35.822 [main] DEBUG o.s.b.f.s.DefaultListableBeanFactory - Finished creating instance of bean 'todoRepository'
18:01:35.824 [main] DEBUG o.s.b.f.a.AutowiredAnnotationBeanPostProcessor - Autowiring by type from bean name 'todoCtrl' to bean named 'todoRepository'
18:01:35.826 [main] DEBUG o.s.b.f.s.DefaultListableBeanFactory - Finished creating instance of bean 'todoCtrl'
18:01:35.827 [main] DEBUG o.s.b.f.s.DefaultListableBeanFactory - Creating shared instance of singleton bean 'voitCtrl'
18:01:35.827 [main] DEBUG o.s.b.f.s.DefaultListableBeanFactory - Creating instance of bean 'voitCtrl'
18:01:35.828 [main] DEBUG o.s.b.f.annotation.InjectionMetadata - Registered injected element on class [com.todolist.services.VoitCtrl]: AutowiredFieldElement for private com.todolist.repository.VoitureRepository com.todolist.services.VoitCtrl.voitureRepository
18:01:35.829 [main] DEBUG o.s.b.f.s.DefaultListableBeanFactory - Eagerly caching bean 'voitCtrl' to allow for resolving potential circular references
18:01:35.831 [main] DEBUG o.s.b.f.annotation.InjectionMetadata - Processing injected element of bean 'voitCtrl': AutowiredFieldElement for private com.todolist.repository.VoitureRepository com.todolist.services.VoitCtrl.voitureRepository
18:01:35.835 [main] DEBUG o.s.b.f.s.DefaultListableBeanFactory - Creating shared instance of singleton bean 'voitureRepository'
18:01:35.836 [main] DEBUG o.s.b.f.s.DefaultListableBeanFactory - Creating instance of bean 'voitureRepository'
18:01:35.837 [main] DEBUG o.s.b.f.s.DefaultListableBeanFactory - Eagerly caching bean 'voitureRepository' to allow for resolving potential circular references
18:01:35.838 [main] DEBUG o.s.b.f.s.DefaultListableBeanFactory - Creating instance of bean '(inner bean)#76db540e'
18:01:35.838 [main] DEBUG o.s.b.f.s.DefaultListableBeanFactory - Creating instance of bean '(inner bean)#10358c32'
18:01:35.839 [main] DEBUG o.s.b.f.s.DefaultListableBeanFactory - Invoking afterPropertiesSet() on bean with name '(inner bean)#10358c32'
18:01:35.839 [main] DEBUG o.s.b.f.s.DefaultListableBeanFactory - Finished creating instance of bean '(inner bean)#10358c32'
18:01:35.840 [main] DEBUG o.s.b.f.s.DefaultListableBeanFactory - Finished creating instance of bean '(inner bean)#76db540e'
18:01:35.840 [main] DEBUG o.s.b.f.s.DefaultListableBeanFactory - Creating instance of bean '(inner bean)#3a175162'
18:01:35.840 [main] DEBUG o.s.b.f.s.DefaultListableBeanFactory - Finished creating instance of bean '(inner bean)#3a175162'
18:01:35.841 [main] DEBUG o.s.b.f.s.DefaultListableBeanFactory - Returning cached instance of singleton bean 'mongoTemplate'
18:01:35.841 [main] DEBUG o.s.b.f.s.DefaultListableBeanFactory - Invoking afterPropertiesSet() on bean with name 'voitureRepository'
18:01:35.845 [main] DEBUG o.s.aop.framework.JdkDynamicAopProxy - Creating JDK dynamic proxy: target source is SingletonTargetSource for target object [org.springframework.data.mongodb.repository.support.SimpleMongoRepository@2a2843ec]
18:01:35.851 [main] DEBUG o.s.b.f.s.DefaultListableBeanFactory - Finished creating instance of bean 'voitureRepository'
18:01:35.851 [main] DEBUG o.s.b.f.a.AutowiredAnnotationBeanPostProcessor - Autowiring by type from bean name 'voitCtrl' to bean named 'voitureRepository'
18:01:35.851 [main] DEBUG o.s.b.f.s.DefaultListableBeanFactory - Finished creating instance of bean 'voitCtrl'
18:01:35.852 [main] DEBUG o.s.b.f.s.DefaultListableBeanFactory - Returning cached instance of singleton bean 'org.springframework.boot.autoconfigure.AutoConfigurationPackages'
18:01:35.852 [main] DEBUG o.s.b.f.s.DefaultListableBeanFactory - Creating shared instance of singleton bean 'org.springframework.boot.autoconfigure.PropertyPlaceholderAutoConfiguration'
18:01:35.852 [main] DEBUG o.s.b.f.s.DefaultListableBeanFactory - Creating instance of bean 'org.springframework.boot.autoconfigure.PropertyPlaceholderAutoConfiguration'
18:01:35.853 [main] DEBUG o.s.b.f.s.DefaultListableBeanFactory - Eagerly caching bean 'org.springframework.boot.autoconfigure.PropertyPlaceholderAutoConfiguration' to allow for resolving potential circular references
18:01:35.858 [main] DEBUG o.s.b.f.s.DefaultListableBeanFactory - Finished creating instance of bean 'org.springframework.boot.autoconfigure.PropertyPlaceholderAutoConfiguration'
18:01:35.858 [main] DEBUG o.s.b.f.s.DefaultListableBeanFactory - Returning cached instance of singleton bean 'org.springframework.boot.autoconfigure.condition.BeanTypeRegistry'
18:01:35.858 [main] DEBUG o.s.b.f.s.DefaultListableBeanFactory - Returning cached instance of singleton bean 'propertySourcesPlaceholderConfigurer'
18:01:35.858 [main] DEBUG o.s.b.f.s.DefaultListableBeanFactory - Creating shared instance of singleton bean 'org.springframework.boot.autoconfigure.websocket.WebSocketAutoConfiguration$TomcatWebSocketConfiguration'
18:01:35.858 [main] DEBUG o.s.b.f.s.DefaultListableBeanFactory - Creating instance of bean 'org.springframework.boot.autoconfigure.websocket.WebSocketAutoConfiguration$TomcatWebSocketConfiguration'
18:01:35.859 [main] DEBUG o.s.b.f.s.DefaultListableBeanFactory - Eagerly caching bean 'org.springframework.boot.autoconfigure.websocket.WebSocketAutoConfiguration$TomcatWebSocketConfiguration' to allow for resolving potential circular references
18:01:35.863 [main] DEBUG o.s.b.f.s.DefaultListableBeanFactory - Finished creating instance of bean 'org.springframework.boot.autoconfigure.websocket.WebSocketAutoConfiguration$TomcatWebSocketConfiguration'
18:01:35.864 [main] DEBUG o.s.b.f.s.DefaultListableBeanFactory - Creating shared instance of singleton bean 'websocketContainerCustomizer'
18:01:35.864 [main] DEBUG o.s.b.f.s.DefaultListableBeanFactory - Creating instance of bean 'websocketContainerCustomizer'
18:01:35.864 [main] DEBUG o.s.b.f.s.DefaultListableBeanFactory - Returning cached instance of singleton bean 'org.springframework.boot.autoconfigure.websocket.WebSocketAutoConfiguration$TomcatWebSocketConfiguration'
18:01:35.873 [main] DEBUG o.s.b.f.s.DefaultListableBeanFactory - Eagerly caching bean 'websocketContainerCustomizer' to allow for resolving potential circular references
18:01:35.876 [main] DEBUG o.s.b.f.s.DefaultListableBeanFactory - Finished creating instance of bean 'websocketContainerCustomizer'
18:01:35.876 [main] DEBUG o.s.b.f.s.DefaultListableBeanFactory - Creating shared instance of singleton bean 'org.springframework.boot.autoconfigure.websocket.WebSocketAutoConfiguration'
18:01:35.876 [main] DEBUG o.s.b.f.s.DefaultListableBeanFactory - Creating instance of bean 'org.springframework.boot.autoconfigure.websocket.WebSocketAutoConfiguration'
18:01:35.877 [main] DEBUG o.s.b.f.s.DefaultListableBeanFactory - Eagerly caching bean 'org.springframework.boot.autoconfigure.websocket.WebSocketAutoConfiguration' to allow for resolving potential circular references
18:01:35.882 [main] DEBUG o.s.b.f.s.DefaultListableBeanFactory - Finished creating instance of bean 'org.springframework.boot.autoconfigure.websocket.WebSocketAutoConfiguration'
18:01:35.882 [main] DEBUG o.s.b.f.s.DefaultListableBeanFactory - Creating shared instance of singleton bean 'org.springframework.boot.autoconfigure.web.EmbeddedServletContainerAutoConfiguration$EmbeddedJetty'
18:01:35.882 [main] DEBUG o.s.b.f.s.DefaultListableBeanFactory - Creating instance of bean 'org.springframework.boot.autoconfigure.web.EmbeddedServletContainerAutoConfiguration$EmbeddedJetty'
18:01:35.883 [main] DEBUG o.s.b.f.s.DefaultListableBeanFactory - Eagerly caching bean 'org.springframework.boot.autoconfigure.web.EmbeddedServletContainerAutoConfiguration$EmbeddedJetty' to allow for resolving potential circular references
18:01:35.886 [main] DEBUG o.s.b.f.s.DefaultListableBeanFactory - Finished creating instance of bean 'org.springframework.boot.autoconfigure.web.EmbeddedServletContainerAutoConfiguration$EmbeddedJetty'
18:01:35.886 [main] DEBUG o.s.b.f.s.DefaultListableBeanFactory - Creating shared instance of singleton bean 'jettyEmbeddedServletContainerFactory'
18:01:35.887 [main] DEBUG o.s.b.f.s.DefaultListableBeanFactory - Creating instance of bean 'jettyEmbeddedServletContainerFactory'
18:01:35.887 [main] DEBUG o.s.b.f.s.DefaultListableBeanFactory - Returning cached instance of singleton bean 'org.springframework.boot.autoconfigure.web.EmbeddedServletContainerAutoConfiguration$EmbeddedJetty'
18:01:35.905 [main] DEBUG o.s.b.f.s.DefaultListableBeanFactory - Eagerly caching bean 'jettyEmbeddedServletContainerFactory' to allow for resolving potential circular references
18:01:35.916 [main] DEBUG o.s.b.f.s.DefaultListableBeanFactory - Returning cached instance of singleton bean 'websocketContainerCustomizer'
18:01:35.916 [main] DEBUG o.s.b.f.s.DefaultListableBeanFactory - Creating shared instance of singleton bean 'errorPageCustomizer'
18:01:35.916 [main] DEBUG o.s.b.f.s.DefaultListableBeanFactory - Creating instance of bean 'errorPageCustomizer'
18:01:35.916 [main] DEBUG o.s.b.f.s.DefaultListableBeanFactory - Creating shared instance of singleton bean 'org.springframework.boot.autoconfigure.web.ErrorMvcAutoConfiguration'
18:01:35.916 [main] DEBUG o.s.b.f.s.DefaultListableBeanFactory - Creating instance of bean 'org.springframework.boot.autoconfigure.web.ErrorMvcAutoConfiguration'
18:01:35.918 [main] DEBUG o.s.b.f.annotation.InjectionMetadata - Registered injected element on class [org.springframework.boot.autoconfigure.web.ErrorMvcAutoConfiguration$$EnhancerBySpringCGLIB$$b1eed93c]: AutowiredFieldElement for private org.springframework.boot.autoconfigure.web.ServerProperties org.springframework.boot.autoconfigure.web.ErrorMvcAutoConfiguration.properties
18:01:35.918 [main] DEBUG o.s.b.f.s.DefaultListableBeanFactory - Eagerly caching bean 'org.springframework.boot.autoconfigure.web.ErrorMvcAutoConfiguration' to allow for resolving potential circular references
18:01:35.922 [main] DEBUG o.s.b.f.annotation.InjectionMetadata - Processing injected element of bean 'org.springframework.boot.autoconfigure.web.ErrorMvcAutoConfiguration': AutowiredFieldElement for private org.springframework.boot.autoconfigure.web.ServerProperties org.springframework.boot.autoconfigure.web.ErrorMvcAutoConfiguration.properties
18:01:35.923 [main] DEBUG o.s.b.f.s.DefaultListableBeanFactory - Creating shared instance of singleton bean 'serverProperties'
18:01:35.923 [main] DEBUG o.s.b.f.s.DefaultListableBeanFactory - Creating instance of bean 'serverProperties'
18:01:35.923 [main] DEBUG o.s.b.f.s.DefaultListableBeanFactory - Creating shared instance of singleton bean 'org.springframework.boot.autoconfigure.web.ServerPropertiesAutoConfiguration'
18:01:35.923 [main] DEBUG o.s.b.f.s.DefaultListableBeanFactory - Creating instance of bean 'org.springframework.boot.autoconfigure.web.ServerPropertiesAutoConfiguration'
18:01:35.924 [main] DEBUG o.s.b.f.s.DefaultListableBeanFactory - Eagerly caching bean 'org.springframework.boot.autoconfigure.web.ServerPropertiesAutoConfiguration' to allow for resolving potential circular references
18:01:35.927 [main] DEBUG o.s.b.f.s.DefaultListableBeanFactory - Finished creating instance of bean 'org.springframework.boot.autoconfigure.web.ServerPropertiesAutoConfiguration'
18:01:35.945 [main] DEBUG o.s.b.f.s.DefaultListableBeanFactory - Eagerly caching bean 'serverProperties' to allow for resolving potential circular references
18:01:35.951 [main] DEBUG o.s.core.env.MutablePropertySources - Adding [servletConfigInitParams] PropertySource with lowest search precedence
18:01:35.951 [main] DEBUG o.s.core.env.MutablePropertySources - Adding [servletContextInitParams] PropertySource with lowest search precedence
18:01:35.952 [main] DEBUG o.s.core.env.MutablePropertySources - Adding [systemProperties] PropertySource with lowest search precedence
18:01:35.952 [main] DEBUG o.s.core.env.MutablePropertySources - Adding [systemEnvironment] PropertySource with lowest search precedence
18:01:35.952 [main] DEBUG o.s.core.env.MutablePropertySources - Adding [localProperties] PropertySource with lowest search precedence
18:01:36.210 [main] DEBUG o.s.b.f.s.DefaultListableBeanFactory - Creating instance of bean 'org.hibernate.validator.internal.constraintvalidators.bv.NotNullValidator'
18:01:36.212 [main] DEBUG o.s.b.f.s.DefaultListableBeanFactory - Finished creating instance of bean 'org.hibernate.validator.internal.constraintvalidators.bv.NotNullValidator'
18:01:36.219 [main] DEBUG o.s.b.f.s.DefaultListableBeanFactory - Finished creating instance of bean 'serverProperties'
18:01:36.219 [main] DEBUG o.s.b.f.a.AutowiredAnnotationBeanPostProcessor - Autowiring by type from bean name 'org.springframework.boot.autoconfigure.web.ErrorMvcAutoConfiguration' to bean named 'serverProperties'
18:01:36.220 [main] DEBUG o.s.b.f.s.DefaultListableBeanFactory - Finished creating instance of bean 'org.springframework.boot.autoconfigure.web.ErrorMvcAutoConfiguration'
18:01:36.225 [main] DEBUG o.s.b.f.s.DefaultListableBeanFactory - Eagerly caching bean 'errorPageCustomizer' to allow for resolving potential circular references
18:01:36.228 [main] DEBUG o.s.b.f.s.DefaultListableBeanFactory - Finished creating instance of bean 'errorPageCustomizer'
18:01:36.228 [main] DEBUG o.s.b.f.s.DefaultListableBeanFactory - Returning cached instance of singleton bean 'serverProperties'
18:01:36.229 [main] DEBUG o.s.b.f.s.DefaultListableBeanFactory - Creating shared instance of singleton bean 'duplicateServerPropertiesDetector'
18:01:36.229 [main] DEBUG o.s.b.f.s.DefaultListableBeanFactory - Creating instance of bean 'duplicateServerPropertiesDetector'
18:01:36.229 [main] DEBUG o.s.b.f.s.DefaultListableBeanFactory - Returning cached instance of singleton bean 'org.springframework.boot.autoconfigure.web.ServerPropertiesAutoConfiguration'
18:01:36.229 [main] DEBUG o.s.b.f.s.DefaultListableBeanFactory - Eagerly caching bean 'duplicateServerPropertiesDetector' to allow for resolving potential circular references
18:01:36.232 [main] DEBUG o.s.b.f.s.DefaultListableBeanFactory - Finished creating instance of bean 'duplicateServerPropertiesDetector'
18:01:36.237 [main] DEBUG o.s.b.f.s.DefaultListableBeanFactory - Finished creating instance of bean 'jettyEmbeddedServletContainerFactory'
18:01:36.238 [main] DEBUG o.s.b.f.s.DefaultListableBeanFactory - Creating shared instance of singleton bean 'org.springframework.boot.autoconfigure.web.EmbeddedServletContainerAutoConfiguration'
18:01:36.238 [main] DEBUG o.s.b.f.s.DefaultListableBeanFactory - Creating instance of bean 'org.springframework.boot.autoconfigure.web.EmbeddedServletContainerAutoConfiguration'
18:01:36.238 [main] DEBUG o.s.b.f.s.DefaultListableBeanFactory - Eagerly caching bean 'org.springframework.boot.autoconfigure.web.EmbeddedServletContainerAutoConfiguration' to allow for resolving potential circular references
18:01:36.242 [main] DEBUG o.s.b.f.s.DefaultListableBeanFactory - Finished creating instance of bean 'org.springframework.boot.autoconfigure.web.EmbeddedServletContainerAutoConfiguration'
18:01:36.242 [main] DEBUG o.s.b.f.s.DefaultListableBeanFactory - Returning cached instance of singleton bean 'embeddedServletContainerCustomizerBeanPostProcessor'
18:01:36.242 [main] DEBUG o.s.b.f.s.DefaultListableBeanFactory - Creating shared instance of singleton bean 'org.springframework.boot.autoconfigure.web.DispatcherServletAutoConfiguration$DispatcherServletConfiguration'
18:01:36.242 [main] DEBUG o.s.b.f.s.DefaultListableBeanFactory - Creating instance of bean 'org.springframework.boot.autoconfigure.web.DispatcherServletAutoConfiguration$DispatcherServletConfiguration'
18:01:36.243 [main] DEBUG o.s.b.f.annotation.InjectionMetadata - Registered injected element on class [org.springframework.boot.autoconfigure.web.DispatcherServletAutoConfiguration$DispatcherServletConfiguration$$EnhancerBySpringCGLIB$$2f482ada]: AutowiredFieldElement for private org.springframework.boot.autoconfigure.web.ServerProperties org.springframework.boot.autoconfigure.web.DispatcherServletAutoConfiguration$DispatcherServletConfiguration.server
18:01:36.243 [main] DEBUG o.s.b.f.annotation.InjectionMetadata - Registered injected element on class [org.springframework.boot.autoconfigure.web.DispatcherServletAutoConfiguration$DispatcherServletConfiguration$$EnhancerBySpringCGLIB$$2f482ada]: AutowiredFieldElement for private org.springframework.boot.autoconfigure.web.WebMvcProperties org.springframework.boot.autoconfigure.web.DispatcherServletAutoConfiguration$DispatcherServletConfiguration.webMvcProperties
18:01:36.243 [main] DEBUG o.s.b.f.annotation.InjectionMetadata - Registered injected element on class [org.springframework.boot.autoconfigure.web.DispatcherServletAutoConfiguration$DispatcherServletConfiguration$$EnhancerBySpringCGLIB$$2f482ada]: AutowiredFieldElement for private javax.servlet.MultipartConfigElement org.springframework.boot.autoconfigure.web.DispatcherServletAutoConfiguration$DispatcherServletConfiguration.multipartConfig
18:01:36.243 [main] DEBUG o.s.b.f.s.DefaultListableBeanFactory - Eagerly caching bean 'org.springframework.boot.autoconfigure.web.DispatcherServletAutoConfiguration$DispatcherServletConfiguration' to allow for resolving potential circular references
18:01:36.247 [main] DEBUG o.s.b.f.annotation.InjectionMetadata - Processing injected element of bean 'org.springframework.boot.autoconfigure.web.DispatcherServletAutoConfiguration$DispatcherServletConfiguration': AutowiredFieldElement for private org.springframework.boot.autoconfigure.web.ServerProperties org.springframework.boot.autoconfigure.web.DispatcherServletAutoConfiguration$DispatcherServletConfiguration.server
18:01:36.247 [main] DEBUG o.s.b.f.s.DefaultListableBeanFactory - Returning cached instance of singleton bean 'serverProperties'
18:01:36.248 [main] DEBUG o.s.b.f.a.AutowiredAnnotationBeanPostProcessor - Autowiring by type from bean name 'org.springframework.boot.autoconfigure.web.DispatcherServletAutoConfiguration$DispatcherServletConfiguration' to bean named 'serverProperties'
18:01:36.248 [main] DEBUG o.s.b.f.annotation.InjectionMetadata - Processing injected element of bean 'org.springframework.boot.autoconfigure.web.DispatcherServletAutoConfiguration$DispatcherServletConfiguration': AutowiredFieldElement for private org.springframework.boot.autoconfigure.web.WebMvcProperties org.springframework.boot.autoconfigure.web.DispatcherServletAutoConfiguration$DispatcherServletConfiguration.webMvcProperties
18:01:36.249 [main] DEBUG o.s.b.f.s.DefaultListableBeanFactory - Creating shared instance of singleton bean 'spring.mvc.CONFIGURATION_PROPERTIES'
18:01:36.249 [main] DEBUG o.s.b.f.s.DefaultListableBeanFactory - Creating instance of bean 'spring.mvc.CONFIGURATION_PROPERTIES'
18:01:36.249 [main] DEBUG o.s.b.f.s.DefaultListableBeanFactory - Eagerly caching bean 'spring.mvc.CONFIGURATION_PROPERTIES' to allow for resolving potential circular references
18:01:36.256 [main] DEBUG o.s.core.env.MutablePropertySources - Adding [servletConfigInitParams] PropertySource with lowest search precedence
18:01:36.258 [main] DEBUG o.s.core.env.MutablePropertySources - Adding [servletContextInitParams] PropertySource with lowest search precedence
18:01:36.258 [main] DEBUG o.s.core.env.MutablePropertySources - Adding [systemProperties] PropertySource with lowest search precedence
18:01:36.258 [main] DEBUG o.s.core.env.MutablePropertySources - Adding [systemEnvironment] PropertySource with lowest search precedence
18:01:36.259 [main] DEBUG o.s.core.env.MutablePropertySources - Adding [localProperties] PropertySource with lowest search precedence
18:01:36.273 [main] DEBUG o.s.b.f.s.DefaultListableBeanFactory - Finished creating instance of bean 'spring.mvc.CONFIGURATION_PROPERTIES'
18:01:36.273 [main] DEBUG o.s.b.f.a.AutowiredAnnotationBeanPostProcessor - Autowiring by type from bean name 'org.springframework.boot.autoconfigure.web.DispatcherServletAutoConfiguration$DispatcherServletConfiguration' to bean named 'spring.mvc.CONFIGURATION_PROPERTIES'
18:01:36.273 [main] DEBUG o.s.b.f.annotation.InjectionMetadata - Processing injected element of bean 'org.springframework.boot.autoconfigure.web.DispatcherServletAutoConfiguration$DispatcherServletConfiguration': AutowiredFieldElement for private javax.servlet.MultipartConfigElement org.springframework.boot.autoconfigure.web.DispatcherServletAutoConfiguration$DispatcherServletConfiguration.multipartConfig
18:01:36.274 [main] DEBUG o.s.b.f.s.DefaultListableBeanFactory - Creating shared instance of singleton bean 'multipartConfigElement'
18:01:36.274 [main] DEBUG o.s.b.f.s.DefaultListableBeanFactory - Creating instance of bean 'multipartConfigElement'
18:01:36.274 [main] DEBUG o.s.b.f.s.DefaultListableBeanFactory - Creating shared instance of singleton bean 'org.springframework.boot.autoconfigure.web.MultipartAutoConfiguration'
18:01:36.274 [main] DEBUG o.s.b.f.s.DefaultListableBeanFactory - Creating instance of bean 'org.springframework.boot.autoconfigure.web.MultipartAutoConfiguration'
18:01:36.275 [main] DEBUG o.s.b.f.annotation.InjectionMetadata - Registered injected element on class [org.springframework.boot.autoconfigure.web.MultipartAutoConfiguration$$EnhancerBySpringCGLIB$$5eec04e]: AutowiredFieldElement for private org.springframework.boot.autoconfigure.web.MultipartProperties org.springframework.boot.autoconfigure.web.MultipartAutoConfiguration.multipartProperties
18:01:36.275 [main] DEBUG o.s.b.f.s.DefaultListableBeanFactory - Eagerly caching bean 'org.springframework.boot.autoconfigure.web.MultipartAutoConfiguration' to allow for resolving potential circular references
18:01:36.280 [main] DEBUG o.s.b.f.annotation.InjectionMetadata - Processing injected element of bean 'org.springframework.boot.autoconfigure.web.MultipartAutoConfiguration': AutowiredFieldElement for private org.springframework.boot.autoconfigure.web.MultipartProperties org.springframework.boot.autoconfigure.web.MultipartAutoConfiguration.multipartProperties
18:01:36.280 [main] DEBUG o.s.b.f.s.DefaultListableBeanFactory - Creating shared instance of singleton bean 'multipart.CONFIGURATION_PROPERTIES'
18:01:36.281 [main] DEBUG o.s.b.f.s.DefaultListableBeanFactory - Creating instance of bean 'multipart.CONFIGURATION_PROPERTIES'
18:01:36.281 [main] DEBUG o.s.b.f.s.DefaultListableBeanFactory - Eagerly caching bean 'multipart.CONFIGURATION_PROPERTIES' to allow for resolving potential circular references
18:01:36.284 [main] DEBUG o.s.core.env.MutablePropertySources - Adding [servletConfigInitParams] PropertySource with lowest search precedence
18:01:36.284 [main] DEBUG o.s.core.env.MutablePropertySources - Adding [servletContextInitParams] PropertySource with lowest search precedence
18:01:36.284 [main] DEBUG o.s.core.env.MutablePropertySources - Adding [systemProperties] PropertySource with lowest search precedence
18:01:36.284 [main] DEBUG o.s.core.env.MutablePropertySources - Adding [systemEnvironment] PropertySource with lowest search precedence
18:01:36.284 [main] DEBUG o.s.core.env.MutablePropertySources - Adding [localProperties] PropertySource with lowest search precedence
18:01:36.298 [main] DEBUG o.s.b.f.s.DefaultListableBeanFactory - Finished creating instance of bean 'multipart.CONFIGURATION_PROPERTIES'
18:01:36.299 [main] DEBUG o.s.b.f.a.AutowiredAnnotationBeanPostProcessor - Autowiring by type from bean name 'org.springframework.boot.autoconfigure.web.MultipartAutoConfiguration' to bean named 'multipart.CONFIGURATION_PROPERTIES'
18:01:36.300 [main] DEBUG o.s.b.f.s.DefaultListableBeanFactory - Finished creating instance of bean 'org.springframework.boot.autoconfigure.web.MultipartAutoConfiguration'
18:01:36.306 [main] DEBUG o.s.b.f.s.DefaultListableBeanFactory - Eagerly caching bean 'multipartConfigElement' to allow for resolving potential circular references
18:01:36.309 [main] DEBUG o.s.b.f.s.DefaultListableBeanFactory - Finished creating instance of bean 'multipartConfigElement'
18:01:36.309 [main] DEBUG o.s.b.f.a.AutowiredAnnotationBeanPostProcessor - Autowiring by type from bean name 'org.springframework.boot.autoconfigure.web.DispatcherServletAutoConfiguration$DispatcherServletConfiguration' to bean named 'multipartConfigElement'
18:01:36.309 [main] DEBUG o.s.b.f.s.DefaultListableBeanFactory - Finished creating instance of bean 'org.springframework.boot.autoconfigure.web.DispatcherServletAutoConfiguration$DispatcherServletConfiguration'
18:01:36.309 [main] DEBUG o.s.b.f.s.DefaultListableBeanFactory - Creating shared instance of singleton bean 'dispatcherServlet'
18:01:36.309 [main] DEBUG o.s.b.f.s.DefaultListableBeanFactory - Creating instance of bean 'dispatcherServlet'
18:01:36.310 [main] DEBUG o.s.b.f.s.DefaultListableBeanFactory - Returning cached instance of singleton bean 'org.springframework.boot.autoconfigure.web.DispatcherServletAutoConfiguration$DispatcherServletConfiguration'
18:01:36.336 [main] DEBUG o.s.b.f.s.DefaultListableBeanFactory - Eagerly caching bean 'dispatcherServlet' to allow for resolving potential circular references
18:01:36.349 [main] DEBUG o.s.b.f.s.DefaultListableBeanFactory - Finished creating instance of bean 'dispatcherServlet'
18:01:36.349 [main] DEBUG o.s.b.f.s.DefaultListableBeanFactory - Creating shared instance of singleton bean 'dispatcherServletRegistration'
18:01:36.349 [main] DEBUG o.s.b.f.s.DefaultListableBeanFactory - Creating instance of bean 'dispatcherServletRegistration'
18:01:36.349 [main] DEBUG o.s.b.f.s.DefaultListableBeanFactory - Returning cached instance of singleton bean 'org.springframework.boot.autoconfigure.web.DispatcherServletAutoConfiguration$DispatcherServletConfiguration'
18:01:36.351 [main] DEBUG o.s.b.f.s.DefaultListableBeanFactory - Returning cached instance of singleton bean 'dispatcherServlet'
18:01:36.352 [main] DEBUG o.s.b.f.s.DefaultListableBeanFactory - Eagerly caching bean 'dispatcherServletRegistration' to allow for resolving potential circular references
18:01:36.357 [main] DEBUG o.s.b.f.s.DefaultListableBeanFactory - Finished creating instance of bean 'dispatcherServletRegistration'
18:01:36.357 [main] DEBUG o.s.b.f.s.DefaultListableBeanFactory - Returning cached instance of singleton bean 'spring.mvc.CONFIGURATION_PROPERTIES'
18:01:36.358 [main] DEBUG o.s.b.f.s.DefaultListableBeanFactory - Returning cached instance of singleton bean 'org.springframework.boot.context.properties.ConfigurationPropertiesBindingPostProcessor'
18:01:36.358 [main] DEBUG o.s.b.f.s.DefaultListableBeanFactory - Returning cached instance of singleton bean 'org.springframework.boot.context.properties.ConfigurationPropertiesBindingPostProcessor.store'
18:01:36.358 [main] DEBUG o.s.b.f.s.DefaultListableBeanFactory - Creating shared instance of singleton bean 'org.springframework.boot.autoconfigure.web.DispatcherServletAutoConfiguration'
18:01:36.358 [main] DEBUG o.s.b.f.s.DefaultListableBeanFactory - Creating instance of bean 'org.springframework.boot.autoconfigure.web.DispatcherServletAutoConfiguration'
18:01:36.358 [main] DEBUG o.s.b.f.s.DefaultListableBeanFactory - Eagerly caching bean 'org.springframework.boot.autoconfigure.web.DispatcherServletAutoConfiguration' to allow for resolving potential circular references
18:01:36.362 [main] DEBUG o.s.b.f.s.DefaultListableBeanFactory - Finished creating instance of bean 'org.springframework.boot.autoconfigure.web.DispatcherServletAutoConfiguration'
18:01:36.362 [main] DEBUG o.s.b.f.s.DefaultListableBeanFactory - Creating shared instance of singleton bean 'org.springframework.boot.autoconfigure.web.ErrorMvcAutoConfiguration$WhitelabelErrorViewConfiguration'
18:01:36.362 [main] DEBUG o.s.b.f.s.DefaultListableBeanFactory - Creating instance of bean 'org.springframework.boot.autoconfigure.web.ErrorMvcAutoConfiguration$WhitelabelErrorViewConfiguration'
18:01:36.395 [main] DEBUG o.s.b.f.s.DefaultListableBeanFactory - Eagerly caching bean 'org.springframework.boot.autoconfigure.web.ErrorMvcAutoConfiguration$WhitelabelErrorViewConfiguration' to allow for resolving potential circular references
18:01:36.400 [main] DEBUG o.s.b.f.s.DefaultListableBeanFactory - Finished creating instance of bean 'org.springframework.boot.autoconfigure.web.ErrorMvcAutoConfiguration$WhitelabelErrorViewConfiguration'
18:01:36.400 [main] DEBUG o.s.b.f.s.DefaultListableBeanFactory - Creating shared instance of singleton bean 'error'
18:01:36.400 [main] DEBUG o.s.b.f.s.DefaultListableBeanFactory - Creating instance of bean 'error'
18:01:36.401 [main] DEBUG o.s.b.f.s.DefaultListableBeanFactory - Returning cached instance of singleton bean 'org.springframework.boot.autoconfigure.web.ErrorMvcAutoConfiguration$WhitelabelErrorViewConfiguration'
18:01:36.405 [main] DEBUG o.s.b.f.s.DefaultListableBeanFactory - Eagerly caching bean 'error' to allow for resolving potential circular references
18:01:36.408 [main] DEBUG o.s.b.f.s.DefaultListableBeanFactory - Finished creating instance of bean 'error'
18:01:36.408 [main] DEBUG o.s.b.f.s.DefaultListableBeanFactory - Creating shared instance of singleton bean 'beanNameViewResolver'
18:01:36.408 [main] DEBUG o.s.b.f.s.DefaultListableBeanFactory - Creating instance of bean 'beanNameViewResolver'
18:01:36.408 [main] DEBUG o.s.b.f.s.DefaultListableBeanFactory - Creating shared instance of singleton bean 'org.springframework.boot.autoconfigure.web.WebMvcAutoConfiguration$WebMvcAutoConfigurationAdapter'
18:01:36.408 [main] DEBUG o.s.b.f.s.DefaultListableBeanFactory - Creating instance of bean 'org.springframework.boot.autoconfigure.web.WebMvcAutoConfiguration$WebMvcAutoConfigurationAdapter'
18:01:36.411 [main] DEBUG o.s.b.f.annotation.InjectionMetadata - Registered injected element on class [org.springframework.boot.autoconfigure.web.WebMvcAutoConfiguration$WebMvcAutoConfigurationAdapter$$EnhancerBySpringCGLIB$$929c15c4]: AutowiredFieldElement for private org.springframework.boot.autoconfigure.web.ResourceProperties org.springframework.boot.autoconfigure.web.WebMvcAutoConfiguration$WebMvcAutoConfigurationAdapter.resourceProperties
18:01:36.411 [main] DEBUG o.s.b.f.annotation.InjectionMetadata - Registered injected element on class [org.springframework.boot.autoconfigure.web.WebMvcAutoConfiguration$WebMvcAutoConfigurationAdapter$$EnhancerBySpringCGLIB$$929c15c4]: AutowiredFieldElement for private org.springframework.boot.autoconfigure.web.WebMvcProperties org.springframework.boot.autoconfigure.web.WebMvcAutoConfiguration$WebMvcAutoConfigurationAdapter.mvcProperties
18:01:36.411 [main] DEBUG o.s.b.f.annotation.InjectionMetadata - Registered injected element on class [org.springframework.boot.autoconfigure.web.WebMvcAutoConfiguration$WebMvcAutoConfigurationAdapter$$EnhancerBySpringCGLIB$$929c15c4]: AutowiredFieldElement for private org.springframework.beans.factory.ListableBeanFactory org.springframework.boot.autoconfigure.web.WebMvcAutoConfiguration$WebMvcAutoConfigurationAdapter.beanFactory
18:01:36.411 [main] DEBUG o.s.b.f.annotation.InjectionMetadata - Registered injected element on class [org.springframework.boot.autoconfigure.web.WebMvcAutoConfiguration$WebMvcAutoConfigurationAdapter$$EnhancerBySpringCGLIB$$929c15c4]: AutowiredFieldElement for private org.springframework.boot.autoconfigure.web.HttpMessageConverters org.springframework.boot.autoconfigure.web.WebMvcAutoConfiguration$WebMvcAutoConfigurationAdapter.messageConverters
18:01:36.411 [main] DEBUG o.s.b.f.annotation.InjectionMetadata - Registered injected element on class [org.springframework.boot.autoconfigure.web.WebMvcAutoConfiguration$WebMvcAutoConfigurationAdapter$$EnhancerBySpringCGLIB$$929c15c4]: AutowiredFieldElement for org.springframework.boot.autoconfigure.web.WebMvcAutoConfiguration$ResourceHandlerRegistrationCustomizer org.springframework.boot.autoconfigure.web.WebMvcAutoConfiguration$WebMvcAutoConfigurationAdapter.resourceHandlerRegistrationCustomizer
18:01:36.411 [main] DEBUG o.s.b.f.s.DefaultListableBeanFactory - Eagerly caching bean 'org.springframework.boot.autoconfigure.web.WebMvcAutoConfiguration$WebMvcAutoConfigurationAdapter' to allow for resolving potential circular references
18:01:36.421 [main] DEBUG o.s.b.f.annotation.InjectionMetadata - Processing injected element of bean 'org.springframework.boot.autoconfigure.web.WebMvcAutoConfiguration$WebMvcAutoConfigurationAdapter': AutowiredFieldElement for private org.springframework.boot.autoconfigure.web.ResourceProperties org.springframework.boot.autoconfigure.web.WebMvcAutoConfiguration$WebMvcAutoConfigurationAdapter.resourceProperties
18:01:36.422 [main] DEBUG o.s.b.f.s.DefaultListableBeanFactory - Creating shared instance of singleton bean 'spring.resources.CONFIGURATION_PROPERTIES'
18:01:36.423 [main] DEBUG o.s.b.f.s.DefaultListableBeanFactory - Creating instance of bean 'spring.resources.CONFIGURATION_PROPERTIES'
18:01:36.423 [main] DEBUG o.s.b.f.s.DefaultListableBeanFactory - Eagerly caching bean 'spring.resources.CONFIGURATION_PROPERTIES' to allow for resolving potential circular references
18:01:36.427 [main] DEBUG o.s.core.env.MutablePropertySources - Adding [servletConfigInitParams] PropertySource with lowest search precedence
18:01:36.428 [main] DEBUG o.s.core.env.MutablePropertySources - Adding [servletContextInitParams] PropertySource with lowest search precedence
18:01:36.428 [main] DEBUG o.s.core.env.MutablePropertySources - Adding [systemProperties] PropertySource with lowest search precedence
18:01:36.428 [main] DEBUG o.s.core.env.MutablePropertySources - Adding [systemEnvironment] PropertySource with lowest search precedence
18:01:36.429 [main] DEBUG o.s.core.env.MutablePropertySources - Adding [localProperties] PropertySource with lowest search precedence
18:01:36.433 [main] DEBUG o.s.b.f.s.DefaultListableBeanFactory - Finished creating instance of bean 'spring.resources.CONFIGURATION_PROPERTIES'
18:01:36.434 [main] DEBUG o.s.b.f.a.AutowiredAnnotationBeanPostProcessor - Autowiring by type from bean name 'org.springframework.boot.autoconfigure.web.WebMvcAutoConfiguration$WebMvcAutoConfigurationAdapter' to bean named 'spring.resources.CONFIGURATION_PROPERTIES'
18:01:36.434 [main] DEBUG o.s.b.f.annotation.InjectionMetadata - Processing injected element of bean 'org.springframework.boot.autoconfigure.web.WebMvcAutoConfiguration$WebMvcAutoConfigurationAdapter': AutowiredFieldElement for private org.springframework.boot.autoconfigure.web.WebMvcProperties org.springframework.boot.autoconfigure.web.WebMvcAutoConfiguration$WebMvcAutoConfigurationAdapter.mvcProperties
18:01:36.434 [main] DEBUG o.s.b.f.s.DefaultListableBeanFactory - Returning cached instance of singleton bean 'spring.mvc.CONFIGURATION_PROPERTIES'
18:01:36.434 [main] DEBUG o.s.b.f.a.AutowiredAnnotationBeanPostProcessor - Autowiring by type from bean name 'org.springframework.boot.autoconfigure.web.WebMvcAutoConfiguration$WebMvcAutoConfigurationAdapter' to bean named 'spring.mvc.CONFIGURATION_PROPERTIES'
18:01:36.434 [main] DEBUG o.s.b.f.annotation.InjectionMetadata - Processing injected element of bean 'org.springframework.boot.autoconfigure.web.WebMvcAutoConfiguration$WebMvcAutoConfigurationAdapter': AutowiredFieldElement for private org.springframework.beans.factory.ListableBeanFactory org.springframework.boot.autoconfigure.web.WebMvcAutoConfiguration$WebMvcAutoConfigurationAdapter.beanFactory
18:01:36.435 [main] DEBUG o.s.b.f.a.AutowiredAnnotationBeanPostProcessor - Autowiring by type from bean name 'org.springframework.boot.autoconfigure.web.WebMvcAutoConfiguration$WebMvcAutoConfigurationAdapter' to bean named 'org.springframework.beans.factory.support.DefaultListableBeanFactory@11a9e7c8'
18:01:36.435 [main] DEBUG o.s.b.f.annotation.InjectionMetadata - Processing injected element of bean 'org.springframework.boot.autoconfigure.web.WebMvcAutoConfiguration$WebMvcAutoConfigurationAdapter': AutowiredFieldElement for private org.springframework.boot.autoconfigure.web.HttpMessageConverters org.springframework.boot.autoconfigure.web.WebMvcAutoConfiguration$WebMvcAutoConfigurationAdapter.messageConverters
18:01:36.436 [main] DEBUG o.s.b.f.s.DefaultListableBeanFactory - Creating shared instance of singleton bean 'messageConverters'
18:01:36.436 [main] DEBUG o.s.b.f.s.DefaultListableBeanFactory - Creating instance of bean 'messageConverters'
18:01:36.436 [main] DEBUG o.s.b.f.s.DefaultListableBeanFactory - Creating shared instance of singleton bean 'org.springframework.boot.autoconfigure.web.HttpMessageConvertersAutoConfiguration'
18:01:36.437 [main] DEBUG o.s.b.f.s.DefaultListableBeanFactory - Creating instance of bean 'org.springframework.boot.autoconfigure.web.HttpMessageConvertersAutoConfiguration'
18:01:36.438 [main] DEBUG o.s.b.f.annotation.InjectionMetadata - Registered injected element on class [org.springframework.boot.autoconfigure.web.HttpMessageConvertersAutoConfiguration$$EnhancerBySpringCGLIB$$5711d028]: AutowiredFieldElement for private final java.util.List org.springframework.boot.autoconfigure.web.HttpMessageConvertersAutoConfiguration.converters
18:01:36.438 [main] DEBUG o.s.b.f.s.DefaultListableBeanFactory - Eagerly caching bean 'org.springframework.boot.autoconfigure.web.HttpMessageConvertersAutoConfiguration' to allow for resolving potential circular references
18:01:36.442 [main] DEBUG o.s.b.f.annotation.InjectionMetadata - Processing injected element of bean 'org.springframework.boot.autoconfigure.web.HttpMessageConvertersAutoConfiguration': AutowiredFieldElement for private final java.util.List org.springframework.boot.autoconfigure.web.HttpMessageConvertersAutoConfiguration.converters
18:01:36.445 [main] DEBUG o.s.b.f.s.DefaultListableBeanFactory - Creating shared instance of singleton bean 'stringHttpMessageConverter'
18:01:36.446 [main] DEBUG o.s.b.f.s.DefaultListableBeanFactory - Creating instance of bean 'stringHttpMessageConverter'
18:01:36.446 [main] DEBUG o.s.b.f.s.DefaultListableBeanFactory - Creating shared instance of singleton bean 'org.springframework.boot.autoconfigure.web.HttpMessageConvertersAutoConfiguration$StringHttpMessageConverterConfiguration'
18:01:36.446 [main] DEBUG o.s.b.f.s.DefaultListableBeanFactory - Creating instance of bean 'org.springframework.boot.autoconfigure.web.HttpMessageConvertersAutoConfiguration$StringHttpMessageConverterConfiguration'
18:01:36.447 [main] DEBUG o.s.b.f.annotation.InjectionMetadata - Registered injected element on class [org.springframework.boot.autoconfigure.web.HttpMessageConvertersAutoConfiguration$StringHttpMessageConverterConfiguration$$EnhancerBySpringCGLIB$$721b06c8]: AutowiredFieldElement for private org.springframework.boot.autoconfigure.web.HttpEncodingProperties org.springframework.boot.autoconfigure.web.HttpMessageConvertersAutoConfiguration$StringHttpMessageConverterConfiguration.encodingProperties
18:01:36.447 [main] DEBUG o.s.b.f.s.DefaultListableBeanFactory - Eagerly caching bean 'org.springframework.boot.autoconfigure.web.HttpMessageConvertersAutoConfiguration$StringHttpMessageConverterConfiguration' to allow for resolving potential circular references
18:01:36.451 [main] DEBUG o.s.b.f.annotation.InjectionMetadata - Processing injected element of bean 'org.springframework.boot.autoconfigure.web.HttpMessageConvertersAutoConfiguration$StringHttpMessageConverterConfiguration': AutowiredFieldElement for private org.springframework.boot.autoconfigure.web.HttpEncodingProperties org.springframework.boot.autoconfigure.web.HttpMessageConvertersAutoConfiguration$StringHttpMessageConverterConfiguration.encodingProperties
18:01:36.451 [main] DEBUG o.s.b.f.s.DefaultListableBeanFactory - Creating shared instance of singleton bean 'spring.http.encoding.CONFIGURATION_PROPERTIES'
18:01:36.451 [main] DEBUG o.s.b.f.s.DefaultListableBeanFactory - Creating instance of bean 'spring.http.encoding.CONFIGURATION_PROPERTIES'
18:01:36.452 [main] DEBUG o.s.b.f.s.DefaultListableBeanFactory - Eagerly caching bean 'spring.http.encoding.CONFIGURATION_PROPERTIES' to allow for resolving potential circular references
18:01:36.454 [main] DEBUG o.s.core.env.MutablePropertySources - Adding [servletConfigInitParams] PropertySource with lowest search precedence
18:01:36.455 [main] DEBUG o.s.core.env.MutablePropertySources - Adding [servletContextInitParams] PropertySource with lowest search precedence
18:01:36.455 [main] DEBUG o.s.core.env.MutablePropertySources - Adding [systemProperties] PropertySource with lowest search precedence
18:01:36.455 [main] DEBUG o.s.core.env.MutablePropertySources - Adding [systemEnvironment] PropertySource with lowest search precedence
18:01:36.455 [main] DEBUG o.s.core.env.MutablePropertySources - Adding [localProperties] PropertySource with lowest search precedence
18:01:36.458 [main] DEBUG o.s.b.f.s.DefaultListableBeanFactory - Finished creating instance of bean 'spring.http.encoding.CONFIGURATION_PROPERTIES'
18:01:36.459 [main] DEBUG o.s.b.f.a.AutowiredAnnotationBeanPostProcessor - Autowiring by type from bean name 'org.springframework.boot.autoconfigure.web.HttpMessageConvertersAutoConfiguration$StringHttpMessageConverterConfiguration' to bean named 'spring.http.encoding.CONFIGURATION_PROPERTIES'
18:01:36.460 [main] DEBUG o.s.b.f.s.DefaultListableBeanFactory - Finished creating instance of bean 'org.springframework.boot.autoconfigure.web.HttpMessageConvertersAutoConfiguration$StringHttpMessageConverterConfiguration'
18:01:36.538 [main] DEBUG o.s.b.f.s.DefaultListableBeanFactory - Eagerly caching bean 'stringHttpMessageConverter' to allow for resolving potential circular references
18:01:36.541 [main] DEBUG o.s.b.f.s.DefaultListableBeanFactory - Finished creating instance of bean 'stringHttpMessageConverter'
18:01:36.542 [main] DEBUG o.s.b.f.s.DefaultListableBeanFactory - Creating shared instance of singleton bean 'mappingJackson2HttpMessageConverter'
18:01:36.542 [main] DEBUG o.s.b.f.s.DefaultListableBeanFactory - Creating instance of bean 'mappingJackson2HttpMessageConverter'
18:01:36.542 [main] DEBUG o.s.b.f.s.DefaultListableBeanFactory - Creating shared instance of singleton bean 'org.springframework.boot.autoconfigure.web.JacksonHttpMessageConvertersConfiguration$MappingJackson2HttpMessageConverterConfiguration'
18:01:36.543 [main] DEBUG o.s.b.f.s.DefaultListableBeanFactory - Creating instance of bean 'org.springframework.boot.autoconfigure.web.JacksonHttpMessageConvertersConfiguration$MappingJackson2HttpMessageConverterConfiguration'
18:01:36.543 [main] DEBUG o.s.b.f.s.DefaultListableBeanFactory - Eagerly caching bean 'org.springframework.boot.autoconfigure.web.JacksonHttpMessageConvertersConfiguration$MappingJackson2HttpMessageConverterConfiguration' to allow for resolving potential circular references
18:01:36.548 [main] DEBUG o.s.b.f.s.DefaultListableBeanFactory - Finished creating instance of bean 'org.springframework.boot.autoconfigure.web.JacksonHttpMessageConvertersConfiguration$MappingJackson2HttpMessageConverterConfiguration'
18:01:36.549 [main] DEBUG o.s.b.f.s.DefaultListableBeanFactory - Creating shared instance of singleton bean 'jacksonObjectMapper'
18:01:36.549 [main] DEBUG o.s.b.f.s.DefaultListableBeanFactory - Creating instance of bean 'jacksonObjectMapper'
18:01:36.549 [main] DEBUG o.s.b.f.s.DefaultListableBeanFactory - Creating shared instance of singleton bean 'org.springframework.boot.autoconfigure.jackson.JacksonAutoConfiguration$JacksonObjectMapperConfiguration'
18:01:36.549 [main] DEBUG o.s.b.f.s.DefaultListableBeanFactory - Creating instance of bean 'org.springframework.boot.autoconfigure.jackson.JacksonAutoConfiguration$JacksonObjectMapperConfiguration'
18:01:36.550 [main] DEBUG o.s.b.f.s.DefaultListableBeanFactory - Eagerly caching bean 'org.springframework.boot.autoconfigure.jackson.JacksonAutoConfiguration$JacksonObjectMapperConfiguration' to allow for resolving potential circular references
18:01:36.555 [main] DEBUG o.s.b.f.s.DefaultListableBeanFactory - Finished creating instance of bean 'org.springframework.boot.autoconfigure.jackson.JacksonAutoConfiguration$JacksonObjectMapperConfiguration'
18:01:36.556 [main] DEBUG o.s.b.f.s.DefaultListableBeanFactory - Creating shared instance of singleton bean 'jacksonObjectMapperBuilder'
18:01:36.556 [main] DEBUG o.s.b.f.s.DefaultListableBeanFactory - Creating instance of bean 'jacksonObjectMapperBuilder'
18:01:36.556 [main] DEBUG o.s.b.f.s.DefaultListableBeanFactory - Creating shared instance of singleton bean 'org.springframework.boot.autoconfigure.jackson.JacksonAutoConfiguration$JacksonObjectMapperBuilderConfiguration'
18:01:36.556 [main] DEBUG o.s.b.f.s.DefaultListableBeanFactory - Creating instance of bean 'org.springframework.boot.autoconfigure.jackson.JacksonAutoConfiguration$JacksonObjectMapperBuilderConfiguration'
18:01:36.557 [main] DEBUG o.s.b.f.annotation.InjectionMetadata - Registered injected element on class [org.springframework.boot.autoconfigure.jackson.JacksonAutoConfiguration$JacksonObjectMapperBuilderConfiguration$$EnhancerBySpringCGLIB$$b1bf5232]: AutowiredFieldElement for private org.springframework.context.ApplicationContext org.springframework.boot.autoconfigure.jackson.JacksonAutoConfiguration$JacksonObjectMapperBuilderConfiguration.applicationContext
18:01:36.558 [main] DEBUG o.s.b.f.annotation.InjectionMetadata - Registered injected element on class [org.springframework.boot.autoconfigure.jackson.JacksonAutoConfiguration$JacksonObjectMapperBuilderConfiguration$$EnhancerBySpringCGLIB$$b1bf5232]: AutowiredFieldElement for private org.springframework.boot.autoconfigure.jackson.JacksonProperties org.springframework.boot.autoconfigure.jackson.JacksonAutoConfiguration$JacksonObjectMapperBuilderConfiguration.jacksonProperties
18:01:36.558 [main] DEBUG o.s.b.f.s.DefaultListableBeanFactory - Eagerly caching bean 'org.springframework.boot.autoconfigure.jackson.JacksonAutoConfiguration$JacksonObjectMapperBuilderConfiguration' to allow for resolving potential circular references
18:01:36.562 [main] DEBUG o.s.b.f.annotation.InjectionMetadata - Processing injected element of bean 'org.springframework.boot.autoconfigure.jackson.JacksonAutoConfiguration$JacksonObjectMapperBuilderConfiguration': AutowiredFieldElement for private org.springframework.context.ApplicationContext org.springframework.boot.autoconfigure.jackson.JacksonAutoConfiguration$JacksonObjectMapperBuilderConfiguration.applicationContext
18:01:36.563 [main] DEBUG o.s.b.f.a.AutowiredAnnotationBeanPostProcessor - Autowiring by type from bean name 'org.springframework.boot.autoconfigure.jackson.JacksonAutoConfiguration$JacksonObjectMapperBuilderConfiguration' to bean named 'org.springframework.web.context.support.GenericWebApplicationContext@17d0685f'
18:01:36.563 [main] DEBUG o.s.b.f.annotation.InjectionMetadata - Processing injected element of bean 'org.springframework.boot.autoconfigure.jackson.JacksonAutoConfiguration$JacksonObjectMapperBuilderConfiguration': AutowiredFieldElement for private org.springframework.boot.autoconfigure.jackson.JacksonProperties org.springframework.boot.autoconfigure.jackson.JacksonAutoConfiguration$JacksonObjectMapperBuilderConfiguration.jacksonProperties
18:01:36.564 [main] DEBUG o.s.b.f.s.DefaultListableBeanFactory - Creating shared instance of singleton bean 'spring.jackson.CONFIGURATION_PROPERTIES'
18:01:36.564 [main] DEBUG o.s.b.f.s.DefaultListableBeanFactory - Creating instance of bean 'spring.jackson.CONFIGURATION_PROPERTIES'
18:01:36.564 [main] DEBUG o.s.b.f.s.DefaultListableBeanFactory - Eagerly caching bean 'spring.jackson.CONFIGURATION_PROPERTIES' to allow for resolving potential circular references
18:01:36.572 [main] DEBUG o.s.core.env.MutablePropertySources - Adding [servletConfigInitParams] PropertySource with lowest search precedence
18:01:36.573 [main] DEBUG o.s.core.env.MutablePropertySources - Adding [servletContextInitParams] PropertySource with lowest search precedence
18:01:36.573 [main] DEBUG o.s.core.env.MutablePropertySources - Adding [systemProperties] PropertySource with lowest search precedence
18:01:36.573 [main] DEBUG o.s.core.env.MutablePropertySources - Adding [systemEnvironment] PropertySource with lowest search precedence
18:01:36.573 [main] DEBUG o.s.core.env.MutablePropertySources - Adding [localProperties] PropertySource with lowest search precedence
18:01:36.582 [main] DEBUG o.s.b.f.s.DefaultListableBeanFactory - Finished creating instance of bean 'spring.jackson.CONFIGURATION_PROPERTIES'
18:01:36.582 [main] DEBUG o.s.b.f.a.AutowiredAnnotationBeanPostProcessor - Autowiring by type from bean name 'org.springframework.boot.autoconfigure.jackson.JacksonAutoConfiguration$JacksonObjectMapperBuilderConfiguration' to bean named 'spring.jackson.CONFIGURATION_PROPERTIES'
18:01:36.583 [main] DEBUG o.s.b.f.s.DefaultListableBeanFactory - Finished creating instance of bean 'org.springframework.boot.autoconfigure.jackson.JacksonAutoConfiguration$JacksonObjectMapperBuilderConfiguration'
18:01:36.591 [main] DEBUG o.s.b.f.s.DefaultListableBeanFactory - Creating shared instance of singleton bean 'geoJsonModule'
18:01:36.591 [main] DEBUG o.s.b.f.s.DefaultListableBeanFactory - Creating instance of bean 'geoJsonModule'
18:01:36.591 [main] DEBUG o.s.b.f.s.DefaultListableBeanFactory - Creating shared instance of singleton bean 'org.springframework.data.mongodb.core.GeoJsonConfiguration'
18:01:36.591 [main] DEBUG o.s.b.f.s.DefaultListableBeanFactory - Creating instance of bean 'org.springframework.data.mongodb.core.GeoJsonConfiguration'
18:01:36.592 [main] DEBUG o.s.b.f.s.DefaultListableBeanFactory - Eagerly caching bean 'org.springframework.data.mongodb.core.GeoJsonConfiguration' to allow for resolving potential circular references
18:01:36.597 [main] DEBUG o.s.b.f.s.DefaultListableBeanFactory - Finished creating instance of bean 'org.springframework.data.mongodb.core.GeoJsonConfiguration'
18:01:36.615 [main] DEBUG o.s.b.f.s.DefaultListableBeanFactory - Eagerly caching bean 'geoJsonModule' to allow for resolving potential circular references
18:01:36.625 [main] DEBUG o.s.b.f.s.DefaultListableBeanFactory - Finished creating instance of bean 'geoJsonModule'
18:01:36.625 [main] DEBUG o.s.b.f.s.DefaultListableBeanFactory - Creating shared instance of singleton bean 'jacksonGeoModule'
18:01:36.625 [main] DEBUG o.s.b.f.s.DefaultListableBeanFactory - Creating instance of bean 'jacksonGeoModule'
18:01:36.625 [main] DEBUG o.s.b.f.s.DefaultListableBeanFactory - Creating shared instance of singleton bean 'org.springframework.data.web.config.SpringDataJacksonConfiguration'
18:01:36.625 [main] DEBUG o.s.b.f.s.DefaultListableBeanFactory - Creating instance of bean 'org.springframework.data.web.config.SpringDataJacksonConfiguration'
18:01:36.626 [main] DEBUG o.s.b.f.s.DefaultListableBeanFactory - Eagerly caching bean 'org.springframework.data.web.config.SpringDataJacksonConfiguration' to allow for resolving potential circular references
18:01:36.629 [main] DEBUG o.s.b.f.s.DefaultListableBeanFactory - Finished creating instance of bean 'org.springframework.data.web.config.SpringDataJacksonConfiguration'
18:01:36.635 [main] DEBUG o.s.b.f.s.DefaultListableBeanFactory - Eagerly caching bean 'jacksonGeoModule' to allow for resolving potential circular references
18:01:36.638 [main] DEBUG o.s.b.f.s.DefaultListableBeanFactory - Finished creating instance of bean 'jacksonGeoModule'
18:01:36.642 [main] DEBUG o.s.b.f.s.DefaultListableBeanFactory - Eagerly caching bean 'jacksonObjectMapperBuilder' to allow for resolving potential circular references
18:01:36.645 [main] DEBUG o.s.b.f.s.DefaultListableBeanFactory - Finished creating instance of bean 'jacksonObjectMapperBuilder'
18:01:36.646 [main] DEBUG o.s.b.f.s.DefaultListableBeanFactory - Autowiring by type from bean name 'jacksonObjectMapper' via factory method to bean named 'jacksonObjectMapperBuilder'
18:01:36.813 [main] DEBUG o.s.b.f.s.DefaultListableBeanFactory - Eagerly caching bean 'jacksonObjectMapper' to allow for resolving potential circular references
18:01:36.827 [main] DEBUG o.s.b.f.s.DefaultListableBeanFactory - Finished creating instance of bean 'jacksonObjectMapper'
18:01:36.827 [main] DEBUG o.s.b.f.s.DefaultListableBeanFactory - Autowiring by type from bean name 'mappingJackson2HttpMessageConverter' via factory method to bean named 'jacksonObjectMapper'
18:01:36.832 [main] DEBUG o.s.b.f.s.DefaultListableBeanFactory - Eagerly caching bean 'mappingJackson2HttpMessageConverter' to allow for resolving potential circular references
18:01:36.839 [main] DEBUG o.s.b.f.s.DefaultListableBeanFactory - Finished creating instance of bean 'mappingJackson2HttpMessageConverter'
18:01:36.850 [main] DEBUG o.s.b.f.a.AutowiredAnnotationBeanPostProcessor - Autowiring by type from bean name 'org.springframework.boot.autoconfigure.web.HttpMessageConvertersAutoConfiguration' to bean named 'stringHttpMessageConverter'
18:01:36.850 [main] DEBUG o.s.b.f.a.AutowiredAnnotationBeanPostProcessor - Autowiring by type from bean name 'org.springframework.boot.autoconfigure.web.HttpMessageConvertersAutoConfiguration' to bean named 'mappingJackson2HttpMessageConverter'
18:01:36.851 [main] DEBUG o.s.b.f.s.DefaultListableBeanFactory - Finished creating instance of bean 'org.springframework.boot.autoconfigure.web.HttpMessageConvertersAutoConfiguration'
18:01:36.883 [main] DEBUG o.s.b.f.s.DefaultListableBeanFactory - Eagerly caching bean 'messageConverters' to allow for resolving potential circular references
18:01:36.885 [main] DEBUG o.s.b.f.s.DefaultListableBeanFactory - Finished creating instance of bean 'messageConverters'
18:01:36.885 [main] DEBUG o.s.b.f.a.AutowiredAnnotationBeanPostProcessor - Autowiring by type from bean name 'org.springframework.boot.autoconfigure.web.WebMvcAutoConfiguration$WebMvcAutoConfigurationAdapter' to bean named 'messageConverters'
18:01:36.885 [main] DEBUG o.s.b.f.annotation.InjectionMetadata - Processing injected element of bean 'org.springframework.boot.autoconfigure.web.WebMvcAutoConfiguration$WebMvcAutoConfigurationAdapter': AutowiredFieldElement for org.springframework.boot.autoconfigure.web.WebMvcAutoConfiguration$ResourceHandlerRegistrationCustomizer org.springframework.boot.autoconfigure.web.WebMvcAutoConfiguration$WebMvcAutoConfigurationAdapter.resourceHandlerRegistrationCustomizer
18:01:36.886 [main] DEBUG o.s.b.f.s.DefaultListableBeanFactory - Finished creating instance of bean 'org.springframework.boot.autoconfigure.web.WebMvcAutoConfiguration$WebMvcAutoConfigurationAdapter'
18:01:36.894 [main] DEBUG o.s.b.f.s.DefaultListableBeanFactory - Eagerly caching bean 'beanNameViewResolver' to allow for resolving potential circular references
18:01:36.898 [main] DEBUG o.s.b.f.s.DefaultListableBeanFactory - Finished creating instance of bean 'beanNameViewResolver'
18:01:36.898 [main] DEBUG o.s.b.f.s.DefaultListableBeanFactory - Returning cached instance of singleton bean 'org.springframework.boot.autoconfigure.web.ErrorMvcAutoConfiguration'
18:01:36.898 [main] DEBUG o.s.b.f.s.DefaultListableBeanFactory - Creating shared instance of singleton bean 'errorAttributes'
18:01:36.899 [main] DEBUG o.s.b.f.s.DefaultListableBeanFactory - Creating instance of bean 'errorAttributes'
18:01:36.899 [main] DEBUG o.s.b.f.s.DefaultListableBeanFactory - Returning cached instance of singleton bean 'org.springframework.boot.autoconfigure.web.ErrorMvcAutoConfiguration'
18:01:36.900 [main] DEBUG o.s.b.f.s.DefaultListableBeanFactory - Eagerly caching bean 'errorAttributes' to allow for resolving potential circular references
18:01:36.901 [main] DEBUG o.s.b.f.s.DefaultListableBeanFactory - Finished creating instance of bean 'errorAttributes'
18:01:36.902 [main] DEBUG o.s.b.f.s.DefaultListableBeanFactory - Creating shared instance of singleton bean 'basicErrorController'
18:01:36.902 [main] DEBUG o.s.b.f.s.DefaultListableBeanFactory - Creating instance of bean 'basicErrorController'
18:01:36.902 [main] DEBUG o.s.b.f.s.DefaultListableBeanFactory - Returning cached instance of singleton bean 'org.springframework.boot.autoconfigure.web.ErrorMvcAutoConfiguration'
18:01:36.904 [main] DEBUG o.s.b.f.s.DefaultListableBeanFactory - Returning cached instance of singleton bean 'errorAttributes'
18:01:36.904 [main] DEBUG o.s.b.f.s.DefaultListableBeanFactory - Autowiring by type from bean name 'basicErrorController' via factory method to bean named 'errorAttributes'
18:01:36.907 [main] DEBUG o.s.b.f.s.DefaultListableBeanFactory - Eagerly caching bean 'basicErrorController' to allow for resolving potential circular references
18:01:36.910 [main] DEBUG o.s.b.f.s.DefaultListableBeanFactory - Finished creating instance of bean 'basicErrorController'
18:01:36.910 [main] DEBUG o.s.b.f.s.DefaultListableBeanFactory - Returning cached instance of singleton bean 'errorPageCustomizer'
18:01:36.910 [main] DEBUG o.s.b.f.s.DefaultListableBeanFactory - Returning cached instance of singleton bean 'preserveErrorControllerTargetClassPostProcessor'
18:01:36.910 [main] DEBUG o.s.b.f.s.DefaultListableBeanFactory - Creating shared instance of singleton bean 'org.springframework.boot.autoconfigure.web.WebMvcAutoConfiguration$EnableWebMvcConfiguration'
18:01:36.910 [main] DEBUG o.s.b.f.s.DefaultListableBeanFactory - Creating instance of bean 'org.springframework.boot.autoconfigure.web.WebMvcAutoConfiguration$EnableWebMvcConfiguration'
18:01:36.918 [main] DEBUG o.s.b.f.annotation.InjectionMetadata - Registered injected element on class [org.springframework.boot.autoconfigure.web.WebMvcAutoConfiguration$EnableWebMvcConfiguration$$EnhancerBySpringCGLIB$$215412b1]: AutowiredMethodElement for public void org.springframework.web.servlet.config.annotation.DelegatingWebMvcConfiguration.setConfigurers(java.util.List)
18:01:36.918 [main] DEBUG o.s.b.f.annotation.InjectionMetadata - Registered injected element on class [org.springframework.boot.autoconfigure.web.WebMvcAutoConfiguration$EnableWebMvcConfiguration$$EnhancerBySpringCGLIB$$215412b1]: AutowiredFieldElement for private org.springframework.boot.autoconfigure.web.WebMvcProperties org.springframework.boot.autoconfigure.web.WebMvcAutoConfiguration$EnableWebMvcConfiguration.mvcProperties
18:01:36.919 [main] DEBUG o.s.b.f.annotation.InjectionMetadata - Registered injected element on class [org.springframework.boot.autoconfigure.web.WebMvcAutoConfiguration$EnableWebMvcConfiguration$$EnhancerBySpringCGLIB$$215412b1]: AutowiredFieldElement for private org.springframework.beans.factory.ListableBeanFactory org.springframework.boot.autoconfigure.web.WebMvcAutoConfiguration$EnableWebMvcConfiguration.beanFactory
18:01:36.919 [main] DEBUG o.s.b.f.s.DefaultListableBeanFactory - Eagerly caching bean 'org.springframework.boot.autoconfigure.web.WebMvcAutoConfiguration$EnableWebMvcConfiguration' to allow for resolving potential circular references
18:01:36.919 [main] DEBUG o.s.b.f.annotation.InjectionMetadata - Processing injected element of bean 'org.springframework.boot.autoconfigure.web.WebMvcAutoConfiguration$EnableWebMvcConfiguration': AutowiredMethodElement for public void org.springframework.web.servlet.config.annotation.DelegatingWebMvcConfiguration.setConfigurers(java.util.List)
18:01:36.920 [main] DEBUG o.s.b.f.s.DefaultListableBeanFactory - Returning cached instance of singleton bean 'org.springframework.boot.autoconfigure.web.WebMvcAutoConfiguration$WebMvcAutoConfigurationAdapter'
18:01:36.920 [main] DEBUG o.s.b.f.s.DefaultListableBeanFactory - Creating shared instance of singleton bean 'org.springframework.data.web.config.SpringDataWebConfiguration'
18:01:36.920 [main] DEBUG o.s.b.f.s.DefaultListableBeanFactory - Creating instance of bean 'org.springframework.data.web.config.SpringDataWebConfiguration'
18:01:36.921 [main] DEBUG o.s.b.f.annotation.InjectionMetadata - Registered injected element on class [org.springframework.data.web.config.SpringDataWebConfiguration$$EnhancerBySpringCGLIB$$bb76ddbb]: AutowiredFieldElement for private org.springframework.context.ApplicationContext org.springframework.data.web.config.SpringDataWebConfiguration.context
18:01:36.921 [main] DEBUG o.s.b.f.annotation.InjectionMetadata - Registered injected element on class [org.springframework.data.web.config.SpringDataWebConfiguration$$EnhancerBySpringCGLIB$$bb76ddbb]: AutowiredFieldElement for org.springframework.beans.factory.ObjectFactory org.springframework.data.web.config.SpringDataWebConfiguration.conversionService
18:01:36.922 [main] DEBUG o.s.b.f.s.DefaultListableBeanFactory - Eagerly caching bean 'org.springframework.data.web.config.SpringDataWebConfiguration' to allow for resolving potential circular references
18:01:36.925 [main] DEBUG o.s.b.f.annotation.InjectionMetadata - Processing injected element of bean 'org.springframework.data.web.config.SpringDataWebConfiguration': AutowiredFieldElement for private org.springframework.context.ApplicationContext org.springframework.data.web.config.SpringDataWebConfiguration.context
18:01:36.925 [main] DEBUG o.s.b.f.a.AutowiredAnnotationBeanPostProcessor - Autowiring by type from bean name 'org.springframework.data.web.config.SpringDataWebConfiguration' to bean named 'org.springframework.web.context.support.GenericWebApplicationContext@17d0685f'
18:01:36.925 [main] DEBUG o.s.b.f.annotation.InjectionMetadata - Processing injected element of bean 'org.springframework.data.web.config.SpringDataWebConfiguration': AutowiredFieldElement for org.springframework.beans.factory.ObjectFactory org.springframework.data.web.config.SpringDataWebConfiguration.conversionService
18:01:36.926 [main] DEBUG o.s.b.f.s.DefaultListableBeanFactory - Finished creating instance of bean 'org.springframework.data.web.config.SpringDataWebConfiguration'
18:01:36.927 [main] DEBUG o.s.b.f.a.AutowiredAnnotationBeanPostProcessor - Autowiring by type from bean name 'org.springframework.boot.autoconfigure.web.WebMvcAutoConfiguration$EnableWebMvcConfiguration' to bean named 'org.springframework.boot.autoconfigure.web.WebMvcAutoConfiguration$WebMvcAutoConfigurationAdapter'
18:01:36.927 [main] DEBUG o.s.b.f.a.AutowiredAnnotationBeanPostProcessor - Autowiring by type from bean name 'org.springframework.boot.autoconfigure.web.WebMvcAutoConfiguration$EnableWebMvcConfiguration' to bean named 'org.springframework.data.web.config.SpringDataWebConfiguration'
18:01:36.927 [main] DEBUG o.s.b.f.annotation.InjectionMetadata - Processing injected element of bean 'org.springframework.boot.autoconfigure.web.WebMvcAutoConfiguration$EnableWebMvcConfiguration': AutowiredFieldElement for private org.springframework.boot.autoconfigure.web.WebMvcProperties org.springframework.boot.autoconfigure.web.WebMvcAutoConfiguration$EnableWebMvcConfiguration.mvcProperties
18:01:36.927 [main] DEBUG o.s.b.f.s.DefaultListableBeanFactory - Returning cached instance of singleton bean 'spring.mvc.CONFIGURATION_PROPERTIES'
18:01:36.927 [main] DEBUG o.s.b.f.a.AutowiredAnnotationBeanPostProcessor - Autowiring by type from bean name 'org.springframework.boot.autoconfigure.web.WebMvcAutoConfiguration$EnableWebMvcConfiguration' to bean named 'spring.mvc.CONFIGURATION_PROPERTIES'
18:01:36.928 [main] DEBUG o.s.b.f.annotation.InjectionMetadata - Processing injected element of bean 'org.springframework.boot.autoconfigure.web.WebMvcAutoConfiguration$EnableWebMvcConfiguration': AutowiredFieldElement for private org.springframework.beans.factory.ListableBeanFactory org.springframework.boot.autoconfigure.web.WebMvcAutoConfiguration$EnableWebMvcConfiguration.beanFactory
18:01:36.928 [main] DEBUG o.s.b.f.a.AutowiredAnnotationBeanPostProcessor - Autowiring by type from bean name 'org.springframework.boot.autoconfigure.web.WebMvcAutoConfiguration$EnableWebMvcConfiguration' to bean named 'org.springframework.beans.factory.support.DefaultListableBeanFactory@11a9e7c8'
18:01:36.928 [main] DEBUG o.s.b.f.s.DefaultListableBeanFactory - Finished creating instance of bean 'org.springframework.boot.autoconfigure.web.WebMvcAutoConfiguration$EnableWebMvcConfiguration'
18:01:36.928 [main] DEBUG o.s.b.f.s.DefaultListableBeanFactory - Creating shared instance of singleton bean 'requestMappingHandlerAdapter'
18:01:36.928 [main] DEBUG o.s.b.f.s.DefaultListableBeanFactory - Creating instance of bean 'requestMappingHandlerAdapter'
18:01:36.929 [main] DEBUG o.s.b.f.s.DefaultListableBeanFactory - Returning cached instance of singleton bean 'org.springframework.boot.autoconfigure.web.WebMvcAutoConfiguration$EnableWebMvcConfiguration'
18:01:36.936 [main] DEBUG o.s.b.f.s.DefaultListableBeanFactory - Creating shared instance of singleton bean 'sortResolver'
18:01:36.936 [main] DEBUG o.s.b.f.s.DefaultListableBeanFactory - Creating instance of bean 'sortResolver'
18:01:36.936 [main] DEBUG o.s.b.f.s.DefaultListableBeanFactory - Returning cached instance of singleton bean 'org.springframework.data.web.config.SpringDataWebConfiguration'
18:01:36.953 [main] DEBUG o.s.b.f.s.DefaultListableBeanFactory - Eagerly caching bean 'sortResolver' to allow for resolving potential circular references
18:01:36.956 [main] DEBUG o.s.b.f.s.DefaultListableBeanFactory - Finished creating instance of bean 'sortResolver'
18:01:36.956 [main] DEBUG o.s.b.f.s.DefaultListableBeanFactory - Creating shared instance of singleton bean 'pageableResolver'
18:01:36.957 [main] DEBUG o.s.b.f.s.DefaultListableBeanFactory - Creating instance of bean 'pageableResolver'
18:01:36.957 [main] DEBUG o.s.b.f.s.DefaultListableBeanFactory - Returning cached instance of singleton bean 'org.springframework.data.web.config.SpringDataWebConfiguration'
18:01:36.959 [main] DEBUG o.s.b.f.s.DefaultListableBeanFactory - Returning cached instance of singleton bean 'sortResolver'
18:01:36.959 [main] DEBUG o.s.b.f.s.DefaultListableBeanFactory - Eagerly caching bean 'pageableResolver' to allow for resolving potential circular references
18:01:36.962 [main] DEBUG o.s.b.f.s.DefaultListableBeanFactory - Finished creating instance of bean 'pageableResolver'
18:01:36.965 [main] DEBUG o.s.b.f.s.DefaultListableBeanFactory - Creating shared instance of singleton bean 'mvcConversionService'
18:01:36.965 [main] DEBUG o.s.b.f.s.DefaultListableBeanFactory - Creating instance of bean 'mvcConversionService'
18:01:36.966 [main] DEBUG o.s.b.f.s.DefaultListableBeanFactory - Returning cached instance of singleton bean 'org.springframework.boot.autoconfigure.web.WebMvcAutoConfiguration$EnableWebMvcConfiguration'
18:01:37.072 [main] DEBUG o.s.b.f.s.DefaultListableBeanFactory - Returning cached instance of singleton bean 'todoRepository'
18:01:37.072 [main] DEBUG o.s.b.f.s.DefaultListableBeanFactory - Returning cached instance of singleton bean 'voitureRepository'
18:01:37.076 [main] DEBUG o.s.b.f.s.DefaultListableBeanFactory - Eagerly caching bean 'mvcConversionService' to allow for resolving potential circular references
18:01:37.085 [main] DEBUG o.s.b.f.s.DefaultListableBeanFactory - Finished creating instance of bean 'mvcConversionService'
18:01:37.101 [main] DEBUG o.s.b.f.s.DefaultListableBeanFactory - Creating shared instance of singleton bean 'mvcContentNegotiationManager'
18:01:37.101 [main] DEBUG o.s.b.f.s.DefaultListableBeanFactory - Creating instance of bean 'mvcContentNegotiationManager'
18:01:37.102 [main] DEBUG o.s.b.f.s.DefaultListableBeanFactory - Returning cached instance of singleton bean 'org.springframework.boot.autoconfigure.web.WebMvcAutoConfiguration$EnableWebMvcConfiguration'
18:01:37.106 [main] DEBUG o.s.b.f.s.DefaultListableBeanFactory - Eagerly caching bean 'mvcContentNegotiationManager' to allow for resolving potential circular references
18:01:37.108 [main] DEBUG o.s.b.f.s.DefaultListableBeanFactory - Finished creating instance of bean 'mvcContentNegotiationManager'
18:01:37.109 [main] DEBUG o.s.b.f.s.DefaultListableBeanFactory - Returning cached instance of singleton bean 'mvcConversionService'
18:01:37.109 [main] DEBUG o.s.b.f.s.DefaultListableBeanFactory - Creating shared instance of singleton bean 'mvcValidator'
18:01:37.109 [main] DEBUG o.s.b.f.s.DefaultListableBeanFactory - Creating instance of bean 'mvcValidator'
18:01:37.109 [main] DEBUG o.s.b.f.s.DefaultListableBeanFactory - Returning cached instance of singleton bean 'org.springframework.boot.autoconfigure.web.WebMvcAutoConfiguration$EnableWebMvcConfiguration'
18:01:37.111 [main] DEBUG o.s.b.f.s.DefaultListableBeanFactory - Eagerly caching bean 'mvcValidator' to allow for resolving potential circular references
18:01:37.116 [main] DEBUG o.s.b.f.s.DefaultListableBeanFactory - Invoking afterPropertiesSet() on bean with name 'mvcValidator'
18:01:37.117 [main] DEBUG o.h.v.i.e.r.DefaultTraversableResolver - Found javax.persistence.Persistence on classpath containing 'getPersistenceUtil'. Assuming JPA 2 environment. Trying to instantiate JPA aware TraversableResolver
18:01:37.117 [main] DEBUG o.h.v.i.e.r.DefaultTraversableResolver - Instantiated JPA aware TraversableResolver of type org.hibernate.validator.internal.engine.resolver.JPATraversableResolver.
18:01:37.117 [main] DEBUG o.h.v.i.engine.ConfigurationImpl - Setting custom MessageInterpolator of type org.springframework.validation.beanvalidation.LocaleContextMessageInterpolator
18:01:37.120 [main] DEBUG o.h.v.i.engine.ConfigurationImpl - Setting custom ConstraintValidatorFactory of type org.springframework.validation.beanvalidation.SpringConstraintValidatorFactory
18:01:37.121 [main] DEBUG o.h.v.i.engine.ConfigurationImpl - Setting custom ParameterNameProvider of type com.sun.proxy.$Proxy47
18:01:37.121 [main] DEBUG o.h.v.i.xml.ValidationXmlParser - Trying to load META-INF/validation.xml for XML based Validator configuration.
18:01:37.121 [main] DEBUG o.h.v.i.xml.ResourceLoaderHelper - Trying to load META-INF/validation.xml via user class loader
18:01:37.122 [main] DEBUG o.h.v.i.xml.ResourceLoaderHelper - Trying to load META-INF/validation.xml via TCCL
18:01:37.122 [main] DEBUG o.h.v.i.xml.ResourceLoaderHelper - Trying to load META-INF/validation.xml via Hibernate Validator's class loader
18:01:37.122 [main] DEBUG o.h.v.i.xml.ValidationXmlParser - No META-INF/validation.xml found. Using annotation based configuration only.
18:01:37.125 [main] DEBUG o.s.b.f.s.DefaultListableBeanFactory - Finished creating instance of bean 'mvcValidator'
18:01:37.132 [main] DEBUG o.s.b.f.s.DefaultListableBeanFactory - Eagerly caching bean 'requestMappingHandlerAdapter' to allow for resolving potential circular references
18:01:37.137 [main] DEBUG o.s.b.f.s.DefaultListableBeanFactory - Invoking afterPropertiesSet() on bean with name 'requestMappingHandlerAdapter'
18:01:37.137 [main] INFO  o.s.w.s.m.m.a.RequestMappingHandlerAdapter - Looking for @ControllerAdvice: org.springframework.web.context.support.GenericWebApplicationContext@17d0685f: startup date [Wed May 18 18:01:32 CEST 2016]; root of context hierarchy
18:01:37.172 [main] DEBUG o.s.b.f.s.DefaultListableBeanFactory - Finished creating instance of bean 'requestMappingHandlerAdapter'
18:01:37.172 [main] DEBUG o.s.b.f.s.DefaultListableBeanFactory - Creating shared instance of singleton bean 'requestMappingHandlerMapping'
18:01:37.172 [main] DEBUG o.s.b.f.s.DefaultListableBeanFactory - Creating instance of bean 'requestMappingHandlerMapping'
18:01:37.172 [main] DEBUG o.s.b.f.s.DefaultListableBeanFactory - Returning cached instance of singleton bean 'org.springframework.boot.autoconfigure.web.WebMvcAutoConfiguration$EnableWebMvcConfiguration'
18:01:37.181 [main] DEBUG o.s.b.f.s.DefaultListableBeanFactory - Returning cached instance of singleton bean 'mvcConversionService'
18:01:37.182 [main] DEBUG o.s.b.f.s.DefaultListableBeanFactory - Creating shared instance of singleton bean 'mvcResourceUrlProvider'
18:01:37.182 [main] DEBUG o.s.b.f.s.DefaultListableBeanFactory - Creating instance of bean 'mvcResourceUrlProvider'
18:01:37.182 [main] DEBUG o.s.b.f.s.DefaultListableBeanFactory - Returning cached instance of singleton bean 'org.springframework.boot.autoconfigure.web.WebMvcAutoConfiguration$EnableWebMvcConfiguration'
18:01:37.183 [main] DEBUG o.s.b.f.s.DefaultListableBeanFactory - Eagerly caching bean 'mvcResourceUrlProvider' to allow for resolving potential circular references
18:01:37.185 [main] DEBUG o.s.b.f.s.DefaultListableBeanFactory - Finished creating instance of bean 'mvcResourceUrlProvider'
18:01:37.185 [main] DEBUG o.s.b.f.s.DefaultListableBeanFactory - Returning cached instance of singleton bean 'mvcContentNegotiationManager'
18:01:37.189 [main] DEBUG o.s.b.f.s.DefaultListableBeanFactory - Eagerly caching bean 'requestMappingHandlerMapping' to allow for resolving potential circular references
18:01:37.200 [main] DEBUG o.s.b.f.s.DefaultListableBeanFactory - Invoking afterPropertiesSet() on bean with name 'requestMappingHandlerMapping'
18:01:37.200 [main] DEBUG o.s.w.s.m.m.a.RequestMappingHandlerMapping - Looking for request mappings in application context: org.springframework.web.context.support.GenericWebApplicationContext@17d0685f: startup date [Wed May 18 18:01:32 CEST 2016]; root of context hierarchy
18:01:37.215 [main] DEBUG o.s.w.s.m.m.a.RequestMappingHandlerMapping - 8 request handler methods found on class com.todolist.services.TodoCtrl: {public com.todolist.domain.Todo com.todolist.services.TodoCtrl.validate(java.lang.String) throws java.lang.RuntimeException={[/validate/{numero}],methods=[GET]}, public java.util.List com.todolist.services.TodoCtrl.validateList(java.util.List)={[/validateList/],methods=[GET]}, public java.lang.String com.todolist.services.TodoCtrl.voir()={[/voir],methods=[GET]}, public java.util.List com.todolist.services.TodoCtrl.toda()={[/todo],methods=[GET]}, public java.util.List com.todolist.services.TodoCtrl.getodo(java.lang.String)={[/delete/{numero}],methods=[GET]}, public java.util.List com.todolist.services.TodoCtrl.gtodo(java.util.Optional)={[/filtrer/{dateDeCheance}],methods=[GET]}, public com.todolist.domain.Todo com.todolist.services.TodoCtrl.todo(java.lang.String,java.lang.String,java.lang.String)={[/addtodo],methods=[GET]}, public java.util.List com.todolist.services.TodoCtrl.todo(java.util.Optional)={[/lister/{etat}],methods=[GET]}}
18:01:37.217 [main] INFO  o.s.w.s.m.m.a.RequestMappingHandlerMapping - Mapped "{[/validate/{numero}],methods=[GET]}" onto public com.todolist.domain.Todo com.todolist.services.TodoCtrl.validate(java.lang.String) throws java.lang.RuntimeException
18:01:37.219 [main] INFO  o.s.w.s.m.m.a.RequestMappingHandlerMapping - Mapped "{[/validateList/],methods=[GET]}" onto public java.util.List<com.todolist.domain.Todo> com.todolist.services.TodoCtrl.validateList(java.util.List<java.lang.String>)
18:01:37.219 [main] INFO  o.s.w.s.m.m.a.RequestMappingHandlerMapping - Mapped "{[/voir],methods=[GET]}" onto public java.lang.String com.todolist.services.TodoCtrl.voir()
18:01:37.220 [main] INFO  o.s.w.s.m.m.a.RequestMappingHandlerMapping - Mapped "{[/todo],methods=[GET]}" onto public java.util.List<com.todolist.domain.Todo> com.todolist.services.TodoCtrl.toda()
18:01:37.220 [main] INFO  o.s.w.s.m.m.a.RequestMappingHandlerMapping - Mapped "{[/delete/{numero}],methods=[GET]}" onto public java.util.List<com.todolist.domain.Todo> com.todolist.services.TodoCtrl.getodo(java.lang.String)
18:01:37.220 [main] INFO  o.s.w.s.m.m.a.RequestMappingHandlerMapping - Mapped "{[/filtrer/{dateDeCheance}],methods=[GET]}" onto public java.util.List<com.todolist.domain.Todo> com.todolist.services.TodoCtrl.gtodo(java.util.Optional<java.util.Date>)
18:01:37.220 [main] INFO  o.s.w.s.m.m.a.RequestMappingHandlerMapping - Mapped "{[/addtodo],methods=[GET]}" onto public com.todolist.domain.Todo com.todolist.services.TodoCtrl.todo(java.lang.String,java.lang.String,java.lang.String)
18:01:37.221 [main] INFO  o.s.w.s.m.m.a.RequestMappingHandlerMapping - Mapped "{[/lister/{etat}],methods=[GET]}" onto public java.util.List<com.todolist.domain.Todo> com.todolist.services.TodoCtrl.todo(java.util.Optional<java.lang.String>)
18:01:37.221 [main] DEBUG o.s.w.s.m.m.a.RequestMappingHandlerMapping - 1 request handler methods found on class com.todolist.services.VoitCtrl: {public com.todolist.domain.Voiture com.todolist.services.VoitCtrl.voiture(java.lang.String)={[/add],methods=[GET]}}
18:01:37.221 [main] INFO  o.s.w.s.m.m.a.RequestMappingHandlerMapping - Mapped "{[/add],methods=[GET]}" onto public com.todolist.domain.Voiture com.todolist.services.VoitCtrl.voiture(java.lang.String)
18:01:37.223 [main] DEBUG o.s.c.e.PropertySourcesPropertyResolver - Searching for key 'error.path:/error' in [environmentProperties]
18:01:37.223 [main] DEBUG o.s.c.e.PropertySourcesPropertyResolver - Searching for key 'error.path:/error' in [servletConfigInitParams]
18:01:37.223 [main] DEBUG o.s.c.e.PropertySourcesPropertyResolver - Searching for key 'error.path:/error' in [servletContextInitParams]
18:01:37.223 [main] DEBUG o.s.c.e.PropertySourcesPropertyResolver - Searching for key 'error.path:/error' in [systemProperties]
18:01:37.223 [main] DEBUG o.s.c.e.PropertySourcesPropertyResolver - Searching for key 'error.path:/error' in [systemEnvironment]
18:01:37.223 [main] DEBUG o.s.c.e.PropertySourcesPropertyResolver - Could not find key 'error.path:/error' in any property source. Returning [null]
18:01:37.223 [main] DEBUG o.s.c.e.PropertySourcesPropertyResolver - Searching for key 'error.path:/error' in [localProperties]
18:01:37.223 [main] DEBUG o.s.c.e.PropertySourcesPropertyResolver - Could not find key 'error.path:/error' in any property source. Returning [null]
18:01:37.223 [main] DEBUG o.s.c.e.PropertySourcesPropertyResolver - Searching for key 'error.path' in [environmentProperties]
18:01:37.224 [main] DEBUG o.s.c.e.PropertySourcesPropertyResolver - Searching for key 'error.path' in [servletConfigInitParams]
18:01:37.224 [main] DEBUG o.s.c.e.PropertySourcesPropertyResolver - Searching for key 'error.path' in [servletContextInitParams]
18:01:37.224 [main] DEBUG o.s.c.e.PropertySourcesPropertyResolver - Searching for key 'error.path' in [systemProperties]
18:01:37.224 [main] DEBUG o.s.c.e.PropertySourcesPropertyResolver - Searching for key 'error.path' in [systemEnvironment]
18:01:37.224 [main] DEBUG o.s.c.e.PropertySourcesPropertyResolver - Could not find key 'error.path' in any property source. Returning [null]
18:01:37.224 [main] DEBUG o.s.c.e.PropertySourcesPropertyResolver - Searching for key 'error.path' in [localProperties]
18:01:37.224 [main] DEBUG o.s.c.e.PropertySourcesPropertyResolver - Could not find key 'error.path' in any property source. Returning [null]
18:01:37.224 [main] DEBUG o.s.c.e.PropertySourcesPropertyResolver - Searching for key 'server.error.path:/error' in [environmentProperties]
18:01:37.224 [main] DEBUG o.s.c.e.PropertySourcesPropertyResolver - Searching for key 'server.error.path:/error' in [servletConfigInitParams]
18:01:37.224 [main] DEBUG o.s.c.e.PropertySourcesPropertyResolver - Searching for key 'server.error.path:/error' in [servletContextInitParams]
18:01:37.224 [main] DEBUG o.s.c.e.PropertySourcesPropertyResolver - Searching for key 'server.error.path:/error' in [systemProperties]
18:01:37.224 [main] DEBUG o.s.c.e.PropertySourcesPropertyResolver - Searching for key 'server.error.path:/error' in [systemEnvironment]
18:01:37.224 [main] DEBUG o.s.c.e.PropertySourcesPropertyResolver - Could not find key 'server.error.path:/error' in any property source. Returning [null]
18:01:37.224 [main] DEBUG o.s.c.e.PropertySourcesPropertyResolver - Searching for key 'server.error.path:/error' in [localProperties]
18:01:37.225 [main] DEBUG o.s.c.e.PropertySourcesPropertyResolver - Could not find key 'server.error.path:/error' in any property source. Returning [null]
18:01:37.225 [main] DEBUG o.s.c.e.PropertySourcesPropertyResolver - Searching for key 'server.error.path' in [environmentProperties]
18:01:37.225 [main] DEBUG o.s.c.e.PropertySourcesPropertyResolver - Searching for key 'server.error.path' in [servletConfigInitParams]
18:01:37.225 [main] DEBUG o.s.c.e.PropertySourcesPropertyResolver - Searching for key 'server.error.path' in [servletContextInitParams]
18:01:37.225 [main] DEBUG o.s.c.e.PropertySourcesPropertyResolver - Searching for key 'server.error.path' in [systemProperties]
18:01:37.225 [main] DEBUG o.s.c.e.PropertySourcesPropertyResolver - Searching for key 'server.error.path' in [systemEnvironment]
18:01:37.225 [main] DEBUG o.s.c.e.PropertySourcesPropertyResolver - Could not find key 'server.error.path' in any property source. Returning [null]
18:01:37.225 [main] DEBUG o.s.c.e.PropertySourcesPropertyResolver - Searching for key 'server.error.path' in [localProperties]
18:01:37.227 [main] DEBUG o.s.c.e.PropertySourcesPropertyResolver - Could not find key 'server.error.path' in any property source. Returning [null]
18:01:37.229 [main] DEBUG o.s.c.e.PropertySourcesPropertyResolver - Searching for key 'error.path:/error' in [environmentProperties]
18:01:37.229 [main] DEBUG o.s.c.e.PropertySourcesPropertyResolver - Searching for key 'error.path:/error' in [servletConfigInitParams]
18:01:37.230 [main] DEBUG o.s.c.e.PropertySourcesPropertyResolver - Searching for key 'error.path:/error' in [servletContextInitParams]
18:01:37.230 [main] DEBUG o.s.c.e.PropertySourcesPropertyResolver - Searching for key 'error.path:/error' in [systemProperties]
18:01:37.230 [main] DEBUG o.s.c.e.PropertySourcesPropertyResolver - Searching for key 'error.path:/error' in [systemEnvironment]
18:01:37.230 [main] DEBUG o.s.c.e.PropertySourcesPropertyResolver - Could not find key 'error.path:/error' in any property source. Returning [null]
18:01:37.231 [main] DEBUG o.s.c.e.PropertySourcesPropertyResolver - Searching for key 'error.path:/error' in [localProperties]
18:01:37.231 [main] DEBUG o.s.c.e.PropertySourcesPropertyResolver - Could not find key 'error.path:/error' in any property source. Returning [null]
18:01:37.231 [main] DEBUG o.s.c.e.PropertySourcesPropertyResolver - Searching for key 'error.path' in [environmentProperties]
18:01:37.231 [main] DEBUG o.s.c.e.PropertySourcesPropertyResolver - Searching for key 'error.path' in [servletConfigInitParams]
18:01:37.231 [main] DEBUG o.s.c.e.PropertySourcesPropertyResolver - Searching for key 'error.path' in [servletContextInitParams]
18:01:37.231 [main] DEBUG o.s.c.e.PropertySourcesPropertyResolver - Searching for key 'error.path' in [systemProperties]
18:01:37.231 [main] DEBUG o.s.c.e.PropertySourcesPropertyResolver - Searching for key 'error.path' in [systemEnvironment]
18:01:37.232 [main] DEBUG o.s.c.e.PropertySourcesPropertyResolver - Could not find key 'error.path' in any property source. Returning [null]
18:01:37.232 [main] DEBUG o.s.c.e.PropertySourcesPropertyResolver - Searching for key 'error.path' in [localProperties]
18:01:37.232 [main] DEBUG o.s.c.e.PropertySourcesPropertyResolver - Could not find key 'error.path' in any property source. Returning [null]
18:01:37.232 [main] DEBUG o.s.c.e.PropertySourcesPropertyResolver - Searching for key 'server.error.path:/error' in [environmentProperties]
18:01:37.233 [main] DEBUG o.s.c.e.PropertySourcesPropertyResolver - Searching for key 'server.error.path:/error' in [servletConfigInitParams]
18:01:37.233 [main] DEBUG o.s.c.e.PropertySourcesPropertyResolver - Searching for key 'server.error.path:/error' in [servletContextInitParams]
18:01:37.233 [main] DEBUG o.s.c.e.PropertySourcesPropertyResolver - Searching for key 'server.error.path:/error' in [systemProperties]
18:01:37.233 [main] DEBUG o.s.c.e.PropertySourcesPropertyResolver - Searching for key 'server.error.path:/error' in [systemEnvironment]
18:01:37.233 [main] DEBUG o.s.c.e.PropertySourcesPropertyResolver - Could not find key 'server.error.path:/error' in any property source. Returning [null]
18:01:37.234 [main] DEBUG o.s.c.e.PropertySourcesPropertyResolver - Searching for key 'server.error.path:/error' in [localProperties]
18:01:37.234 [main] DEBUG o.s.c.e.PropertySourcesPropertyResolver - Could not find key 'server.error.path:/error' in any property source. Returning [null]
18:01:37.234 [main] DEBUG o.s.c.e.PropertySourcesPropertyResolver - Searching for key 'server.error.path' in [environmentProperties]
18:01:37.234 [main] DEBUG o.s.c.e.PropertySourcesPropertyResolver - Searching for key 'server.error.path' in [servletConfigInitParams]
18:01:37.234 [main] DEBUG o.s.c.e.PropertySourcesPropertyResolver - Searching for key 'server.error.path' in [servletContextInitParams]
18:01:37.234 [main] DEBUG o.s.c.e.PropertySourcesPropertyResolver - Searching for key 'server.error.path' in [systemProperties]
18:01:37.234 [main] DEBUG o.s.c.e.PropertySourcesPropertyResolver - Searching for key 'server.error.path' in [systemEnvironment]
18:01:37.234 [main] DEBUG o.s.c.e.PropertySourcesPropertyResolver - Could not find key 'server.error.path' in any property source. Returning [null]
18:01:37.235 [main] DEBUG o.s.c.e.PropertySourcesPropertyResolver - Searching for key 'server.error.path' in [localProperties]
18:01:37.235 [main] DEBUG o.s.c.e.PropertySourcesPropertyResolver - Could not find key 'server.error.path' in any property source. Returning [null]
18:01:37.235 [main] DEBUG o.s.w.s.m.m.a.RequestMappingHandlerMapping - 2 request handler methods found on class org.springframework.boot.autoconfigure.web.BasicErrorController: {public org.springframework.http.ResponseEntity org.springframework.boot.autoconfigure.web.BasicErrorController.error(javax.servlet.http.HttpServletRequest)={[/error]}, public org.springframework.web.servlet.ModelAndView org.springframework.boot.autoconfigure.web.BasicErrorController.errorHtml(javax.servlet.http.HttpServletRequest,javax.servlet.http.HttpServletResponse)={[/error],produces=[text/html]}}
18:01:37.235 [main] INFO  o.s.w.s.m.m.a.RequestMappingHandlerMapping - Mapped "{[/error]}" onto public org.springframework.http.ResponseEntity<java.util.Map<java.lang.String, java.lang.Object>> org.springframework.boot.autoconfigure.web.BasicErrorController.error(javax.servlet.http.HttpServletRequest)
18:01:37.236 [main] INFO  o.s.w.s.m.m.a.RequestMappingHandlerMapping - Mapped "{[/error],produces=[text/html]}" onto public org.springframework.web.servlet.ModelAndView org.springframework.boot.autoconfigure.web.BasicErrorController.errorHtml(javax.servlet.http.HttpServletRequest,javax.servlet.http.HttpServletResponse)
18:01:37.239 [main] DEBUG o.s.b.f.s.DefaultListableBeanFactory - Finished creating instance of bean 'requestMappingHandlerMapping'
18:01:37.239 [main] DEBUG o.s.b.f.s.DefaultListableBeanFactory - Returning cached instance of singleton bean 'mvcContentNegotiationManager'
18:01:37.239 [main] DEBUG o.s.b.f.s.DefaultListableBeanFactory - Creating shared instance of singleton bean 'viewControllerHandlerMapping'
18:01:37.239 [main] DEBUG o.s.b.f.s.DefaultListableBeanFactory - Creating instance of bean 'viewControllerHandlerMapping'
18:01:37.239 [main] DEBUG o.s.b.f.s.DefaultListableBeanFactory - Returning cached instance of singleton bean 'org.springframework.boot.autoconfigure.web.WebMvcAutoConfiguration$EnableWebMvcConfiguration'
18:01:37.242 [main] DEBUG o.s.b.f.s.DefaultListableBeanFactory - Creating shared instance of singleton bean 'mvcPathMatcher'
18:01:37.243 [main] DEBUG o.s.b.f.s.DefaultListableBeanFactory - Creating instance of bean 'mvcPathMatcher'
18:01:37.243 [main] DEBUG o.s.b.f.s.DefaultListableBeanFactory - Returning cached instance of singleton bean 'org.springframework.boot.autoconfigure.web.WebMvcAutoConfiguration$EnableWebMvcConfiguration'
18:01:37.243 [main] DEBUG o.s.b.f.s.DefaultListableBeanFactory - Eagerly caching bean 'mvcPathMatcher' to allow for resolving potential circular references
18:01:37.246 [main] DEBUG o.s.b.f.s.DefaultListableBeanFactory - Finished creating instance of bean 'mvcPathMatcher'
18:01:37.246 [main] DEBUG o.s.b.f.s.DefaultListableBeanFactory - Creating shared instance of singleton bean 'mvcUrlPathHelper'
18:01:37.246 [main] DEBUG o.s.b.f.s.DefaultListableBeanFactory - Creating instance of bean 'mvcUrlPathHelper'
18:01:37.246 [main] DEBUG o.s.b.f.s.DefaultListableBeanFactory - Returning cached instance of singleton bean 'org.springframework.boot.autoconfigure.web.WebMvcAutoConfiguration$EnableWebMvcConfiguration'
18:01:37.247 [main] DEBUG o.s.b.f.s.DefaultListableBeanFactory - Eagerly caching bean 'mvcUrlPathHelper' to allow for resolving potential circular references
18:01:37.249 [main] DEBUG o.s.b.f.s.DefaultListableBeanFactory - Finished creating instance of bean 'mvcUrlPathHelper'
18:01:37.250 [main] DEBUG o.s.b.f.s.DefaultListableBeanFactory - Eagerly caching bean 'viewControllerHandlerMapping' to allow for resolving potential circular references
18:01:37.253 [main] DEBUG o.s.b.f.s.DefaultListableBeanFactory - Finished creating instance of bean 'viewControllerHandlerMapping'
18:01:37.253 [main] DEBUG o.s.b.f.s.DefaultListableBeanFactory - Creating shared instance of singleton bean 'beanNameHandlerMapping'
18:01:37.254 [main] DEBUG o.s.b.f.s.DefaultListableBeanFactory - Creating instance of bean 'beanNameHandlerMapping'
18:01:37.254 [main] DEBUG o.s.b.f.s.DefaultListableBeanFactory - Returning cached instance of singleton bean 'org.springframework.boot.autoconfigure.web.WebMvcAutoConfiguration$EnableWebMvcConfiguration'
18:01:37.256 [main] DEBUG o.s.b.f.s.DefaultListableBeanFactory - Eagerly caching bean 'beanNameHandlerMapping' to allow for resolving potential circular references
18:01:37.262 [main] DEBUG o.s.w.s.h.BeanNameUrlHandlerMapping - Looking for URL mappings in application context: org.springframework.web.context.support.GenericWebApplicationContext@17d0685f: startup date [Wed May 18 18:01:32 CEST 2016]; root of context hierarchy
18:01:37.263 [main] DEBUG o.s.w.s.h.BeanNameUrlHandlerMapping - Rejected bean name 'org.springframework.context.annotation.internalConfigurationAnnotationProcessor': no URL paths identified
18:01:37.263 [main] DEBUG o.s.w.s.h.BeanNameUrlHandlerMapping - Rejected bean name 'org.springframework.context.annotation.internalAutowiredAnnotationProcessor': no URL paths identified
18:01:37.263 [main] DEBUG o.s.w.s.h.BeanNameUrlHandlerMapping - Rejected bean name 'org.springframework.context.annotation.internalRequiredAnnotationProcessor': no URL paths identified
18:01:37.263 [main] DEBUG o.s.w.s.h.BeanNameUrlHandlerMapping - Rejected bean name 'org.springframework.context.annotation.internalCommonAnnotationProcessor': no URL paths identified
18:01:37.263 [main] DEBUG o.s.w.s.h.BeanNameUrlHandlerMapping - Rejected bean name 'org.springframework.context.event.internalEventListenerProcessor': no URL paths identified
18:01:37.263 [main] DEBUG o.s.w.s.h.BeanNameUrlHandlerMapping - Rejected bean name 'org.springframework.context.event.internalEventListenerFactory': no URL paths identified
18:01:37.263 [main] DEBUG o.s.w.s.h.BeanNameUrlHandlerMapping - Rejected bean name 'application': no URL paths identified
18:01:37.263 [main] DEBUG o.s.w.s.h.BeanNameUrlHandlerMapping - Rejected bean name 'org.springframework.context.annotation.ConfigurationClassPostProcessor.importAwareProcessor': no URL paths identified
18:01:37.263 [main] DEBUG o.s.w.s.h.BeanNameUrlHandlerMapping - Rejected bean name 'org.springframework.context.annotation.ConfigurationClassPostProcessor.enhancedConfigurationProcessor': no URL paths identified
18:01:37.263 [main] DEBUG o.s.w.s.h.BeanNameUrlHandlerMapping - Rejected bean name 'todoCtrl': no URL paths identified
18:01:37.263 [main] DEBUG o.s.w.s.h.BeanNameUrlHandlerMapping - Rejected bean name 'voitCtrl': no URL paths identified
18:01:37.263 [main] DEBUG o.s.w.s.h.BeanNameUrlHandlerMapping - Rejected bean name 'org.springframework.boot.autoconfigure.AutoConfigurationPackages': no URL paths identified
18:01:37.263 [main] DEBUG o.s.w.s.h.BeanNameUrlHandlerMapping - Rejected bean name 'org.springframework.boot.autoconfigure.PropertyPlaceholderAutoConfiguration': no URL paths identified
18:01:37.263 [main] DEBUG o.s.w.s.h.BeanNameUrlHandlerMapping - Rejected bean name 'org.springframework.boot.autoconfigure.condition.BeanTypeRegistry': no URL paths identified
18:01:37.263 [main] DEBUG o.s.w.s.h.BeanNameUrlHandlerMapping - Rejected bean name 'propertySourcesPlaceholderConfigurer': no URL paths identified
18:01:37.264 [main] DEBUG o.s.w.s.h.BeanNameUrlHandlerMapping - Rejected bean name 'org.springframework.boot.autoconfigure.websocket.WebSocketAutoConfiguration$TomcatWebSocketConfiguration': no URL paths identified
18:01:37.264 [main] DEBUG o.s.w.s.h.BeanNameUrlHandlerMapping - Rejected bean name 'websocketContainerCustomizer': no URL paths identified
18:01:37.264 [main] DEBUG o.s.w.s.h.BeanNameUrlHandlerMapping - Rejected bean name 'org.springframework.boot.autoconfigure.websocket.WebSocketAutoConfiguration': no URL paths identified
18:01:37.264 [main] DEBUG o.s.w.s.h.BeanNameUrlHandlerMapping - Rejected bean name 'org.springframework.boot.autoconfigure.web.EmbeddedServletContainerAutoConfiguration$EmbeddedJetty': no URL paths identified
18:01:37.264 [main] DEBUG o.s.w.s.h.BeanNameUrlHandlerMapping - Rejected bean name 'jettyEmbeddedServletContainerFactory': no URL paths identified
18:01:37.264 [main] DEBUG o.s.w.s.h.BeanNameUrlHandlerMapping - Rejected bean name 'org.springframework.boot.autoconfigure.web.EmbeddedServletContainerAutoConfiguration': no URL paths identified
18:01:37.264 [main] DEBUG o.s.w.s.h.BeanNameUrlHandlerMapping - Rejected bean name 'embeddedServletContainerCustomizerBeanPostProcessor': no URL paths identified
18:01:37.264 [main] DEBUG o.s.w.s.h.BeanNameUrlHandlerMapping - Rejected bean name 'org.springframework.boot.autoconfigure.web.DispatcherServletAutoConfiguration$DispatcherServletConfiguration': no URL paths identified
18:01:37.264 [main] DEBUG o.s.w.s.h.BeanNameUrlHandlerMapping - Rejected bean name 'dispatcherServlet': no URL paths identified
18:01:37.264 [main] DEBUG o.s.w.s.h.BeanNameUrlHandlerMapping - Rejected bean name 'dispatcherServletRegistration': no URL paths identified
18:01:37.264 [main] DEBUG o.s.w.s.h.BeanNameUrlHandlerMapping - Rejected bean name 'spring.mvc.CONFIGURATION_PROPERTIES': no URL paths identified
18:01:37.264 [main] DEBUG o.s.w.s.h.BeanNameUrlHandlerMapping - Rejected bean name 'org.springframework.boot.context.properties.ConfigurationPropertiesBindingPostProcessor': no URL paths identified
18:01:37.264 [main] DEBUG o.s.w.s.h.BeanNameUrlHandlerMapping - Rejected bean name 'org.springframework.boot.context.properties.ConfigurationPropertiesBindingPostProcessor.store': no URL paths identified
18:01:37.264 [main] DEBUG o.s.w.s.h.BeanNameUrlHandlerMapping - Rejected bean name 'org.springframework.boot.autoconfigure.web.DispatcherServletAutoConfiguration': no URL paths identified
18:01:37.264 [main] DEBUG o.s.w.s.h.BeanNameUrlHandlerMapping - Rejected bean name 'org.springframework.boot.autoconfigure.web.ErrorMvcAutoConfiguration$WhitelabelErrorViewConfiguration': no URL paths identified
18:01:37.264 [main] DEBUG o.s.w.s.h.BeanNameUrlHandlerMapping - Rejected bean name 'error': no URL paths identified
18:01:37.264 [main] DEBUG o.s.w.s.h.BeanNameUrlHandlerMapping - Rejected bean name 'beanNameViewResolver': no URL paths identified
18:01:37.265 [main] DEBUG o.s.w.s.h.BeanNameUrlHandlerMapping - Rejected bean name 'org.springframework.boot.autoconfigure.web.ErrorMvcAutoConfiguration': no URL paths identified
18:01:37.265 [main] DEBUG o.s.w.s.h.BeanNameUrlHandlerMapping - Rejected bean name 'errorAttributes': no URL paths identified
18:01:37.265 [main] DEBUG o.s.w.s.h.BeanNameUrlHandlerMapping - Rejected bean name 'basicErrorController': no URL paths identified
18:01:37.265 [main] DEBUG o.s.w.s.h.BeanNameUrlHandlerMapping - Rejected bean name 'errorPageCustomizer': no URL paths identified
18:01:37.265 [main] DEBUG o.s.w.s.h.BeanNameUrlHandlerMapping - Rejected bean name 'preserveErrorControllerTargetClassPostProcessor': no URL paths identified
18:01:37.265 [main] DEBUG o.s.w.s.h.BeanNameUrlHandlerMapping - Rejected bean name 'org.springframework.boot.autoconfigure.web.WebMvcAutoConfiguration$EnableWebMvcConfiguration': no URL paths identified
18:01:37.265 [main] DEBUG o.s.w.s.h.BeanNameUrlHandlerMapping - Rejected bean name 'requestMappingHandlerAdapter': no URL paths identified
18:01:37.265 [main] DEBUG o.s.w.s.h.BeanNameUrlHandlerMapping - Rejected bean name 'requestMappingHandlerMapping': no URL paths identified
18:01:37.265 [main] DEBUG o.s.w.s.h.BeanNameUrlHandlerMapping - Rejected bean name 'mvcContentNegotiationManager': no URL paths identified
18:01:37.265 [main] DEBUG o.s.w.s.h.BeanNameUrlHandlerMapping - Rejected bean name 'viewControllerHandlerMapping': no URL paths identified
18:01:37.265 [main] DEBUG o.s.w.s.h.BeanNameUrlHandlerMapping - Rejected bean name 'beanNameHandlerMapping': no URL paths identified
18:01:37.265 [main] DEBUG o.s.w.s.h.BeanNameUrlHandlerMapping - Rejected bean name 'resourceHandlerMapping': no URL paths identified
18:01:37.265 [main] DEBUG o.s.w.s.h.BeanNameUrlHandlerMapping - Rejected bean name 'mvcResourceUrlProvider': no URL paths identified
18:01:37.265 [main] DEBUG o.s.w.s.h.BeanNameUrlHandlerMapping - Rejected bean name 'defaultServletHandlerMapping': no URL paths identified
18:01:37.265 [main] DEBUG o.s.w.s.h.BeanNameUrlHandlerMapping - Rejected bean name 'mvcConversionService': no URL paths identified
18:01:37.265 [main] DEBUG o.s.w.s.h.BeanNameUrlHandlerMapping - Rejected bean name 'mvcValidator': no URL paths identified
18:01:37.266 [main] DEBUG o.s.w.s.h.BeanNameUrlHandlerMapping - Rejected bean name 'mvcPathMatcher': no URL paths identified
18:01:37.266 [main] DEBUG o.s.w.s.h.BeanNameUrlHandlerMapping - Rejected bean name 'mvcUrlPathHelper': no URL paths identified
18:01:37.266 [main] DEBUG o.s.w.s.h.BeanNameUrlHandlerMapping - Rejected bean name 'mvcUriComponentsContributor': no URL paths identified
18:01:37.266 [main] DEBUG o.s.w.s.h.BeanNameUrlHandlerMapping - Rejected bean name 'httpRequestHandlerAdapter': no URL paths identified
18:01:37.266 [main] DEBUG o.s.w.s.h.BeanNameUrlHandlerMapping - Rejected bean name 'simpleControllerHandlerAdapter': no URL paths identified
18:01:37.266 [main] DEBUG o.s.w.s.h.BeanNameUrlHandlerMapping - Rejected bean name 'handlerExceptionResolver': no URL paths identified
18:01:37.266 [main] DEBUG o.s.w.s.h.BeanNameUrlHandlerMapping - Rejected bean name 'mvcViewResolver': no URL paths identified
18:01:37.266 [main] DEBUG o.s.w.s.h.BeanNameUrlHandlerMapping - Rejected bean name 'org.springframework.boot.autoconfigure.web.WebMvcAutoConfiguration$WebMvcAutoConfigurationAdapter$FaviconConfiguration': no URL paths identified
18:01:37.266 [main] DEBUG o.s.w.s.h.BeanNameUrlHandlerMapping - Rejected bean name 'faviconHandlerMapping': no URL paths identified
18:01:37.266 [main] DEBUG o.s.w.s.h.BeanNameUrlHandlerMapping - Rejected bean name 'faviconRequestHandler': no URL paths identified
18:01:37.266 [main] DEBUG o.s.w.s.h.BeanNameUrlHandlerMapping - Rejected bean name 'org.springframework.boot.autoconfigure.web.WebMvcAutoConfiguration$WebMvcAutoConfigurationAdapter': no URL paths identified
18:01:37.266 [main] DEBUG o.s.w.s.h.BeanNameUrlHandlerMapping - Rejected bean name 'defaultViewResolver': no URL paths identified
18:01:37.266 [main] DEBUG o.s.w.s.h.BeanNameUrlHandlerMapping - Rejected bean name 'requestContextFilter': no URL paths identified
18:01:37.266 [main] DEBUG o.s.w.s.h.BeanNameUrlHandlerMapping - Rejected bean name 'viewResolver': no URL paths identified
18:01:37.266 [main] DEBUG o.s.w.s.h.BeanNameUrlHandlerMapping - Rejected bean name 'spring.resources.CONFIGURATION_PROPERTIES': no URL paths identified
18:01:37.266 [main] DEBUG o.s.w.s.h.BeanNameUrlHandlerMapping - Rejected bean name 'org.springframework.boot.autoconfigure.web.WebMvcAutoConfiguration': no URL paths identified
18:01:37.266 [main] DEBUG o.s.w.s.h.BeanNameUrlHandlerMapping - Rejected bean name 'hiddenHttpMethodFilter': no URL paths identified
18:01:37.267 [main] DEBUG o.s.w.s.h.BeanNameUrlHandlerMapping - Rejected bean name 'httpPutFormContentFilter': no URL paths identified
18:01:37.267 [main] DEBUG o.s.w.s.h.BeanNameUrlHandlerMapping - Rejected bean name 'org.springframework.boot.autoconfigure.jmx.JmxAutoConfiguration': no URL paths identified
18:01:37.267 [main] DEBUG o.s.w.s.h.BeanNameUrlHandlerMapping - Rejected bean name 'mbeanExporter': no URL paths identified
18:01:37.267 [main] DEBUG o.s.w.s.h.BeanNameUrlHandlerMapping - Rejected bean name 'objectNamingStrategy': no URL paths identified
18:01:37.267 [main] DEBUG o.s.w.s.h.BeanNameUrlHandlerMapping - Rejected bean name 'mbeanServer': no URL paths identified
18:01:37.267 [main] DEBUG o.s.w.s.h.BeanNameUrlHandlerMapping - Rejected bean name 'org.springframework.boot.autoconfigure.context.ConfigurationPropertiesAutoConfiguration': no URL paths identified
18:01:37.267 [main] DEBUG o.s.w.s.h.BeanNameUrlHandlerMapping - Rejected bean name 'org.springframework.boot.autoconfigure.dao.PersistenceExceptionTranslationAutoConfiguration': no URL paths identified
18:01:37.267 [main] DEBUG o.s.w.s.h.BeanNameUrlHandlerMapping - Rejected bean name 'persistenceExceptionTranslationPostProcessor': no URL paths identified
18:01:37.267 [main] DEBUG o.s.w.s.h.BeanNameUrlHandlerMapping - Rejected bean name 'org.springframework.boot.autoconfigure.mongo.MongoAutoConfiguration': no URL paths identified
18:01:37.267 [main] DEBUG o.s.w.s.h.BeanNameUrlHandlerMapping - Rejected bean name 'mongo': no URL paths identified
18:01:37.267 [main] DEBUG o.s.w.s.h.BeanNameUrlHandlerMapping - Rejected bean name 'spring.data.mongodb.CONFIGURATION_PROPERTIES': no URL paths identified
18:01:37.267 [main] DEBUG o.s.w.s.h.BeanNameUrlHandlerMapping - Rejected bean name 'org.springframework.boot.autoconfigure.data.mongo.MongoDataAutoConfiguration': no URL paths identified
18:01:37.268 [main] DEBUG o.s.w.s.h.BeanNameUrlHandlerMapping - Rejected bean name 'mongoDbFactory': no URL paths identified
18:01:37.268 [main] DEBUG o.s.w.s.h.BeanNameUrlHandlerMapping - Rejected bean name 'mongoTemplate': no URL paths identified
18:01:37.268 [main] DEBUG o.s.w.s.h.BeanNameUrlHandlerMapping - Rejected bean name 'mappingMongoConverter': no URL paths identified
18:01:37.268 [main] DEBUG o.s.w.s.h.BeanNameUrlHandlerMapping - Rejected bean name 'mongoMappingContext': no URL paths identified
18:01:37.268 [main] DEBUG o.s.w.s.h.BeanNameUrlHandlerMapping - Rejected bean name 'gridFsTemplate': no URL paths identified
18:01:37.268 [main] DEBUG o.s.w.s.h.BeanNameUrlHandlerMapping - Rejected bean name 'org.springframework.boot.autoconfigure.data.mongo.MongoRepositoriesAutoConfiguration': no URL paths identified
18:01:37.268 [main] DEBUG o.s.w.s.h.BeanNameUrlHandlerMapping - Rejected bean name 'org.springframework.data.repository.core.support.RepositoryInterfaceAwareBeanPostProcessor': no URL paths identified
18:01:37.268 [main] DEBUG o.s.w.s.h.BeanNameUrlHandlerMapping - Rejected bean name 'todoRepository': no URL paths identified
18:01:37.268 [main] DEBUG o.s.w.s.h.BeanNameUrlHandlerMapping - Rejected bean name 'voitureRepository': no URL paths identified
18:01:37.268 [main] DEBUG o.s.w.s.h.BeanNameUrlHandlerMapping - Rejected bean name 'org.springframework.boot.autoconfigure.jackson.JacksonAutoConfiguration$JacksonObjectMapperBuilderConfiguration': no URL paths identified
18:01:37.268 [main] DEBUG o.s.w.s.h.BeanNameUrlHandlerMapping - Rejected bean name 'jacksonObjectMapperBuilder': no URL paths identified
18:01:37.268 [main] DEBUG o.s.w.s.h.BeanNameUrlHandlerMapping - Rejected bean name 'spring.jackson.CONFIGURATION_PROPERTIES': no URL paths identified
18:01:37.268 [main] DEBUG o.s.w.s.h.BeanNameUrlHandlerMapping - Rejected bean name 'org.springframework.boot.autoconfigure.jackson.JacksonAutoConfiguration$JacksonObjectMapperConfiguration': no URL paths identified
18:01:37.268 [main] DEBUG o.s.w.s.h.BeanNameUrlHandlerMapping - Rejected bean name 'jacksonObjectMapper': no URL paths identified
18:01:37.268 [main] DEBUG o.s.w.s.h.BeanNameUrlHandlerMapping - Rejected bean name 'org.springframework.boot.autoconfigure.jackson.JacksonAutoConfiguration': no URL paths identified
18:01:37.268 [main] DEBUG o.s.w.s.h.BeanNameUrlHandlerMapping - Rejected bean name 'org.springframework.boot.autoconfigure.web.HttpMessageConvertersAutoConfiguration$StringHttpMessageConverterConfiguration': no URL paths identified
18:01:37.268 [main] DEBUG o.s.w.s.h.BeanNameUrlHandlerMapping - Rejected bean name 'stringHttpMessageConverter': no URL paths identified
18:01:37.269 [main] DEBUG o.s.w.s.h.BeanNameUrlHandlerMapping - Rejected bean name 'spring.http.encoding.CONFIGURATION_PROPERTIES': no URL paths identified
18:01:37.269 [main] DEBUG o.s.w.s.h.BeanNameUrlHandlerMapping - Rejected bean name 'org.springframework.boot.autoconfigure.web.JacksonHttpMessageConvertersConfiguration$MappingJackson2HttpMessageConverterConfiguration': no URL paths identified
18:01:37.269 [main] DEBUG o.s.w.s.h.BeanNameUrlHandlerMapping - Rejected bean name 'mappingJackson2HttpMessageConverter': no URL paths identified
18:01:37.269 [main] DEBUG o.s.w.s.h.BeanNameUrlHandlerMapping - Rejected bean name 'org.springframework.boot.autoconfigure.web.JacksonHttpMessageConvertersConfiguration': no URL paths identified
18:01:37.269 [main] DEBUG o.s.w.s.h.BeanNameUrlHandlerMapping - Rejected bean name 'org.springframework.boot.autoconfigure.web.HttpMessageConvertersAutoConfiguration': no URL paths identified
18:01:37.269 [main] DEBUG o.s.w.s.h.BeanNameUrlHandlerMapping - Rejected bean name 'messageConverters': no URL paths identified
18:01:37.269 [main] DEBUG o.s.w.s.h.BeanNameUrlHandlerMapping - Rejected bean name 'org.springframework.data.web.config.SpringDataWebConfiguration': no URL paths identified
18:01:37.269 [main] DEBUG o.s.w.s.h.BeanNameUrlHandlerMapping - Rejected bean name 'pageableResolver': no URL paths identified
18:01:37.269 [main] DEBUG o.s.w.s.h.BeanNameUrlHandlerMapping - Rejected bean name 'sortResolver': no URL paths identified
18:01:37.269 [main] DEBUG o.s.w.s.h.BeanNameUrlHandlerMapping - Rejected bean name 'org.springframework.data.mongodb.core.GeoJsonConfiguration': no URL paths identified
18:01:37.269 [main] DEBUG o.s.w.s.h.BeanNameUrlHandlerMapping - Rejected bean name 'geoJsonModule': no URL paths identified
18:01:37.269 [main] DEBUG o.s.w.s.h.BeanNameUrlHandlerMapping - Rejected bean name 'org.springframework.data.web.config.SpringDataJacksonConfiguration': no URL paths identified
18:01:37.269 [main] DEBUG o.s.w.s.h.BeanNameUrlHandlerMapping - Rejected bean name 'jacksonGeoModule': no URL paths identified
18:01:37.269 [main] DEBUG o.s.w.s.h.BeanNameUrlHandlerMapping - Rejected bean name 'org.springframework.boot.autoconfigure.data.web.SpringDataWebAutoConfiguration': no URL paths identified
18:01:37.269 [main] DEBUG o.s.w.s.h.BeanNameUrlHandlerMapping - Rejected bean name 'org.springframework.boot.autoconfigure.web.HttpEncodingAutoConfiguration': no URL paths identified
18:01:37.269 [main] DEBUG o.s.w.s.h.BeanNameUrlHandlerMapping - Rejected bean name 'characterEncodingFilter': no URL paths identified
18:01:37.270 [main] DEBUG o.s.w.s.h.BeanNameUrlHandlerMapping - Rejected bean name 'org.springframework.boot.autoconfigure.web.MultipartAutoConfiguration': no URL paths identified
18:01:37.270 [main] DEBUG o.s.w.s.h.BeanNameUrlHandlerMapping - Rejected bean name 'multipartConfigElement': no URL paths identified
18:01:37.270 [main] DEBUG o.s.w.s.h.BeanNameUrlHandlerMapping - Rejected bean name 'multipartResolver': no URL paths identified
18:01:37.270 [main] DEBUG o.s.w.s.h.BeanNameUrlHandlerMapping - Rejected bean name 'multipart.CONFIGURATION_PROPERTIES': no URL paths identified
18:01:37.270 [main] DEBUG o.s.w.s.h.BeanNameUrlHandlerMapping - Rejected bean name 'org.springframework.boot.autoconfigure.web.ServerPropertiesAutoConfiguration': no URL paths identified
18:01:37.270 [main] DEBUG o.s.w.s.h.BeanNameUrlHandlerMapping - Rejected bean name 'serverProperties': no URL paths identified
18:01:37.270 [main] DEBUG o.s.w.s.h.BeanNameUrlHandlerMapping - Rejected bean name 'duplicateServerPropertiesDetector': no URL paths identified
18:01:37.270 [main] DEBUG o.s.w.s.h.BeanNameUrlHandlerMapping - Rejected bean name 'environment': no URL paths identified
18:01:37.270 [main] DEBUG o.s.w.s.h.BeanNameUrlHandlerMapping - Rejected bean name 'systemProperties': no URL paths identified
18:01:37.270 [main] DEBUG o.s.w.s.h.BeanNameUrlHandlerMapping - Rejected bean name 'systemEnvironment': no URL paths identified
18:01:37.270 [main] DEBUG o.s.w.s.h.BeanNameUrlHandlerMapping - Rejected bean name 'servletContext': no URL paths identified
18:01:37.270 [main] DEBUG o.s.w.s.h.BeanNameUrlHandlerMapping - Rejected bean name 'contextParameters': no URL paths identified
18:01:37.270 [main] DEBUG o.s.w.s.h.BeanNameUrlHandlerMapping - Rejected bean name 'contextAttributes': no URL paths identified
18:01:37.270 [main] DEBUG o.s.w.s.h.BeanNameUrlHandlerMapping - Rejected bean name 'autoConfigurationReport': no URL paths identified
18:01:37.273 [main] DEBUG o.s.w.s.h.BeanNameUrlHandlerMapping - Rejected bean name 'org.springframework.context.annotation.ConfigurationClassPostProcessor.importRegistry': no URL paths identified
18:01:37.274 [main] DEBUG o.s.w.s.h.BeanNameUrlHandlerMapping - Rejected bean name 'messageSource': no URL paths identified
18:01:37.274 [main] DEBUG o.s.w.s.h.BeanNameUrlHandlerMapping - Rejected bean name 'applicationEventMulticaster': no URL paths identified
18:01:37.279 [main] DEBUG o.s.b.f.s.DefaultListableBeanFactory - Finished creating instance of bean 'beanNameHandlerMapping'
18:01:37.279 [main] DEBUG o.s.b.f.s.DefaultListableBeanFactory - Creating shared instance of singleton bean 'resourceHandlerMapping'
18:01:37.279 [main] DEBUG o.s.b.f.s.DefaultListableBeanFactory - Creating instance of bean 'resourceHandlerMapping'
18:01:37.283 [main] DEBUG o.s.b.f.s.DefaultListableBeanFactory - Returning cached instance of singleton bean 'org.springframework.boot.autoconfigure.web.WebMvcAutoConfiguration$EnableWebMvcConfiguration'
18:01:37.289 [main] DEBUG o.s.b.f.s.DefaultListableBeanFactory - Returning cached instance of singleton bean 'mvcPathMatcher'
18:01:37.290 [main] DEBUG o.s.b.f.s.DefaultListableBeanFactory - Returning cached instance of singleton bean 'mvcUrlPathHelper'
18:01:37.290 [main] DEBUG o.s.b.f.s.DefaultListableBeanFactory - Returning cached instance of singleton bean 'mvcResourceUrlProvider'
18:01:37.290 [main] DEBUG o.s.b.f.s.DefaultListableBeanFactory - Eagerly caching bean 'resourceHandlerMapping' to allow for resolving potential circular references
18:01:37.294 [main] INFO  o.s.w.s.h.SimpleUrlHandlerMapping - Mapped URL path [/webjars/**] onto handler of type [class org.springframework.web.servlet.resource.ResourceHttpRequestHandler]
18:01:37.294 [main] INFO  o.s.w.s.h.SimpleUrlHandlerMapping - Mapped URL path [/**] onto handler of type [class org.springframework.web.servlet.resource.ResourceHttpRequestHandler]
18:01:37.294 [main] DEBUG o.s.b.f.s.DefaultListableBeanFactory - Finished creating instance of bean 'resourceHandlerMapping'
18:01:37.294 [main] DEBUG o.s.b.f.s.DefaultListableBeanFactory - Returning cached instance of singleton bean 'mvcResourceUrlProvider'
18:01:37.294 [main] DEBUG o.s.b.f.s.DefaultListableBeanFactory - Creating shared instance of singleton bean 'defaultServletHandlerMapping'
18:01:37.295 [main] DEBUG o.s.b.f.s.DefaultListableBeanFactory - Creating instance of bean 'defaultServletHandlerMapping'
18:01:37.295 [main] DEBUG o.s.b.f.s.DefaultListableBeanFactory - Returning cached instance of singleton bean 'org.springframework.boot.autoconfigure.web.WebMvcAutoConfiguration$EnableWebMvcConfiguration'
18:01:37.295 [main] DEBUG o.s.b.f.s.DefaultListableBeanFactory - Eagerly caching bean 'defaultServletHandlerMapping' to allow for resolving potential circular references
18:01:37.296 [main] DEBUG o.s.b.f.s.DefaultListableBeanFactory - Finished creating instance of bean 'defaultServletHandlerMapping'
18:01:37.296 [main] DEBUG o.s.b.f.s.DefaultListableBeanFactory - Returning cached instance of singleton bean 'mvcConversionService'
18:01:37.296 [main] DEBUG o.s.b.f.s.DefaultListableBeanFactory - Returning cached instance of singleton bean 'mvcValidator'
18:01:37.296 [main] DEBUG o.s.b.f.s.DefaultListableBeanFactory - Returning cached instance of singleton bean 'mvcPathMatcher'
18:01:37.296 [main] DEBUG o.s.b.f.s.DefaultListableBeanFactory - Returning cached instance of singleton bean 'mvcUrlPathHelper'
18:01:37.296 [main] DEBUG o.s.b.f.s.DefaultListableBeanFactory - Creating shared instance of singleton bean 'mvcUriComponentsContributor'
18:01:37.296 [main] DEBUG o.s.b.f.s.DefaultListableBeanFactory - Creating instance of bean 'mvcUriComponentsContributor'
18:01:37.297 [main] DEBUG o.s.b.f.s.DefaultListableBeanFactory - Returning cached instance of singleton bean 'org.springframework.boot.autoconfigure.web.WebMvcAutoConfiguration$EnableWebMvcConfiguration'
18:01:37.297 [main] DEBUG o.s.b.f.s.DefaultListableBeanFactory - Returning cached instance of singleton bean 'requestMappingHandlerAdapter'
18:01:37.298 [main] DEBUG o.s.b.f.s.DefaultListableBeanFactory - Returning cached instance of singleton bean 'mvcConversionService'
18:01:37.299 [main] DEBUG o.s.b.f.s.DefaultListableBeanFactory - Eagerly caching bean 'mvcUriComponentsContributor' to allow for resolving potential circular references
18:01:37.302 [main] DEBUG o.s.b.f.s.DefaultListableBeanFactory - Finished creating instance of bean 'mvcUriComponentsContributor'
18:01:37.302 [main] DEBUG o.s.b.f.s.DefaultListableBeanFactory - Creating shared instance of singleton bean 'httpRequestHandlerAdapter'
18:01:37.302 [main] DEBUG o.s.b.f.s.DefaultListableBeanFactory - Creating instance of bean 'httpRequestHandlerAdapter'
18:01:37.302 [main] DEBUG o.s.b.f.s.DefaultListableBeanFactory - Returning cached instance of singleton bean 'org.springframework.boot.autoconfigure.web.WebMvcAutoConfiguration$EnableWebMvcConfiguration'
18:01:37.303 [main] DEBUG o.s.b.f.s.DefaultListableBeanFactory - Eagerly caching bean 'httpRequestHandlerAdapter' to allow for resolving potential circular references
18:01:37.305 [main] DEBUG o.s.b.f.s.DefaultListableBeanFactory - Finished creating instance of bean 'httpRequestHandlerAdapter'
18:01:37.305 [main] DEBUG o.s.b.f.s.DefaultListableBeanFactory - Creating shared instance of singleton bean 'simpleControllerHandlerAdapter'
18:01:37.305 [main] DEBUG o.s.b.f.s.DefaultListableBeanFactory - Creating instance of bean 'simpleControllerHandlerAdapter'
18:01:37.305 [main] DEBUG o.s.b.f.s.DefaultListableBeanFactory - Returning cached instance of singleton bean 'org.springframework.boot.autoconfigure.web.WebMvcAutoConfiguration$EnableWebMvcConfiguration'
18:01:37.306 [main] DEBUG o.s.b.f.s.DefaultListableBeanFactory - Eagerly caching bean 'simpleControllerHandlerAdapter' to allow for resolving potential circular references
18:01:37.308 [main] DEBUG o.s.b.f.s.DefaultListableBeanFactory - Finished creating instance of bean 'simpleControllerHandlerAdapter'
18:01:37.308 [main] DEBUG o.s.b.f.s.DefaultListableBeanFactory - Creating shared instance of singleton bean 'handlerExceptionResolver'
18:01:37.308 [main] DEBUG o.s.b.f.s.DefaultListableBeanFactory - Creating instance of bean 'handlerExceptionResolver'
18:01:37.308 [main] DEBUG o.s.b.f.s.DefaultListableBeanFactory - Returning cached instance of singleton bean 'org.springframework.boot.autoconfigure.web.WebMvcAutoConfiguration$EnableWebMvcConfiguration'
18:01:37.317 [main] DEBUG o.s.b.f.s.DefaultListableBeanFactory - Returning cached instance of singleton bean 'mvcContentNegotiationManager'
18:01:37.319 [main] DEBUG o.s.w.s.m.m.a.ExceptionHandlerExceptionResolver - Looking for exception mappings: org.springframework.web.context.support.GenericWebApplicationContext@17d0685f: startup date [Wed May 18 18:01:32 CEST 2016]; root of context hierarchy
18:01:37.326 [main] DEBUG o.s.b.f.s.DefaultListableBeanFactory - Eagerly caching bean 'handlerExceptionResolver' to allow for resolving potential circular references
18:01:37.331 [main] DEBUG o.s.b.f.s.DefaultListableBeanFactory - Finished creating instance of bean 'handlerExceptionResolver'
18:01:37.332 [main] DEBUG o.s.b.f.s.DefaultListableBeanFactory - Creating shared instance of singleton bean 'mvcViewResolver'
18:01:37.332 [main] DEBUG o.s.b.f.s.DefaultListableBeanFactory - Creating instance of bean 'mvcViewResolver'
18:01:37.332 [main] DEBUG o.s.b.f.s.DefaultListableBeanFactory - Returning cached instance of singleton bean 'org.springframework.boot.autoconfigure.web.WebMvcAutoConfiguration$EnableWebMvcConfiguration'
18:01:37.336 [main] DEBUG o.s.b.f.s.DefaultListableBeanFactory - Returning cached instance of singleton bean 'mvcContentNegotiationManager'
18:01:37.338 [main] DEBUG o.s.b.f.s.DefaultListableBeanFactory - Eagerly caching bean 'mvcViewResolver' to allow for resolving potential circular references
18:01:37.341 [main] DEBUG o.s.b.f.s.DefaultListableBeanFactory - Invoking afterPropertiesSet() on bean with name 'mvcViewResolver'
18:01:37.342 [main] DEBUG o.s.b.f.s.DefaultListableBeanFactory - Finished creating instance of bean 'mvcViewResolver'
18:01:37.342 [main] DEBUG o.s.b.f.s.DefaultListableBeanFactory - Creating shared instance of singleton bean 'org.springframework.boot.autoconfigure.web.WebMvcAutoConfiguration$WebMvcAutoConfigurationAdapter$FaviconConfiguration'
18:01:37.342 [main] DEBUG o.s.b.f.s.DefaultListableBeanFactory - Creating instance of bean 'org.springframework.boot.autoconfigure.web.WebMvcAutoConfiguration$WebMvcAutoConfigurationAdapter$FaviconConfiguration'
18:01:37.342 [main] DEBUG o.s.b.f.annotation.InjectionMetadata - Registered injected element on class [org.springframework.boot.autoconfigure.web.WebMvcAutoConfiguration$WebMvcAutoConfigurationAdapter$FaviconConfiguration$$EnhancerBySpringCGLIB$$4274bb3c]: AutowiredFieldElement for private org.springframework.boot.autoconfigure.web.ResourceProperties org.springframework.boot.autoconfigure.web.WebMvcAutoConfiguration$WebMvcAutoConfigurationAdapter$FaviconConfiguration.resourceProperties
18:01:37.343 [main] DEBUG o.s.b.f.s.DefaultListableBeanFactory - Eagerly caching bean 'org.springframework.boot.autoconfigure.web.WebMvcAutoConfiguration$WebMvcAutoConfigurationAdapter$FaviconConfiguration' to allow for resolving potential circular references
18:01:37.346 [main] DEBUG o.s.b.f.annotation.InjectionMetadata - Processing injected element of bean 'org.springframework.boot.autoconfigure.web.WebMvcAutoConfiguration$WebMvcAutoConfigurationAdapter$FaviconConfiguration': AutowiredFieldElement for private org.springframework.boot.autoconfigure.web.ResourceProperties org.springframework.boot.autoconfigure.web.WebMvcAutoConfiguration$WebMvcAutoConfigurationAdapter$FaviconConfiguration.resourceProperties
18:01:37.346 [main] DEBUG o.s.b.f.s.DefaultListableBeanFactory - Returning cached instance of singleton bean 'spring.resources.CONFIGURATION_PROPERTIES'
18:01:37.347 [main] DEBUG o.s.b.f.a.AutowiredAnnotationBeanPostProcessor - Autowiring by type from bean name 'org.springframework.boot.autoconfigure.web.WebMvcAutoConfiguration$WebMvcAutoConfigurationAdapter$FaviconConfiguration' to bean named 'spring.resources.CONFIGURATION_PROPERTIES'
18:01:37.347 [main] DEBUG o.s.b.f.s.DefaultListableBeanFactory - Finished creating instance of bean 'org.springframework.boot.autoconfigure.web.WebMvcAutoConfiguration$WebMvcAutoConfigurationAdapter$FaviconConfiguration'
18:01:37.347 [main] DEBUG o.s.b.f.s.DefaultListableBeanFactory - Creating shared instance of singleton bean 'faviconHandlerMapping'
18:01:37.347 [main] DEBUG o.s.b.f.s.DefaultListableBeanFactory - Creating instance of bean 'faviconHandlerMapping'
18:01:37.347 [main] DEBUG o.s.b.f.s.DefaultListableBeanFactory - Returning cached instance of singleton bean 'org.springframework.boot.autoconfigure.web.WebMvcAutoConfiguration$WebMvcAutoConfigurationAdapter$FaviconConfiguration'
18:01:37.352 [main] DEBUG o.s.b.f.s.DefaultListableBeanFactory - Creating shared instance of singleton bean 'faviconRequestHandler'
18:01:37.352 [main] DEBUG o.s.b.f.s.DefaultListableBeanFactory - Creating instance of bean 'faviconRequestHandler'
18:01:37.352 [main] DEBUG o.s.b.f.s.DefaultListableBeanFactory - Returning cached instance of singleton bean 'org.springframework.boot.autoconfigure.web.WebMvcAutoConfiguration$WebMvcAutoConfigurationAdapter$FaviconConfiguration'
18:01:37.353 [main] DEBUG o.s.b.f.s.DefaultListableBeanFactory - Eagerly caching bean 'faviconRequestHandler' to allow for resolving potential circular references
18:01:37.357 [main] DEBUG o.s.b.f.s.DefaultListableBeanFactory - Invoking afterPropertiesSet() on bean with name 'faviconRequestHandler'
18:01:37.358 [main] DEBUG o.s.b.f.s.DefaultListableBeanFactory - Finished creating instance of bean 'faviconRequestHandler'
18:01:37.358 [main] DEBUG o.s.b.f.s.DefaultListableBeanFactory - Eagerly caching bean 'faviconHandlerMapping' to allow for resolving potential circular references
18:01:37.359 [main] INFO  o.s.w.s.h.SimpleUrlHandlerMapping - Mapped URL path [/**/favicon.ico] onto handler of type [class org.springframework.web.servlet.resource.ResourceHttpRequestHandler]
18:01:37.359 [main] DEBUG o.s.b.f.s.DefaultListableBeanFactory - Finished creating instance of bean 'faviconHandlerMapping'
18:01:37.359 [main] DEBUG o.s.b.f.s.DefaultListableBeanFactory - Returning cached instance of singleton bean 'faviconRequestHandler'
18:01:37.360 [main] DEBUG o.s.b.f.s.DefaultListableBeanFactory - Returning cached instance of singleton bean 'org.springframework.boot.autoconfigure.web.WebMvcAutoConfiguration$WebMvcAutoConfigurationAdapter'
18:01:37.360 [main] DEBUG o.s.b.f.s.DefaultListableBeanFactory - Creating shared instance of singleton bean 'defaultViewResolver'
18:01:37.360 [main] DEBUG o.s.b.f.s.DefaultListableBeanFactory - Creating instance of bean 'defaultViewResolver'
18:01:37.360 [main] DEBUG o.s.b.f.s.DefaultListableBeanFactory - Returning cached instance of singleton bean 'org.springframework.boot.autoconfigure.web.WebMvcAutoConfiguration$WebMvcAutoConfigurationAdapter'
18:01:37.367 [main] DEBUG o.s.b.f.s.DefaultListableBeanFactory - Eagerly caching bean 'defaultViewResolver' to allow for resolving potential circular references
18:01:37.376 [main] DEBUG o.s.b.f.s.DefaultListableBeanFactory - Finished creating instance of bean 'defaultViewResolver'
18:01:37.377 [main] DEBUG o.s.b.f.s.DefaultListableBeanFactory - Creating shared instance of singleton bean 'requestContextFilter'
18:01:37.377 [main] DEBUG o.s.b.f.s.DefaultListableBeanFactory - Creating instance of bean 'requestContextFilter'
18:01:37.377 [main] DEBUG o.s.b.f.s.DefaultListableBeanFactory - Returning cached instance of singleton bean 'org.springframework.boot.autoconfigure.web.WebMvcAutoConfiguration$WebMvcAutoConfigurationAdapter'
18:01:37.378 [main] DEBUG o.s.w.c.s.StandardServletEnvironment - Adding [servletConfigInitParams] PropertySource with lowest search precedence
18:01:37.379 [main] DEBUG o.s.w.c.s.StandardServletEnvironment - Adding [servletContextInitParams] PropertySource with lowest search precedence
18:01:37.379 [main] DEBUG o.s.w.c.s.StandardServletEnvironment - Adding [systemProperties] PropertySource with lowest search precedence
18:01:37.379 [main] DEBUG o.s.w.c.s.StandardServletEnvironment - Adding [systemEnvironment] PropertySource with lowest search precedence
18:01:37.380 [main] DEBUG o.s.w.c.s.StandardServletEnvironment - Initialized StandardServletEnvironment with PropertySources [servletConfigInitParams,servletContextInitParams,systemProperties,systemEnvironment]
18:01:37.381 [main] DEBUG o.s.b.f.s.DefaultListableBeanFactory - Eagerly caching bean 'requestContextFilter' to allow for resolving potential circular references
18:01:37.385 [main] DEBUG o.s.b.f.s.DefaultListableBeanFactory - Invoking afterPropertiesSet() on bean with name 'requestContextFilter'
18:01:37.385 [main] DEBUG o.s.b.f.s.DefaultListableBeanFactory - Finished creating instance of bean 'requestContextFilter'
18:01:37.386 [main] DEBUG o.s.b.f.s.DefaultListableBeanFactory - Creating shared instance of singleton bean 'viewResolver'
18:01:37.386 [main] DEBUG o.s.b.f.s.DefaultListableBeanFactory - Creating instance of bean 'viewResolver'
18:01:37.386 [main] DEBUG o.s.b.f.s.DefaultListableBeanFactory - Returning cached instance of singleton bean 'org.springframework.boot.autoconfigure.web.WebMvcAutoConfiguration$WebMvcAutoConfigurationAdapter'
18:01:37.387 [main] DEBUG o.s.b.f.s.DefaultListableBeanFactory - Autowiring by type from bean name 'viewResolver' via factory method to bean named 'org.springframework.beans.factory.support.DefaultListableBeanFactory@11a9e7c8'
18:01:37.389 [main] DEBUG o.s.b.f.s.DefaultListableBeanFactory - Returning cached instance of singleton bean 'mvcContentNegotiationManager'
18:01:37.389 [main] DEBUG o.s.b.f.s.DefaultListableBeanFactory - Eagerly caching bean 'viewResolver' to allow for resolving potential circular references
18:01:37.392 [main] DEBUG o.s.b.f.s.DefaultListableBeanFactory - Returning cached instance of singleton bean 'beanNameViewResolver'
18:01:37.392 [main] DEBUG o.s.b.f.s.DefaultListableBeanFactory - Returning cached instance of singleton bean 'mvcViewResolver'
18:01:37.393 [main] DEBUG o.s.b.f.s.DefaultListableBeanFactory - Returning cached instance of singleton bean 'defaultViewResolver'
18:01:37.393 [main] DEBUG o.s.b.f.s.DefaultListableBeanFactory - Returning eagerly cached instance of singleton bean 'viewResolver' that is not fully initialized yet - a consequence of a circular reference
18:01:37.393 [main] DEBUG o.s.b.f.s.DefaultListableBeanFactory - Invoking afterPropertiesSet() on bean with name 'viewResolver'
18:01:37.393 [main] DEBUG o.s.b.f.s.DefaultListableBeanFactory - Finished creating instance of bean 'viewResolver'
18:01:37.394 [main] DEBUG o.s.b.f.s.DefaultListableBeanFactory - Returning cached instance of singleton bean 'spring.resources.CONFIGURATION_PROPERTIES'
18:01:37.394 [main] DEBUG o.s.b.f.s.DefaultListableBeanFactory - Creating shared instance of singleton bean 'org.springframework.boot.autoconfigure.web.WebMvcAutoConfiguration'
18:01:37.394 [main] DEBUG o.s.b.f.s.DefaultListableBeanFactory - Creating instance of bean 'org.springframework.boot.autoconfigure.web.WebMvcAutoConfiguration'
18:01:37.395 [main] DEBUG o.s.b.f.s.DefaultListableBeanFactory - Eagerly caching bean 'org.springframework.boot.autoconfigure.web.WebMvcAutoConfiguration' to allow for resolving potential circular references
18:01:37.400 [main] DEBUG o.s.b.f.s.DefaultListableBeanFactory - Finished creating instance of bean 'org.springframework.boot.autoconfigure.web.WebMvcAutoConfiguration'
18:01:37.400 [main] DEBUG o.s.b.f.s.DefaultListableBeanFactory - Creating shared instance of singleton bean 'hiddenHttpMethodFilter'
18:01:37.400 [main] DEBUG o.s.b.f.s.DefaultListableBeanFactory - Creating instance of bean 'hiddenHttpMethodFilter'
18:01:37.400 [main] DEBUG o.s.b.f.s.DefaultListableBeanFactory - Returning cached instance of singleton bean 'org.springframework.boot.autoconfigure.web.WebMvcAutoConfiguration'
18:01:37.403 [main] DEBUG o.s.w.c.s.StandardServletEnvironment - Adding [servletConfigInitParams] PropertySource with lowest search precedence
18:01:37.403 [main] DEBUG o.s.w.c.s.StandardServletEnvironment - Adding [servletContextInitParams] PropertySource with lowest search precedence
18:01:37.403 [main] DEBUG o.s.w.c.s.StandardServletEnvironment - Adding [systemProperties] PropertySource with lowest search precedence
18:01:37.403 [main] DEBUG o.s.w.c.s.StandardServletEnvironment - Adding [systemEnvironment] PropertySource with lowest search precedence
18:01:37.403 [main] DEBUG o.s.w.c.s.StandardServletEnvironment - Initialized StandardServletEnvironment with PropertySources [servletConfigInitParams,servletContextInitParams,systemProperties,systemEnvironment]
18:01:37.404 [main] DEBUG o.s.b.f.s.DefaultListableBeanFactory - Eagerly caching bean 'hiddenHttpMethodFilter' to allow for resolving potential circular references
18:01:37.407 [main] DEBUG o.s.b.f.s.DefaultListableBeanFactory - Invoking afterPropertiesSet() on bean with name 'hiddenHttpMethodFilter'
18:01:37.407 [main] DEBUG o.s.b.f.s.DefaultListableBeanFactory - Finished creating instance of bean 'hiddenHttpMethodFilter'
18:01:37.407 [main] DEBUG o.s.b.f.s.DefaultListableBeanFactory - Creating shared instance of singleton bean 'httpPutFormContentFilter'
18:01:37.407 [main] DEBUG o.s.b.f.s.DefaultListableBeanFactory - Creating instance of bean 'httpPutFormContentFilter'
18:01:37.407 [main] DEBUG o.s.b.f.s.DefaultListableBeanFactory - Returning cached instance of singleton bean 'org.springframework.boot.autoconfigure.web.WebMvcAutoConfiguration'
18:01:37.408 [main] DEBUG o.s.w.c.s.StandardServletEnvironment - Adding [servletConfigInitParams] PropertySource with lowest search precedence
18:01:37.408 [main] DEBUG o.s.w.c.s.StandardServletEnvironment - Adding [servletContextInitParams] PropertySource with lowest search precedence
18:01:37.408 [main] DEBUG o.s.w.c.s.StandardServletEnvironment - Adding [systemProperties] PropertySource with lowest search precedence
18:01:37.408 [main] DEBUG o.s.w.c.s.StandardServletEnvironment - Adding [systemEnvironment] PropertySource with lowest search precedence
18:01:37.409 [main] DEBUG o.s.w.c.s.StandardServletEnvironment - Initialized StandardServletEnvironment with PropertySources [servletConfigInitParams,servletContextInitParams,systemProperties,systemEnvironment]
18:01:37.414 [main] DEBUG o.s.b.f.s.DefaultListableBeanFactory - Eagerly caching bean 'httpPutFormContentFilter' to allow for resolving potential circular references
18:01:37.417 [main] DEBUG o.s.b.f.s.DefaultListableBeanFactory - Invoking afterPropertiesSet() on bean with name 'httpPutFormContentFilter'
18:01:37.417 [main] DEBUG o.s.b.f.s.DefaultListableBeanFactory - Finished creating instance of bean 'httpPutFormContentFilter'
18:01:37.418 [main] DEBUG o.s.b.f.s.DefaultListableBeanFactory - Creating shared instance of singleton bean 'org.springframework.boot.autoconfigure.jmx.JmxAutoConfiguration'
18:01:37.418 [main] DEBUG o.s.b.f.s.DefaultListableBeanFactory - Creating instance of bean 'org.springframework.boot.autoconfigure.jmx.JmxAutoConfiguration'
18:01:37.418 [main] DEBUG o.s.b.f.s.DefaultListableBeanFactory - Eagerly caching bean 'org.springframework.boot.autoconfigure.jmx.JmxAutoConfiguration' to allow for resolving potential circular references
18:01:37.425 [main] DEBUG o.s.b.f.s.DefaultListableBeanFactory - Finished creating instance of bean 'org.springframework.boot.autoconfigure.jmx.JmxAutoConfiguration'
18:01:37.425 [main] DEBUG o.s.b.f.s.DefaultListableBeanFactory - Creating shared instance of singleton bean 'mbeanExporter'
18:01:37.425 [main] DEBUG o.s.b.f.s.DefaultListableBeanFactory - Creating instance of bean 'mbeanExporter'
18:01:37.425 [main] DEBUG o.s.b.f.s.DefaultListableBeanFactory - Returning cached instance of singleton bean 'org.springframework.boot.autoconfigure.jmx.JmxAutoConfiguration'
18:01:37.427 [main] DEBUG o.s.b.f.s.DefaultListableBeanFactory - Creating shared instance of singleton bean 'objectNamingStrategy'
18:01:37.427 [main] DEBUG o.s.b.f.s.DefaultListableBeanFactory - Creating instance of bean 'objectNamingStrategy'
18:01:37.427 [main] DEBUG o.s.b.f.s.DefaultListableBeanFactory - Returning cached instance of singleton bean 'org.springframework.boot.autoconfigure.jmx.JmxAutoConfiguration'
18:01:37.430 [main] DEBUG o.s.b.f.s.DefaultListableBeanFactory - Eagerly caching bean 'objectNamingStrategy' to allow for resolving potential circular references
18:01:37.434 [main] DEBUG o.s.b.f.s.DefaultListableBeanFactory - Invoking afterPropertiesSet() on bean with name 'objectNamingStrategy'
18:01:37.434 [main] DEBUG o.s.b.f.s.DefaultListableBeanFactory - Finished creating instance of bean 'objectNamingStrategy'
18:01:37.434 [main] DEBUG o.s.b.f.s.DefaultListableBeanFactory - Autowiring by type from bean name 'mbeanExporter' via factory method to bean named 'objectNamingStrategy'
18:01:37.449 [main] DEBUG o.s.b.f.s.DefaultListableBeanFactory - Creating shared instance of singleton bean 'mbeanServer'
18:01:37.449 [main] DEBUG o.s.b.f.s.DefaultListableBeanFactory - Creating instance of bean 'mbeanServer'
18:01:37.450 [main] DEBUG o.s.b.f.s.DefaultListableBeanFactory - Returning cached instance of singleton bean 'org.springframework.boot.autoconfigure.jmx.JmxAutoConfiguration'
18:01:37.456 [main] DEBUG o.s.jmx.support.JmxUtils - Found MBeanServer: com.sun.jmx.mbeanserver.JmxMBeanServer@557eb543
18:01:37.459 [main] DEBUG o.s.b.f.s.DefaultListableBeanFactory - Eagerly caching bean 'mbeanServer' to allow for resolving potential circular references
18:01:37.461 [main] DEBUG o.s.b.f.s.DefaultListableBeanFactory - Finished creating instance of bean 'mbeanServer'
18:01:37.464 [main] DEBUG o.s.b.f.s.DefaultListableBeanFactory - Eagerly caching bean 'mbeanExporter' to allow for resolving potential circular references
18:01:37.472 [main] DEBUG o.s.b.f.s.DefaultListableBeanFactory - Invoking afterPropertiesSet() on bean with name 'mbeanExporter'
18:01:37.473 [main] DEBUG o.s.b.f.s.DefaultListableBeanFactory - Finished creating instance of bean 'mbeanExporter'
18:01:37.473 [main] DEBUG o.s.b.f.s.DefaultListableBeanFactory - Returning cached instance of singleton bean 'objectNamingStrategy'
18:01:37.473 [main] DEBUG o.s.b.f.s.DefaultListableBeanFactory - Returning cached instance of singleton bean 'mbeanServer'
18:01:37.474 [main] DEBUG o.s.b.f.s.DefaultListableBeanFactory - Creating shared instance of singleton bean 'org.springframework.boot.autoconfigure.context.ConfigurationPropertiesAutoConfiguration'
18:01:37.474 [main] DEBUG o.s.b.f.s.DefaultListableBeanFactory - Creating instance of bean 'org.springframework.boot.autoconfigure.context.ConfigurationPropertiesAutoConfiguration'
18:01:37.475 [main] DEBUG o.s.b.f.s.DefaultListableBeanFactory - Eagerly caching bean 'org.springframework.boot.autoconfigure.context.ConfigurationPropertiesAutoConfiguration' to allow for resolving potential circular references
18:01:37.479 [main] DEBUG o.s.b.f.s.DefaultListableBeanFactory - Finished creating instance of bean 'org.springframework.boot.autoconfigure.context.ConfigurationPropertiesAutoConfiguration'
18:01:37.479 [main] DEBUG o.s.b.f.s.DefaultListableBeanFactory - Creating shared instance of singleton bean 'org.springframework.boot.autoconfigure.dao.PersistenceExceptionTranslationAutoConfiguration'
18:01:37.479 [main] DEBUG o.s.b.f.s.DefaultListableBeanFactory - Creating instance of bean 'org.springframework.boot.autoconfigure.dao.PersistenceExceptionTranslationAutoConfiguration'
18:01:37.480 [main] DEBUG o.s.b.f.s.DefaultListableBeanFactory - Eagerly caching bean 'org.springframework.boot.autoconfigure.dao.PersistenceExceptionTranslationAutoConfiguration' to allow for resolving potential circular references
18:01:37.482 [main] DEBUG o.s.b.f.s.DefaultListableBeanFactory - Finished creating instance of bean 'org.springframework.boot.autoconfigure.dao.PersistenceExceptionTranslationAutoConfiguration'
18:01:37.482 [main] DEBUG o.s.b.f.s.DefaultListableBeanFactory - Returning cached instance of singleton bean 'persistenceExceptionTranslationPostProcessor'
18:01:37.482 [main] DEBUG o.s.b.f.s.DefaultListableBeanFactory - Returning cached instance of singleton bean 'org.springframework.boot.autoconfigure.mongo.MongoAutoConfiguration'
18:01:37.482 [main] DEBUG o.s.b.f.s.DefaultListableBeanFactory - Returning cached instance of singleton bean 'mongo'
18:01:37.482 [main] DEBUG o.s.b.f.s.DefaultListableBeanFactory - Returning cached instance of singleton bean 'spring.data.mongodb.CONFIGURATION_PROPERTIES'
18:01:37.482 [main] DEBUG o.s.b.f.s.DefaultListableBeanFactory - Returning cached instance of singleton bean 'org.springframework.boot.autoconfigure.data.mongo.MongoDataAutoConfiguration'
18:01:37.482 [main] DEBUG o.s.b.f.s.DefaultListableBeanFactory - Returning cached instance of singleton bean 'mongoDbFactory'
18:01:37.482 [main] DEBUG o.s.b.f.s.DefaultListableBeanFactory - Returning cached instance of singleton bean 'mongoTemplate'
18:01:37.482 [main] DEBUG o.s.b.f.s.DefaultListableBeanFactory - Returning cached instance of singleton bean 'mappingMongoConverter'
18:01:37.482 [main] DEBUG o.s.b.f.s.DefaultListableBeanFactory - Returning cached instance of singleton bean 'mongoMappingContext'
18:01:37.482 [main] DEBUG o.s.b.f.s.DefaultListableBeanFactory - Creating shared instance of singleton bean 'gridFsTemplate'
18:01:37.483 [main] DEBUG o.s.b.f.s.DefaultListableBeanFactory - Creating instance of bean 'gridFsTemplate'
18:01:37.483 [main] DEBUG o.s.b.f.s.DefaultListableBeanFactory - Returning cached instance of singleton bean 'org.springframework.boot.autoconfigure.data.mongo.MongoDataAutoConfiguration'
18:01:37.483 [main] DEBUG o.s.b.f.s.DefaultListableBeanFactory - Returning cached instance of singleton bean 'mongoDbFactory'
18:01:37.484 [main] DEBUG o.s.b.f.s.DefaultListableBeanFactory - Returning cached instance of singleton bean 'mongoTemplate'
18:01:37.485 [main] DEBUG o.s.b.f.s.DefaultListableBeanFactory - Autowiring by type from bean name 'gridFsTemplate' via factory method to bean named 'mongoDbFactory'
18:01:37.485 [main] DEBUG o.s.b.f.s.DefaultListableBeanFactory - Autowiring by type from bean name 'gridFsTemplate' via factory method to bean named 'mongoTemplate'
18:01:37.490 [main] DEBUG o.s.b.f.s.DefaultListableBeanFactory - Eagerly caching bean 'gridFsTemplate' to allow for resolving potential circular references
18:01:37.492 [main] DEBUG o.s.b.f.s.DefaultListableBeanFactory - Finished creating instance of bean 'gridFsTemplate'
18:01:37.492 [main] DEBUG o.s.b.f.s.DefaultListableBeanFactory - Creating shared instance of singleton bean 'org.springframework.boot.autoconfigure.data.mongo.MongoRepositoriesAutoConfiguration'
18:01:37.492 [main] DEBUG o.s.b.f.s.DefaultListableBeanFactory - Creating instance of bean 'org.springframework.boot.autoconfigure.data.mongo.MongoRepositoriesAutoConfiguration'
18:01:37.492 [main] DEBUG o.s.b.f.s.DefaultListableBeanFactory - Eagerly caching bean 'org.springframework.boot.autoconfigure.data.mongo.MongoRepositoriesAutoConfiguration' to allow for resolving potential circular references
18:01:37.495 [main] DEBUG o.s.b.f.s.DefaultListableBeanFactory - Finished creating instance of bean 'org.springframework.boot.autoconfigure.data.mongo.MongoRepositoriesAutoConfiguration'
18:01:37.495 [main] DEBUG o.s.b.f.s.DefaultListableBeanFactory - Returning cached instance of singleton bean 'org.springframework.data.repository.core.support.RepositoryInterfaceAwareBeanPostProcessor'
18:01:37.495 [main] DEBUG o.s.b.f.s.DefaultListableBeanFactory - Returning cached instance of singleton bean 'todoRepository'
18:01:37.496 [main] DEBUG o.s.b.f.s.DefaultListableBeanFactory - Returning cached instance of singleton bean 'voitureRepository'
18:01:37.497 [main] DEBUG o.s.b.f.s.DefaultListableBeanFactory - Returning cached instance of singleton bean 'org.springframework.boot.autoconfigure.jackson.JacksonAutoConfiguration$JacksonObjectMapperBuilderConfiguration'
18:01:37.497 [main] DEBUG o.s.b.f.s.DefaultListableBeanFactory - Returning cached instance of singleton bean 'jacksonObjectMapperBuilder'
18:01:37.498 [main] DEBUG o.s.b.f.s.DefaultListableBeanFactory - Returning cached instance of singleton bean 'spring.jackson.CONFIGURATION_PROPERTIES'
18:01:37.498 [main] DEBUG o.s.b.f.s.DefaultListableBeanFactory - Returning cached instance of singleton bean 'org.springframework.boot.autoconfigure.jackson.JacksonAutoConfiguration$JacksonObjectMapperConfiguration'
18:01:37.498 [main] DEBUG o.s.b.f.s.DefaultListableBeanFactory - Returning cached instance of singleton bean 'jacksonObjectMapper'
18:01:37.499 [main] DEBUG o.s.b.f.s.DefaultListableBeanFactory - Creating shared instance of singleton bean 'org.springframework.boot.autoconfigure.jackson.JacksonAutoConfiguration'
18:01:37.499 [main] DEBUG o.s.b.f.s.DefaultListableBeanFactory - Creating instance of bean 'org.springframework.boot.autoconfigure.jackson.JacksonAutoConfiguration'
18:01:37.500 [main] DEBUG o.s.b.f.s.DefaultListableBeanFactory - Eagerly caching bean 'org.springframework.boot.autoconfigure.jackson.JacksonAutoConfiguration' to allow for resolving potential circular references
18:01:37.504 [main] DEBUG o.s.b.f.s.DefaultListableBeanFactory - Finished creating instance of bean 'org.springframework.boot.autoconfigure.jackson.JacksonAutoConfiguration'
18:01:37.505 [main] DEBUG o.s.b.f.s.DefaultListableBeanFactory - Returning cached instance of singleton bean 'org.springframework.boot.autoconfigure.web.HttpMessageConvertersAutoConfiguration$StringHttpMessageConverterConfiguration'
18:01:37.505 [main] DEBUG o.s.b.f.s.DefaultListableBeanFactory - Returning cached instance of singleton bean 'stringHttpMessageConverter'
18:01:37.506 [main] DEBUG o.s.b.f.s.DefaultListableBeanFactory - Returning cached instance of singleton bean 'spring.http.encoding.CONFIGURATION_PROPERTIES'
18:01:37.506 [main] DEBUG o.s.b.f.s.DefaultListableBeanFactory - Returning cached instance of singleton bean 'org.springframework.boot.autoconfigure.web.JacksonHttpMessageConvertersConfiguration$MappingJackson2HttpMessageConverterConfiguration'
18:01:37.506 [main] DEBUG o.s.b.f.s.DefaultListableBeanFactory - Returning cached instance of singleton bean 'mappingJackson2HttpMessageConverter'
18:01:37.506 [main] DEBUG o.s.b.f.s.DefaultListableBeanFactory - Creating shared instance of singleton bean 'org.springframework.boot.autoconfigure.web.JacksonHttpMessageConvertersConfiguration'
18:01:37.506 [main] DEBUG o.s.b.f.s.DefaultListableBeanFactory - Creating instance of bean 'org.springframework.boot.autoconfigure.web.JacksonHttpMessageConvertersConfiguration'
18:01:37.507 [main] DEBUG o.s.b.f.s.DefaultListableBeanFactory - Eagerly caching bean 'org.springframework.boot.autoconfigure.web.JacksonHttpMessageConvertersConfiguration' to allow for resolving potential circular references
18:01:37.510 [main] DEBUG o.s.b.f.s.DefaultListableBeanFactory - Finished creating instance of bean 'org.springframework.boot.autoconfigure.web.JacksonHttpMessageConvertersConfiguration'
18:01:37.510 [main] DEBUG o.s.b.f.s.DefaultListableBeanFactory - Returning cached instance of singleton bean 'org.springframework.boot.autoconfigure.web.HttpMessageConvertersAutoConfiguration'
18:01:37.510 [main] DEBUG o.s.b.f.s.DefaultListableBeanFactory - Returning cached instance of singleton bean 'messageConverters'
18:01:37.510 [main] DEBUG o.s.b.f.s.DefaultListableBeanFactory - Returning cached instance of singleton bean 'org.springframework.data.web.config.SpringDataWebConfiguration'
18:01:37.510 [main] DEBUG o.s.b.f.s.DefaultListableBeanFactory - Returning cached instance of singleton bean 'pageableResolver'
18:01:37.510 [main] DEBUG o.s.b.f.s.DefaultListableBeanFactory - Returning cached instance of singleton bean 'sortResolver'
18:01:37.510 [main] DEBUG o.s.b.f.s.DefaultListableBeanFactory - Returning cached instance of singleton bean 'org.springframework.data.mongodb.core.GeoJsonConfiguration'
18:01:37.510 [main] DEBUG o.s.b.f.s.DefaultListableBeanFactory - Returning cached instance of singleton bean 'geoJsonModule'
18:01:37.510 [main] DEBUG o.s.b.f.s.DefaultListableBeanFactory - Returning cached instance of singleton bean 'org.springframework.data.web.config.SpringDataJacksonConfiguration'
18:01:37.510 [main] DEBUG o.s.b.f.s.DefaultListableBeanFactory - Returning cached instance of singleton bean 'jacksonGeoModule'
18:01:37.510 [main] DEBUG o.s.b.f.s.DefaultListableBeanFactory - Creating shared instance of singleton bean 'org.springframework.boot.autoconfigure.data.web.SpringDataWebAutoConfiguration'
18:01:37.510 [main] DEBUG o.s.b.f.s.DefaultListableBeanFactory - Creating instance of bean 'org.springframework.boot.autoconfigure.data.web.SpringDataWebAutoConfiguration'
18:01:37.511 [main] DEBUG o.s.b.f.s.DefaultListableBeanFactory - Eagerly caching bean 'org.springframework.boot.autoconfigure.data.web.SpringDataWebAutoConfiguration' to allow for resolving potential circular references
18:01:37.514 [main] DEBUG o.s.b.f.s.DefaultListableBeanFactory - Finished creating instance of bean 'org.springframework.boot.autoconfigure.data.web.SpringDataWebAutoConfiguration'
18:01:37.514 [main] DEBUG o.s.b.f.s.DefaultListableBeanFactory - Creating shared instance of singleton bean 'org.springframework.boot.autoconfigure.web.HttpEncodingAutoConfiguration'
18:01:37.514 [main] DEBUG o.s.b.f.s.DefaultListableBeanFactory - Creating instance of bean 'org.springframework.boot.autoconfigure.web.HttpEncodingAutoConfiguration'
18:01:37.515 [main] DEBUG o.s.b.f.annotation.InjectionMetadata - Registered injected element on class [org.springframework.boot.autoconfigure.web.HttpEncodingAutoConfiguration$$EnhancerBySpringCGLIB$$933eeb13]: AutowiredFieldElement for private org.springframework.boot.autoconfigure.web.HttpEncodingProperties org.springframework.boot.autoconfigure.web.HttpEncodingAutoConfiguration.httpEncodingProperties
18:01:37.515 [main] DEBUG o.s.b.f.s.DefaultListableBeanFactory - Eagerly caching bean 'org.springframework.boot.autoconfigure.web.HttpEncodingAutoConfiguration' to allow for resolving potential circular references
18:01:37.519 [main] DEBUG o.s.b.f.annotation.InjectionMetadata - Processing injected element of bean 'org.springframework.boot.autoconfigure.web.HttpEncodingAutoConfiguration': AutowiredFieldElement for private org.springframework.boot.autoconfigure.web.HttpEncodingProperties org.springframework.boot.autoconfigure.web.HttpEncodingAutoConfiguration.httpEncodingProperties
18:01:37.520 [main] DEBUG o.s.b.f.s.DefaultListableBeanFactory - Returning cached instance of singleton bean 'spring.http.encoding.CONFIGURATION_PROPERTIES'
18:01:37.520 [main] DEBUG o.s.b.f.a.AutowiredAnnotationBeanPostProcessor - Autowiring by type from bean name 'org.springframework.boot.autoconfigure.web.HttpEncodingAutoConfiguration' to bean named 'spring.http.encoding.CONFIGURATION_PROPERTIES'
18:01:37.521 [main] DEBUG o.s.b.f.s.DefaultListableBeanFactory - Finished creating instance of bean 'org.springframework.boot.autoconfigure.web.HttpEncodingAutoConfiguration'
18:01:37.521 [main] DEBUG o.s.b.f.s.DefaultListableBeanFactory - Creating shared instance of singleton bean 'characterEncodingFilter'
18:01:37.521 [main] DEBUG o.s.b.f.s.DefaultListableBeanFactory - Creating instance of bean 'characterEncodingFilter'
18:01:37.521 [main] DEBUG o.s.b.f.s.DefaultListableBeanFactory - Returning cached instance of singleton bean 'org.springframework.boot.autoconfigure.web.HttpEncodingAutoConfiguration'
18:01:37.525 [main] DEBUG o.s.w.c.s.StandardServletEnvironment - Adding [servletConfigInitParams] PropertySource with lowest search precedence
18:01:37.525 [main] DEBUG o.s.w.c.s.StandardServletEnvironment - Adding [servletContextInitParams] PropertySource with lowest search precedence
18:01:37.526 [main] DEBUG o.s.w.c.s.StandardServletEnvironment - Adding [systemProperties] PropertySource with lowest search precedence
18:01:37.526 [main] DEBUG o.s.w.c.s.StandardServletEnvironment - Adding [systemEnvironment] PropertySource with lowest search precedence
18:01:37.526 [main] DEBUG o.s.w.c.s.StandardServletEnvironment - Initialized StandardServletEnvironment with PropertySources [servletConfigInitParams,servletContextInitParams,systemProperties,systemEnvironment]
18:01:37.527 [main] DEBUG o.s.b.f.s.DefaultListableBeanFactory - Eagerly caching bean 'characterEncodingFilter' to allow for resolving potential circular references
18:01:37.531 [main] DEBUG o.s.b.f.s.DefaultListableBeanFactory - Invoking afterPropertiesSet() on bean with name 'characterEncodingFilter'
18:01:37.531 [main] DEBUG o.s.b.f.s.DefaultListableBeanFactory - Finished creating instance of bean 'characterEncodingFilter'
18:01:37.531 [main] DEBUG o.s.b.f.s.DefaultListableBeanFactory - Returning cached instance of singleton bean 'org.springframework.boot.autoconfigure.web.MultipartAutoConfiguration'
18:01:37.531 [main] DEBUG o.s.b.f.s.DefaultListableBeanFactory - Returning cached instance of singleton bean 'multipartConfigElement'
18:01:37.531 [main] DEBUG o.s.b.f.s.DefaultListableBeanFactory - Creating shared instance of singleton bean 'multipartResolver'
18:01:37.531 [main] DEBUG o.s.b.f.s.DefaultListableBeanFactory - Creating instance of bean 'multipartResolver'
18:01:37.532 [main] DEBUG o.s.b.f.s.DefaultListableBeanFactory - Returning cached instance of singleton bean 'org.springframework.boot.autoconfigure.web.MultipartAutoConfiguration'
18:01:37.533 [main] DEBUG o.s.b.f.s.DefaultListableBeanFactory - Eagerly caching bean 'multipartResolver' to allow for resolving potential circular references
18:01:37.535 [main] DEBUG o.s.b.f.s.DefaultListableBeanFactory - Finished creating instance of bean 'multipartResolver'
18:01:37.535 [main] DEBUG o.s.b.f.s.DefaultListableBeanFactory - Returning cached instance of singleton bean 'multipart.CONFIGURATION_PROPERTIES'
18:01:37.535 [main] DEBUG o.s.b.f.s.DefaultListableBeanFactory - Returning cached instance of singleton bean 'org.springframework.boot.autoconfigure.web.ServerPropertiesAutoConfiguration'
18:01:37.535 [main] DEBUG o.s.b.f.s.DefaultListableBeanFactory - Returning cached instance of singleton bean 'serverProperties'
18:01:37.535 [main] DEBUG o.s.b.f.s.DefaultListableBeanFactory - Returning cached instance of singleton bean 'duplicateServerPropertiesDetector'
18:01:37.536 [main] DEBUG o.s.b.f.s.DefaultListableBeanFactory - Returning cached instance of singleton bean 'org.springframework.context.event.internalEventListenerFactory'
18:01:37.614 [main] INFO  o.s.j.e.a.AnnotationMBeanExporter - Registering beans for JMX exposure on startup
18:01:37.614 [main] DEBUG o.s.j.e.a.AnnotationMBeanExporter - Autodetecting user-defined JMX MBeans
18:01:37.621 [main] DEBUG o.s.w.c.s.GenericWebApplicationContext - Unable to locate LifecycleProcessor with name 'lifecycleProcessor': using default [org.springframework.context.support.DefaultLifecycleProcessor@5b20706]
18:01:37.622 [main] DEBUG o.s.b.f.s.DefaultListableBeanFactory - Returning cached instance of singleton bean 'lifecycleProcessor'
18:01:37.622 [main] DEBUG o.s.b.f.s.DefaultListableBeanFactory - Returning cached instance of singleton bean 'org.springframework.boot.context.properties.ConfigurationPropertiesBindingPostProcessor'
18:01:37.622 [main] DEBUG o.s.b.f.s.DefaultListableBeanFactory - Returning cached instance of singleton bean 'mvcResourceUrlProvider'
18:01:37.623 [main] DEBUG o.s.w.s.resource.ResourceUrlProvider - Looking for resource handler mappings
18:01:37.623 [main] DEBUG o.s.b.f.s.DefaultListableBeanFactory - Returning cached instance of singleton bean 'resourceHandlerMapping'
18:01:37.624 [main] DEBUG o.s.b.f.s.DefaultListableBeanFactory - Returning cached instance of singleton bean 'faviconHandlerMapping'
18:01:37.624 [main] DEBUG o.s.w.s.resource.ResourceUrlProvider - Found resource handler mapping: URL pattern="/**/favicon.ico", locations=[class path resource [META-INF/resources/], class path resource [resources/], class path resource [static/], class path resource [public/], class path resource []], resolvers=[org.springframework.web.servlet.resource.PathResourceResolver@79d82f66]
18:01:37.624 [main] DEBUG o.s.w.s.resource.ResourceUrlProvider - Found resource handler mapping: URL pattern="/webjars/**", locations=[class path resource [META-INF/resources/webjars/]], resolvers=[org.springframework.web.servlet.resource.PathResourceResolver@19b206ee]
18:01:37.624 [main] DEBUG o.s.w.s.resource.ResourceUrlProvider - Found resource handler mapping: URL pattern="/**", locations=[ServletContext resource [/], class path resource [META-INF/resources/], class path resource [resources/], class path resource [static/], class path resource [public/]], resolvers=[org.springframework.web.servlet.resource.PathResourceResolver@ffd4cba]
18:01:37.629 [main] DEBUG o.s.c.e.PropertySourcesPropertyResolver - Searching for key 'spring.liveBeansView.mbeanDomain' in [servletConfigInitParams]
18:01:37.629 [main] DEBUG o.s.c.e.PropertySourcesPropertyResolver - Searching for key 'spring.liveBeansView.mbeanDomain' in [servletContextInitParams]
18:01:37.629 [main] DEBUG o.s.c.e.PropertySourcesPropertyResolver - Searching for key 'spring.liveBeansView.mbeanDomain' in [systemProperties]
18:01:37.629 [main] DEBUG o.s.c.e.PropertySourcesPropertyResolver - Searching for key 'spring.liveBeansView.mbeanDomain' in [systemEnvironment]
18:01:37.629 [main] DEBUG o.s.c.e.PropertySourcesPropertyResolver - Could not find key 'spring.liveBeansView.mbeanDomain' in any property source. Returning [null]
18:01:37.631 [main] DEBUG o.s.t.c.c.DefaultCacheAwareContextLoaderDelegate - Storing ApplicationContext in cache under key [[WebMergedContextConfiguration@12f41634 testClass = TodoCtrlTest, locations = '{}', classes = '{class com.todolist.Application}', contextInitializerClasses = '[]', activeProfiles = '{}', propertySourceLocations = '{}', propertySourceProperties = '{}', resourceBasePath = 'src/main/webapp', contextLoader = 'org.springframework.test.context.web.WebDelegatingSmartContextLoader', parent = [null]]]
18:01:37.631 [main] DEBUG o.springframework.test.context.cache - Spring test ApplicationContext cache statistics: [DefaultContextCache@6c8dbf56 size = 1, parentContextCount = 0, hitCount = 0, missCount = 1]
18:01:37.632 [main] DEBUG o.s.t.c.w.ServletTestExecutionListener - Setting up MockHttpServletRequest, MockHttpServletResponse, ServletWebRequest, and RequestContextHolder for test context [DefaultTestContext@46daef40 testClass = TodoCtrlTest, testInstance = com.todolist.TodoCtrlTest@493b01ef, testMethod = [null], testException = [null], mergedContextConfiguration = [WebMergedContextConfiguration@12f41634 testClass = TodoCtrlTest, locations = '{}', classes = '{class com.todolist.Application}', contextInitializerClasses = '[]', activeProfiles = '{}', propertySourceLocations = '{}', propertySourceProperties = '{}', resourceBasePath = 'src/main/webapp', contextLoader = 'org.springframework.test.context.web.WebDelegatingSmartContextLoader', parent = [null]]].
18:01:37.646 [main] DEBUG o.s.t.c.s.DependencyInjectionTestExecutionListener - Performing dependency injection for test context [[DefaultTestContext@46daef40 testClass = TodoCtrlTest, testInstance = com.todolist.TodoCtrlTest@493b01ef, testMethod = [null], testException = [null], mergedContextConfiguration = [WebMergedContextConfiguration@12f41634 testClass = TodoCtrlTest, locations = '{}', classes = '{class com.todolist.Application}', contextInitializerClasses = '[]', activeProfiles = '{}', propertySourceLocations = '{}', propertySourceProperties = '{}', resourceBasePath = 'src/main/webapp', contextLoader = 'org.springframework.test.context.web.WebDelegatingSmartContextLoader', parent = [null]]]].
18:01:37.646 [main] DEBUG o.s.t.c.c.DefaultCacheAwareContextLoaderDelegate - Retrieved ApplicationContext from cache with key [[WebMergedContextConfiguration@12f41634 testClass = TodoCtrlTest, locations = '{}', classes = '{class com.todolist.Application}', contextInitializerClasses = '[]', activeProfiles = '{}', propertySourceLocations = '{}', propertySourceProperties = '{}', resourceBasePath = 'src/main/webapp', contextLoader = 'org.springframework.test.context.web.WebDelegatingSmartContextLoader', parent = [null]]]
18:01:37.646 [main] DEBUG o.springframework.test.context.cache - Spring test ApplicationContext cache statistics: [DefaultContextCache@6c8dbf56 size = 1, parentContextCount = 0, hitCount = 1, missCount = 1]
18:01:37.649 [main] DEBUG o.s.b.f.annotation.InjectionMetadata - Processing injected element of bean 'com.todolist.TodoCtrlTest': AutowiredFieldElement for private org.springframework.web.context.WebApplicationContext com.todolist.TodoCtrlTest.context
18:01:37.650 [main] DEBUG o.s.b.f.a.AutowiredAnnotationBeanPostProcessor - Autowiring by type from bean name 'com.todolist.TodoCtrlTest' to bean named 'org.springframework.web.context.support.GenericWebApplicationContext@17d0685f'
18:01:37.655 [main] DEBUG o.s.t.c.s.AbstractDirtiesContextTestExecutionListener - Before test method: context [DefaultTestContext@46daef40 testClass = TodoCtrlTest, testInstance = com.todolist.TodoCtrlTest@493b01ef, testMethod = test@TodoCtrlTest, testException = [null], mergedContextConfiguration = [WebMergedContextConfiguration@12f41634 testClass = TodoCtrlTest, locations = '{}', classes = '{class com.todolist.Application}', contextInitializerClasses = '[]', activeProfiles = '{}', propertySourceLocations = '{}', propertySourceProperties = '{}', resourceBasePath = 'src/main/webapp', contextLoader = 'org.springframework.test.context.web.WebDelegatingSmartContextLoader', parent = [null]]], class annotated with @DirtiesContext [false] with mode [null], method annotated with @DirtiesContext [false] with mode [null].
18:01:37.664 [main] DEBUG o.s.t.w.s.TestDispatcherServlet - Initializing servlet ''
18:01:37.667 [main] DEBUG o.s.w.c.s.StandardServletEnvironment - Adding [servletConfigInitParams] PropertySource with lowest search precedence
18:01:37.667 [main] DEBUG o.s.w.c.s.StandardServletEnvironment - Adding [servletContextInitParams] PropertySource with lowest search precedence
18:01:37.667 [main] DEBUG o.s.w.c.s.StandardServletEnvironment - Adding [systemProperties] PropertySource with lowest search precedence
18:01:37.667 [main] DEBUG o.s.w.c.s.StandardServletEnvironment - Adding [systemEnvironment] PropertySource with lowest search precedence
18:01:37.667 [main] DEBUG o.s.w.c.s.StandardServletEnvironment - Initialized StandardServletEnvironment with PropertySources [servletConfigInitParams,servletContextInitParams,systemProperties,systemEnvironment]
18:01:37.668 [main] INFO  o.s.mock.web.MockServletContext - Initializing Spring FrameworkServlet ''
18:01:37.668 [main] INFO  o.s.t.w.s.TestDispatcherServlet - FrameworkServlet '': initialization started
18:01:37.668 [main] DEBUG o.s.b.f.s.DefaultListableBeanFactory - Returning cached instance of singleton bean 'multipartResolver'
18:01:37.668 [main] DEBUG o.s.t.w.s.TestDispatcherServlet - Using MultipartResolver [org.springframework.web.multipart.support.StandardServletMultipartResolver@217bf99e]
18:01:37.669 [main] DEBUG o.s.b.f.s.DefaultListableBeanFactory - Creating instance of bean 'org.springframework.web.servlet.i18n.AcceptHeaderLocaleResolver'
18:01:37.671 [main] DEBUG o.s.b.f.s.DefaultListableBeanFactory - Finished creating instance of bean 'org.springframework.web.servlet.i18n.AcceptHeaderLocaleResolver'
18:01:37.671 [main] DEBUG o.s.t.w.s.TestDispatcherServlet - Unable to locate LocaleResolver with name 'localeResolver': using default [org.springframework.web.servlet.i18n.AcceptHeaderLocaleResolver@58af5076]
18:01:37.672 [main] DEBUG o.s.b.f.s.DefaultListableBeanFactory - Creating instance of bean 'org.springframework.web.servlet.theme.FixedThemeResolver'
18:01:37.676 [main] DEBUG o.s.b.f.s.DefaultListableBeanFactory - Finished creating instance of bean 'org.springframework.web.servlet.theme.FixedThemeResolver'
18:01:37.676 [main] DEBUG o.s.t.w.s.TestDispatcherServlet - Unable to locate ThemeResolver with name 'themeResolver': using default [org.springframework.web.servlet.theme.FixedThemeResolver@67022ea]
18:01:37.677 [main] DEBUG o.s.b.f.s.DefaultListableBeanFactory - Returning cached instance of singleton bean 'requestMappingHandlerMapping'
18:01:37.677 [main] DEBUG o.s.b.f.s.DefaultListableBeanFactory - Returning cached instance of singleton bean 'viewControllerHandlerMapping'
18:01:37.677 [main] DEBUG o.s.b.f.s.DefaultListableBeanFactory - Returning cached instance of singleton bean 'beanNameHandlerMapping'
18:01:37.677 [main] DEBUG o.s.b.f.s.DefaultListableBeanFactory - Returning cached instance of singleton bean 'resourceHandlerMapping'
18:01:37.677 [main] DEBUG o.s.b.f.s.DefaultListableBeanFactory - Returning cached instance of singleton bean 'defaultServletHandlerMapping'
18:01:37.677 [main] DEBUG o.s.b.f.s.DefaultListableBeanFactory - Returning cached instance of singleton bean 'faviconHandlerMapping'
18:01:37.678 [main] DEBUG o.s.b.f.s.DefaultListableBeanFactory - Returning cached instance of singleton bean 'requestMappingHandlerAdapter'
18:01:37.678 [main] DEBUG o.s.b.f.s.DefaultListableBeanFactory - Returning cached instance of singleton bean 'httpRequestHandlerAdapter'
18:01:37.678 [main] DEBUG o.s.b.f.s.DefaultListableBeanFactory - Returning cached instance of singleton bean 'simpleControllerHandlerAdapter'
18:01:37.679 [main] DEBUG o.s.b.f.s.DefaultListableBeanFactory - Returning cached instance of singleton bean 'errorAttributes'
18:01:37.679 [main] DEBUG o.s.b.f.s.DefaultListableBeanFactory - Returning cached instance of singleton bean 'handlerExceptionResolver'
18:01:37.680 [main] DEBUG o.s.b.f.s.DefaultListableBeanFactory - Creating instance of bean 'org.springframework.web.servlet.view.DefaultRequestToViewNameTranslator'
18:01:37.682 [main] DEBUG o.s.b.f.s.DefaultListableBeanFactory - Finished creating instance of bean 'org.springframework.web.servlet.view.DefaultRequestToViewNameTranslator'
18:01:37.682 [main] DEBUG o.s.t.w.s.TestDispatcherServlet - Unable to locate RequestToViewNameTranslator with name 'viewNameTranslator': using default [org.springframework.web.servlet.view.DefaultRequestToViewNameTranslator@1fbf088b]
18:01:37.683 [main] DEBUG o.s.b.f.s.DefaultListableBeanFactory - Returning cached instance of singleton bean 'beanNameViewResolver'
18:01:37.683 [main] DEBUG o.s.b.f.s.DefaultListableBeanFactory - Returning cached instance of singleton bean 'mvcViewResolver'
18:01:37.683 [main] DEBUG o.s.b.f.s.DefaultListableBeanFactory - Returning cached instance of singleton bean 'defaultViewResolver'
18:01:37.683 [main] DEBUG o.s.b.f.s.DefaultListableBeanFactory - Returning cached instance of singleton bean 'viewResolver'
18:01:37.685 [main] DEBUG o.s.b.f.s.DefaultListableBeanFactory - Creating instance of bean 'org.springframework.web.servlet.support.SessionFlashMapManager'
18:01:37.690 [main] DEBUG o.s.b.f.s.DefaultListableBeanFactory - Finished creating instance of bean 'org.springframework.web.servlet.support.SessionFlashMapManager'
18:01:37.691 [main] DEBUG o.s.t.w.s.TestDispatcherServlet - Unable to locate FlashMapManager with name 'flashMapManager': using default [org.springframework.web.servlet.support.SessionFlashMapManager@650c405c]
18:01:37.691 [main] DEBUG o.s.t.w.s.TestDispatcherServlet - Published WebApplicationContext of servlet '' as ServletContext attribute with name [org.springframework.web.servlet.FrameworkServlet.CONTEXT.]
18:01:37.691 [main] INFO  o.s.t.w.s.TestDispatcherServlet - FrameworkServlet '': initialization completed in 23 ms
18:01:37.691 [main] DEBUG o.s.t.w.s.TestDispatcherServlet - Servlet '' configured successfully
18:01:37.716 [main] DEBUG o.s.t.w.s.TestDispatcherServlet - DispatcherServlet with name '' processing GET request for [/todo]
18:01:37.720 [main] DEBUG o.s.w.s.m.m.a.RequestMappingHandlerMapping - Looking up handler method for path /todo
18:01:37.722 [main] DEBUG o.s.w.s.m.m.a.RequestMappingHandlerMapping - Returning handler method [public java.util.List<com.todolist.domain.Todo> com.todolist.services.TodoCtrl.toda()]
18:01:37.723 [main] DEBUG o.s.b.f.s.DefaultListableBeanFactory - Returning cached instance of singleton bean 'todoCtrl'
18:01:37.725 [main] DEBUG o.s.t.w.s.TestDispatcherServlet - Last-Modified value for [/todo] is: -1
18:01:37.746 [main] DEBUG o.s.data.mongodb.core.MongoTemplate - find using query: { } fields: null for class: class com.todolist.domain.Todo in collection: Todo
18:01:37.751 [main] DEBUG o.s.data.mongodb.core.MongoDbUtils - Getting Mongo Database name=[test]
18:01:47.772 [main] DEBUG o.s.w.s.m.m.a.ExceptionHandlerExceptionResolver - Resolving exception from handler [public java.util.List<com.todolist.domain.Todo> com.todolist.services.TodoCtrl.toda()]: org.springframework.dao.DataAccessResourceFailureException: Timed out after 10000 ms while waiting to connect. Client view of cluster state is {type=Unknown, servers=[{address=localhost:27017, type=Unknown, state=Connecting, exception={com.mongodb.MongoException$Network: Exception opening the socket}, caused by {java.net.ConnectException: Connection refused: connect}}]; nested exception is com.mongodb.MongoTimeoutException: Timed out after 10000 ms while waiting to connect. Client view of cluster state is {type=Unknown, servers=[{address=localhost:27017, type=Unknown, state=Connecting, exception={com.mongodb.MongoException$Network: Exception opening the socket}, caused by {java.net.ConnectException: Connection refused: connect}}]
18:01:47.776 [main] DEBUG o.s.w.s.m.a.ResponseStatusExceptionResolver - Resolving exception from handler [public java.util.List<com.todolist.domain.Todo> com.todolist.services.TodoCtrl.toda()]: org.springframework.dao.DataAccessResourceFailureException: Timed out after 10000 ms while waiting to connect. Client view of cluster state is {type=Unknown, servers=[{address=localhost:27017, type=Unknown, state=Connecting, exception={com.mongodb.MongoException$Network: Exception opening the socket}, caused by {java.net.ConnectException: Connection refused: connect}}]; nested exception is com.mongodb.MongoTimeoutException: Timed out after 10000 ms while waiting to connect. Client view of cluster state is {type=Unknown, servers=[{address=localhost:27017, type=Unknown, state=Connecting, exception={com.mongodb.MongoException$Network: Exception opening the socket}, caused by {java.net.ConnectException: Connection refused: connect}}]
18:01:47.776 [main] DEBUG o.s.w.s.m.s.DefaultHandlerExceptionResolver - Resolving exception from handler [public java.util.List<com.todolist.domain.Todo> com.todolist.services.TodoCtrl.toda()]: org.springframework.dao.DataAccessResourceFailureException: Timed out after 10000 ms while waiting to connect. Client view of cluster state is {type=Unknown, servers=[{address=localhost:27017, type=Unknown, state=Connecting, exception={com.mongodb.MongoException$Network: Exception opening the socket}, caused by {java.net.ConnectException: Connection refused: connect}}]; nested exception is com.mongodb.MongoTimeoutException: Timed out after 10000 ms while waiting to connect. Client view of cluster state is {type=Unknown, servers=[{address=localhost:27017, type=Unknown, state=Connecting, exception={com.mongodb.MongoException$Network: Exception opening the socket}, caused by {java.net.ConnectException: Connection refused: connect}}]
18:01:47.780 [main] DEBUG o.s.t.w.s.TestDispatcherServlet - Could not complete request
org.springframework.dao.DataAccessResourceFailureException: Timed out after 10000 ms while waiting to connect. Client view of cluster state is {type=Unknown, servers=[{address=localhost:27017, type=Unknown, state=Connecting, exception={com.mongodb.MongoException$Network: Exception opening the socket}, caused by {java.net.ConnectException: Connection refused: connect}}]; nested exception is com.mongodb.MongoTimeoutException: Timed out after 10000 ms while waiting to connect. Client view of cluster state is {type=Unknown, servers=[{address=localhost:27017, type=Unknown, state=Connecting, exception={com.mongodb.MongoException$Network: Exception opening the socket}, caused by {java.net.ConnectException: Connection refused: connect}}]
	at org.springframework.data.mongodb.core.MongoExceptionTranslator.translateExceptionIfPossible(MongoExceptionTranslator.java:75) ~[spring-data-mongodb-1.8.2.RELEASE.jar:na]
	at org.springframework.data.mongodb.core.MongoTemplate.potentiallyConvertRuntimeException(MongoTemplate.java:2069) ~[spring-data-mongodb-1.8.2.RELEASE.jar:na]
	at org.springframework.data.mongodb.core.MongoTemplate.executeFindMultiInternal(MongoTemplate.java:1912) ~[spring-data-mongodb-1.8.2.RELEASE.jar:na]
	at org.springframework.data.mongodb.core.MongoTemplate.doFind(MongoTemplate.java:1723) ~[spring-data-mongodb-1.8.2.RELEASE.jar:na]
	at org.springframework.data.mongodb.core.MongoTemplate.doFind(MongoTemplate.java:1706) ~[spring-data-mongodb-1.8.2.RELEASE.jar:na]
	at org.springframework.data.mongodb.core.MongoTemplate.find(MongoTemplate.java:602) ~[spring-data-mongodb-1.8.2.RELEASE.jar:na]
	at org.springframework.data.mongodb.repository.support.SimpleMongoRepository.findAll(SimpleMongoRepository.java:268) ~[spring-data-mongodb-1.8.2.RELEASE.jar:na]
	at org.springframework.data.mongodb.repository.support.SimpleMongoRepository.findAll(SimpleMongoRepository.java:193) ~[spring-data-mongodb-1.8.2.RELEASE.jar:na]
	at sun.reflect.NativeMethodAccessorImpl.invoke0(Native Method) ~[na:1.8.0_92]
	at sun.reflect.NativeMethodAccessorImpl.invoke(NativeMethodAccessorImpl.java:62) ~[na:1.8.0_92]
	at sun.reflect.DelegatingMethodAccessorImpl.invoke(DelegatingMethodAccessorImpl.java:43) ~[na:1.8.0_92]
	at java.lang.reflect.Method.invoke(Method.java:498) ~[na:1.8.0_92]
	at org.springframework.data.repository.core.support.RepositoryFactorySupport$QueryExecutorMethodInterceptor.executeMethodOn(RepositoryFactorySupport.java:483) ~[spring-data-commons-1.11.2.RELEASE.jar:na]
	at org.springframework.data.repository.core.support.RepositoryFactorySupport$QueryExecutorMethodInterceptor.doInvoke(RepositoryFactorySupport.java:468) ~[spring-data-commons-1.11.2.RELEASE.jar:na]
	at org.springframework.data.repository.core.support.RepositoryFactorySupport$QueryExecutorMethodInterceptor.invoke(RepositoryFactorySupport.java:440) ~[spring-data-commons-1.11.2.RELEASE.jar:na]
	at org.springframework.aop.framework.ReflectiveMethodInvocation.proceed(ReflectiveMethodInvocation.java:179) ~[spring-aop-4.2.4.RELEASE.jar:4.2.4.RELEASE]
	at org.springframework.data.projection.DefaultMethodInvokingMethodInterceptor.invoke(DefaultMethodInvokingMethodInterceptor.java:61) ~[spring-data-commons-1.11.2.RELEASE.jar:na]
	at org.springframework.aop.framework.ReflectiveMethodInvocation.proceed(ReflectiveMethodInvocation.java:179) ~[spring-aop-4.2.4.RELEASE.jar:4.2.4.RELEASE]
	at org.springframework.aop.interceptor.ExposeInvocationInterceptor.invoke(ExposeInvocationInterceptor.java:92) ~[spring-aop-4.2.4.RELEASE.jar:4.2.4.RELEASE]
	at org.springframework.aop.framework.ReflectiveMethodInvocation.proceed(ReflectiveMethodInvocation.java:179) ~[spring-aop-4.2.4.RELEASE.jar:4.2.4.RELEASE]
	at org.springframework.aop.framework.JdkDynamicAopProxy.invoke(JdkDynamicAopProxy.java:208) ~[spring-aop-4.2.4.RELEASE.jar:4.2.4.RELEASE]
	at com.sun.proxy.$Proxy57.findAll(Unknown Source) ~[na:na]
	at com.todolist.services.TodoCtrl.toda(TodoCtrl.java:94) ~[classes/:na]
	at sun.reflect.NativeMethodAccessorImpl.invoke0(Native Method) ~[na:1.8.0_92]
	at sun.reflect.NativeMethodAccessorImpl.invoke(NativeMethodAccessorImpl.java:62) ~[na:1.8.0_92]
	at sun.reflect.DelegatingMethodAccessorImpl.invoke(DelegatingMethodAccessorImpl.java:43) ~[na:1.8.0_92]
	at java.lang.reflect.Method.invoke(Method.java:498) ~[na:1.8.0_92]
	at org.springframework.web.method.support.InvocableHandlerMethod.doInvoke(InvocableHandlerMethod.java:222) ~[spring-web-4.2.4.RELEASE.jar:4.2.4.RELEASE]
	at org.springframework.web.method.support.InvocableHandlerMethod.invokeForRequest(InvocableHandlerMethod.java:137) ~[spring-web-4.2.4.RELEASE.jar:4.2.4.RELEASE]
	at org.springframework.web.servlet.mvc.method.annotation.ServletInvocableHandlerMethod.invokeAndHandle(ServletInvocableHandlerMethod.java:110) ~[spring-webmvc-4.2.4.RELEASE.jar:4.2.4.RELEASE]
	at org.springframework.web.servlet.mvc.method.annotation.RequestMappingHandlerAdapter.invokeHandlerMethod(RequestMappingHandlerAdapter.java:814) ~[spring-webmvc-4.2.4.RELEASE.jar:4.2.4.RELEASE]
	at org.springframework.web.servlet.mvc.method.annotation.RequestMappingHandlerAdapter.handleInternal(RequestMappingHandlerAdapter.java:737) ~[spring-webmvc-4.2.4.RELEASE.jar:4.2.4.RELEASE]
	at org.springframework.web.servlet.mvc.method.AbstractHandlerMethodAdapter.handle(AbstractHandlerMethodAdapter.java:85) ~[spring-webmvc-4.2.4.RELEASE.jar:4.2.4.RELEASE]
	at org.springframework.web.servlet.DispatcherServlet.doDispatch(DispatcherServlet.java:959) ~[spring-webmvc-4.2.4.RELEASE.jar:4.2.4.RELEASE]
	at org.springframework.web.servlet.DispatcherServlet.doService(DispatcherServlet.java:893) ~[spring-webmvc-4.2.4.RELEASE.jar:4.2.4.RELEASE]
	at org.springframework.web.servlet.FrameworkServlet.processRequest(FrameworkServlet.java:969) [spring-webmvc-4.2.4.RELEASE.jar:4.2.4.RELEASE]
	at org.springframework.web.servlet.FrameworkServlet.doGet(FrameworkServlet.java:860) [spring-webmvc-4.2.4.RELEASE.jar:4.2.4.RELEASE]
	at javax.servlet.http.HttpServlet.service(HttpServlet.java:622) [tomcat-embed-core-8.0.30.jar:8.0.30]
	at org.springframework.web.servlet.FrameworkServlet.service(FrameworkServlet.java:845) [spring-webmvc-4.2.4.RELEASE.jar:4.2.4.RELEASE]
	at org.springframework.test.web.servlet.TestDispatcherServlet.service(TestDispatcherServlet.java:65) [spring-test-4.2.4.RELEASE.jar:4.2.4.RELEASE]
	at javax.servlet.http.HttpServlet.service(HttpServlet.java:729) [tomcat-embed-core-8.0.30.jar:8.0.30]
	at org.springframework.mock.web.MockFilterChain$ServletFilterProxy.doFilter(MockFilterChain.java:167) [spring-test-4.2.4.RELEASE.jar:4.2.4.RELEASE]
	at org.springframework.mock.web.MockFilterChain.doFilter(MockFilterChain.java:134) [spring-test-4.2.4.RELEASE.jar:4.2.4.RELEASE]
	at org.springframework.test.web.servlet.MockMvc.perform(MockMvc.java:155) [spring-test-4.2.4.RELEASE.jar:4.2.4.RELEASE]
	at com.todolist.TodoCtrlTest.test(TodoCtrlTest.java:47) [test-classes/:na]
	at sun.reflect.NativeMethodAccessorImpl.invoke0(Native Method) ~[na:1.8.0_92]
	at sun.reflect.NativeMethodAccessorImpl.invoke(NativeMethodAccessorImpl.java:62) ~[na:1.8.0_92]
	at sun.reflect.DelegatingMethodAccessorImpl.invoke(DelegatingMethodAccessorImpl.java:43) ~[na:1.8.0_92]
	at java.lang.reflect.Method.invoke(Method.java:498) ~[na:1.8.0_92]
	at org.junit.runners.model.FrameworkMethod$1.runReflectiveCall(FrameworkMethod.java:50) [junit-4.12.jar:4.12]
	at org.junit.internal.runners.model.ReflectiveCallable.run(ReflectiveCallable.java:12) [junit-4.12.jar:4.12]
	at org.junit.runners.model.FrameworkMethod.invokeExplosively(FrameworkMethod.java:47) [junit-4.12.jar:4.12]
	at org.junit.internal.runners.statements.InvokeMethod.evaluate(InvokeMethod.java:17) [junit-4.12.jar:4.12]
	at org.junit.internal.runners.statements.RunBefores.evaluate(RunBefores.java:26) [junit-4.12.jar:4.12]
	at org.springframework.test.context.junit4.statements.RunBeforeTestMethodCallbacks.evaluate(RunBeforeTestMethodCallbacks.java:75) [spring-test-4.2.4.RELEASE.jar:4.2.4.RELEASE]
	at org.junit.internal.runners.statements.RunAfters.evaluate(RunAfters.java:27) [junit-4.12.jar:4.12]
	at org.springframework.test.context.junit4.statements.RunAfterTestMethodCallbacks.evaluate(RunAfterTestMethodCallbacks.java:86) [spring-test-4.2.4.RELEASE.jar:4.2.4.RELEASE]
	at org.springframework.test.context.junit4.statements.SpringRepeat.evaluate(SpringRepeat.java:84) [spring-test-4.2.4.RELEASE.jar:4.2.4.RELEASE]
	at org.junit.runners.ParentRunner.runLeaf(ParentRunner.java:325) [junit-4.12.jar:4.12]
	at org.springframework.test.context.junit4.SpringJUnit4ClassRunner.runChild(SpringJUnit4ClassRunner.java:254) [spring-test-4.2.4.RELEASE.jar:4.2.4.RELEASE]
	at org.springframework.test.context.junit4.SpringJUnit4ClassRunner.runChild(SpringJUnit4ClassRunner.java:89) [spring-test-4.2.4.RELEASE.jar:4.2.4.RELEASE]
	at org.junit.runners.ParentRunner$3.run(ParentRunner.java:290) [junit-4.12.jar:4.12]
	at org.junit.runners.ParentRunner$1.schedule(ParentRunner.java:71) [junit-4.12.jar:4.12]
	at org.junit.runners.ParentRunner.runChildren(ParentRunner.java:288) [junit-4.12.jar:4.12]
	at org.junit.runners.ParentRunner.access$000(ParentRunner.java:58) [junit-4.12.jar:4.12]
	at org.junit.runners.ParentRunner$2.evaluate(ParentRunner.java:268) [junit-4.12.jar:4.12]
	at org.springframework.test.context.junit4.statements.RunBeforeTestClassCallbacks.evaluate(RunBeforeTestClassCallbacks.java:61) [spring-test-4.2.4.RELEASE.jar:4.2.4.RELEASE]
	at org.springframework.test.context.junit4.statements.RunAfterTestClassCallbacks.evaluate(RunAfterTestClassCallbacks.java:70) [spring-test-4.2.4.RELEASE.jar:4.2.4.RELEASE]
	at org.junit.runners.ParentRunner.run(ParentRunner.java:363) [junit-4.12.jar:4.12]
	at org.springframework.test.context.junit4.SpringJUnit4ClassRunner.run(SpringJUnit4ClassRunner.java:193) [spring-test-4.2.4.RELEASE.jar:4.2.4.RELEASE]
	at org.apache.maven.surefire.junit4.JUnit4Provider.execute(JUnit4Provider.java:283) [surefire-junit4-2.18.1.jar:2.18.1]
	at org.apache.maven.surefire.junit4.JUnit4Provider.executeWithRerun(JUnit4Provider.java:173) [surefire-junit4-2.18.1.jar:2.18.1]
	at org.apache.maven.surefire.junit4.JUnit4Provider.executeTestSet(JUnit4Provider.java:153) [surefire-junit4-2.18.1.jar:2.18.1]
	at org.apache.maven.surefire.junit4.JUnit4Provider.invoke(JUnit4Provider.java:128) [surefire-junit4-2.18.1.jar:2.18.1]
	at org.apache.maven.surefire.booter.ForkedBooter.invokeProviderInSameClassLoader(ForkedBooter.java:203) [surefire-booter-2.18.1.jar:2.18.1]
	at org.apache.maven.surefire.booter.ForkedBooter.runSuitesInProcess(ForkedBooter.java:155) [surefire-booter-2.18.1.jar:2.18.1]
	at org.apache.maven.surefire.booter.ForkedBooter.main(ForkedBooter.java:103) [surefire-booter-2.18.1.jar:2.18.1]
Caused by: com.mongodb.MongoTimeoutException: Timed out after 10000 ms while waiting to connect. Client view of cluster state is {type=Unknown, servers=[{address=localhost:27017, type=Unknown, state=Connecting, exception={com.mongodb.MongoException$Network: Exception opening the socket}, caused by {java.net.ConnectException: Connection refused: connect}}]
	at com.mongodb.BaseCluster.getDescription(BaseCluster.java:128) ~[mongo-java-driver-2.13.3.jar:na]
	at com.mongodb.DBTCPConnector.getClusterDescription(DBTCPConnector.java:402) ~[mongo-java-driver-2.13.3.jar:na]
	at com.mongodb.DBTCPConnector.getType(DBTCPConnector.java:579) ~[mongo-java-driver-2.13.3.jar:na]
	at com.mongodb.DBTCPConnector.isMongosConnection(DBTCPConnector.java:376) ~[mongo-java-driver-2.13.3.jar:na]
	at com.mongodb.Mongo.isMongosConnection(Mongo.java:622) ~[mongo-java-driver-2.13.3.jar:na]
	at com.mongodb.DBCursor._check(DBCursor.java:494) ~[mongo-java-driver-2.13.3.jar:na]
	at com.mongodb.DBCursor._hasNext(DBCursor.java:621) ~[mongo-java-driver-2.13.3.jar:na]
	at com.mongodb.DBCursor.hasNext(DBCursor.java:657) ~[mongo-java-driver-2.13.3.jar:na]
	at org.springframework.data.mongodb.core.MongoTemplate.executeFindMultiInternal(MongoTemplate.java:1898) ~[spring-data-mongodb-1.8.2.RELEASE.jar:na]
	... 74 common frames omitted
18:01:47.785 [main] DEBUG o.s.t.c.s.AbstractDirtiesContextTestExecutionListener - After test method: context [DefaultTestContext@46daef40 testClass = TodoCtrlTest, testInstance = com.todolist.TodoCtrlTest@493b01ef, testMethod = test@TodoCtrlTest, testException = org.springframework.web.util.NestedServletException: Request processing failed; nested exception is org.springframework.dao.DataAccessResourceFailureException: Timed out after 10000 ms while waiting to connect. Client view of cluster state is {type=Unknown, servers=[{address=localhost:27017, type=Unknown, state=Connecting, exception={com.mongodb.MongoException$Network: Exception opening the socket}, caused by {java.net.ConnectException: Connection refused: connect}}]; nested exception is com.mongodb.MongoTimeoutException: Timed out after 10000 ms while waiting to connect. Client view of cluster state is {type=Unknown, servers=[{address=localhost:27017, type=Unknown, state=Connecting, exception={com.mongodb.MongoException$Network: Exception opening the socket}, caused by {java.net.ConnectException: Connection refused: connect}}], mergedContextConfiguration = [WebMergedContextConfiguration@12f41634 testClass = TodoCtrlTest, locations = '{}', classes = '{class com.todolist.Application}', contextInitializerClasses = '[]', activeProfiles = '{}', propertySourceLocations = '{}', propertySourceProperties = '{}', resourceBasePath = 'src/main/webapp', contextLoader = 'org.springframework.test.context.web.WebDelegatingSmartContextLoader', parent = [null]]], class annotated with @DirtiesContext [false] with mode [null], method annotated with @DirtiesContext [false] with mode [null].
18:01:47.785 [main] DEBUG o.s.t.c.w.ServletTestExecutionListener - Resetting RequestContextHolder for test context [DefaultTestContext@46daef40 testClass = TodoCtrlTest, testInstance = com.todolist.TodoCtrlTest@493b01ef, testMethod = test@TodoCtrlTest, testException = org.springframework.web.util.NestedServletException: Request processing failed; nested exception is org.springframework.dao.DataAccessResourceFailureException: Timed out after 10000 ms while waiting to connect. Client view of cluster state is {type=Unknown, servers=[{address=localhost:27017, type=Unknown, state=Connecting, exception={com.mongodb.MongoException$Network: Exception opening the socket}, caused by {java.net.ConnectException: Connection refused: connect}}]; nested exception is com.mongodb.MongoTimeoutException: Timed out after 10000 ms while waiting to connect. Client view of cluster state is {type=Unknown, servers=[{address=localhost:27017, type=Unknown, state=Connecting, exception={com.mongodb.MongoException$Network: Exception opening the socket}, caused by {java.net.ConnectException: Connection refused: connect}}], mergedContextConfiguration = [WebMergedContextConfiguration@12f41634 testClass = TodoCtrlTest, locations = '{}', classes = '{class com.todolist.Application}', contextInitializerClasses = '[]', activeProfiles = '{}', propertySourceLocations = '{}', propertySourceProperties = '{}', resourceBasePath = 'src/main/webapp', contextLoader = 'org.springframework.test.context.web.WebDelegatingSmartContextLoader', parent = [null]]].
]]></system-out>
  </testcase>
  <testcase name="test1" classname="com.todolist.TodoCtrlTest" time="0.033"/>
</testsuite>